ARM GAS  c:\Users\lenovo\AppData\Local\Temp\ccr6xc2n.s 			page 1


   1              		.cpu cortex-m4
   2              		.eabi_attribute 27, 1
   3              		.eabi_attribute 28, 1
   4              		.eabi_attribute 20, 1
   5              		.eabi_attribute 21, 1
   6              		.eabi_attribute 23, 3
   7              		.eabi_attribute 24, 1
   8              		.eabi_attribute 25, 1
   9              		.eabi_attribute 26, 1
  10              		.eabi_attribute 30, 1
  11              		.eabi_attribute 34, 1
  12              		.eabi_attribute 18, 4
  13              		.file	"md_wrap.c"
  14              		.text
  15              	.Ltext0:
  16              		.cfi_sections	.debug_frame
  17              		.section	.text.sha224_process_wrap,"ax",%progbits
  18              		.align	1
  19              		.syntax unified
  20              		.thumb
  21              		.thumb_func
  22              		.fpu fpv4-sp-d16
  24              	sha224_process_wrap:
  25              	.LFB10:
  26              		.file 1 "C:/Users/lenovo/Desktop/liteos/Project2/BearPi_LiteOS/components/security/mbedtls/mbedtls
   1:C:/Users/lenovo/Desktop/liteos/Project2/BearPi_LiteOS/components/security/mbedtls/mbedtls-2.6.0/library\md_wrap.c **** /**
   2:C:/Users/lenovo/Desktop/liteos/Project2/BearPi_LiteOS/components/security/mbedtls/mbedtls-2.6.0/library\md_wrap.c ****  * \file md_wrap.c
   3:C:/Users/lenovo/Desktop/liteos/Project2/BearPi_LiteOS/components/security/mbedtls/mbedtls-2.6.0/library\md_wrap.c ****  *
   4:C:/Users/lenovo/Desktop/liteos/Project2/BearPi_LiteOS/components/security/mbedtls/mbedtls-2.6.0/library\md_wrap.c ****  * \brief Generic message digest wrapper for mbed TLS
   5:C:/Users/lenovo/Desktop/liteos/Project2/BearPi_LiteOS/components/security/mbedtls/mbedtls-2.6.0/library\md_wrap.c ****  *
   6:C:/Users/lenovo/Desktop/liteos/Project2/BearPi_LiteOS/components/security/mbedtls/mbedtls-2.6.0/library\md_wrap.c ****  * \author Adriaan de Jong <dejong@fox-it.com>
   7:C:/Users/lenovo/Desktop/liteos/Project2/BearPi_LiteOS/components/security/mbedtls/mbedtls-2.6.0/library\md_wrap.c ****  *
   8:C:/Users/lenovo/Desktop/liteos/Project2/BearPi_LiteOS/components/security/mbedtls/mbedtls-2.6.0/library\md_wrap.c ****  *  Copyright (C) 2006-2015, ARM Limited, All Rights Reserved
   9:C:/Users/lenovo/Desktop/liteos/Project2/BearPi_LiteOS/components/security/mbedtls/mbedtls-2.6.0/library\md_wrap.c ****  *  SPDX-License-Identifier: Apache-2.0
  10:C:/Users/lenovo/Desktop/liteos/Project2/BearPi_LiteOS/components/security/mbedtls/mbedtls-2.6.0/library\md_wrap.c ****  *
  11:C:/Users/lenovo/Desktop/liteos/Project2/BearPi_LiteOS/components/security/mbedtls/mbedtls-2.6.0/library\md_wrap.c ****  *  Licensed under the Apache License, Version 2.0 (the "License"); you may
  12:C:/Users/lenovo/Desktop/liteos/Project2/BearPi_LiteOS/components/security/mbedtls/mbedtls-2.6.0/library\md_wrap.c ****  *  not use this file except in compliance with the License.
  13:C:/Users/lenovo/Desktop/liteos/Project2/BearPi_LiteOS/components/security/mbedtls/mbedtls-2.6.0/library\md_wrap.c ****  *  You may obtain a copy of the License at
  14:C:/Users/lenovo/Desktop/liteos/Project2/BearPi_LiteOS/components/security/mbedtls/mbedtls-2.6.0/library\md_wrap.c ****  *
  15:C:/Users/lenovo/Desktop/liteos/Project2/BearPi_LiteOS/components/security/mbedtls/mbedtls-2.6.0/library\md_wrap.c ****  *  http://www.apache.org/licenses/LICENSE-2.0
  16:C:/Users/lenovo/Desktop/liteos/Project2/BearPi_LiteOS/components/security/mbedtls/mbedtls-2.6.0/library\md_wrap.c ****  *
  17:C:/Users/lenovo/Desktop/liteos/Project2/BearPi_LiteOS/components/security/mbedtls/mbedtls-2.6.0/library\md_wrap.c ****  *  Unless required by applicable law or agreed to in writing, software
  18:C:/Users/lenovo/Desktop/liteos/Project2/BearPi_LiteOS/components/security/mbedtls/mbedtls-2.6.0/library\md_wrap.c ****  *  distributed under the License is distributed on an "AS IS" BASIS, WITHOUT
  19:C:/Users/lenovo/Desktop/liteos/Project2/BearPi_LiteOS/components/security/mbedtls/mbedtls-2.6.0/library\md_wrap.c ****  *  WARRANTIES OR CONDITIONS OF ANY KIND, either express or implied.
  20:C:/Users/lenovo/Desktop/liteos/Project2/BearPi_LiteOS/components/security/mbedtls/mbedtls-2.6.0/library\md_wrap.c ****  *  See the License for the specific language governing permissions and
  21:C:/Users/lenovo/Desktop/liteos/Project2/BearPi_LiteOS/components/security/mbedtls/mbedtls-2.6.0/library\md_wrap.c ****  *  limitations under the License.
  22:C:/Users/lenovo/Desktop/liteos/Project2/BearPi_LiteOS/components/security/mbedtls/mbedtls-2.6.0/library\md_wrap.c ****  *
  23:C:/Users/lenovo/Desktop/liteos/Project2/BearPi_LiteOS/components/security/mbedtls/mbedtls-2.6.0/library\md_wrap.c ****  *  This file is part of mbed TLS (https://tls.mbed.org)
  24:C:/Users/lenovo/Desktop/liteos/Project2/BearPi_LiteOS/components/security/mbedtls/mbedtls-2.6.0/library\md_wrap.c ****  */
  25:C:/Users/lenovo/Desktop/liteos/Project2/BearPi_LiteOS/components/security/mbedtls/mbedtls-2.6.0/library\md_wrap.c **** 
  26:C:/Users/lenovo/Desktop/liteos/Project2/BearPi_LiteOS/components/security/mbedtls/mbedtls-2.6.0/library\md_wrap.c **** #if !defined(MBEDTLS_CONFIG_FILE)
  27:C:/Users/lenovo/Desktop/liteos/Project2/BearPi_LiteOS/components/security/mbedtls/mbedtls-2.6.0/library\md_wrap.c **** #include "mbedtls/config.h"
  28:C:/Users/lenovo/Desktop/liteos/Project2/BearPi_LiteOS/components/security/mbedtls/mbedtls-2.6.0/library\md_wrap.c **** #else
  29:C:/Users/lenovo/Desktop/liteos/Project2/BearPi_LiteOS/components/security/mbedtls/mbedtls-2.6.0/library\md_wrap.c **** #include MBEDTLS_CONFIG_FILE
  30:C:/Users/lenovo/Desktop/liteos/Project2/BearPi_LiteOS/components/security/mbedtls/mbedtls-2.6.0/library\md_wrap.c **** #endif
  31:C:/Users/lenovo/Desktop/liteos/Project2/BearPi_LiteOS/components/security/mbedtls/mbedtls-2.6.0/library\md_wrap.c **** 
  32:C:/Users/lenovo/Desktop/liteos/Project2/BearPi_LiteOS/components/security/mbedtls/mbedtls-2.6.0/library\md_wrap.c **** #if defined(MBEDTLS_MD_C)
ARM GAS  c:\Users\lenovo\AppData\Local\Temp\ccr6xc2n.s 			page 2


  33:C:/Users/lenovo/Desktop/liteos/Project2/BearPi_LiteOS/components/security/mbedtls/mbedtls-2.6.0/library\md_wrap.c **** 
  34:C:/Users/lenovo/Desktop/liteos/Project2/BearPi_LiteOS/components/security/mbedtls/mbedtls-2.6.0/library\md_wrap.c **** #include "mbedtls/md_internal.h"
  35:C:/Users/lenovo/Desktop/liteos/Project2/BearPi_LiteOS/components/security/mbedtls/mbedtls-2.6.0/library\md_wrap.c **** 
  36:C:/Users/lenovo/Desktop/liteos/Project2/BearPi_LiteOS/components/security/mbedtls/mbedtls-2.6.0/library\md_wrap.c **** #if defined(MBEDTLS_MD2_C)
  37:C:/Users/lenovo/Desktop/liteos/Project2/BearPi_LiteOS/components/security/mbedtls/mbedtls-2.6.0/library\md_wrap.c **** #include "mbedtls/md2.h"
  38:C:/Users/lenovo/Desktop/liteos/Project2/BearPi_LiteOS/components/security/mbedtls/mbedtls-2.6.0/library\md_wrap.c **** #endif
  39:C:/Users/lenovo/Desktop/liteos/Project2/BearPi_LiteOS/components/security/mbedtls/mbedtls-2.6.0/library\md_wrap.c **** 
  40:C:/Users/lenovo/Desktop/liteos/Project2/BearPi_LiteOS/components/security/mbedtls/mbedtls-2.6.0/library\md_wrap.c **** #if defined(MBEDTLS_MD4_C)
  41:C:/Users/lenovo/Desktop/liteos/Project2/BearPi_LiteOS/components/security/mbedtls/mbedtls-2.6.0/library\md_wrap.c **** #include "mbedtls/md4.h"
  42:C:/Users/lenovo/Desktop/liteos/Project2/BearPi_LiteOS/components/security/mbedtls/mbedtls-2.6.0/library\md_wrap.c **** #endif
  43:C:/Users/lenovo/Desktop/liteos/Project2/BearPi_LiteOS/components/security/mbedtls/mbedtls-2.6.0/library\md_wrap.c **** 
  44:C:/Users/lenovo/Desktop/liteos/Project2/BearPi_LiteOS/components/security/mbedtls/mbedtls-2.6.0/library\md_wrap.c **** #if defined(MBEDTLS_MD5_C)
  45:C:/Users/lenovo/Desktop/liteos/Project2/BearPi_LiteOS/components/security/mbedtls/mbedtls-2.6.0/library\md_wrap.c **** #include "mbedtls/md5.h"
  46:C:/Users/lenovo/Desktop/liteos/Project2/BearPi_LiteOS/components/security/mbedtls/mbedtls-2.6.0/library\md_wrap.c **** #endif
  47:C:/Users/lenovo/Desktop/liteos/Project2/BearPi_LiteOS/components/security/mbedtls/mbedtls-2.6.0/library\md_wrap.c **** 
  48:C:/Users/lenovo/Desktop/liteos/Project2/BearPi_LiteOS/components/security/mbedtls/mbedtls-2.6.0/library\md_wrap.c **** #if defined(MBEDTLS_RIPEMD160_C)
  49:C:/Users/lenovo/Desktop/liteos/Project2/BearPi_LiteOS/components/security/mbedtls/mbedtls-2.6.0/library\md_wrap.c **** #include "mbedtls/ripemd160.h"
  50:C:/Users/lenovo/Desktop/liteos/Project2/BearPi_LiteOS/components/security/mbedtls/mbedtls-2.6.0/library\md_wrap.c **** #endif
  51:C:/Users/lenovo/Desktop/liteos/Project2/BearPi_LiteOS/components/security/mbedtls/mbedtls-2.6.0/library\md_wrap.c **** 
  52:C:/Users/lenovo/Desktop/liteos/Project2/BearPi_LiteOS/components/security/mbedtls/mbedtls-2.6.0/library\md_wrap.c **** #if defined(MBEDTLS_SHA1_C)
  53:C:/Users/lenovo/Desktop/liteos/Project2/BearPi_LiteOS/components/security/mbedtls/mbedtls-2.6.0/library\md_wrap.c **** #include "mbedtls/sha1.h"
  54:C:/Users/lenovo/Desktop/liteos/Project2/BearPi_LiteOS/components/security/mbedtls/mbedtls-2.6.0/library\md_wrap.c **** #endif
  55:C:/Users/lenovo/Desktop/liteos/Project2/BearPi_LiteOS/components/security/mbedtls/mbedtls-2.6.0/library\md_wrap.c **** 
  56:C:/Users/lenovo/Desktop/liteos/Project2/BearPi_LiteOS/components/security/mbedtls/mbedtls-2.6.0/library\md_wrap.c **** #if defined(MBEDTLS_SHA256_C)
  57:C:/Users/lenovo/Desktop/liteos/Project2/BearPi_LiteOS/components/security/mbedtls/mbedtls-2.6.0/library\md_wrap.c **** #include "mbedtls/sha256.h"
  58:C:/Users/lenovo/Desktop/liteos/Project2/BearPi_LiteOS/components/security/mbedtls/mbedtls-2.6.0/library\md_wrap.c **** #endif
  59:C:/Users/lenovo/Desktop/liteos/Project2/BearPi_LiteOS/components/security/mbedtls/mbedtls-2.6.0/library\md_wrap.c **** 
  60:C:/Users/lenovo/Desktop/liteos/Project2/BearPi_LiteOS/components/security/mbedtls/mbedtls-2.6.0/library\md_wrap.c **** #if defined(MBEDTLS_SHA512_C)
  61:C:/Users/lenovo/Desktop/liteos/Project2/BearPi_LiteOS/components/security/mbedtls/mbedtls-2.6.0/library\md_wrap.c **** #include "mbedtls/sha512.h"
  62:C:/Users/lenovo/Desktop/liteos/Project2/BearPi_LiteOS/components/security/mbedtls/mbedtls-2.6.0/library\md_wrap.c **** #endif
  63:C:/Users/lenovo/Desktop/liteos/Project2/BearPi_LiteOS/components/security/mbedtls/mbedtls-2.6.0/library\md_wrap.c **** 
  64:C:/Users/lenovo/Desktop/liteos/Project2/BearPi_LiteOS/components/security/mbedtls/mbedtls-2.6.0/library\md_wrap.c **** #if defined(MBEDTLS_PLATFORM_C)
  65:C:/Users/lenovo/Desktop/liteos/Project2/BearPi_LiteOS/components/security/mbedtls/mbedtls-2.6.0/library\md_wrap.c **** #include "mbedtls/platform.h"
  66:C:/Users/lenovo/Desktop/liteos/Project2/BearPi_LiteOS/components/security/mbedtls/mbedtls-2.6.0/library\md_wrap.c **** #else
  67:C:/Users/lenovo/Desktop/liteos/Project2/BearPi_LiteOS/components/security/mbedtls/mbedtls-2.6.0/library\md_wrap.c **** #include <stdlib.h>
  68:C:/Users/lenovo/Desktop/liteos/Project2/BearPi_LiteOS/components/security/mbedtls/mbedtls-2.6.0/library\md_wrap.c **** #define mbedtls_calloc    calloc
  69:C:/Users/lenovo/Desktop/liteos/Project2/BearPi_LiteOS/components/security/mbedtls/mbedtls-2.6.0/library\md_wrap.c **** #define mbedtls_free       free
  70:C:/Users/lenovo/Desktop/liteos/Project2/BearPi_LiteOS/components/security/mbedtls/mbedtls-2.6.0/library\md_wrap.c **** #endif
  71:C:/Users/lenovo/Desktop/liteos/Project2/BearPi_LiteOS/components/security/mbedtls/mbedtls-2.6.0/library\md_wrap.c **** 
  72:C:/Users/lenovo/Desktop/liteos/Project2/BearPi_LiteOS/components/security/mbedtls/mbedtls-2.6.0/library\md_wrap.c **** #if defined(MBEDTLS_MD2_C)
  73:C:/Users/lenovo/Desktop/liteos/Project2/BearPi_LiteOS/components/security/mbedtls/mbedtls-2.6.0/library\md_wrap.c **** 
  74:C:/Users/lenovo/Desktop/liteos/Project2/BearPi_LiteOS/components/security/mbedtls/mbedtls-2.6.0/library\md_wrap.c **** static void md2_starts_wrap( void *ctx )
  75:C:/Users/lenovo/Desktop/liteos/Project2/BearPi_LiteOS/components/security/mbedtls/mbedtls-2.6.0/library\md_wrap.c **** {
  76:C:/Users/lenovo/Desktop/liteos/Project2/BearPi_LiteOS/components/security/mbedtls/mbedtls-2.6.0/library\md_wrap.c ****     mbedtls_md2_starts( (mbedtls_md2_context *) ctx );
  77:C:/Users/lenovo/Desktop/liteos/Project2/BearPi_LiteOS/components/security/mbedtls/mbedtls-2.6.0/library\md_wrap.c **** }
  78:C:/Users/lenovo/Desktop/liteos/Project2/BearPi_LiteOS/components/security/mbedtls/mbedtls-2.6.0/library\md_wrap.c **** 
  79:C:/Users/lenovo/Desktop/liteos/Project2/BearPi_LiteOS/components/security/mbedtls/mbedtls-2.6.0/library\md_wrap.c **** static void md2_update_wrap( void *ctx, const unsigned char *input,
  80:C:/Users/lenovo/Desktop/liteos/Project2/BearPi_LiteOS/components/security/mbedtls/mbedtls-2.6.0/library\md_wrap.c ****                              size_t ilen )
  81:C:/Users/lenovo/Desktop/liteos/Project2/BearPi_LiteOS/components/security/mbedtls/mbedtls-2.6.0/library\md_wrap.c **** {
  82:C:/Users/lenovo/Desktop/liteos/Project2/BearPi_LiteOS/components/security/mbedtls/mbedtls-2.6.0/library\md_wrap.c ****     mbedtls_md2_update( (mbedtls_md2_context *) ctx, input, ilen );
  83:C:/Users/lenovo/Desktop/liteos/Project2/BearPi_LiteOS/components/security/mbedtls/mbedtls-2.6.0/library\md_wrap.c **** }
  84:C:/Users/lenovo/Desktop/liteos/Project2/BearPi_LiteOS/components/security/mbedtls/mbedtls-2.6.0/library\md_wrap.c **** 
  85:C:/Users/lenovo/Desktop/liteos/Project2/BearPi_LiteOS/components/security/mbedtls/mbedtls-2.6.0/library\md_wrap.c **** static void md2_finish_wrap( void *ctx, unsigned char *output )
  86:C:/Users/lenovo/Desktop/liteos/Project2/BearPi_LiteOS/components/security/mbedtls/mbedtls-2.6.0/library\md_wrap.c **** {
  87:C:/Users/lenovo/Desktop/liteos/Project2/BearPi_LiteOS/components/security/mbedtls/mbedtls-2.6.0/library\md_wrap.c ****     mbedtls_md2_finish( (mbedtls_md2_context *) ctx, output );
  88:C:/Users/lenovo/Desktop/liteos/Project2/BearPi_LiteOS/components/security/mbedtls/mbedtls-2.6.0/library\md_wrap.c **** }
  89:C:/Users/lenovo/Desktop/liteos/Project2/BearPi_LiteOS/components/security/mbedtls/mbedtls-2.6.0/library\md_wrap.c **** 
ARM GAS  c:\Users\lenovo\AppData\Local\Temp\ccr6xc2n.s 			page 3


  90:C:/Users/lenovo/Desktop/liteos/Project2/BearPi_LiteOS/components/security/mbedtls/mbedtls-2.6.0/library\md_wrap.c **** static void *md2_ctx_alloc( void )
  91:C:/Users/lenovo/Desktop/liteos/Project2/BearPi_LiteOS/components/security/mbedtls/mbedtls-2.6.0/library\md_wrap.c **** {
  92:C:/Users/lenovo/Desktop/liteos/Project2/BearPi_LiteOS/components/security/mbedtls/mbedtls-2.6.0/library\md_wrap.c ****     void *ctx = mbedtls_calloc( 1, sizeof( mbedtls_md2_context ) );
  93:C:/Users/lenovo/Desktop/liteos/Project2/BearPi_LiteOS/components/security/mbedtls/mbedtls-2.6.0/library\md_wrap.c **** 
  94:C:/Users/lenovo/Desktop/liteos/Project2/BearPi_LiteOS/components/security/mbedtls/mbedtls-2.6.0/library\md_wrap.c ****     if( ctx != NULL )
  95:C:/Users/lenovo/Desktop/liteos/Project2/BearPi_LiteOS/components/security/mbedtls/mbedtls-2.6.0/library\md_wrap.c ****         mbedtls_md2_init( (mbedtls_md2_context *) ctx );
  96:C:/Users/lenovo/Desktop/liteos/Project2/BearPi_LiteOS/components/security/mbedtls/mbedtls-2.6.0/library\md_wrap.c **** 
  97:C:/Users/lenovo/Desktop/liteos/Project2/BearPi_LiteOS/components/security/mbedtls/mbedtls-2.6.0/library\md_wrap.c ****     return( ctx );
  98:C:/Users/lenovo/Desktop/liteos/Project2/BearPi_LiteOS/components/security/mbedtls/mbedtls-2.6.0/library\md_wrap.c **** }
  99:C:/Users/lenovo/Desktop/liteos/Project2/BearPi_LiteOS/components/security/mbedtls/mbedtls-2.6.0/library\md_wrap.c **** 
 100:C:/Users/lenovo/Desktop/liteos/Project2/BearPi_LiteOS/components/security/mbedtls/mbedtls-2.6.0/library\md_wrap.c **** static void md2_ctx_free( void *ctx )
 101:C:/Users/lenovo/Desktop/liteos/Project2/BearPi_LiteOS/components/security/mbedtls/mbedtls-2.6.0/library\md_wrap.c **** {
 102:C:/Users/lenovo/Desktop/liteos/Project2/BearPi_LiteOS/components/security/mbedtls/mbedtls-2.6.0/library\md_wrap.c ****     mbedtls_md2_free( (mbedtls_md2_context *) ctx );
 103:C:/Users/lenovo/Desktop/liteos/Project2/BearPi_LiteOS/components/security/mbedtls/mbedtls-2.6.0/library\md_wrap.c ****     mbedtls_free( ctx );
 104:C:/Users/lenovo/Desktop/liteos/Project2/BearPi_LiteOS/components/security/mbedtls/mbedtls-2.6.0/library\md_wrap.c **** }
 105:C:/Users/lenovo/Desktop/liteos/Project2/BearPi_LiteOS/components/security/mbedtls/mbedtls-2.6.0/library\md_wrap.c **** 
 106:C:/Users/lenovo/Desktop/liteos/Project2/BearPi_LiteOS/components/security/mbedtls/mbedtls-2.6.0/library\md_wrap.c **** static void md2_clone_wrap( void *dst, const void *src )
 107:C:/Users/lenovo/Desktop/liteos/Project2/BearPi_LiteOS/components/security/mbedtls/mbedtls-2.6.0/library\md_wrap.c **** {
 108:C:/Users/lenovo/Desktop/liteos/Project2/BearPi_LiteOS/components/security/mbedtls/mbedtls-2.6.0/library\md_wrap.c ****     mbedtls_md2_clone( (mbedtls_md2_context *) dst,
 109:C:/Users/lenovo/Desktop/liteos/Project2/BearPi_LiteOS/components/security/mbedtls/mbedtls-2.6.0/library\md_wrap.c ****                  (const mbedtls_md2_context *) src );
 110:C:/Users/lenovo/Desktop/liteos/Project2/BearPi_LiteOS/components/security/mbedtls/mbedtls-2.6.0/library\md_wrap.c **** }
 111:C:/Users/lenovo/Desktop/liteos/Project2/BearPi_LiteOS/components/security/mbedtls/mbedtls-2.6.0/library\md_wrap.c **** 
 112:C:/Users/lenovo/Desktop/liteos/Project2/BearPi_LiteOS/components/security/mbedtls/mbedtls-2.6.0/library\md_wrap.c **** static void md2_process_wrap( void *ctx, const unsigned char *data )
 113:C:/Users/lenovo/Desktop/liteos/Project2/BearPi_LiteOS/components/security/mbedtls/mbedtls-2.6.0/library\md_wrap.c **** {
 114:C:/Users/lenovo/Desktop/liteos/Project2/BearPi_LiteOS/components/security/mbedtls/mbedtls-2.6.0/library\md_wrap.c ****     ((void) data);
 115:C:/Users/lenovo/Desktop/liteos/Project2/BearPi_LiteOS/components/security/mbedtls/mbedtls-2.6.0/library\md_wrap.c **** 
 116:C:/Users/lenovo/Desktop/liteos/Project2/BearPi_LiteOS/components/security/mbedtls/mbedtls-2.6.0/library\md_wrap.c ****     mbedtls_md2_process( (mbedtls_md2_context *) ctx );
 117:C:/Users/lenovo/Desktop/liteos/Project2/BearPi_LiteOS/components/security/mbedtls/mbedtls-2.6.0/library\md_wrap.c **** }
 118:C:/Users/lenovo/Desktop/liteos/Project2/BearPi_LiteOS/components/security/mbedtls/mbedtls-2.6.0/library\md_wrap.c **** 
 119:C:/Users/lenovo/Desktop/liteos/Project2/BearPi_LiteOS/components/security/mbedtls/mbedtls-2.6.0/library\md_wrap.c **** const mbedtls_md_info_t mbedtls_md2_info = {
 120:C:/Users/lenovo/Desktop/liteos/Project2/BearPi_LiteOS/components/security/mbedtls/mbedtls-2.6.0/library\md_wrap.c ****     MBEDTLS_MD_MD2,
 121:C:/Users/lenovo/Desktop/liteos/Project2/BearPi_LiteOS/components/security/mbedtls/mbedtls-2.6.0/library\md_wrap.c ****     "MD2",
 122:C:/Users/lenovo/Desktop/liteos/Project2/BearPi_LiteOS/components/security/mbedtls/mbedtls-2.6.0/library\md_wrap.c ****     16,
 123:C:/Users/lenovo/Desktop/liteos/Project2/BearPi_LiteOS/components/security/mbedtls/mbedtls-2.6.0/library\md_wrap.c ****     16,
 124:C:/Users/lenovo/Desktop/liteos/Project2/BearPi_LiteOS/components/security/mbedtls/mbedtls-2.6.0/library\md_wrap.c ****     md2_starts_wrap,
 125:C:/Users/lenovo/Desktop/liteos/Project2/BearPi_LiteOS/components/security/mbedtls/mbedtls-2.6.0/library\md_wrap.c ****     md2_update_wrap,
 126:C:/Users/lenovo/Desktop/liteos/Project2/BearPi_LiteOS/components/security/mbedtls/mbedtls-2.6.0/library\md_wrap.c ****     md2_finish_wrap,
 127:C:/Users/lenovo/Desktop/liteos/Project2/BearPi_LiteOS/components/security/mbedtls/mbedtls-2.6.0/library\md_wrap.c ****     mbedtls_md2,
 128:C:/Users/lenovo/Desktop/liteos/Project2/BearPi_LiteOS/components/security/mbedtls/mbedtls-2.6.0/library\md_wrap.c ****     md2_ctx_alloc,
 129:C:/Users/lenovo/Desktop/liteos/Project2/BearPi_LiteOS/components/security/mbedtls/mbedtls-2.6.0/library\md_wrap.c ****     md2_ctx_free,
 130:C:/Users/lenovo/Desktop/liteos/Project2/BearPi_LiteOS/components/security/mbedtls/mbedtls-2.6.0/library\md_wrap.c ****     md2_clone_wrap,
 131:C:/Users/lenovo/Desktop/liteos/Project2/BearPi_LiteOS/components/security/mbedtls/mbedtls-2.6.0/library\md_wrap.c ****     md2_process_wrap,
 132:C:/Users/lenovo/Desktop/liteos/Project2/BearPi_LiteOS/components/security/mbedtls/mbedtls-2.6.0/library\md_wrap.c **** };
 133:C:/Users/lenovo/Desktop/liteos/Project2/BearPi_LiteOS/components/security/mbedtls/mbedtls-2.6.0/library\md_wrap.c **** 
 134:C:/Users/lenovo/Desktop/liteos/Project2/BearPi_LiteOS/components/security/mbedtls/mbedtls-2.6.0/library\md_wrap.c **** #endif /* MBEDTLS_MD2_C */
 135:C:/Users/lenovo/Desktop/liteos/Project2/BearPi_LiteOS/components/security/mbedtls/mbedtls-2.6.0/library\md_wrap.c **** 
 136:C:/Users/lenovo/Desktop/liteos/Project2/BearPi_LiteOS/components/security/mbedtls/mbedtls-2.6.0/library\md_wrap.c **** #if defined(MBEDTLS_MD4_C)
 137:C:/Users/lenovo/Desktop/liteos/Project2/BearPi_LiteOS/components/security/mbedtls/mbedtls-2.6.0/library\md_wrap.c **** 
 138:C:/Users/lenovo/Desktop/liteos/Project2/BearPi_LiteOS/components/security/mbedtls/mbedtls-2.6.0/library\md_wrap.c **** static void md4_starts_wrap( void *ctx )
 139:C:/Users/lenovo/Desktop/liteos/Project2/BearPi_LiteOS/components/security/mbedtls/mbedtls-2.6.0/library\md_wrap.c **** {
 140:C:/Users/lenovo/Desktop/liteos/Project2/BearPi_LiteOS/components/security/mbedtls/mbedtls-2.6.0/library\md_wrap.c ****     mbedtls_md4_starts( (mbedtls_md4_context *) ctx );
 141:C:/Users/lenovo/Desktop/liteos/Project2/BearPi_LiteOS/components/security/mbedtls/mbedtls-2.6.0/library\md_wrap.c **** }
 142:C:/Users/lenovo/Desktop/liteos/Project2/BearPi_LiteOS/components/security/mbedtls/mbedtls-2.6.0/library\md_wrap.c **** 
 143:C:/Users/lenovo/Desktop/liteos/Project2/BearPi_LiteOS/components/security/mbedtls/mbedtls-2.6.0/library\md_wrap.c **** static void md4_update_wrap( void *ctx, const unsigned char *input,
 144:C:/Users/lenovo/Desktop/liteos/Project2/BearPi_LiteOS/components/security/mbedtls/mbedtls-2.6.0/library\md_wrap.c ****                              size_t ilen )
 145:C:/Users/lenovo/Desktop/liteos/Project2/BearPi_LiteOS/components/security/mbedtls/mbedtls-2.6.0/library\md_wrap.c **** {
 146:C:/Users/lenovo/Desktop/liteos/Project2/BearPi_LiteOS/components/security/mbedtls/mbedtls-2.6.0/library\md_wrap.c ****     mbedtls_md4_update( (mbedtls_md4_context *) ctx, input, ilen );
ARM GAS  c:\Users\lenovo\AppData\Local\Temp\ccr6xc2n.s 			page 4


 147:C:/Users/lenovo/Desktop/liteos/Project2/BearPi_LiteOS/components/security/mbedtls/mbedtls-2.6.0/library\md_wrap.c **** }
 148:C:/Users/lenovo/Desktop/liteos/Project2/BearPi_LiteOS/components/security/mbedtls/mbedtls-2.6.0/library\md_wrap.c **** 
 149:C:/Users/lenovo/Desktop/liteos/Project2/BearPi_LiteOS/components/security/mbedtls/mbedtls-2.6.0/library\md_wrap.c **** static void md4_finish_wrap( void *ctx, unsigned char *output )
 150:C:/Users/lenovo/Desktop/liteos/Project2/BearPi_LiteOS/components/security/mbedtls/mbedtls-2.6.0/library\md_wrap.c **** {
 151:C:/Users/lenovo/Desktop/liteos/Project2/BearPi_LiteOS/components/security/mbedtls/mbedtls-2.6.0/library\md_wrap.c ****     mbedtls_md4_finish( (mbedtls_md4_context *) ctx, output );
 152:C:/Users/lenovo/Desktop/liteos/Project2/BearPi_LiteOS/components/security/mbedtls/mbedtls-2.6.0/library\md_wrap.c **** }
 153:C:/Users/lenovo/Desktop/liteos/Project2/BearPi_LiteOS/components/security/mbedtls/mbedtls-2.6.0/library\md_wrap.c **** 
 154:C:/Users/lenovo/Desktop/liteos/Project2/BearPi_LiteOS/components/security/mbedtls/mbedtls-2.6.0/library\md_wrap.c **** static void *md4_ctx_alloc( void )
 155:C:/Users/lenovo/Desktop/liteos/Project2/BearPi_LiteOS/components/security/mbedtls/mbedtls-2.6.0/library\md_wrap.c **** {
 156:C:/Users/lenovo/Desktop/liteos/Project2/BearPi_LiteOS/components/security/mbedtls/mbedtls-2.6.0/library\md_wrap.c ****     void *ctx = mbedtls_calloc( 1, sizeof( mbedtls_md4_context ) );
 157:C:/Users/lenovo/Desktop/liteos/Project2/BearPi_LiteOS/components/security/mbedtls/mbedtls-2.6.0/library\md_wrap.c **** 
 158:C:/Users/lenovo/Desktop/liteos/Project2/BearPi_LiteOS/components/security/mbedtls/mbedtls-2.6.0/library\md_wrap.c ****     if( ctx != NULL )
 159:C:/Users/lenovo/Desktop/liteos/Project2/BearPi_LiteOS/components/security/mbedtls/mbedtls-2.6.0/library\md_wrap.c ****         mbedtls_md4_init( (mbedtls_md4_context *) ctx );
 160:C:/Users/lenovo/Desktop/liteos/Project2/BearPi_LiteOS/components/security/mbedtls/mbedtls-2.6.0/library\md_wrap.c **** 
 161:C:/Users/lenovo/Desktop/liteos/Project2/BearPi_LiteOS/components/security/mbedtls/mbedtls-2.6.0/library\md_wrap.c ****     return( ctx );
 162:C:/Users/lenovo/Desktop/liteos/Project2/BearPi_LiteOS/components/security/mbedtls/mbedtls-2.6.0/library\md_wrap.c **** }
 163:C:/Users/lenovo/Desktop/liteos/Project2/BearPi_LiteOS/components/security/mbedtls/mbedtls-2.6.0/library\md_wrap.c **** 
 164:C:/Users/lenovo/Desktop/liteos/Project2/BearPi_LiteOS/components/security/mbedtls/mbedtls-2.6.0/library\md_wrap.c **** static void md4_ctx_free( void *ctx )
 165:C:/Users/lenovo/Desktop/liteos/Project2/BearPi_LiteOS/components/security/mbedtls/mbedtls-2.6.0/library\md_wrap.c **** {
 166:C:/Users/lenovo/Desktop/liteos/Project2/BearPi_LiteOS/components/security/mbedtls/mbedtls-2.6.0/library\md_wrap.c ****     mbedtls_md4_free( (mbedtls_md4_context *) ctx );
 167:C:/Users/lenovo/Desktop/liteos/Project2/BearPi_LiteOS/components/security/mbedtls/mbedtls-2.6.0/library\md_wrap.c ****     mbedtls_free( ctx );
 168:C:/Users/lenovo/Desktop/liteos/Project2/BearPi_LiteOS/components/security/mbedtls/mbedtls-2.6.0/library\md_wrap.c **** }
 169:C:/Users/lenovo/Desktop/liteos/Project2/BearPi_LiteOS/components/security/mbedtls/mbedtls-2.6.0/library\md_wrap.c **** 
 170:C:/Users/lenovo/Desktop/liteos/Project2/BearPi_LiteOS/components/security/mbedtls/mbedtls-2.6.0/library\md_wrap.c **** static void md4_clone_wrap( void *dst, const void *src )
 171:C:/Users/lenovo/Desktop/liteos/Project2/BearPi_LiteOS/components/security/mbedtls/mbedtls-2.6.0/library\md_wrap.c **** {
 172:C:/Users/lenovo/Desktop/liteos/Project2/BearPi_LiteOS/components/security/mbedtls/mbedtls-2.6.0/library\md_wrap.c ****     mbedtls_md4_clone( (mbedtls_md4_context *) dst,
 173:C:/Users/lenovo/Desktop/liteos/Project2/BearPi_LiteOS/components/security/mbedtls/mbedtls-2.6.0/library\md_wrap.c ****                  (const mbedtls_md4_context *) src );
 174:C:/Users/lenovo/Desktop/liteos/Project2/BearPi_LiteOS/components/security/mbedtls/mbedtls-2.6.0/library\md_wrap.c **** }
 175:C:/Users/lenovo/Desktop/liteos/Project2/BearPi_LiteOS/components/security/mbedtls/mbedtls-2.6.0/library\md_wrap.c **** 
 176:C:/Users/lenovo/Desktop/liteos/Project2/BearPi_LiteOS/components/security/mbedtls/mbedtls-2.6.0/library\md_wrap.c **** static void md4_process_wrap( void *ctx, const unsigned char *data )
 177:C:/Users/lenovo/Desktop/liteos/Project2/BearPi_LiteOS/components/security/mbedtls/mbedtls-2.6.0/library\md_wrap.c **** {
 178:C:/Users/lenovo/Desktop/liteos/Project2/BearPi_LiteOS/components/security/mbedtls/mbedtls-2.6.0/library\md_wrap.c ****     mbedtls_md4_process( (mbedtls_md4_context *) ctx, data );
 179:C:/Users/lenovo/Desktop/liteos/Project2/BearPi_LiteOS/components/security/mbedtls/mbedtls-2.6.0/library\md_wrap.c **** }
 180:C:/Users/lenovo/Desktop/liteos/Project2/BearPi_LiteOS/components/security/mbedtls/mbedtls-2.6.0/library\md_wrap.c **** 
 181:C:/Users/lenovo/Desktop/liteos/Project2/BearPi_LiteOS/components/security/mbedtls/mbedtls-2.6.0/library\md_wrap.c **** const mbedtls_md_info_t mbedtls_md4_info = {
 182:C:/Users/lenovo/Desktop/liteos/Project2/BearPi_LiteOS/components/security/mbedtls/mbedtls-2.6.0/library\md_wrap.c ****     MBEDTLS_MD_MD4,
 183:C:/Users/lenovo/Desktop/liteos/Project2/BearPi_LiteOS/components/security/mbedtls/mbedtls-2.6.0/library\md_wrap.c ****     "MD4",
 184:C:/Users/lenovo/Desktop/liteos/Project2/BearPi_LiteOS/components/security/mbedtls/mbedtls-2.6.0/library\md_wrap.c ****     16,
 185:C:/Users/lenovo/Desktop/liteos/Project2/BearPi_LiteOS/components/security/mbedtls/mbedtls-2.6.0/library\md_wrap.c ****     64,
 186:C:/Users/lenovo/Desktop/liteos/Project2/BearPi_LiteOS/components/security/mbedtls/mbedtls-2.6.0/library\md_wrap.c ****     md4_starts_wrap,
 187:C:/Users/lenovo/Desktop/liteos/Project2/BearPi_LiteOS/components/security/mbedtls/mbedtls-2.6.0/library\md_wrap.c ****     md4_update_wrap,
 188:C:/Users/lenovo/Desktop/liteos/Project2/BearPi_LiteOS/components/security/mbedtls/mbedtls-2.6.0/library\md_wrap.c ****     md4_finish_wrap,
 189:C:/Users/lenovo/Desktop/liteos/Project2/BearPi_LiteOS/components/security/mbedtls/mbedtls-2.6.0/library\md_wrap.c ****     mbedtls_md4,
 190:C:/Users/lenovo/Desktop/liteos/Project2/BearPi_LiteOS/components/security/mbedtls/mbedtls-2.6.0/library\md_wrap.c ****     md4_ctx_alloc,
 191:C:/Users/lenovo/Desktop/liteos/Project2/BearPi_LiteOS/components/security/mbedtls/mbedtls-2.6.0/library\md_wrap.c ****     md4_ctx_free,
 192:C:/Users/lenovo/Desktop/liteos/Project2/BearPi_LiteOS/components/security/mbedtls/mbedtls-2.6.0/library\md_wrap.c ****     md4_clone_wrap,
 193:C:/Users/lenovo/Desktop/liteos/Project2/BearPi_LiteOS/components/security/mbedtls/mbedtls-2.6.0/library\md_wrap.c ****     md4_process_wrap,
 194:C:/Users/lenovo/Desktop/liteos/Project2/BearPi_LiteOS/components/security/mbedtls/mbedtls-2.6.0/library\md_wrap.c **** };
 195:C:/Users/lenovo/Desktop/liteos/Project2/BearPi_LiteOS/components/security/mbedtls/mbedtls-2.6.0/library\md_wrap.c **** 
 196:C:/Users/lenovo/Desktop/liteos/Project2/BearPi_LiteOS/components/security/mbedtls/mbedtls-2.6.0/library\md_wrap.c **** #endif /* MBEDTLS_MD4_C */
 197:C:/Users/lenovo/Desktop/liteos/Project2/BearPi_LiteOS/components/security/mbedtls/mbedtls-2.6.0/library\md_wrap.c **** 
 198:C:/Users/lenovo/Desktop/liteos/Project2/BearPi_LiteOS/components/security/mbedtls/mbedtls-2.6.0/library\md_wrap.c **** #if defined(MBEDTLS_MD5_C)
 199:C:/Users/lenovo/Desktop/liteos/Project2/BearPi_LiteOS/components/security/mbedtls/mbedtls-2.6.0/library\md_wrap.c **** 
 200:C:/Users/lenovo/Desktop/liteos/Project2/BearPi_LiteOS/components/security/mbedtls/mbedtls-2.6.0/library\md_wrap.c **** static void md5_starts_wrap( void *ctx )
 201:C:/Users/lenovo/Desktop/liteos/Project2/BearPi_LiteOS/components/security/mbedtls/mbedtls-2.6.0/library\md_wrap.c **** {
 202:C:/Users/lenovo/Desktop/liteos/Project2/BearPi_LiteOS/components/security/mbedtls/mbedtls-2.6.0/library\md_wrap.c ****     mbedtls_md5_starts( (mbedtls_md5_context *) ctx );
 203:C:/Users/lenovo/Desktop/liteos/Project2/BearPi_LiteOS/components/security/mbedtls/mbedtls-2.6.0/library\md_wrap.c **** }
ARM GAS  c:\Users\lenovo\AppData\Local\Temp\ccr6xc2n.s 			page 5


 204:C:/Users/lenovo/Desktop/liteos/Project2/BearPi_LiteOS/components/security/mbedtls/mbedtls-2.6.0/library\md_wrap.c **** 
 205:C:/Users/lenovo/Desktop/liteos/Project2/BearPi_LiteOS/components/security/mbedtls/mbedtls-2.6.0/library\md_wrap.c **** static void md5_update_wrap( void *ctx, const unsigned char *input,
 206:C:/Users/lenovo/Desktop/liteos/Project2/BearPi_LiteOS/components/security/mbedtls/mbedtls-2.6.0/library\md_wrap.c ****                              size_t ilen )
 207:C:/Users/lenovo/Desktop/liteos/Project2/BearPi_LiteOS/components/security/mbedtls/mbedtls-2.6.0/library\md_wrap.c **** {
 208:C:/Users/lenovo/Desktop/liteos/Project2/BearPi_LiteOS/components/security/mbedtls/mbedtls-2.6.0/library\md_wrap.c ****     mbedtls_md5_update( (mbedtls_md5_context *) ctx, input, ilen );
 209:C:/Users/lenovo/Desktop/liteos/Project2/BearPi_LiteOS/components/security/mbedtls/mbedtls-2.6.0/library\md_wrap.c **** }
 210:C:/Users/lenovo/Desktop/liteos/Project2/BearPi_LiteOS/components/security/mbedtls/mbedtls-2.6.0/library\md_wrap.c **** 
 211:C:/Users/lenovo/Desktop/liteos/Project2/BearPi_LiteOS/components/security/mbedtls/mbedtls-2.6.0/library\md_wrap.c **** static void md5_finish_wrap( void *ctx, unsigned char *output )
 212:C:/Users/lenovo/Desktop/liteos/Project2/BearPi_LiteOS/components/security/mbedtls/mbedtls-2.6.0/library\md_wrap.c **** {
 213:C:/Users/lenovo/Desktop/liteos/Project2/BearPi_LiteOS/components/security/mbedtls/mbedtls-2.6.0/library\md_wrap.c ****     mbedtls_md5_finish( (mbedtls_md5_context *) ctx, output );
 214:C:/Users/lenovo/Desktop/liteos/Project2/BearPi_LiteOS/components/security/mbedtls/mbedtls-2.6.0/library\md_wrap.c **** }
 215:C:/Users/lenovo/Desktop/liteos/Project2/BearPi_LiteOS/components/security/mbedtls/mbedtls-2.6.0/library\md_wrap.c **** 
 216:C:/Users/lenovo/Desktop/liteos/Project2/BearPi_LiteOS/components/security/mbedtls/mbedtls-2.6.0/library\md_wrap.c **** static void *md5_ctx_alloc( void )
 217:C:/Users/lenovo/Desktop/liteos/Project2/BearPi_LiteOS/components/security/mbedtls/mbedtls-2.6.0/library\md_wrap.c **** {
 218:C:/Users/lenovo/Desktop/liteos/Project2/BearPi_LiteOS/components/security/mbedtls/mbedtls-2.6.0/library\md_wrap.c ****     void *ctx = mbedtls_calloc( 1, sizeof( mbedtls_md5_context ) );
 219:C:/Users/lenovo/Desktop/liteos/Project2/BearPi_LiteOS/components/security/mbedtls/mbedtls-2.6.0/library\md_wrap.c **** 
 220:C:/Users/lenovo/Desktop/liteos/Project2/BearPi_LiteOS/components/security/mbedtls/mbedtls-2.6.0/library\md_wrap.c ****     if( ctx != NULL )
 221:C:/Users/lenovo/Desktop/liteos/Project2/BearPi_LiteOS/components/security/mbedtls/mbedtls-2.6.0/library\md_wrap.c ****         mbedtls_md5_init( (mbedtls_md5_context *) ctx );
 222:C:/Users/lenovo/Desktop/liteos/Project2/BearPi_LiteOS/components/security/mbedtls/mbedtls-2.6.0/library\md_wrap.c **** 
 223:C:/Users/lenovo/Desktop/liteos/Project2/BearPi_LiteOS/components/security/mbedtls/mbedtls-2.6.0/library\md_wrap.c ****     return( ctx );
 224:C:/Users/lenovo/Desktop/liteos/Project2/BearPi_LiteOS/components/security/mbedtls/mbedtls-2.6.0/library\md_wrap.c **** }
 225:C:/Users/lenovo/Desktop/liteos/Project2/BearPi_LiteOS/components/security/mbedtls/mbedtls-2.6.0/library\md_wrap.c **** 
 226:C:/Users/lenovo/Desktop/liteos/Project2/BearPi_LiteOS/components/security/mbedtls/mbedtls-2.6.0/library\md_wrap.c **** static void md5_ctx_free( void *ctx )
 227:C:/Users/lenovo/Desktop/liteos/Project2/BearPi_LiteOS/components/security/mbedtls/mbedtls-2.6.0/library\md_wrap.c **** {
 228:C:/Users/lenovo/Desktop/liteos/Project2/BearPi_LiteOS/components/security/mbedtls/mbedtls-2.6.0/library\md_wrap.c ****     mbedtls_md5_free( (mbedtls_md5_context *) ctx );
 229:C:/Users/lenovo/Desktop/liteos/Project2/BearPi_LiteOS/components/security/mbedtls/mbedtls-2.6.0/library\md_wrap.c ****     mbedtls_free( ctx );
 230:C:/Users/lenovo/Desktop/liteos/Project2/BearPi_LiteOS/components/security/mbedtls/mbedtls-2.6.0/library\md_wrap.c **** }
 231:C:/Users/lenovo/Desktop/liteos/Project2/BearPi_LiteOS/components/security/mbedtls/mbedtls-2.6.0/library\md_wrap.c **** 
 232:C:/Users/lenovo/Desktop/liteos/Project2/BearPi_LiteOS/components/security/mbedtls/mbedtls-2.6.0/library\md_wrap.c **** static void md5_clone_wrap( void *dst, const void *src )
 233:C:/Users/lenovo/Desktop/liteos/Project2/BearPi_LiteOS/components/security/mbedtls/mbedtls-2.6.0/library\md_wrap.c **** {
 234:C:/Users/lenovo/Desktop/liteos/Project2/BearPi_LiteOS/components/security/mbedtls/mbedtls-2.6.0/library\md_wrap.c ****     mbedtls_md5_clone( (mbedtls_md5_context *) dst,
 235:C:/Users/lenovo/Desktop/liteos/Project2/BearPi_LiteOS/components/security/mbedtls/mbedtls-2.6.0/library\md_wrap.c ****                  (const mbedtls_md5_context *) src );
 236:C:/Users/lenovo/Desktop/liteos/Project2/BearPi_LiteOS/components/security/mbedtls/mbedtls-2.6.0/library\md_wrap.c **** }
 237:C:/Users/lenovo/Desktop/liteos/Project2/BearPi_LiteOS/components/security/mbedtls/mbedtls-2.6.0/library\md_wrap.c **** 
 238:C:/Users/lenovo/Desktop/liteos/Project2/BearPi_LiteOS/components/security/mbedtls/mbedtls-2.6.0/library\md_wrap.c **** static void md5_process_wrap( void *ctx, const unsigned char *data )
 239:C:/Users/lenovo/Desktop/liteos/Project2/BearPi_LiteOS/components/security/mbedtls/mbedtls-2.6.0/library\md_wrap.c **** {
 240:C:/Users/lenovo/Desktop/liteos/Project2/BearPi_LiteOS/components/security/mbedtls/mbedtls-2.6.0/library\md_wrap.c ****     mbedtls_md5_process( (mbedtls_md5_context *) ctx, data );
 241:C:/Users/lenovo/Desktop/liteos/Project2/BearPi_LiteOS/components/security/mbedtls/mbedtls-2.6.0/library\md_wrap.c **** }
 242:C:/Users/lenovo/Desktop/liteos/Project2/BearPi_LiteOS/components/security/mbedtls/mbedtls-2.6.0/library\md_wrap.c **** 
 243:C:/Users/lenovo/Desktop/liteos/Project2/BearPi_LiteOS/components/security/mbedtls/mbedtls-2.6.0/library\md_wrap.c **** const mbedtls_md_info_t mbedtls_md5_info = {
 244:C:/Users/lenovo/Desktop/liteos/Project2/BearPi_LiteOS/components/security/mbedtls/mbedtls-2.6.0/library\md_wrap.c ****     MBEDTLS_MD_MD5,
 245:C:/Users/lenovo/Desktop/liteos/Project2/BearPi_LiteOS/components/security/mbedtls/mbedtls-2.6.0/library\md_wrap.c ****     "MD5",
 246:C:/Users/lenovo/Desktop/liteos/Project2/BearPi_LiteOS/components/security/mbedtls/mbedtls-2.6.0/library\md_wrap.c ****     16,
 247:C:/Users/lenovo/Desktop/liteos/Project2/BearPi_LiteOS/components/security/mbedtls/mbedtls-2.6.0/library\md_wrap.c ****     64,
 248:C:/Users/lenovo/Desktop/liteos/Project2/BearPi_LiteOS/components/security/mbedtls/mbedtls-2.6.0/library\md_wrap.c ****     md5_starts_wrap,
 249:C:/Users/lenovo/Desktop/liteos/Project2/BearPi_LiteOS/components/security/mbedtls/mbedtls-2.6.0/library\md_wrap.c ****     md5_update_wrap,
 250:C:/Users/lenovo/Desktop/liteos/Project2/BearPi_LiteOS/components/security/mbedtls/mbedtls-2.6.0/library\md_wrap.c ****     md5_finish_wrap,
 251:C:/Users/lenovo/Desktop/liteos/Project2/BearPi_LiteOS/components/security/mbedtls/mbedtls-2.6.0/library\md_wrap.c ****     mbedtls_md5,
 252:C:/Users/lenovo/Desktop/liteos/Project2/BearPi_LiteOS/components/security/mbedtls/mbedtls-2.6.0/library\md_wrap.c ****     md5_ctx_alloc,
 253:C:/Users/lenovo/Desktop/liteos/Project2/BearPi_LiteOS/components/security/mbedtls/mbedtls-2.6.0/library\md_wrap.c ****     md5_ctx_free,
 254:C:/Users/lenovo/Desktop/liteos/Project2/BearPi_LiteOS/components/security/mbedtls/mbedtls-2.6.0/library\md_wrap.c ****     md5_clone_wrap,
 255:C:/Users/lenovo/Desktop/liteos/Project2/BearPi_LiteOS/components/security/mbedtls/mbedtls-2.6.0/library\md_wrap.c ****     md5_process_wrap,
 256:C:/Users/lenovo/Desktop/liteos/Project2/BearPi_LiteOS/components/security/mbedtls/mbedtls-2.6.0/library\md_wrap.c **** };
 257:C:/Users/lenovo/Desktop/liteos/Project2/BearPi_LiteOS/components/security/mbedtls/mbedtls-2.6.0/library\md_wrap.c **** 
 258:C:/Users/lenovo/Desktop/liteos/Project2/BearPi_LiteOS/components/security/mbedtls/mbedtls-2.6.0/library\md_wrap.c **** #endif /* MBEDTLS_MD5_C */
 259:C:/Users/lenovo/Desktop/liteos/Project2/BearPi_LiteOS/components/security/mbedtls/mbedtls-2.6.0/library\md_wrap.c **** 
 260:C:/Users/lenovo/Desktop/liteos/Project2/BearPi_LiteOS/components/security/mbedtls/mbedtls-2.6.0/library\md_wrap.c **** #if defined(MBEDTLS_RIPEMD160_C)
ARM GAS  c:\Users\lenovo\AppData\Local\Temp\ccr6xc2n.s 			page 6


 261:C:/Users/lenovo/Desktop/liteos/Project2/BearPi_LiteOS/components/security/mbedtls/mbedtls-2.6.0/library\md_wrap.c **** 
 262:C:/Users/lenovo/Desktop/liteos/Project2/BearPi_LiteOS/components/security/mbedtls/mbedtls-2.6.0/library\md_wrap.c **** static void ripemd160_starts_wrap( void *ctx )
 263:C:/Users/lenovo/Desktop/liteos/Project2/BearPi_LiteOS/components/security/mbedtls/mbedtls-2.6.0/library\md_wrap.c **** {
 264:C:/Users/lenovo/Desktop/liteos/Project2/BearPi_LiteOS/components/security/mbedtls/mbedtls-2.6.0/library\md_wrap.c ****     mbedtls_ripemd160_starts( (mbedtls_ripemd160_context *) ctx );
 265:C:/Users/lenovo/Desktop/liteos/Project2/BearPi_LiteOS/components/security/mbedtls/mbedtls-2.6.0/library\md_wrap.c **** }
 266:C:/Users/lenovo/Desktop/liteos/Project2/BearPi_LiteOS/components/security/mbedtls/mbedtls-2.6.0/library\md_wrap.c **** 
 267:C:/Users/lenovo/Desktop/liteos/Project2/BearPi_LiteOS/components/security/mbedtls/mbedtls-2.6.0/library\md_wrap.c **** static void ripemd160_update_wrap( void *ctx, const unsigned char *input,
 268:C:/Users/lenovo/Desktop/liteos/Project2/BearPi_LiteOS/components/security/mbedtls/mbedtls-2.6.0/library\md_wrap.c ****                                    size_t ilen )
 269:C:/Users/lenovo/Desktop/liteos/Project2/BearPi_LiteOS/components/security/mbedtls/mbedtls-2.6.0/library\md_wrap.c **** {
 270:C:/Users/lenovo/Desktop/liteos/Project2/BearPi_LiteOS/components/security/mbedtls/mbedtls-2.6.0/library\md_wrap.c ****     mbedtls_ripemd160_update( (mbedtls_ripemd160_context *) ctx, input, ilen );
 271:C:/Users/lenovo/Desktop/liteos/Project2/BearPi_LiteOS/components/security/mbedtls/mbedtls-2.6.0/library\md_wrap.c **** }
 272:C:/Users/lenovo/Desktop/liteos/Project2/BearPi_LiteOS/components/security/mbedtls/mbedtls-2.6.0/library\md_wrap.c **** 
 273:C:/Users/lenovo/Desktop/liteos/Project2/BearPi_LiteOS/components/security/mbedtls/mbedtls-2.6.0/library\md_wrap.c **** static void ripemd160_finish_wrap( void *ctx, unsigned char *output )
 274:C:/Users/lenovo/Desktop/liteos/Project2/BearPi_LiteOS/components/security/mbedtls/mbedtls-2.6.0/library\md_wrap.c **** {
 275:C:/Users/lenovo/Desktop/liteos/Project2/BearPi_LiteOS/components/security/mbedtls/mbedtls-2.6.0/library\md_wrap.c ****     mbedtls_ripemd160_finish( (mbedtls_ripemd160_context *) ctx, output );
 276:C:/Users/lenovo/Desktop/liteos/Project2/BearPi_LiteOS/components/security/mbedtls/mbedtls-2.6.0/library\md_wrap.c **** }
 277:C:/Users/lenovo/Desktop/liteos/Project2/BearPi_LiteOS/components/security/mbedtls/mbedtls-2.6.0/library\md_wrap.c **** 
 278:C:/Users/lenovo/Desktop/liteos/Project2/BearPi_LiteOS/components/security/mbedtls/mbedtls-2.6.0/library\md_wrap.c **** static void *ripemd160_ctx_alloc( void )
 279:C:/Users/lenovo/Desktop/liteos/Project2/BearPi_LiteOS/components/security/mbedtls/mbedtls-2.6.0/library\md_wrap.c **** {
 280:C:/Users/lenovo/Desktop/liteos/Project2/BearPi_LiteOS/components/security/mbedtls/mbedtls-2.6.0/library\md_wrap.c ****     void *ctx = mbedtls_calloc( 1, sizeof( mbedtls_ripemd160_context ) );
 281:C:/Users/lenovo/Desktop/liteos/Project2/BearPi_LiteOS/components/security/mbedtls/mbedtls-2.6.0/library\md_wrap.c **** 
 282:C:/Users/lenovo/Desktop/liteos/Project2/BearPi_LiteOS/components/security/mbedtls/mbedtls-2.6.0/library\md_wrap.c ****     if( ctx != NULL )
 283:C:/Users/lenovo/Desktop/liteos/Project2/BearPi_LiteOS/components/security/mbedtls/mbedtls-2.6.0/library\md_wrap.c ****         mbedtls_ripemd160_init( (mbedtls_ripemd160_context *) ctx );
 284:C:/Users/lenovo/Desktop/liteos/Project2/BearPi_LiteOS/components/security/mbedtls/mbedtls-2.6.0/library\md_wrap.c **** 
 285:C:/Users/lenovo/Desktop/liteos/Project2/BearPi_LiteOS/components/security/mbedtls/mbedtls-2.6.0/library\md_wrap.c ****     return( ctx );
 286:C:/Users/lenovo/Desktop/liteos/Project2/BearPi_LiteOS/components/security/mbedtls/mbedtls-2.6.0/library\md_wrap.c **** }
 287:C:/Users/lenovo/Desktop/liteos/Project2/BearPi_LiteOS/components/security/mbedtls/mbedtls-2.6.0/library\md_wrap.c **** 
 288:C:/Users/lenovo/Desktop/liteos/Project2/BearPi_LiteOS/components/security/mbedtls/mbedtls-2.6.0/library\md_wrap.c **** static void ripemd160_ctx_free( void *ctx )
 289:C:/Users/lenovo/Desktop/liteos/Project2/BearPi_LiteOS/components/security/mbedtls/mbedtls-2.6.0/library\md_wrap.c **** {
 290:C:/Users/lenovo/Desktop/liteos/Project2/BearPi_LiteOS/components/security/mbedtls/mbedtls-2.6.0/library\md_wrap.c ****     mbedtls_ripemd160_free( (mbedtls_ripemd160_context *) ctx );
 291:C:/Users/lenovo/Desktop/liteos/Project2/BearPi_LiteOS/components/security/mbedtls/mbedtls-2.6.0/library\md_wrap.c ****     mbedtls_free( ctx );
 292:C:/Users/lenovo/Desktop/liteos/Project2/BearPi_LiteOS/components/security/mbedtls/mbedtls-2.6.0/library\md_wrap.c **** }
 293:C:/Users/lenovo/Desktop/liteos/Project2/BearPi_LiteOS/components/security/mbedtls/mbedtls-2.6.0/library\md_wrap.c **** 
 294:C:/Users/lenovo/Desktop/liteos/Project2/BearPi_LiteOS/components/security/mbedtls/mbedtls-2.6.0/library\md_wrap.c **** static void ripemd160_clone_wrap( void *dst, const void *src )
 295:C:/Users/lenovo/Desktop/liteos/Project2/BearPi_LiteOS/components/security/mbedtls/mbedtls-2.6.0/library\md_wrap.c **** {
 296:C:/Users/lenovo/Desktop/liteos/Project2/BearPi_LiteOS/components/security/mbedtls/mbedtls-2.6.0/library\md_wrap.c ****     mbedtls_ripemd160_clone( (mbedtls_ripemd160_context *) dst,
 297:C:/Users/lenovo/Desktop/liteos/Project2/BearPi_LiteOS/components/security/mbedtls/mbedtls-2.6.0/library\md_wrap.c ****                        (const mbedtls_ripemd160_context *) src );
 298:C:/Users/lenovo/Desktop/liteos/Project2/BearPi_LiteOS/components/security/mbedtls/mbedtls-2.6.0/library\md_wrap.c **** }
 299:C:/Users/lenovo/Desktop/liteos/Project2/BearPi_LiteOS/components/security/mbedtls/mbedtls-2.6.0/library\md_wrap.c **** 
 300:C:/Users/lenovo/Desktop/liteos/Project2/BearPi_LiteOS/components/security/mbedtls/mbedtls-2.6.0/library\md_wrap.c **** static void ripemd160_process_wrap( void *ctx, const unsigned char *data )
 301:C:/Users/lenovo/Desktop/liteos/Project2/BearPi_LiteOS/components/security/mbedtls/mbedtls-2.6.0/library\md_wrap.c **** {
 302:C:/Users/lenovo/Desktop/liteos/Project2/BearPi_LiteOS/components/security/mbedtls/mbedtls-2.6.0/library\md_wrap.c ****     mbedtls_ripemd160_process( (mbedtls_ripemd160_context *) ctx, data );
 303:C:/Users/lenovo/Desktop/liteos/Project2/BearPi_LiteOS/components/security/mbedtls/mbedtls-2.6.0/library\md_wrap.c **** }
 304:C:/Users/lenovo/Desktop/liteos/Project2/BearPi_LiteOS/components/security/mbedtls/mbedtls-2.6.0/library\md_wrap.c **** 
 305:C:/Users/lenovo/Desktop/liteos/Project2/BearPi_LiteOS/components/security/mbedtls/mbedtls-2.6.0/library\md_wrap.c **** const mbedtls_md_info_t mbedtls_ripemd160_info = {
 306:C:/Users/lenovo/Desktop/liteos/Project2/BearPi_LiteOS/components/security/mbedtls/mbedtls-2.6.0/library\md_wrap.c ****     MBEDTLS_MD_RIPEMD160,
 307:C:/Users/lenovo/Desktop/liteos/Project2/BearPi_LiteOS/components/security/mbedtls/mbedtls-2.6.0/library\md_wrap.c ****     "RIPEMD160",
 308:C:/Users/lenovo/Desktop/liteos/Project2/BearPi_LiteOS/components/security/mbedtls/mbedtls-2.6.0/library\md_wrap.c ****     20,
 309:C:/Users/lenovo/Desktop/liteos/Project2/BearPi_LiteOS/components/security/mbedtls/mbedtls-2.6.0/library\md_wrap.c ****     64,
 310:C:/Users/lenovo/Desktop/liteos/Project2/BearPi_LiteOS/components/security/mbedtls/mbedtls-2.6.0/library\md_wrap.c ****     ripemd160_starts_wrap,
 311:C:/Users/lenovo/Desktop/liteos/Project2/BearPi_LiteOS/components/security/mbedtls/mbedtls-2.6.0/library\md_wrap.c ****     ripemd160_update_wrap,
 312:C:/Users/lenovo/Desktop/liteos/Project2/BearPi_LiteOS/components/security/mbedtls/mbedtls-2.6.0/library\md_wrap.c ****     ripemd160_finish_wrap,
 313:C:/Users/lenovo/Desktop/liteos/Project2/BearPi_LiteOS/components/security/mbedtls/mbedtls-2.6.0/library\md_wrap.c ****     mbedtls_ripemd160,
 314:C:/Users/lenovo/Desktop/liteos/Project2/BearPi_LiteOS/components/security/mbedtls/mbedtls-2.6.0/library\md_wrap.c ****     ripemd160_ctx_alloc,
 315:C:/Users/lenovo/Desktop/liteos/Project2/BearPi_LiteOS/components/security/mbedtls/mbedtls-2.6.0/library\md_wrap.c ****     ripemd160_ctx_free,
 316:C:/Users/lenovo/Desktop/liteos/Project2/BearPi_LiteOS/components/security/mbedtls/mbedtls-2.6.0/library\md_wrap.c ****     ripemd160_clone_wrap,
 317:C:/Users/lenovo/Desktop/liteos/Project2/BearPi_LiteOS/components/security/mbedtls/mbedtls-2.6.0/library\md_wrap.c ****     ripemd160_process_wrap,
ARM GAS  c:\Users\lenovo\AppData\Local\Temp\ccr6xc2n.s 			page 7


 318:C:/Users/lenovo/Desktop/liteos/Project2/BearPi_LiteOS/components/security/mbedtls/mbedtls-2.6.0/library\md_wrap.c **** };
 319:C:/Users/lenovo/Desktop/liteos/Project2/BearPi_LiteOS/components/security/mbedtls/mbedtls-2.6.0/library\md_wrap.c **** 
 320:C:/Users/lenovo/Desktop/liteos/Project2/BearPi_LiteOS/components/security/mbedtls/mbedtls-2.6.0/library\md_wrap.c **** #endif /* MBEDTLS_RIPEMD160_C */
 321:C:/Users/lenovo/Desktop/liteos/Project2/BearPi_LiteOS/components/security/mbedtls/mbedtls-2.6.0/library\md_wrap.c **** 
 322:C:/Users/lenovo/Desktop/liteos/Project2/BearPi_LiteOS/components/security/mbedtls/mbedtls-2.6.0/library\md_wrap.c **** #if defined(MBEDTLS_SHA1_C)
 323:C:/Users/lenovo/Desktop/liteos/Project2/BearPi_LiteOS/components/security/mbedtls/mbedtls-2.6.0/library\md_wrap.c **** 
 324:C:/Users/lenovo/Desktop/liteos/Project2/BearPi_LiteOS/components/security/mbedtls/mbedtls-2.6.0/library\md_wrap.c **** static void sha1_starts_wrap( void *ctx )
 325:C:/Users/lenovo/Desktop/liteos/Project2/BearPi_LiteOS/components/security/mbedtls/mbedtls-2.6.0/library\md_wrap.c **** {
 326:C:/Users/lenovo/Desktop/liteos/Project2/BearPi_LiteOS/components/security/mbedtls/mbedtls-2.6.0/library\md_wrap.c ****     mbedtls_sha1_starts( (mbedtls_sha1_context *) ctx );
 327:C:/Users/lenovo/Desktop/liteos/Project2/BearPi_LiteOS/components/security/mbedtls/mbedtls-2.6.0/library\md_wrap.c **** }
 328:C:/Users/lenovo/Desktop/liteos/Project2/BearPi_LiteOS/components/security/mbedtls/mbedtls-2.6.0/library\md_wrap.c **** 
 329:C:/Users/lenovo/Desktop/liteos/Project2/BearPi_LiteOS/components/security/mbedtls/mbedtls-2.6.0/library\md_wrap.c **** static void sha1_update_wrap( void *ctx, const unsigned char *input,
 330:C:/Users/lenovo/Desktop/liteos/Project2/BearPi_LiteOS/components/security/mbedtls/mbedtls-2.6.0/library\md_wrap.c ****                               size_t ilen )
 331:C:/Users/lenovo/Desktop/liteos/Project2/BearPi_LiteOS/components/security/mbedtls/mbedtls-2.6.0/library\md_wrap.c **** {
 332:C:/Users/lenovo/Desktop/liteos/Project2/BearPi_LiteOS/components/security/mbedtls/mbedtls-2.6.0/library\md_wrap.c ****     mbedtls_sha1_update( (mbedtls_sha1_context *) ctx, input, ilen );
 333:C:/Users/lenovo/Desktop/liteos/Project2/BearPi_LiteOS/components/security/mbedtls/mbedtls-2.6.0/library\md_wrap.c **** }
 334:C:/Users/lenovo/Desktop/liteos/Project2/BearPi_LiteOS/components/security/mbedtls/mbedtls-2.6.0/library\md_wrap.c **** 
 335:C:/Users/lenovo/Desktop/liteos/Project2/BearPi_LiteOS/components/security/mbedtls/mbedtls-2.6.0/library\md_wrap.c **** static void sha1_finish_wrap( void *ctx, unsigned char *output )
 336:C:/Users/lenovo/Desktop/liteos/Project2/BearPi_LiteOS/components/security/mbedtls/mbedtls-2.6.0/library\md_wrap.c **** {
 337:C:/Users/lenovo/Desktop/liteos/Project2/BearPi_LiteOS/components/security/mbedtls/mbedtls-2.6.0/library\md_wrap.c ****     mbedtls_sha1_finish( (mbedtls_sha1_context *) ctx, output );
 338:C:/Users/lenovo/Desktop/liteos/Project2/BearPi_LiteOS/components/security/mbedtls/mbedtls-2.6.0/library\md_wrap.c **** }
 339:C:/Users/lenovo/Desktop/liteos/Project2/BearPi_LiteOS/components/security/mbedtls/mbedtls-2.6.0/library\md_wrap.c **** 
 340:C:/Users/lenovo/Desktop/liteos/Project2/BearPi_LiteOS/components/security/mbedtls/mbedtls-2.6.0/library\md_wrap.c **** static void *sha1_ctx_alloc( void )
 341:C:/Users/lenovo/Desktop/liteos/Project2/BearPi_LiteOS/components/security/mbedtls/mbedtls-2.6.0/library\md_wrap.c **** {
 342:C:/Users/lenovo/Desktop/liteos/Project2/BearPi_LiteOS/components/security/mbedtls/mbedtls-2.6.0/library\md_wrap.c ****     void *ctx = mbedtls_calloc( 1, sizeof( mbedtls_sha1_context ) );
 343:C:/Users/lenovo/Desktop/liteos/Project2/BearPi_LiteOS/components/security/mbedtls/mbedtls-2.6.0/library\md_wrap.c **** 
 344:C:/Users/lenovo/Desktop/liteos/Project2/BearPi_LiteOS/components/security/mbedtls/mbedtls-2.6.0/library\md_wrap.c ****     if( ctx != NULL )
 345:C:/Users/lenovo/Desktop/liteos/Project2/BearPi_LiteOS/components/security/mbedtls/mbedtls-2.6.0/library\md_wrap.c ****         mbedtls_sha1_init( (mbedtls_sha1_context *) ctx );
 346:C:/Users/lenovo/Desktop/liteos/Project2/BearPi_LiteOS/components/security/mbedtls/mbedtls-2.6.0/library\md_wrap.c **** 
 347:C:/Users/lenovo/Desktop/liteos/Project2/BearPi_LiteOS/components/security/mbedtls/mbedtls-2.6.0/library\md_wrap.c ****     return( ctx );
 348:C:/Users/lenovo/Desktop/liteos/Project2/BearPi_LiteOS/components/security/mbedtls/mbedtls-2.6.0/library\md_wrap.c **** }
 349:C:/Users/lenovo/Desktop/liteos/Project2/BearPi_LiteOS/components/security/mbedtls/mbedtls-2.6.0/library\md_wrap.c **** 
 350:C:/Users/lenovo/Desktop/liteos/Project2/BearPi_LiteOS/components/security/mbedtls/mbedtls-2.6.0/library\md_wrap.c **** static void sha1_clone_wrap( void *dst, const void *src )
 351:C:/Users/lenovo/Desktop/liteos/Project2/BearPi_LiteOS/components/security/mbedtls/mbedtls-2.6.0/library\md_wrap.c **** {
 352:C:/Users/lenovo/Desktop/liteos/Project2/BearPi_LiteOS/components/security/mbedtls/mbedtls-2.6.0/library\md_wrap.c ****     mbedtls_sha1_clone( (mbedtls_sha1_context *) dst,
 353:C:/Users/lenovo/Desktop/liteos/Project2/BearPi_LiteOS/components/security/mbedtls/mbedtls-2.6.0/library\md_wrap.c ****                   (const mbedtls_sha1_context *) src );
 354:C:/Users/lenovo/Desktop/liteos/Project2/BearPi_LiteOS/components/security/mbedtls/mbedtls-2.6.0/library\md_wrap.c **** }
 355:C:/Users/lenovo/Desktop/liteos/Project2/BearPi_LiteOS/components/security/mbedtls/mbedtls-2.6.0/library\md_wrap.c **** 
 356:C:/Users/lenovo/Desktop/liteos/Project2/BearPi_LiteOS/components/security/mbedtls/mbedtls-2.6.0/library\md_wrap.c **** static void sha1_ctx_free( void *ctx )
 357:C:/Users/lenovo/Desktop/liteos/Project2/BearPi_LiteOS/components/security/mbedtls/mbedtls-2.6.0/library\md_wrap.c **** {
 358:C:/Users/lenovo/Desktop/liteos/Project2/BearPi_LiteOS/components/security/mbedtls/mbedtls-2.6.0/library\md_wrap.c ****     mbedtls_sha1_free( (mbedtls_sha1_context *) ctx );
 359:C:/Users/lenovo/Desktop/liteos/Project2/BearPi_LiteOS/components/security/mbedtls/mbedtls-2.6.0/library\md_wrap.c ****     mbedtls_free( ctx );
 360:C:/Users/lenovo/Desktop/liteos/Project2/BearPi_LiteOS/components/security/mbedtls/mbedtls-2.6.0/library\md_wrap.c **** }
 361:C:/Users/lenovo/Desktop/liteos/Project2/BearPi_LiteOS/components/security/mbedtls/mbedtls-2.6.0/library\md_wrap.c **** 
 362:C:/Users/lenovo/Desktop/liteos/Project2/BearPi_LiteOS/components/security/mbedtls/mbedtls-2.6.0/library\md_wrap.c **** static void sha1_process_wrap( void *ctx, const unsigned char *data )
 363:C:/Users/lenovo/Desktop/liteos/Project2/BearPi_LiteOS/components/security/mbedtls/mbedtls-2.6.0/library\md_wrap.c **** {
 364:C:/Users/lenovo/Desktop/liteos/Project2/BearPi_LiteOS/components/security/mbedtls/mbedtls-2.6.0/library\md_wrap.c ****     mbedtls_sha1_process( (mbedtls_sha1_context *) ctx, data );
 365:C:/Users/lenovo/Desktop/liteos/Project2/BearPi_LiteOS/components/security/mbedtls/mbedtls-2.6.0/library\md_wrap.c **** }
 366:C:/Users/lenovo/Desktop/liteos/Project2/BearPi_LiteOS/components/security/mbedtls/mbedtls-2.6.0/library\md_wrap.c **** 
 367:C:/Users/lenovo/Desktop/liteos/Project2/BearPi_LiteOS/components/security/mbedtls/mbedtls-2.6.0/library\md_wrap.c **** const mbedtls_md_info_t mbedtls_sha1_info = {
 368:C:/Users/lenovo/Desktop/liteos/Project2/BearPi_LiteOS/components/security/mbedtls/mbedtls-2.6.0/library\md_wrap.c ****     MBEDTLS_MD_SHA1,
 369:C:/Users/lenovo/Desktop/liteos/Project2/BearPi_LiteOS/components/security/mbedtls/mbedtls-2.6.0/library\md_wrap.c ****     "SHA1",
 370:C:/Users/lenovo/Desktop/liteos/Project2/BearPi_LiteOS/components/security/mbedtls/mbedtls-2.6.0/library\md_wrap.c ****     20,
 371:C:/Users/lenovo/Desktop/liteos/Project2/BearPi_LiteOS/components/security/mbedtls/mbedtls-2.6.0/library\md_wrap.c ****     64,
 372:C:/Users/lenovo/Desktop/liteos/Project2/BearPi_LiteOS/components/security/mbedtls/mbedtls-2.6.0/library\md_wrap.c ****     sha1_starts_wrap,
 373:C:/Users/lenovo/Desktop/liteos/Project2/BearPi_LiteOS/components/security/mbedtls/mbedtls-2.6.0/library\md_wrap.c ****     sha1_update_wrap,
 374:C:/Users/lenovo/Desktop/liteos/Project2/BearPi_LiteOS/components/security/mbedtls/mbedtls-2.6.0/library\md_wrap.c ****     sha1_finish_wrap,
ARM GAS  c:\Users\lenovo\AppData\Local\Temp\ccr6xc2n.s 			page 8


 375:C:/Users/lenovo/Desktop/liteos/Project2/BearPi_LiteOS/components/security/mbedtls/mbedtls-2.6.0/library\md_wrap.c ****     mbedtls_sha1,
 376:C:/Users/lenovo/Desktop/liteos/Project2/BearPi_LiteOS/components/security/mbedtls/mbedtls-2.6.0/library\md_wrap.c ****     sha1_ctx_alloc,
 377:C:/Users/lenovo/Desktop/liteos/Project2/BearPi_LiteOS/components/security/mbedtls/mbedtls-2.6.0/library\md_wrap.c ****     sha1_ctx_free,
 378:C:/Users/lenovo/Desktop/liteos/Project2/BearPi_LiteOS/components/security/mbedtls/mbedtls-2.6.0/library\md_wrap.c ****     sha1_clone_wrap,
 379:C:/Users/lenovo/Desktop/liteos/Project2/BearPi_LiteOS/components/security/mbedtls/mbedtls-2.6.0/library\md_wrap.c ****     sha1_process_wrap,
 380:C:/Users/lenovo/Desktop/liteos/Project2/BearPi_LiteOS/components/security/mbedtls/mbedtls-2.6.0/library\md_wrap.c **** };
 381:C:/Users/lenovo/Desktop/liteos/Project2/BearPi_LiteOS/components/security/mbedtls/mbedtls-2.6.0/library\md_wrap.c **** 
 382:C:/Users/lenovo/Desktop/liteos/Project2/BearPi_LiteOS/components/security/mbedtls/mbedtls-2.6.0/library\md_wrap.c **** #endif /* MBEDTLS_SHA1_C */
 383:C:/Users/lenovo/Desktop/liteos/Project2/BearPi_LiteOS/components/security/mbedtls/mbedtls-2.6.0/library\md_wrap.c **** 
 384:C:/Users/lenovo/Desktop/liteos/Project2/BearPi_LiteOS/components/security/mbedtls/mbedtls-2.6.0/library\md_wrap.c **** /*
 385:C:/Users/lenovo/Desktop/liteos/Project2/BearPi_LiteOS/components/security/mbedtls/mbedtls-2.6.0/library\md_wrap.c ****  * Wrappers for generic message digests
 386:C:/Users/lenovo/Desktop/liteos/Project2/BearPi_LiteOS/components/security/mbedtls/mbedtls-2.6.0/library\md_wrap.c ****  */
 387:C:/Users/lenovo/Desktop/liteos/Project2/BearPi_LiteOS/components/security/mbedtls/mbedtls-2.6.0/library\md_wrap.c **** #if defined(MBEDTLS_SHA256_C)
 388:C:/Users/lenovo/Desktop/liteos/Project2/BearPi_LiteOS/components/security/mbedtls/mbedtls-2.6.0/library\md_wrap.c **** 
 389:C:/Users/lenovo/Desktop/liteos/Project2/BearPi_LiteOS/components/security/mbedtls/mbedtls-2.6.0/library\md_wrap.c **** static void sha224_starts_wrap( void *ctx )
 390:C:/Users/lenovo/Desktop/liteos/Project2/BearPi_LiteOS/components/security/mbedtls/mbedtls-2.6.0/library\md_wrap.c **** {
 391:C:/Users/lenovo/Desktop/liteos/Project2/BearPi_LiteOS/components/security/mbedtls/mbedtls-2.6.0/library\md_wrap.c ****     mbedtls_sha256_starts( (mbedtls_sha256_context *) ctx, 1 );
 392:C:/Users/lenovo/Desktop/liteos/Project2/BearPi_LiteOS/components/security/mbedtls/mbedtls-2.6.0/library\md_wrap.c **** }
 393:C:/Users/lenovo/Desktop/liteos/Project2/BearPi_LiteOS/components/security/mbedtls/mbedtls-2.6.0/library\md_wrap.c **** 
 394:C:/Users/lenovo/Desktop/liteos/Project2/BearPi_LiteOS/components/security/mbedtls/mbedtls-2.6.0/library\md_wrap.c **** static void sha224_update_wrap( void *ctx, const unsigned char *input,
 395:C:/Users/lenovo/Desktop/liteos/Project2/BearPi_LiteOS/components/security/mbedtls/mbedtls-2.6.0/library\md_wrap.c ****                                 size_t ilen )
 396:C:/Users/lenovo/Desktop/liteos/Project2/BearPi_LiteOS/components/security/mbedtls/mbedtls-2.6.0/library\md_wrap.c **** {
 397:C:/Users/lenovo/Desktop/liteos/Project2/BearPi_LiteOS/components/security/mbedtls/mbedtls-2.6.0/library\md_wrap.c ****     mbedtls_sha256_update( (mbedtls_sha256_context *) ctx, input, ilen );
 398:C:/Users/lenovo/Desktop/liteos/Project2/BearPi_LiteOS/components/security/mbedtls/mbedtls-2.6.0/library\md_wrap.c **** }
 399:C:/Users/lenovo/Desktop/liteos/Project2/BearPi_LiteOS/components/security/mbedtls/mbedtls-2.6.0/library\md_wrap.c **** 
 400:C:/Users/lenovo/Desktop/liteos/Project2/BearPi_LiteOS/components/security/mbedtls/mbedtls-2.6.0/library\md_wrap.c **** static void sha224_finish_wrap( void *ctx, unsigned char *output )
 401:C:/Users/lenovo/Desktop/liteos/Project2/BearPi_LiteOS/components/security/mbedtls/mbedtls-2.6.0/library\md_wrap.c **** {
 402:C:/Users/lenovo/Desktop/liteos/Project2/BearPi_LiteOS/components/security/mbedtls/mbedtls-2.6.0/library\md_wrap.c ****     mbedtls_sha256_finish( (mbedtls_sha256_context *) ctx, output );
 403:C:/Users/lenovo/Desktop/liteos/Project2/BearPi_LiteOS/components/security/mbedtls/mbedtls-2.6.0/library\md_wrap.c **** }
 404:C:/Users/lenovo/Desktop/liteos/Project2/BearPi_LiteOS/components/security/mbedtls/mbedtls-2.6.0/library\md_wrap.c **** 
 405:C:/Users/lenovo/Desktop/liteos/Project2/BearPi_LiteOS/components/security/mbedtls/mbedtls-2.6.0/library\md_wrap.c **** static void sha224_wrap( const unsigned char *input, size_t ilen,
 406:C:/Users/lenovo/Desktop/liteos/Project2/BearPi_LiteOS/components/security/mbedtls/mbedtls-2.6.0/library\md_wrap.c ****                     unsigned char *output )
 407:C:/Users/lenovo/Desktop/liteos/Project2/BearPi_LiteOS/components/security/mbedtls/mbedtls-2.6.0/library\md_wrap.c **** {
 408:C:/Users/lenovo/Desktop/liteos/Project2/BearPi_LiteOS/components/security/mbedtls/mbedtls-2.6.0/library\md_wrap.c ****     mbedtls_sha256( input, ilen, output, 1 );
 409:C:/Users/lenovo/Desktop/liteos/Project2/BearPi_LiteOS/components/security/mbedtls/mbedtls-2.6.0/library\md_wrap.c **** }
 410:C:/Users/lenovo/Desktop/liteos/Project2/BearPi_LiteOS/components/security/mbedtls/mbedtls-2.6.0/library\md_wrap.c **** 
 411:C:/Users/lenovo/Desktop/liteos/Project2/BearPi_LiteOS/components/security/mbedtls/mbedtls-2.6.0/library\md_wrap.c **** static void *sha224_ctx_alloc( void )
 412:C:/Users/lenovo/Desktop/liteos/Project2/BearPi_LiteOS/components/security/mbedtls/mbedtls-2.6.0/library\md_wrap.c **** {
 413:C:/Users/lenovo/Desktop/liteos/Project2/BearPi_LiteOS/components/security/mbedtls/mbedtls-2.6.0/library\md_wrap.c ****     void *ctx = mbedtls_calloc( 1, sizeof( mbedtls_sha256_context ) );
 414:C:/Users/lenovo/Desktop/liteos/Project2/BearPi_LiteOS/components/security/mbedtls/mbedtls-2.6.0/library\md_wrap.c **** 
 415:C:/Users/lenovo/Desktop/liteos/Project2/BearPi_LiteOS/components/security/mbedtls/mbedtls-2.6.0/library\md_wrap.c ****     if( ctx != NULL )
 416:C:/Users/lenovo/Desktop/liteos/Project2/BearPi_LiteOS/components/security/mbedtls/mbedtls-2.6.0/library\md_wrap.c ****         mbedtls_sha256_init( (mbedtls_sha256_context *) ctx );
 417:C:/Users/lenovo/Desktop/liteos/Project2/BearPi_LiteOS/components/security/mbedtls/mbedtls-2.6.0/library\md_wrap.c **** 
 418:C:/Users/lenovo/Desktop/liteos/Project2/BearPi_LiteOS/components/security/mbedtls/mbedtls-2.6.0/library\md_wrap.c ****     return( ctx );
 419:C:/Users/lenovo/Desktop/liteos/Project2/BearPi_LiteOS/components/security/mbedtls/mbedtls-2.6.0/library\md_wrap.c **** }
 420:C:/Users/lenovo/Desktop/liteos/Project2/BearPi_LiteOS/components/security/mbedtls/mbedtls-2.6.0/library\md_wrap.c **** 
 421:C:/Users/lenovo/Desktop/liteos/Project2/BearPi_LiteOS/components/security/mbedtls/mbedtls-2.6.0/library\md_wrap.c **** static void sha224_ctx_free( void *ctx )
 422:C:/Users/lenovo/Desktop/liteos/Project2/BearPi_LiteOS/components/security/mbedtls/mbedtls-2.6.0/library\md_wrap.c **** {
 423:C:/Users/lenovo/Desktop/liteos/Project2/BearPi_LiteOS/components/security/mbedtls/mbedtls-2.6.0/library\md_wrap.c ****     mbedtls_sha256_free( (mbedtls_sha256_context *) ctx );
 424:C:/Users/lenovo/Desktop/liteos/Project2/BearPi_LiteOS/components/security/mbedtls/mbedtls-2.6.0/library\md_wrap.c ****     mbedtls_free( ctx );
 425:C:/Users/lenovo/Desktop/liteos/Project2/BearPi_LiteOS/components/security/mbedtls/mbedtls-2.6.0/library\md_wrap.c **** }
 426:C:/Users/lenovo/Desktop/liteos/Project2/BearPi_LiteOS/components/security/mbedtls/mbedtls-2.6.0/library\md_wrap.c **** 
 427:C:/Users/lenovo/Desktop/liteos/Project2/BearPi_LiteOS/components/security/mbedtls/mbedtls-2.6.0/library\md_wrap.c **** static void sha224_clone_wrap( void *dst, const void *src )
 428:C:/Users/lenovo/Desktop/liteos/Project2/BearPi_LiteOS/components/security/mbedtls/mbedtls-2.6.0/library\md_wrap.c **** {
 429:C:/Users/lenovo/Desktop/liteos/Project2/BearPi_LiteOS/components/security/mbedtls/mbedtls-2.6.0/library\md_wrap.c ****     mbedtls_sha256_clone( (mbedtls_sha256_context *) dst,
 430:C:/Users/lenovo/Desktop/liteos/Project2/BearPi_LiteOS/components/security/mbedtls/mbedtls-2.6.0/library\md_wrap.c ****                     (const mbedtls_sha256_context *) src );
 431:C:/Users/lenovo/Desktop/liteos/Project2/BearPi_LiteOS/components/security/mbedtls/mbedtls-2.6.0/library\md_wrap.c **** }
ARM GAS  c:\Users\lenovo\AppData\Local\Temp\ccr6xc2n.s 			page 9


 432:C:/Users/lenovo/Desktop/liteos/Project2/BearPi_LiteOS/components/security/mbedtls/mbedtls-2.6.0/library\md_wrap.c **** 
 433:C:/Users/lenovo/Desktop/liteos/Project2/BearPi_LiteOS/components/security/mbedtls/mbedtls-2.6.0/library\md_wrap.c **** static void sha224_process_wrap( void *ctx, const unsigned char *data )
 434:C:/Users/lenovo/Desktop/liteos/Project2/BearPi_LiteOS/components/security/mbedtls/mbedtls-2.6.0/library\md_wrap.c **** {
  27              		.loc 1 434 0
  28              		.cfi_startproc
  29              		@ args = 0, pretend = 0, frame = 0
  30              		@ frame_needed = 0, uses_anonymous_args = 0
  31              	.LVL0:
  32 0000 08B5     		push	{r3, lr}
  33              	.LCFI0:
  34              		.cfi_def_cfa_offset 8
  35              		.cfi_offset 3, -8
  36              		.cfi_offset 14, -4
 435:C:/Users/lenovo/Desktop/liteos/Project2/BearPi_LiteOS/components/security/mbedtls/mbedtls-2.6.0/library\md_wrap.c ****     mbedtls_sha256_process( (mbedtls_sha256_context *) ctx, data );
  37              		.loc 1 435 0
  38 0002 FFF7FEFF 		bl	mbedtls_sha256_process
  39              	.LVL1:
 436:C:/Users/lenovo/Desktop/liteos/Project2/BearPi_LiteOS/components/security/mbedtls/mbedtls-2.6.0/library\md_wrap.c **** }
  40              		.loc 1 436 0
  41 0006 08BD     		pop	{r3, pc}
  42              		.cfi_endproc
  43              	.LFE10:
  45              		.section	.text.sha224_clone_wrap,"ax",%progbits
  46              		.align	1
  47              		.syntax unified
  48              		.thumb
  49              		.thumb_func
  50              		.fpu fpv4-sp-d16
  52              	sha224_clone_wrap:
  53              	.LFB9:
 428:C:/Users/lenovo/Desktop/liteos/Project2/BearPi_LiteOS/components/security/mbedtls/mbedtls-2.6.0/library\md_wrap.c ****     mbedtls_sha256_clone( (mbedtls_sha256_context *) dst,
  54              		.loc 1 428 0
  55              		.cfi_startproc
  56              		@ args = 0, pretend = 0, frame = 0
  57              		@ frame_needed = 0, uses_anonymous_args = 0
  58              	.LVL2:
  59 0000 08B5     		push	{r3, lr}
  60              	.LCFI1:
  61              		.cfi_def_cfa_offset 8
  62              		.cfi_offset 3, -8
  63              		.cfi_offset 14, -4
 429:C:/Users/lenovo/Desktop/liteos/Project2/BearPi_LiteOS/components/security/mbedtls/mbedtls-2.6.0/library\md_wrap.c ****                     (const mbedtls_sha256_context *) src );
  64              		.loc 1 429 0
  65 0002 FFF7FEFF 		bl	mbedtls_sha256_clone
  66              	.LVL3:
 431:C:/Users/lenovo/Desktop/liteos/Project2/BearPi_LiteOS/components/security/mbedtls/mbedtls-2.6.0/library\md_wrap.c **** 
  67              		.loc 1 431 0
  68 0006 08BD     		pop	{r3, pc}
  69              		.cfi_endproc
  70              	.LFE9:
  72              		.section	.text.sha224_ctx_free,"ax",%progbits
  73              		.align	1
  74              		.syntax unified
  75              		.thumb
  76              		.thumb_func
  77              		.fpu fpv4-sp-d16
  79              	sha224_ctx_free:
ARM GAS  c:\Users\lenovo\AppData\Local\Temp\ccr6xc2n.s 			page 10


  80              	.LFB8:
 422:C:/Users/lenovo/Desktop/liteos/Project2/BearPi_LiteOS/components/security/mbedtls/mbedtls-2.6.0/library\md_wrap.c ****     mbedtls_sha256_free( (mbedtls_sha256_context *) ctx );
  81              		.loc 1 422 0
  82              		.cfi_startproc
  83              		@ args = 0, pretend = 0, frame = 0
  84              		@ frame_needed = 0, uses_anonymous_args = 0
  85              	.LVL4:
  86 0000 10B5     		push	{r4, lr}
  87              	.LCFI2:
  88              		.cfi_def_cfa_offset 8
  89              		.cfi_offset 4, -8
  90              		.cfi_offset 14, -4
  91 0002 0446     		mov	r4, r0
 423:C:/Users/lenovo/Desktop/liteos/Project2/BearPi_LiteOS/components/security/mbedtls/mbedtls-2.6.0/library\md_wrap.c ****     mbedtls_free( ctx );
  92              		.loc 1 423 0
  93 0004 FFF7FEFF 		bl	mbedtls_sha256_free
  94              	.LVL5:
 424:C:/Users/lenovo/Desktop/liteos/Project2/BearPi_LiteOS/components/security/mbedtls/mbedtls-2.6.0/library\md_wrap.c **** }
  95              		.loc 1 424 0
  96 0008 024B     		ldr	r3, .L7
  97 000a 1B68     		ldr	r3, [r3]
  98 000c 2046     		mov	r0, r4
  99 000e 9847     		blx	r3
 100              	.LVL6:
 425:C:/Users/lenovo/Desktop/liteos/Project2/BearPi_LiteOS/components/security/mbedtls/mbedtls-2.6.0/library\md_wrap.c **** 
 101              		.loc 1 425 0
 102 0010 10BD     		pop	{r4, pc}
 103              	.LVL7:
 104              	.L8:
 105 0012 00BF     		.align	2
 106              	.L7:
 107 0014 00000000 		.word	mbedtls_free
 108              		.cfi_endproc
 109              	.LFE8:
 111              		.section	.text.sha224_ctx_alloc,"ax",%progbits
 112              		.align	1
 113              		.syntax unified
 114              		.thumb
 115              		.thumb_func
 116              		.fpu fpv4-sp-d16
 118              	sha224_ctx_alloc:
 119              	.LFB7:
 412:C:/Users/lenovo/Desktop/liteos/Project2/BearPi_LiteOS/components/security/mbedtls/mbedtls-2.6.0/library\md_wrap.c ****     void *ctx = mbedtls_calloc( 1, sizeof( mbedtls_sha256_context ) );
 120              		.loc 1 412 0
 121              		.cfi_startproc
 122              		@ args = 0, pretend = 0, frame = 0
 123              		@ frame_needed = 0, uses_anonymous_args = 0
 124 0000 10B5     		push	{r4, lr}
 125              	.LCFI3:
 126              		.cfi_def_cfa_offset 8
 127              		.cfi_offset 4, -8
 128              		.cfi_offset 14, -4
 413:C:/Users/lenovo/Desktop/liteos/Project2/BearPi_LiteOS/components/security/mbedtls/mbedtls-2.6.0/library\md_wrap.c **** 
 129              		.loc 1 413 0
 130 0002 054B     		ldr	r3, .L12
 131 0004 1B68     		ldr	r3, [r3]
 132 0006 6C21     		movs	r1, #108
ARM GAS  c:\Users\lenovo\AppData\Local\Temp\ccr6xc2n.s 			page 11


 133 0008 0120     		movs	r0, #1
 134 000a 9847     		blx	r3
 135              	.LVL8:
 415:C:/Users/lenovo/Desktop/liteos/Project2/BearPi_LiteOS/components/security/mbedtls/mbedtls-2.6.0/library\md_wrap.c ****         mbedtls_sha256_init( (mbedtls_sha256_context *) ctx );
 136              		.loc 1 415 0
 137 000c 0446     		mov	r4, r0
 138 000e 08B1     		cbz	r0, .L9
 416:C:/Users/lenovo/Desktop/liteos/Project2/BearPi_LiteOS/components/security/mbedtls/mbedtls-2.6.0/library\md_wrap.c **** 
 139              		.loc 1 416 0
 140 0010 FFF7FEFF 		bl	mbedtls_sha256_init
 141              	.LVL9:
 142              	.L9:
 419:C:/Users/lenovo/Desktop/liteos/Project2/BearPi_LiteOS/components/security/mbedtls/mbedtls-2.6.0/library\md_wrap.c **** 
 143              		.loc 1 419 0
 144 0014 2046     		mov	r0, r4
 145 0016 10BD     		pop	{r4, pc}
 146              	.LVL10:
 147              	.L13:
 148              		.align	2
 149              	.L12:
 150 0018 00000000 		.word	mbedtls_calloc
 151              		.cfi_endproc
 152              	.LFE7:
 154              		.section	.text.sha224_wrap,"ax",%progbits
 155              		.align	1
 156              		.syntax unified
 157              		.thumb
 158              		.thumb_func
 159              		.fpu fpv4-sp-d16
 161              	sha224_wrap:
 162              	.LFB6:
 407:C:/Users/lenovo/Desktop/liteos/Project2/BearPi_LiteOS/components/security/mbedtls/mbedtls-2.6.0/library\md_wrap.c ****     mbedtls_sha256( input, ilen, output, 1 );
 163              		.loc 1 407 0
 164              		.cfi_startproc
 165              		@ args = 0, pretend = 0, frame = 0
 166              		@ frame_needed = 0, uses_anonymous_args = 0
 167              	.LVL11:
 168 0000 08B5     		push	{r3, lr}
 169              	.LCFI4:
 170              		.cfi_def_cfa_offset 8
 171              		.cfi_offset 3, -8
 172              		.cfi_offset 14, -4
 408:C:/Users/lenovo/Desktop/liteos/Project2/BearPi_LiteOS/components/security/mbedtls/mbedtls-2.6.0/library\md_wrap.c **** }
 173              		.loc 1 408 0
 174 0002 0123     		movs	r3, #1
 175 0004 FFF7FEFF 		bl	mbedtls_sha256
 176              	.LVL12:
 409:C:/Users/lenovo/Desktop/liteos/Project2/BearPi_LiteOS/components/security/mbedtls/mbedtls-2.6.0/library\md_wrap.c **** 
 177              		.loc 1 409 0
 178 0008 08BD     		pop	{r3, pc}
 179              		.cfi_endproc
 180              	.LFE6:
 182              		.section	.text.sha256_wrap,"ax",%progbits
 183              		.align	1
 184              		.syntax unified
 185              		.thumb
 186              		.thumb_func
ARM GAS  c:\Users\lenovo\AppData\Local\Temp\ccr6xc2n.s 			page 12


 187              		.fpu fpv4-sp-d16
 189              	sha256_wrap:
 190              	.LFB12:
 437:C:/Users/lenovo/Desktop/liteos/Project2/BearPi_LiteOS/components/security/mbedtls/mbedtls-2.6.0/library\md_wrap.c **** 
 438:C:/Users/lenovo/Desktop/liteos/Project2/BearPi_LiteOS/components/security/mbedtls/mbedtls-2.6.0/library\md_wrap.c **** const mbedtls_md_info_t mbedtls_sha224_info = {
 439:C:/Users/lenovo/Desktop/liteos/Project2/BearPi_LiteOS/components/security/mbedtls/mbedtls-2.6.0/library\md_wrap.c ****     MBEDTLS_MD_SHA224,
 440:C:/Users/lenovo/Desktop/liteos/Project2/BearPi_LiteOS/components/security/mbedtls/mbedtls-2.6.0/library\md_wrap.c ****     "SHA224",
 441:C:/Users/lenovo/Desktop/liteos/Project2/BearPi_LiteOS/components/security/mbedtls/mbedtls-2.6.0/library\md_wrap.c ****     28,
 442:C:/Users/lenovo/Desktop/liteos/Project2/BearPi_LiteOS/components/security/mbedtls/mbedtls-2.6.0/library\md_wrap.c ****     64,
 443:C:/Users/lenovo/Desktop/liteos/Project2/BearPi_LiteOS/components/security/mbedtls/mbedtls-2.6.0/library\md_wrap.c ****     sha224_starts_wrap,
 444:C:/Users/lenovo/Desktop/liteos/Project2/BearPi_LiteOS/components/security/mbedtls/mbedtls-2.6.0/library\md_wrap.c ****     sha224_update_wrap,
 445:C:/Users/lenovo/Desktop/liteos/Project2/BearPi_LiteOS/components/security/mbedtls/mbedtls-2.6.0/library\md_wrap.c ****     sha224_finish_wrap,
 446:C:/Users/lenovo/Desktop/liteos/Project2/BearPi_LiteOS/components/security/mbedtls/mbedtls-2.6.0/library\md_wrap.c ****     sha224_wrap,
 447:C:/Users/lenovo/Desktop/liteos/Project2/BearPi_LiteOS/components/security/mbedtls/mbedtls-2.6.0/library\md_wrap.c ****     sha224_ctx_alloc,
 448:C:/Users/lenovo/Desktop/liteos/Project2/BearPi_LiteOS/components/security/mbedtls/mbedtls-2.6.0/library\md_wrap.c ****     sha224_ctx_free,
 449:C:/Users/lenovo/Desktop/liteos/Project2/BearPi_LiteOS/components/security/mbedtls/mbedtls-2.6.0/library\md_wrap.c ****     sha224_clone_wrap,
 450:C:/Users/lenovo/Desktop/liteos/Project2/BearPi_LiteOS/components/security/mbedtls/mbedtls-2.6.0/library\md_wrap.c ****     sha224_process_wrap,
 451:C:/Users/lenovo/Desktop/liteos/Project2/BearPi_LiteOS/components/security/mbedtls/mbedtls-2.6.0/library\md_wrap.c **** };
 452:C:/Users/lenovo/Desktop/liteos/Project2/BearPi_LiteOS/components/security/mbedtls/mbedtls-2.6.0/library\md_wrap.c **** 
 453:C:/Users/lenovo/Desktop/liteos/Project2/BearPi_LiteOS/components/security/mbedtls/mbedtls-2.6.0/library\md_wrap.c **** static void sha256_starts_wrap( void *ctx )
 454:C:/Users/lenovo/Desktop/liteos/Project2/BearPi_LiteOS/components/security/mbedtls/mbedtls-2.6.0/library\md_wrap.c **** {
 455:C:/Users/lenovo/Desktop/liteos/Project2/BearPi_LiteOS/components/security/mbedtls/mbedtls-2.6.0/library\md_wrap.c ****     mbedtls_sha256_starts( (mbedtls_sha256_context *) ctx, 0 );
 456:C:/Users/lenovo/Desktop/liteos/Project2/BearPi_LiteOS/components/security/mbedtls/mbedtls-2.6.0/library\md_wrap.c **** }
 457:C:/Users/lenovo/Desktop/liteos/Project2/BearPi_LiteOS/components/security/mbedtls/mbedtls-2.6.0/library\md_wrap.c **** 
 458:C:/Users/lenovo/Desktop/liteos/Project2/BearPi_LiteOS/components/security/mbedtls/mbedtls-2.6.0/library\md_wrap.c **** static void sha256_wrap( const unsigned char *input, size_t ilen,
 459:C:/Users/lenovo/Desktop/liteos/Project2/BearPi_LiteOS/components/security/mbedtls/mbedtls-2.6.0/library\md_wrap.c ****                     unsigned char *output )
 460:C:/Users/lenovo/Desktop/liteos/Project2/BearPi_LiteOS/components/security/mbedtls/mbedtls-2.6.0/library\md_wrap.c **** {
 191              		.loc 1 460 0
 192              		.cfi_startproc
 193              		@ args = 0, pretend = 0, frame = 0
 194              		@ frame_needed = 0, uses_anonymous_args = 0
 195              	.LVL13:
 196 0000 08B5     		push	{r3, lr}
 197              	.LCFI5:
 198              		.cfi_def_cfa_offset 8
 199              		.cfi_offset 3, -8
 200              		.cfi_offset 14, -4
 461:C:/Users/lenovo/Desktop/liteos/Project2/BearPi_LiteOS/components/security/mbedtls/mbedtls-2.6.0/library\md_wrap.c ****     mbedtls_sha256( input, ilen, output, 0 );
 201              		.loc 1 461 0
 202 0002 0023     		movs	r3, #0
 203 0004 FFF7FEFF 		bl	mbedtls_sha256
 204              	.LVL14:
 462:C:/Users/lenovo/Desktop/liteos/Project2/BearPi_LiteOS/components/security/mbedtls/mbedtls-2.6.0/library\md_wrap.c **** }
 205              		.loc 1 462 0
 206 0008 08BD     		pop	{r3, pc}
 207              		.cfi_endproc
 208              	.LFE12:
 210              		.section	.text.sha224_finish_wrap,"ax",%progbits
 211              		.align	1
 212              		.syntax unified
 213              		.thumb
 214              		.thumb_func
 215              		.fpu fpv4-sp-d16
 217              	sha224_finish_wrap:
 218              	.LFB5:
 401:C:/Users/lenovo/Desktop/liteos/Project2/BearPi_LiteOS/components/security/mbedtls/mbedtls-2.6.0/library\md_wrap.c ****     mbedtls_sha256_finish( (mbedtls_sha256_context *) ctx, output );
 219              		.loc 1 401 0
ARM GAS  c:\Users\lenovo\AppData\Local\Temp\ccr6xc2n.s 			page 13


 220              		.cfi_startproc
 221              		@ args = 0, pretend = 0, frame = 0
 222              		@ frame_needed = 0, uses_anonymous_args = 0
 223              	.LVL15:
 224 0000 08B5     		push	{r3, lr}
 225              	.LCFI6:
 226              		.cfi_def_cfa_offset 8
 227              		.cfi_offset 3, -8
 228              		.cfi_offset 14, -4
 402:C:/Users/lenovo/Desktop/liteos/Project2/BearPi_LiteOS/components/security/mbedtls/mbedtls-2.6.0/library\md_wrap.c **** }
 229              		.loc 1 402 0
 230 0002 FFF7FEFF 		bl	mbedtls_sha256_finish
 231              	.LVL16:
 403:C:/Users/lenovo/Desktop/liteos/Project2/BearPi_LiteOS/components/security/mbedtls/mbedtls-2.6.0/library\md_wrap.c **** 
 232              		.loc 1 403 0
 233 0006 08BD     		pop	{r3, pc}
 234              		.cfi_endproc
 235              	.LFE5:
 237              		.section	.text.sha224_update_wrap,"ax",%progbits
 238              		.align	1
 239              		.syntax unified
 240              		.thumb
 241              		.thumb_func
 242              		.fpu fpv4-sp-d16
 244              	sha224_update_wrap:
 245              	.LFB4:
 396:C:/Users/lenovo/Desktop/liteos/Project2/BearPi_LiteOS/components/security/mbedtls/mbedtls-2.6.0/library\md_wrap.c ****     mbedtls_sha256_update( (mbedtls_sha256_context *) ctx, input, ilen );
 246              		.loc 1 396 0
 247              		.cfi_startproc
 248              		@ args = 0, pretend = 0, frame = 0
 249              		@ frame_needed = 0, uses_anonymous_args = 0
 250              	.LVL17:
 251 0000 08B5     		push	{r3, lr}
 252              	.LCFI7:
 253              		.cfi_def_cfa_offset 8
 254              		.cfi_offset 3, -8
 255              		.cfi_offset 14, -4
 397:C:/Users/lenovo/Desktop/liteos/Project2/BearPi_LiteOS/components/security/mbedtls/mbedtls-2.6.0/library\md_wrap.c **** }
 256              		.loc 1 397 0
 257 0002 FFF7FEFF 		bl	mbedtls_sha256_update
 258              	.LVL18:
 398:C:/Users/lenovo/Desktop/liteos/Project2/BearPi_LiteOS/components/security/mbedtls/mbedtls-2.6.0/library\md_wrap.c **** 
 259              		.loc 1 398 0
 260 0006 08BD     		pop	{r3, pc}
 261              		.cfi_endproc
 262              	.LFE4:
 264              		.section	.text.sha224_starts_wrap,"ax",%progbits
 265              		.align	1
 266              		.syntax unified
 267              		.thumb
 268              		.thumb_func
 269              		.fpu fpv4-sp-d16
 271              	sha224_starts_wrap:
 272              	.LFB3:
 390:C:/Users/lenovo/Desktop/liteos/Project2/BearPi_LiteOS/components/security/mbedtls/mbedtls-2.6.0/library\md_wrap.c ****     mbedtls_sha256_starts( (mbedtls_sha256_context *) ctx, 1 );
 273              		.loc 1 390 0
 274              		.cfi_startproc
ARM GAS  c:\Users\lenovo\AppData\Local\Temp\ccr6xc2n.s 			page 14


 275              		@ args = 0, pretend = 0, frame = 0
 276              		@ frame_needed = 0, uses_anonymous_args = 0
 277              	.LVL19:
 278 0000 08B5     		push	{r3, lr}
 279              	.LCFI8:
 280              		.cfi_def_cfa_offset 8
 281              		.cfi_offset 3, -8
 282              		.cfi_offset 14, -4
 391:C:/Users/lenovo/Desktop/liteos/Project2/BearPi_LiteOS/components/security/mbedtls/mbedtls-2.6.0/library\md_wrap.c **** }
 283              		.loc 1 391 0
 284 0002 0121     		movs	r1, #1
 285 0004 FFF7FEFF 		bl	mbedtls_sha256_starts
 286              	.LVL20:
 392:C:/Users/lenovo/Desktop/liteos/Project2/BearPi_LiteOS/components/security/mbedtls/mbedtls-2.6.0/library\md_wrap.c **** 
 287              		.loc 1 392 0
 288 0008 08BD     		pop	{r3, pc}
 289              		.cfi_endproc
 290              	.LFE3:
 292              		.section	.text.sha256_starts_wrap,"ax",%progbits
 293              		.align	1
 294              		.syntax unified
 295              		.thumb
 296              		.thumb_func
 297              		.fpu fpv4-sp-d16
 299              	sha256_starts_wrap:
 300              	.LFB11:
 454:C:/Users/lenovo/Desktop/liteos/Project2/BearPi_LiteOS/components/security/mbedtls/mbedtls-2.6.0/library\md_wrap.c ****     mbedtls_sha256_starts( (mbedtls_sha256_context *) ctx, 0 );
 301              		.loc 1 454 0
 302              		.cfi_startproc
 303              		@ args = 0, pretend = 0, frame = 0
 304              		@ frame_needed = 0, uses_anonymous_args = 0
 305              	.LVL21:
 306 0000 08B5     		push	{r3, lr}
 307              	.LCFI9:
 308              		.cfi_def_cfa_offset 8
 309              		.cfi_offset 3, -8
 310              		.cfi_offset 14, -4
 455:C:/Users/lenovo/Desktop/liteos/Project2/BearPi_LiteOS/components/security/mbedtls/mbedtls-2.6.0/library\md_wrap.c **** }
 311              		.loc 1 455 0
 312 0002 0021     		movs	r1, #0
 313 0004 FFF7FEFF 		bl	mbedtls_sha256_starts
 314              	.LVL22:
 456:C:/Users/lenovo/Desktop/liteos/Project2/BearPi_LiteOS/components/security/mbedtls/mbedtls-2.6.0/library\md_wrap.c **** 
 315              		.loc 1 456 0
 316 0008 08BD     		pop	{r3, pc}
 317              		.cfi_endproc
 318              	.LFE11:
 320              		.global	mbedtls_sha256_info
 321              		.global	mbedtls_sha224_info
 322              		.section	.rodata.mbedtls_sha224_info,"a",%progbits
 323              		.align	2
 326              	mbedtls_sha224_info:
 327 0000 05       		.byte	5
 328 0001 000000   		.space	3
 329 0004 08000000 		.word	.LC1
 330 0008 1C000000 		.word	28
 331 000c 40000000 		.word	64
ARM GAS  c:\Users\lenovo\AppData\Local\Temp\ccr6xc2n.s 			page 15


 332 0010 00000000 		.word	sha224_starts_wrap
 333 0014 00000000 		.word	sha224_update_wrap
 334 0018 00000000 		.word	sha224_finish_wrap
 335 001c 00000000 		.word	sha224_wrap
 336 0020 00000000 		.word	sha224_ctx_alloc
 337 0024 00000000 		.word	sha224_ctx_free
 338 0028 00000000 		.word	sha224_clone_wrap
 339 002c 00000000 		.word	sha224_process_wrap
 340              		.section	.rodata.mbedtls_sha256_info,"a",%progbits
 341              		.align	2
 344              	mbedtls_sha256_info:
 345 0000 06       		.byte	6
 346 0001 000000   		.space	3
 347 0004 00000000 		.word	.LC0
 348 0008 20000000 		.word	32
 349 000c 40000000 		.word	64
 350 0010 00000000 		.word	sha256_starts_wrap
 351 0014 00000000 		.word	sha224_update_wrap
 352 0018 00000000 		.word	sha224_finish_wrap
 353 001c 00000000 		.word	sha256_wrap
 354 0020 00000000 		.word	sha224_ctx_alloc
 355 0024 00000000 		.word	sha224_ctx_free
 356 0028 00000000 		.word	sha224_clone_wrap
 357 002c 00000000 		.word	sha224_process_wrap
 358              		.section	.rodata.str1.4,"aMS",%progbits,1
 359              		.align	2
 360              	.LC0:
 361 0000 53484132 		.ascii	"SHA256\000"
 361      353600
 362 0007 00       		.space	1
 363              	.LC1:
 364 0008 53484132 		.ascii	"SHA224\000"
 364      323400
 365              		.text
 366              	.Letext0:
 367              		.file 2 "c:\\program files (x86)\\liteos studio\\resources\\arm-none-eabi\\arm-none-eabi\\include\
 368              		.file 3 "c:\\program files (x86)\\liteos studio\\resources\\arm-none-eabi\\lib\\gcc\\arm-none-eabi
 369              		.file 4 "C:/Users/lenovo/Desktop/liteos/Project2/BearPi_LiteOS/components/security/mbedtls/mbedtls
 370              		.file 5 "C:/Users/lenovo/Desktop/liteos/Project2/BearPi_LiteOS/components/security/mbedtls/mbedtls
 371              		.file 6 "c:\\program files (x86)\\liteos studio\\resources\\arm-none-eabi\\arm-none-eabi\\include\
 372              		.file 7 "C:/Users/lenovo/Desktop/liteos/Project2/BearPi_LiteOS/components/security/mbedtls/mbedtls
 373              		.file 8 "c:\\program files (x86)\\liteos studio\\resources\\arm-none-eabi\\arm-none-eabi\\include\
 374              		.file 9 "c:\\program files (x86)\\liteos studio\\resources\\arm-none-eabi\\arm-none-eabi\\include\
 375              		.file 10 "c:\\program files (x86)\\liteos studio\\resources\\arm-none-eabi\\arm-none-eabi\\include
 376              		.file 11 "c:\\program files (x86)\\liteos studio\\resources\\arm-none-eabi\\arm-none-eabi\\include
 377              		.file 12 "c:\\program files (x86)\\liteos studio\\resources\\arm-none-eabi\\arm-none-eabi\\include
 378              		.file 13 "C:/Users/lenovo/Desktop/liteos/Project2/BearPi_LiteOS/components/security/mbedtls/mbedtl
ARM GAS  c:\Users\lenovo\AppData\Local\Temp\ccr6xc2n.s 			page 16


DEFINED SYMBOLS
                            *ABS*:00000000 md_wrap.c
c:\Users\lenovo\AppData\Local\Temp\ccr6xc2n.s:18     .text.sha224_process_wrap:00000000 $t
c:\Users\lenovo\AppData\Local\Temp\ccr6xc2n.s:24     .text.sha224_process_wrap:00000000 sha224_process_wrap
c:\Users\lenovo\AppData\Local\Temp\ccr6xc2n.s:46     .text.sha224_clone_wrap:00000000 $t
c:\Users\lenovo\AppData\Local\Temp\ccr6xc2n.s:52     .text.sha224_clone_wrap:00000000 sha224_clone_wrap
c:\Users\lenovo\AppData\Local\Temp\ccr6xc2n.s:73     .text.sha224_ctx_free:00000000 $t
c:\Users\lenovo\AppData\Local\Temp\ccr6xc2n.s:79     .text.sha224_ctx_free:00000000 sha224_ctx_free
c:\Users\lenovo\AppData\Local\Temp\ccr6xc2n.s:107    .text.sha224_ctx_free:00000014 $d
c:\Users\lenovo\AppData\Local\Temp\ccr6xc2n.s:112    .text.sha224_ctx_alloc:00000000 $t
c:\Users\lenovo\AppData\Local\Temp\ccr6xc2n.s:118    .text.sha224_ctx_alloc:00000000 sha224_ctx_alloc
c:\Users\lenovo\AppData\Local\Temp\ccr6xc2n.s:150    .text.sha224_ctx_alloc:00000018 $d
c:\Users\lenovo\AppData\Local\Temp\ccr6xc2n.s:155    .text.sha224_wrap:00000000 $t
c:\Users\lenovo\AppData\Local\Temp\ccr6xc2n.s:161    .text.sha224_wrap:00000000 sha224_wrap
c:\Users\lenovo\AppData\Local\Temp\ccr6xc2n.s:183    .text.sha256_wrap:00000000 $t
c:\Users\lenovo\AppData\Local\Temp\ccr6xc2n.s:189    .text.sha256_wrap:00000000 sha256_wrap
c:\Users\lenovo\AppData\Local\Temp\ccr6xc2n.s:211    .text.sha224_finish_wrap:00000000 $t
c:\Users\lenovo\AppData\Local\Temp\ccr6xc2n.s:217    .text.sha224_finish_wrap:00000000 sha224_finish_wrap
c:\Users\lenovo\AppData\Local\Temp\ccr6xc2n.s:238    .text.sha224_update_wrap:00000000 $t
c:\Users\lenovo\AppData\Local\Temp\ccr6xc2n.s:244    .text.sha224_update_wrap:00000000 sha224_update_wrap
c:\Users\lenovo\AppData\Local\Temp\ccr6xc2n.s:265    .text.sha224_starts_wrap:00000000 $t
c:\Users\lenovo\AppData\Local\Temp\ccr6xc2n.s:271    .text.sha224_starts_wrap:00000000 sha224_starts_wrap
c:\Users\lenovo\AppData\Local\Temp\ccr6xc2n.s:293    .text.sha256_starts_wrap:00000000 $t
c:\Users\lenovo\AppData\Local\Temp\ccr6xc2n.s:299    .text.sha256_starts_wrap:00000000 sha256_starts_wrap
c:\Users\lenovo\AppData\Local\Temp\ccr6xc2n.s:344    .rodata.mbedtls_sha256_info:00000000 mbedtls_sha256_info
c:\Users\lenovo\AppData\Local\Temp\ccr6xc2n.s:326    .rodata.mbedtls_sha224_info:00000000 mbedtls_sha224_info
c:\Users\lenovo\AppData\Local\Temp\ccr6xc2n.s:323    .rodata.mbedtls_sha224_info:00000000 $d
c:\Users\lenovo\AppData\Local\Temp\ccr6xc2n.s:341    .rodata.mbedtls_sha256_info:00000000 $d
c:\Users\lenovo\AppData\Local\Temp\ccr6xc2n.s:359    .rodata.str1.4:00000000 $d

UNDEFINED SYMBOLS
mbedtls_sha256_process
mbedtls_sha256_clone
mbedtls_sha256_free
mbedtls_free
mbedtls_sha256_init
mbedtls_calloc
mbedtls_sha256
mbedtls_sha256_finish
mbedtls_sha256_update
mbedtls_sha256_starts
