ARM GAS  c:\Users\lenovo\AppData\Local\Temp\cc7QDOxB.s 			page 1


   1              		.cpu cortex-m4
   2              		.eabi_attribute 27, 1
   3              		.eabi_attribute 28, 1
   4              		.eabi_attribute 20, 1
   5              		.eabi_attribute 21, 1
   6              		.eabi_attribute 23, 3
   7              		.eabi_attribute 24, 1
   8              		.eabi_attribute 25, 1
   9              		.eabi_attribute 26, 1
  10              		.eabi_attribute 30, 1
  11              		.eabi_attribute 34, 1
  12              		.eabi_attribute 18, 4
  13              		.file	"platform.c"
  14              		.text
  15              	.Ltext0:
  16              		.cfi_sections	.debug_frame
  17              		.section	.text.mbedtls_platform_set_calloc_free,"ax",%progbits
  18              		.align	1
  19              		.global	mbedtls_platform_set_calloc_free
  20              		.syntax unified
  21              		.thumb
  22              		.thumb_func
  23              		.fpu fpv4-sp-d16
  25              	mbedtls_platform_set_calloc_free:
  26              	.LFB3:
  27              		.file 1 "C:/Users/lenovo/Desktop/liteos/Project2/BearPi_LiteOS/components/security/mbedtls/mbedtls
   1:C:/Users/lenovo/Desktop/liteos/Project2/BearPi_LiteOS/components/security/mbedtls/mbedtls-2.6.0/library\platform.c **** /*
   2:C:/Users/lenovo/Desktop/liteos/Project2/BearPi_LiteOS/components/security/mbedtls/mbedtls-2.6.0/library\platform.c ****  *  Platform abstraction layer
   3:C:/Users/lenovo/Desktop/liteos/Project2/BearPi_LiteOS/components/security/mbedtls/mbedtls-2.6.0/library\platform.c ****  *
   4:C:/Users/lenovo/Desktop/liteos/Project2/BearPi_LiteOS/components/security/mbedtls/mbedtls-2.6.0/library\platform.c ****  *  Copyright (C) 2006-2016, ARM Limited, All Rights Reserved
   5:C:/Users/lenovo/Desktop/liteos/Project2/BearPi_LiteOS/components/security/mbedtls/mbedtls-2.6.0/library\platform.c ****  *  SPDX-License-Identifier: Apache-2.0
   6:C:/Users/lenovo/Desktop/liteos/Project2/BearPi_LiteOS/components/security/mbedtls/mbedtls-2.6.0/library\platform.c ****  *
   7:C:/Users/lenovo/Desktop/liteos/Project2/BearPi_LiteOS/components/security/mbedtls/mbedtls-2.6.0/library\platform.c ****  *  Licensed under the Apache License, Version 2.0 (the "License"); you may
   8:C:/Users/lenovo/Desktop/liteos/Project2/BearPi_LiteOS/components/security/mbedtls/mbedtls-2.6.0/library\platform.c ****  *  not use this file except in compliance with the License.
   9:C:/Users/lenovo/Desktop/liteos/Project2/BearPi_LiteOS/components/security/mbedtls/mbedtls-2.6.0/library\platform.c ****  *  You may obtain a copy of the License at
  10:C:/Users/lenovo/Desktop/liteos/Project2/BearPi_LiteOS/components/security/mbedtls/mbedtls-2.6.0/library\platform.c ****  *
  11:C:/Users/lenovo/Desktop/liteos/Project2/BearPi_LiteOS/components/security/mbedtls/mbedtls-2.6.0/library\platform.c ****  *  http://www.apache.org/licenses/LICENSE-2.0
  12:C:/Users/lenovo/Desktop/liteos/Project2/BearPi_LiteOS/components/security/mbedtls/mbedtls-2.6.0/library\platform.c ****  *
  13:C:/Users/lenovo/Desktop/liteos/Project2/BearPi_LiteOS/components/security/mbedtls/mbedtls-2.6.0/library\platform.c ****  *  Unless required by applicable law or agreed to in writing, software
  14:C:/Users/lenovo/Desktop/liteos/Project2/BearPi_LiteOS/components/security/mbedtls/mbedtls-2.6.0/library\platform.c ****  *  distributed under the License is distributed on an "AS IS" BASIS, WITHOUT
  15:C:/Users/lenovo/Desktop/liteos/Project2/BearPi_LiteOS/components/security/mbedtls/mbedtls-2.6.0/library\platform.c ****  *  WARRANTIES OR CONDITIONS OF ANY KIND, either express or implied.
  16:C:/Users/lenovo/Desktop/liteos/Project2/BearPi_LiteOS/components/security/mbedtls/mbedtls-2.6.0/library\platform.c ****  *  See the License for the specific language governing permissions and
  17:C:/Users/lenovo/Desktop/liteos/Project2/BearPi_LiteOS/components/security/mbedtls/mbedtls-2.6.0/library\platform.c ****  *  limitations under the License.
  18:C:/Users/lenovo/Desktop/liteos/Project2/BearPi_LiteOS/components/security/mbedtls/mbedtls-2.6.0/library\platform.c ****  *
  19:C:/Users/lenovo/Desktop/liteos/Project2/BearPi_LiteOS/components/security/mbedtls/mbedtls-2.6.0/library\platform.c ****  *  This file is part of mbed TLS (https://tls.mbed.org)
  20:C:/Users/lenovo/Desktop/liteos/Project2/BearPi_LiteOS/components/security/mbedtls/mbedtls-2.6.0/library\platform.c ****  */
  21:C:/Users/lenovo/Desktop/liteos/Project2/BearPi_LiteOS/components/security/mbedtls/mbedtls-2.6.0/library\platform.c **** 
  22:C:/Users/lenovo/Desktop/liteos/Project2/BearPi_LiteOS/components/security/mbedtls/mbedtls-2.6.0/library\platform.c **** #if !defined(MBEDTLS_CONFIG_FILE)
  23:C:/Users/lenovo/Desktop/liteos/Project2/BearPi_LiteOS/components/security/mbedtls/mbedtls-2.6.0/library\platform.c **** #include "mbedtls/config.h"
  24:C:/Users/lenovo/Desktop/liteos/Project2/BearPi_LiteOS/components/security/mbedtls/mbedtls-2.6.0/library\platform.c **** #else
  25:C:/Users/lenovo/Desktop/liteos/Project2/BearPi_LiteOS/components/security/mbedtls/mbedtls-2.6.0/library\platform.c **** #include MBEDTLS_CONFIG_FILE
  26:C:/Users/lenovo/Desktop/liteos/Project2/BearPi_LiteOS/components/security/mbedtls/mbedtls-2.6.0/library\platform.c **** #endif
  27:C:/Users/lenovo/Desktop/liteos/Project2/BearPi_LiteOS/components/security/mbedtls/mbedtls-2.6.0/library\platform.c **** 
  28:C:/Users/lenovo/Desktop/liteos/Project2/BearPi_LiteOS/components/security/mbedtls/mbedtls-2.6.0/library\platform.c **** #if defined(MBEDTLS_PLATFORM_C)
  29:C:/Users/lenovo/Desktop/liteos/Project2/BearPi_LiteOS/components/security/mbedtls/mbedtls-2.6.0/library\platform.c **** 
  30:C:/Users/lenovo/Desktop/liteos/Project2/BearPi_LiteOS/components/security/mbedtls/mbedtls-2.6.0/library\platform.c **** #include "mbedtls/platform.h"
  31:C:/Users/lenovo/Desktop/liteos/Project2/BearPi_LiteOS/components/security/mbedtls/mbedtls-2.6.0/library\platform.c **** 
ARM GAS  c:\Users\lenovo\AppData\Local\Temp\cc7QDOxB.s 			page 2


  32:C:/Users/lenovo/Desktop/liteos/Project2/BearPi_LiteOS/components/security/mbedtls/mbedtls-2.6.0/library\platform.c **** #if defined(MBEDTLS_PLATFORM_MEMORY)
  33:C:/Users/lenovo/Desktop/liteos/Project2/BearPi_LiteOS/components/security/mbedtls/mbedtls-2.6.0/library\platform.c **** #if !defined(MBEDTLS_PLATFORM_STD_CALLOC)
  34:C:/Users/lenovo/Desktop/liteos/Project2/BearPi_LiteOS/components/security/mbedtls/mbedtls-2.6.0/library\platform.c **** static void *platform_calloc_uninit( size_t n, size_t size )
  35:C:/Users/lenovo/Desktop/liteos/Project2/BearPi_LiteOS/components/security/mbedtls/mbedtls-2.6.0/library\platform.c **** {
  36:C:/Users/lenovo/Desktop/liteos/Project2/BearPi_LiteOS/components/security/mbedtls/mbedtls-2.6.0/library\platform.c ****     ((void) n);
  37:C:/Users/lenovo/Desktop/liteos/Project2/BearPi_LiteOS/components/security/mbedtls/mbedtls-2.6.0/library\platform.c ****     ((void) size);
  38:C:/Users/lenovo/Desktop/liteos/Project2/BearPi_LiteOS/components/security/mbedtls/mbedtls-2.6.0/library\platform.c ****     return( NULL );
  39:C:/Users/lenovo/Desktop/liteos/Project2/BearPi_LiteOS/components/security/mbedtls/mbedtls-2.6.0/library\platform.c **** }
  40:C:/Users/lenovo/Desktop/liteos/Project2/BearPi_LiteOS/components/security/mbedtls/mbedtls-2.6.0/library\platform.c **** 
  41:C:/Users/lenovo/Desktop/liteos/Project2/BearPi_LiteOS/components/security/mbedtls/mbedtls-2.6.0/library\platform.c **** #define MBEDTLS_PLATFORM_STD_CALLOC   platform_calloc_uninit
  42:C:/Users/lenovo/Desktop/liteos/Project2/BearPi_LiteOS/components/security/mbedtls/mbedtls-2.6.0/library\platform.c **** #endif /* !MBEDTLS_PLATFORM_STD_CALLOC */
  43:C:/Users/lenovo/Desktop/liteos/Project2/BearPi_LiteOS/components/security/mbedtls/mbedtls-2.6.0/library\platform.c **** 
  44:C:/Users/lenovo/Desktop/liteos/Project2/BearPi_LiteOS/components/security/mbedtls/mbedtls-2.6.0/library\platform.c **** #if !defined(MBEDTLS_PLATFORM_STD_FREE)
  45:C:/Users/lenovo/Desktop/liteos/Project2/BearPi_LiteOS/components/security/mbedtls/mbedtls-2.6.0/library\platform.c **** static void platform_free_uninit( void *ptr )
  46:C:/Users/lenovo/Desktop/liteos/Project2/BearPi_LiteOS/components/security/mbedtls/mbedtls-2.6.0/library\platform.c **** {
  47:C:/Users/lenovo/Desktop/liteos/Project2/BearPi_LiteOS/components/security/mbedtls/mbedtls-2.6.0/library\platform.c ****     ((void) ptr);
  48:C:/Users/lenovo/Desktop/liteos/Project2/BearPi_LiteOS/components/security/mbedtls/mbedtls-2.6.0/library\platform.c **** }
  49:C:/Users/lenovo/Desktop/liteos/Project2/BearPi_LiteOS/components/security/mbedtls/mbedtls-2.6.0/library\platform.c **** 
  50:C:/Users/lenovo/Desktop/liteos/Project2/BearPi_LiteOS/components/security/mbedtls/mbedtls-2.6.0/library\platform.c **** #define MBEDTLS_PLATFORM_STD_FREE     platform_free_uninit
  51:C:/Users/lenovo/Desktop/liteos/Project2/BearPi_LiteOS/components/security/mbedtls/mbedtls-2.6.0/library\platform.c **** #endif /* !MBEDTLS_PLATFORM_STD_FREE */
  52:C:/Users/lenovo/Desktop/liteos/Project2/BearPi_LiteOS/components/security/mbedtls/mbedtls-2.6.0/library\platform.c **** 
  53:C:/Users/lenovo/Desktop/liteos/Project2/BearPi_LiteOS/components/security/mbedtls/mbedtls-2.6.0/library\platform.c **** void * (*mbedtls_calloc)( size_t, size_t ) = MBEDTLS_PLATFORM_STD_CALLOC;
  54:C:/Users/lenovo/Desktop/liteos/Project2/BearPi_LiteOS/components/security/mbedtls/mbedtls-2.6.0/library\platform.c **** void (*mbedtls_free)( void * )     = MBEDTLS_PLATFORM_STD_FREE;
  55:C:/Users/lenovo/Desktop/liteos/Project2/BearPi_LiteOS/components/security/mbedtls/mbedtls-2.6.0/library\platform.c **** 
  56:C:/Users/lenovo/Desktop/liteos/Project2/BearPi_LiteOS/components/security/mbedtls/mbedtls-2.6.0/library\platform.c **** int mbedtls_platform_set_calloc_free( void * (*calloc_func)( size_t, size_t ),
  57:C:/Users/lenovo/Desktop/liteos/Project2/BearPi_LiteOS/components/security/mbedtls/mbedtls-2.6.0/library\platform.c ****                               void (*free_func)( void * ) )
  58:C:/Users/lenovo/Desktop/liteos/Project2/BearPi_LiteOS/components/security/mbedtls/mbedtls-2.6.0/library\platform.c **** {
  28              		.loc 1 58 0
  29              		.cfi_startproc
  30              		@ args = 0, pretend = 0, frame = 0
  31              		@ frame_needed = 0, uses_anonymous_args = 0
  32              		@ link register save eliminated.
  33              	.LVL0:
  59:C:/Users/lenovo/Desktop/liteos/Project2/BearPi_LiteOS/components/security/mbedtls/mbedtls-2.6.0/library\platform.c ****     mbedtls_calloc = calloc_func;
  34              		.loc 1 59 0
  35 0000 024B     		ldr	r3, .L2
  36 0002 1860     		str	r0, [r3]
  60:C:/Users/lenovo/Desktop/liteos/Project2/BearPi_LiteOS/components/security/mbedtls/mbedtls-2.6.0/library\platform.c ****     mbedtls_free = free_func;
  37              		.loc 1 60 0
  38 0004 024B     		ldr	r3, .L2+4
  39 0006 1960     		str	r1, [r3]
  61:C:/Users/lenovo/Desktop/liteos/Project2/BearPi_LiteOS/components/security/mbedtls/mbedtls-2.6.0/library\platform.c ****     return( 0 );
  62:C:/Users/lenovo/Desktop/liteos/Project2/BearPi_LiteOS/components/security/mbedtls/mbedtls-2.6.0/library\platform.c **** }
  40              		.loc 1 62 0
  41 0008 0020     		movs	r0, #0
  42              	.LVL1:
  43 000a 7047     		bx	lr
  44              	.L3:
  45              		.align	2
  46              	.L2:
  47 000c 00000000 		.word	.LANCHOR0
  48 0010 00000000 		.word	.LANCHOR1
  49              		.cfi_endproc
  50              	.LFE3:
  52              		.section	.text.mbedtls_platform_set_snprintf,"ax",%progbits
  53              		.align	1
  54              		.global	mbedtls_platform_set_snprintf
ARM GAS  c:\Users\lenovo\AppData\Local\Temp\cc7QDOxB.s 			page 3


  55              		.syntax unified
  56              		.thumb
  57              		.thumb_func
  58              		.fpu fpv4-sp-d16
  60              	mbedtls_platform_set_snprintf:
  61              	.LFB4:
  63:C:/Users/lenovo/Desktop/liteos/Project2/BearPi_LiteOS/components/security/mbedtls/mbedtls-2.6.0/library\platform.c **** #endif /* MBEDTLS_PLATFORM_MEMORY */
  64:C:/Users/lenovo/Desktop/liteos/Project2/BearPi_LiteOS/components/security/mbedtls/mbedtls-2.6.0/library\platform.c **** 
  65:C:/Users/lenovo/Desktop/liteos/Project2/BearPi_LiteOS/components/security/mbedtls/mbedtls-2.6.0/library\platform.c **** #if defined(_WIN32)
  66:C:/Users/lenovo/Desktop/liteos/Project2/BearPi_LiteOS/components/security/mbedtls/mbedtls-2.6.0/library\platform.c **** #include <stdarg.h>
  67:C:/Users/lenovo/Desktop/liteos/Project2/BearPi_LiteOS/components/security/mbedtls/mbedtls-2.6.0/library\platform.c **** int mbedtls_platform_win32_snprintf( char *s, size_t n, const char *fmt, ... )
  68:C:/Users/lenovo/Desktop/liteos/Project2/BearPi_LiteOS/components/security/mbedtls/mbedtls-2.6.0/library\platform.c **** {
  69:C:/Users/lenovo/Desktop/liteos/Project2/BearPi_LiteOS/components/security/mbedtls/mbedtls-2.6.0/library\platform.c ****     int ret;
  70:C:/Users/lenovo/Desktop/liteos/Project2/BearPi_LiteOS/components/security/mbedtls/mbedtls-2.6.0/library\platform.c ****     va_list argp;
  71:C:/Users/lenovo/Desktop/liteos/Project2/BearPi_LiteOS/components/security/mbedtls/mbedtls-2.6.0/library\platform.c **** 
  72:C:/Users/lenovo/Desktop/liteos/Project2/BearPi_LiteOS/components/security/mbedtls/mbedtls-2.6.0/library\platform.c ****     /* Avoid calling the invalid parameter handler by checking ourselves */
  73:C:/Users/lenovo/Desktop/liteos/Project2/BearPi_LiteOS/components/security/mbedtls/mbedtls-2.6.0/library\platform.c ****     if( s == NULL || n == 0 || fmt == NULL )
  74:C:/Users/lenovo/Desktop/liteos/Project2/BearPi_LiteOS/components/security/mbedtls/mbedtls-2.6.0/library\platform.c ****         return( -1 );
  75:C:/Users/lenovo/Desktop/liteos/Project2/BearPi_LiteOS/components/security/mbedtls/mbedtls-2.6.0/library\platform.c **** 
  76:C:/Users/lenovo/Desktop/liteos/Project2/BearPi_LiteOS/components/security/mbedtls/mbedtls-2.6.0/library\platform.c ****     va_start( argp, fmt );
  77:C:/Users/lenovo/Desktop/liteos/Project2/BearPi_LiteOS/components/security/mbedtls/mbedtls-2.6.0/library\platform.c **** #if defined(_TRUNCATE)
  78:C:/Users/lenovo/Desktop/liteos/Project2/BearPi_LiteOS/components/security/mbedtls/mbedtls-2.6.0/library\platform.c ****     ret = _vsnprintf_s( s, n, _TRUNCATE, fmt, argp );
  79:C:/Users/lenovo/Desktop/liteos/Project2/BearPi_LiteOS/components/security/mbedtls/mbedtls-2.6.0/library\platform.c **** #else
  80:C:/Users/lenovo/Desktop/liteos/Project2/BearPi_LiteOS/components/security/mbedtls/mbedtls-2.6.0/library\platform.c ****     ret = _vsnprintf( s, n, fmt, argp );
  81:C:/Users/lenovo/Desktop/liteos/Project2/BearPi_LiteOS/components/security/mbedtls/mbedtls-2.6.0/library\platform.c ****     if( ret < 0 || (size_t) ret == n )
  82:C:/Users/lenovo/Desktop/liteos/Project2/BearPi_LiteOS/components/security/mbedtls/mbedtls-2.6.0/library\platform.c ****     {
  83:C:/Users/lenovo/Desktop/liteos/Project2/BearPi_LiteOS/components/security/mbedtls/mbedtls-2.6.0/library\platform.c ****         s[n-1] = '\0';
  84:C:/Users/lenovo/Desktop/liteos/Project2/BearPi_LiteOS/components/security/mbedtls/mbedtls-2.6.0/library\platform.c ****         ret = -1;
  85:C:/Users/lenovo/Desktop/liteos/Project2/BearPi_LiteOS/components/security/mbedtls/mbedtls-2.6.0/library\platform.c ****     }
  86:C:/Users/lenovo/Desktop/liteos/Project2/BearPi_LiteOS/components/security/mbedtls/mbedtls-2.6.0/library\platform.c **** #endif
  87:C:/Users/lenovo/Desktop/liteos/Project2/BearPi_LiteOS/components/security/mbedtls/mbedtls-2.6.0/library\platform.c ****     va_end( argp );
  88:C:/Users/lenovo/Desktop/liteos/Project2/BearPi_LiteOS/components/security/mbedtls/mbedtls-2.6.0/library\platform.c **** 
  89:C:/Users/lenovo/Desktop/liteos/Project2/BearPi_LiteOS/components/security/mbedtls/mbedtls-2.6.0/library\platform.c ****     return( ret );
  90:C:/Users/lenovo/Desktop/liteos/Project2/BearPi_LiteOS/components/security/mbedtls/mbedtls-2.6.0/library\platform.c **** }
  91:C:/Users/lenovo/Desktop/liteos/Project2/BearPi_LiteOS/components/security/mbedtls/mbedtls-2.6.0/library\platform.c **** #endif
  92:C:/Users/lenovo/Desktop/liteos/Project2/BearPi_LiteOS/components/security/mbedtls/mbedtls-2.6.0/library\platform.c **** 
  93:C:/Users/lenovo/Desktop/liteos/Project2/BearPi_LiteOS/components/security/mbedtls/mbedtls-2.6.0/library\platform.c **** #if defined(MBEDTLS_PLATFORM_SNPRINTF_ALT)
  94:C:/Users/lenovo/Desktop/liteos/Project2/BearPi_LiteOS/components/security/mbedtls/mbedtls-2.6.0/library\platform.c **** #if !defined(MBEDTLS_PLATFORM_STD_SNPRINTF)
  95:C:/Users/lenovo/Desktop/liteos/Project2/BearPi_LiteOS/components/security/mbedtls/mbedtls-2.6.0/library\platform.c **** /*
  96:C:/Users/lenovo/Desktop/liteos/Project2/BearPi_LiteOS/components/security/mbedtls/mbedtls-2.6.0/library\platform.c ****  * Make dummy function to prevent NULL pointer dereferences
  97:C:/Users/lenovo/Desktop/liteos/Project2/BearPi_LiteOS/components/security/mbedtls/mbedtls-2.6.0/library\platform.c ****  */
  98:C:/Users/lenovo/Desktop/liteos/Project2/BearPi_LiteOS/components/security/mbedtls/mbedtls-2.6.0/library\platform.c **** static int platform_snprintf_uninit( char * s, size_t n,
  99:C:/Users/lenovo/Desktop/liteos/Project2/BearPi_LiteOS/components/security/mbedtls/mbedtls-2.6.0/library\platform.c ****                                      const char * format, ... )
 100:C:/Users/lenovo/Desktop/liteos/Project2/BearPi_LiteOS/components/security/mbedtls/mbedtls-2.6.0/library\platform.c **** {
 101:C:/Users/lenovo/Desktop/liteos/Project2/BearPi_LiteOS/components/security/mbedtls/mbedtls-2.6.0/library\platform.c ****     ((void) s);
 102:C:/Users/lenovo/Desktop/liteos/Project2/BearPi_LiteOS/components/security/mbedtls/mbedtls-2.6.0/library\platform.c ****     ((void) n);
 103:C:/Users/lenovo/Desktop/liteos/Project2/BearPi_LiteOS/components/security/mbedtls/mbedtls-2.6.0/library\platform.c ****     ((void) format);
 104:C:/Users/lenovo/Desktop/liteos/Project2/BearPi_LiteOS/components/security/mbedtls/mbedtls-2.6.0/library\platform.c ****     return( 0 );
 105:C:/Users/lenovo/Desktop/liteos/Project2/BearPi_LiteOS/components/security/mbedtls/mbedtls-2.6.0/library\platform.c **** }
 106:C:/Users/lenovo/Desktop/liteos/Project2/BearPi_LiteOS/components/security/mbedtls/mbedtls-2.6.0/library\platform.c **** 
 107:C:/Users/lenovo/Desktop/liteos/Project2/BearPi_LiteOS/components/security/mbedtls/mbedtls-2.6.0/library\platform.c **** #define MBEDTLS_PLATFORM_STD_SNPRINTF    platform_snprintf_uninit
 108:C:/Users/lenovo/Desktop/liteos/Project2/BearPi_LiteOS/components/security/mbedtls/mbedtls-2.6.0/library\platform.c **** #endif /* !MBEDTLS_PLATFORM_STD_SNPRINTF */
 109:C:/Users/lenovo/Desktop/liteos/Project2/BearPi_LiteOS/components/security/mbedtls/mbedtls-2.6.0/library\platform.c **** 
 110:C:/Users/lenovo/Desktop/liteos/Project2/BearPi_LiteOS/components/security/mbedtls/mbedtls-2.6.0/library\platform.c **** int (*mbedtls_snprintf)( char * s, size_t n,
 111:C:/Users/lenovo/Desktop/liteos/Project2/BearPi_LiteOS/components/security/mbedtls/mbedtls-2.6.0/library\platform.c ****                           const char * format,
 112:C:/Users/lenovo/Desktop/liteos/Project2/BearPi_LiteOS/components/security/mbedtls/mbedtls-2.6.0/library\platform.c ****                           ... ) = MBEDTLS_PLATFORM_STD_SNPRINTF;
 113:C:/Users/lenovo/Desktop/liteos/Project2/BearPi_LiteOS/components/security/mbedtls/mbedtls-2.6.0/library\platform.c **** 
ARM GAS  c:\Users\lenovo\AppData\Local\Temp\cc7QDOxB.s 			page 4


 114:C:/Users/lenovo/Desktop/liteos/Project2/BearPi_LiteOS/components/security/mbedtls/mbedtls-2.6.0/library\platform.c **** int mbedtls_platform_set_snprintf( int (*snprintf_func)( char * s, size_t n,
 115:C:/Users/lenovo/Desktop/liteos/Project2/BearPi_LiteOS/components/security/mbedtls/mbedtls-2.6.0/library\platform.c ****                                                  const char * format,
 116:C:/Users/lenovo/Desktop/liteos/Project2/BearPi_LiteOS/components/security/mbedtls/mbedtls-2.6.0/library\platform.c ****                                                  ... ) )
 117:C:/Users/lenovo/Desktop/liteos/Project2/BearPi_LiteOS/components/security/mbedtls/mbedtls-2.6.0/library\platform.c **** {
  62              		.loc 1 117 0
  63              		.cfi_startproc
  64              		@ args = 0, pretend = 0, frame = 0
  65              		@ frame_needed = 0, uses_anonymous_args = 0
  66              		@ link register save eliminated.
  67              	.LVL2:
 118:C:/Users/lenovo/Desktop/liteos/Project2/BearPi_LiteOS/components/security/mbedtls/mbedtls-2.6.0/library\platform.c ****     mbedtls_snprintf = snprintf_func;
  68              		.loc 1 118 0
  69 0000 014B     		ldr	r3, .L5
  70 0002 1860     		str	r0, [r3]
 119:C:/Users/lenovo/Desktop/liteos/Project2/BearPi_LiteOS/components/security/mbedtls/mbedtls-2.6.0/library\platform.c ****     return( 0 );
 120:C:/Users/lenovo/Desktop/liteos/Project2/BearPi_LiteOS/components/security/mbedtls/mbedtls-2.6.0/library\platform.c **** }
  71              		.loc 1 120 0
  72 0004 0020     		movs	r0, #0
  73              	.LVL3:
  74 0006 7047     		bx	lr
  75              	.L6:
  76              		.align	2
  77              	.L5:
  78 0008 00000000 		.word	.LANCHOR2
  79              		.cfi_endproc
  80              	.LFE4:
  82              		.section	.text.mbedtls_platform_set_printf,"ax",%progbits
  83              		.align	1
  84              		.global	mbedtls_platform_set_printf
  85              		.syntax unified
  86              		.thumb
  87              		.thumb_func
  88              		.fpu fpv4-sp-d16
  90              	mbedtls_platform_set_printf:
  91              	.LFB5:
 121:C:/Users/lenovo/Desktop/liteos/Project2/BearPi_LiteOS/components/security/mbedtls/mbedtls-2.6.0/library\platform.c **** #endif /* MBEDTLS_PLATFORM_SNPRINTF_ALT */
 122:C:/Users/lenovo/Desktop/liteos/Project2/BearPi_LiteOS/components/security/mbedtls/mbedtls-2.6.0/library\platform.c **** 
 123:C:/Users/lenovo/Desktop/liteos/Project2/BearPi_LiteOS/components/security/mbedtls/mbedtls-2.6.0/library\platform.c **** #if defined(MBEDTLS_PLATFORM_PRINTF_ALT)
 124:C:/Users/lenovo/Desktop/liteos/Project2/BearPi_LiteOS/components/security/mbedtls/mbedtls-2.6.0/library\platform.c **** #if !defined(MBEDTLS_PLATFORM_STD_PRINTF)
 125:C:/Users/lenovo/Desktop/liteos/Project2/BearPi_LiteOS/components/security/mbedtls/mbedtls-2.6.0/library\platform.c **** /*
 126:C:/Users/lenovo/Desktop/liteos/Project2/BearPi_LiteOS/components/security/mbedtls/mbedtls-2.6.0/library\platform.c ****  * Make dummy function to prevent NULL pointer dereferences
 127:C:/Users/lenovo/Desktop/liteos/Project2/BearPi_LiteOS/components/security/mbedtls/mbedtls-2.6.0/library\platform.c ****  */
 128:C:/Users/lenovo/Desktop/liteos/Project2/BearPi_LiteOS/components/security/mbedtls/mbedtls-2.6.0/library\platform.c **** static int platform_printf_uninit( const char *format, ... )
 129:C:/Users/lenovo/Desktop/liteos/Project2/BearPi_LiteOS/components/security/mbedtls/mbedtls-2.6.0/library\platform.c **** {
 130:C:/Users/lenovo/Desktop/liteos/Project2/BearPi_LiteOS/components/security/mbedtls/mbedtls-2.6.0/library\platform.c ****     ((void) format);
 131:C:/Users/lenovo/Desktop/liteos/Project2/BearPi_LiteOS/components/security/mbedtls/mbedtls-2.6.0/library\platform.c ****     return( 0 );
 132:C:/Users/lenovo/Desktop/liteos/Project2/BearPi_LiteOS/components/security/mbedtls/mbedtls-2.6.0/library\platform.c **** }
 133:C:/Users/lenovo/Desktop/liteos/Project2/BearPi_LiteOS/components/security/mbedtls/mbedtls-2.6.0/library\platform.c **** 
 134:C:/Users/lenovo/Desktop/liteos/Project2/BearPi_LiteOS/components/security/mbedtls/mbedtls-2.6.0/library\platform.c **** #define MBEDTLS_PLATFORM_STD_PRINTF    platform_printf_uninit
 135:C:/Users/lenovo/Desktop/liteos/Project2/BearPi_LiteOS/components/security/mbedtls/mbedtls-2.6.0/library\platform.c **** #endif /* !MBEDTLS_PLATFORM_STD_PRINTF */
 136:C:/Users/lenovo/Desktop/liteos/Project2/BearPi_LiteOS/components/security/mbedtls/mbedtls-2.6.0/library\platform.c **** 
 137:C:/Users/lenovo/Desktop/liteos/Project2/BearPi_LiteOS/components/security/mbedtls/mbedtls-2.6.0/library\platform.c **** int (*mbedtls_printf)( const char *, ... ) = MBEDTLS_PLATFORM_STD_PRINTF;
 138:C:/Users/lenovo/Desktop/liteos/Project2/BearPi_LiteOS/components/security/mbedtls/mbedtls-2.6.0/library\platform.c **** 
 139:C:/Users/lenovo/Desktop/liteos/Project2/BearPi_LiteOS/components/security/mbedtls/mbedtls-2.6.0/library\platform.c **** int mbedtls_platform_set_printf( int (*printf_func)( const char *, ... ) )
 140:C:/Users/lenovo/Desktop/liteos/Project2/BearPi_LiteOS/components/security/mbedtls/mbedtls-2.6.0/library\platform.c **** {
  92              		.loc 1 140 0
  93              		.cfi_startproc
ARM GAS  c:\Users\lenovo\AppData\Local\Temp\cc7QDOxB.s 			page 5


  94              		@ args = 0, pretend = 0, frame = 0
  95              		@ frame_needed = 0, uses_anonymous_args = 0
  96              		@ link register save eliminated.
  97              	.LVL4:
 141:C:/Users/lenovo/Desktop/liteos/Project2/BearPi_LiteOS/components/security/mbedtls/mbedtls-2.6.0/library\platform.c ****     mbedtls_printf = printf_func;
  98              		.loc 1 141 0
  99 0000 014B     		ldr	r3, .L8
 100 0002 1860     		str	r0, [r3]
 142:C:/Users/lenovo/Desktop/liteos/Project2/BearPi_LiteOS/components/security/mbedtls/mbedtls-2.6.0/library\platform.c ****     return( 0 );
 143:C:/Users/lenovo/Desktop/liteos/Project2/BearPi_LiteOS/components/security/mbedtls/mbedtls-2.6.0/library\platform.c **** }
 101              		.loc 1 143 0
 102 0004 0020     		movs	r0, #0
 103              	.LVL5:
 104 0006 7047     		bx	lr
 105              	.L9:
 106              		.align	2
 107              	.L8:
 108 0008 00000000 		.word	.LANCHOR3
 109              		.cfi_endproc
 110              	.LFE5:
 112              		.section	.text.mbedtls_platform_setup,"ax",%progbits
 113              		.align	1
 114              		.global	mbedtls_platform_setup
 115              		.syntax unified
 116              		.thumb
 117              		.thumb_func
 118              		.fpu fpv4-sp-d16
 120              	mbedtls_platform_setup:
 121              	.LFB6:
 144:C:/Users/lenovo/Desktop/liteos/Project2/BearPi_LiteOS/components/security/mbedtls/mbedtls-2.6.0/library\platform.c **** #endif /* MBEDTLS_PLATFORM_PRINTF_ALT */
 145:C:/Users/lenovo/Desktop/liteos/Project2/BearPi_LiteOS/components/security/mbedtls/mbedtls-2.6.0/library\platform.c **** 
 146:C:/Users/lenovo/Desktop/liteos/Project2/BearPi_LiteOS/components/security/mbedtls/mbedtls-2.6.0/library\platform.c **** #if defined(MBEDTLS_PLATFORM_FPRINTF_ALT)
 147:C:/Users/lenovo/Desktop/liteos/Project2/BearPi_LiteOS/components/security/mbedtls/mbedtls-2.6.0/library\platform.c **** #if !defined(MBEDTLS_PLATFORM_STD_FPRINTF)
 148:C:/Users/lenovo/Desktop/liteos/Project2/BearPi_LiteOS/components/security/mbedtls/mbedtls-2.6.0/library\platform.c **** /*
 149:C:/Users/lenovo/Desktop/liteos/Project2/BearPi_LiteOS/components/security/mbedtls/mbedtls-2.6.0/library\platform.c ****  * Make dummy function to prevent NULL pointer dereferences
 150:C:/Users/lenovo/Desktop/liteos/Project2/BearPi_LiteOS/components/security/mbedtls/mbedtls-2.6.0/library\platform.c ****  */
 151:C:/Users/lenovo/Desktop/liteos/Project2/BearPi_LiteOS/components/security/mbedtls/mbedtls-2.6.0/library\platform.c **** static int platform_fprintf_uninit( FILE *stream, const char *format, ... )
 152:C:/Users/lenovo/Desktop/liteos/Project2/BearPi_LiteOS/components/security/mbedtls/mbedtls-2.6.0/library\platform.c **** {
 153:C:/Users/lenovo/Desktop/liteos/Project2/BearPi_LiteOS/components/security/mbedtls/mbedtls-2.6.0/library\platform.c ****     ((void) stream);
 154:C:/Users/lenovo/Desktop/liteos/Project2/BearPi_LiteOS/components/security/mbedtls/mbedtls-2.6.0/library\platform.c ****     ((void) format);
 155:C:/Users/lenovo/Desktop/liteos/Project2/BearPi_LiteOS/components/security/mbedtls/mbedtls-2.6.0/library\platform.c ****     return( 0 );
 156:C:/Users/lenovo/Desktop/liteos/Project2/BearPi_LiteOS/components/security/mbedtls/mbedtls-2.6.0/library\platform.c **** }
 157:C:/Users/lenovo/Desktop/liteos/Project2/BearPi_LiteOS/components/security/mbedtls/mbedtls-2.6.0/library\platform.c **** 
 158:C:/Users/lenovo/Desktop/liteos/Project2/BearPi_LiteOS/components/security/mbedtls/mbedtls-2.6.0/library\platform.c **** #define MBEDTLS_PLATFORM_STD_FPRINTF   platform_fprintf_uninit
 159:C:/Users/lenovo/Desktop/liteos/Project2/BearPi_LiteOS/components/security/mbedtls/mbedtls-2.6.0/library\platform.c **** #endif /* !MBEDTLS_PLATFORM_STD_FPRINTF */
 160:C:/Users/lenovo/Desktop/liteos/Project2/BearPi_LiteOS/components/security/mbedtls/mbedtls-2.6.0/library\platform.c **** 
 161:C:/Users/lenovo/Desktop/liteos/Project2/BearPi_LiteOS/components/security/mbedtls/mbedtls-2.6.0/library\platform.c **** int (*mbedtls_fprintf)( FILE *, const char *, ... ) =
 162:C:/Users/lenovo/Desktop/liteos/Project2/BearPi_LiteOS/components/security/mbedtls/mbedtls-2.6.0/library\platform.c ****                                         MBEDTLS_PLATFORM_STD_FPRINTF;
 163:C:/Users/lenovo/Desktop/liteos/Project2/BearPi_LiteOS/components/security/mbedtls/mbedtls-2.6.0/library\platform.c **** 
 164:C:/Users/lenovo/Desktop/liteos/Project2/BearPi_LiteOS/components/security/mbedtls/mbedtls-2.6.0/library\platform.c **** int mbedtls_platform_set_fprintf( int (*fprintf_func)( FILE *, const char *, ... ) )
 165:C:/Users/lenovo/Desktop/liteos/Project2/BearPi_LiteOS/components/security/mbedtls/mbedtls-2.6.0/library\platform.c **** {
 166:C:/Users/lenovo/Desktop/liteos/Project2/BearPi_LiteOS/components/security/mbedtls/mbedtls-2.6.0/library\platform.c ****     mbedtls_fprintf = fprintf_func;
 167:C:/Users/lenovo/Desktop/liteos/Project2/BearPi_LiteOS/components/security/mbedtls/mbedtls-2.6.0/library\platform.c ****     return( 0 );
 168:C:/Users/lenovo/Desktop/liteos/Project2/BearPi_LiteOS/components/security/mbedtls/mbedtls-2.6.0/library\platform.c **** }
 169:C:/Users/lenovo/Desktop/liteos/Project2/BearPi_LiteOS/components/security/mbedtls/mbedtls-2.6.0/library\platform.c **** #endif /* MBEDTLS_PLATFORM_FPRINTF_ALT */
 170:C:/Users/lenovo/Desktop/liteos/Project2/BearPi_LiteOS/components/security/mbedtls/mbedtls-2.6.0/library\platform.c **** 
 171:C:/Users/lenovo/Desktop/liteos/Project2/BearPi_LiteOS/components/security/mbedtls/mbedtls-2.6.0/library\platform.c **** #if defined(MBEDTLS_PLATFORM_EXIT_ALT)
ARM GAS  c:\Users\lenovo\AppData\Local\Temp\cc7QDOxB.s 			page 6


 172:C:/Users/lenovo/Desktop/liteos/Project2/BearPi_LiteOS/components/security/mbedtls/mbedtls-2.6.0/library\platform.c **** #if !defined(MBEDTLS_PLATFORM_STD_EXIT)
 173:C:/Users/lenovo/Desktop/liteos/Project2/BearPi_LiteOS/components/security/mbedtls/mbedtls-2.6.0/library\platform.c **** /*
 174:C:/Users/lenovo/Desktop/liteos/Project2/BearPi_LiteOS/components/security/mbedtls/mbedtls-2.6.0/library\platform.c ****  * Make dummy function to prevent NULL pointer dereferences
 175:C:/Users/lenovo/Desktop/liteos/Project2/BearPi_LiteOS/components/security/mbedtls/mbedtls-2.6.0/library\platform.c ****  */
 176:C:/Users/lenovo/Desktop/liteos/Project2/BearPi_LiteOS/components/security/mbedtls/mbedtls-2.6.0/library\platform.c **** static void platform_exit_uninit( int status )
 177:C:/Users/lenovo/Desktop/liteos/Project2/BearPi_LiteOS/components/security/mbedtls/mbedtls-2.6.0/library\platform.c **** {
 178:C:/Users/lenovo/Desktop/liteos/Project2/BearPi_LiteOS/components/security/mbedtls/mbedtls-2.6.0/library\platform.c ****     ((void) status);
 179:C:/Users/lenovo/Desktop/liteos/Project2/BearPi_LiteOS/components/security/mbedtls/mbedtls-2.6.0/library\platform.c **** }
 180:C:/Users/lenovo/Desktop/liteos/Project2/BearPi_LiteOS/components/security/mbedtls/mbedtls-2.6.0/library\platform.c **** 
 181:C:/Users/lenovo/Desktop/liteos/Project2/BearPi_LiteOS/components/security/mbedtls/mbedtls-2.6.0/library\platform.c **** #define MBEDTLS_PLATFORM_STD_EXIT   platform_exit_uninit
 182:C:/Users/lenovo/Desktop/liteos/Project2/BearPi_LiteOS/components/security/mbedtls/mbedtls-2.6.0/library\platform.c **** #endif /* !MBEDTLS_PLATFORM_STD_EXIT */
 183:C:/Users/lenovo/Desktop/liteos/Project2/BearPi_LiteOS/components/security/mbedtls/mbedtls-2.6.0/library\platform.c **** 
 184:C:/Users/lenovo/Desktop/liteos/Project2/BearPi_LiteOS/components/security/mbedtls/mbedtls-2.6.0/library\platform.c **** void (*mbedtls_exit)( int status ) = MBEDTLS_PLATFORM_STD_EXIT;
 185:C:/Users/lenovo/Desktop/liteos/Project2/BearPi_LiteOS/components/security/mbedtls/mbedtls-2.6.0/library\platform.c **** 
 186:C:/Users/lenovo/Desktop/liteos/Project2/BearPi_LiteOS/components/security/mbedtls/mbedtls-2.6.0/library\platform.c **** int mbedtls_platform_set_exit( void (*exit_func)( int status ) )
 187:C:/Users/lenovo/Desktop/liteos/Project2/BearPi_LiteOS/components/security/mbedtls/mbedtls-2.6.0/library\platform.c **** {
 188:C:/Users/lenovo/Desktop/liteos/Project2/BearPi_LiteOS/components/security/mbedtls/mbedtls-2.6.0/library\platform.c ****     mbedtls_exit = exit_func;
 189:C:/Users/lenovo/Desktop/liteos/Project2/BearPi_LiteOS/components/security/mbedtls/mbedtls-2.6.0/library\platform.c ****     return( 0 );
 190:C:/Users/lenovo/Desktop/liteos/Project2/BearPi_LiteOS/components/security/mbedtls/mbedtls-2.6.0/library\platform.c **** }
 191:C:/Users/lenovo/Desktop/liteos/Project2/BearPi_LiteOS/components/security/mbedtls/mbedtls-2.6.0/library\platform.c **** #endif /* MBEDTLS_PLATFORM_EXIT_ALT */
 192:C:/Users/lenovo/Desktop/liteos/Project2/BearPi_LiteOS/components/security/mbedtls/mbedtls-2.6.0/library\platform.c **** 
 193:C:/Users/lenovo/Desktop/liteos/Project2/BearPi_LiteOS/components/security/mbedtls/mbedtls-2.6.0/library\platform.c **** #if defined(MBEDTLS_HAVE_TIME)
 194:C:/Users/lenovo/Desktop/liteos/Project2/BearPi_LiteOS/components/security/mbedtls/mbedtls-2.6.0/library\platform.c **** 
 195:C:/Users/lenovo/Desktop/liteos/Project2/BearPi_LiteOS/components/security/mbedtls/mbedtls-2.6.0/library\platform.c **** #if defined(MBEDTLS_PLATFORM_TIME_ALT)
 196:C:/Users/lenovo/Desktop/liteos/Project2/BearPi_LiteOS/components/security/mbedtls/mbedtls-2.6.0/library\platform.c **** #if !defined(MBEDTLS_PLATFORM_STD_TIME)
 197:C:/Users/lenovo/Desktop/liteos/Project2/BearPi_LiteOS/components/security/mbedtls/mbedtls-2.6.0/library\platform.c **** /*
 198:C:/Users/lenovo/Desktop/liteos/Project2/BearPi_LiteOS/components/security/mbedtls/mbedtls-2.6.0/library\platform.c ****  * Make dummy function to prevent NULL pointer dereferences
 199:C:/Users/lenovo/Desktop/liteos/Project2/BearPi_LiteOS/components/security/mbedtls/mbedtls-2.6.0/library\platform.c ****  */
 200:C:/Users/lenovo/Desktop/liteos/Project2/BearPi_LiteOS/components/security/mbedtls/mbedtls-2.6.0/library\platform.c **** static mbedtls_time_t platform_time_uninit( mbedtls_time_t* timer )
 201:C:/Users/lenovo/Desktop/liteos/Project2/BearPi_LiteOS/components/security/mbedtls/mbedtls-2.6.0/library\platform.c **** {
 202:C:/Users/lenovo/Desktop/liteos/Project2/BearPi_LiteOS/components/security/mbedtls/mbedtls-2.6.0/library\platform.c ****     ((void) timer);
 203:C:/Users/lenovo/Desktop/liteos/Project2/BearPi_LiteOS/components/security/mbedtls/mbedtls-2.6.0/library\platform.c ****     return( 0 );
 204:C:/Users/lenovo/Desktop/liteos/Project2/BearPi_LiteOS/components/security/mbedtls/mbedtls-2.6.0/library\platform.c **** }
 205:C:/Users/lenovo/Desktop/liteos/Project2/BearPi_LiteOS/components/security/mbedtls/mbedtls-2.6.0/library\platform.c **** 
 206:C:/Users/lenovo/Desktop/liteos/Project2/BearPi_LiteOS/components/security/mbedtls/mbedtls-2.6.0/library\platform.c **** #define MBEDTLS_PLATFORM_STD_TIME   platform_time_uninit
 207:C:/Users/lenovo/Desktop/liteos/Project2/BearPi_LiteOS/components/security/mbedtls/mbedtls-2.6.0/library\platform.c **** #endif /* !MBEDTLS_PLATFORM_STD_TIME */
 208:C:/Users/lenovo/Desktop/liteos/Project2/BearPi_LiteOS/components/security/mbedtls/mbedtls-2.6.0/library\platform.c **** 
 209:C:/Users/lenovo/Desktop/liteos/Project2/BearPi_LiteOS/components/security/mbedtls/mbedtls-2.6.0/library\platform.c **** mbedtls_time_t (*mbedtls_time)( mbedtls_time_t* timer ) = MBEDTLS_PLATFORM_STD_TIME;
 210:C:/Users/lenovo/Desktop/liteos/Project2/BearPi_LiteOS/components/security/mbedtls/mbedtls-2.6.0/library\platform.c **** 
 211:C:/Users/lenovo/Desktop/liteos/Project2/BearPi_LiteOS/components/security/mbedtls/mbedtls-2.6.0/library\platform.c **** int mbedtls_platform_set_time( mbedtls_time_t (*time_func)( mbedtls_time_t* timer ) )
 212:C:/Users/lenovo/Desktop/liteos/Project2/BearPi_LiteOS/components/security/mbedtls/mbedtls-2.6.0/library\platform.c **** {
 213:C:/Users/lenovo/Desktop/liteos/Project2/BearPi_LiteOS/components/security/mbedtls/mbedtls-2.6.0/library\platform.c ****     mbedtls_time = time_func;
 214:C:/Users/lenovo/Desktop/liteos/Project2/BearPi_LiteOS/components/security/mbedtls/mbedtls-2.6.0/library\platform.c ****     return( 0 );
 215:C:/Users/lenovo/Desktop/liteos/Project2/BearPi_LiteOS/components/security/mbedtls/mbedtls-2.6.0/library\platform.c **** }
 216:C:/Users/lenovo/Desktop/liteos/Project2/BearPi_LiteOS/components/security/mbedtls/mbedtls-2.6.0/library\platform.c **** #endif /* MBEDTLS_PLATFORM_TIME_ALT */
 217:C:/Users/lenovo/Desktop/liteos/Project2/BearPi_LiteOS/components/security/mbedtls/mbedtls-2.6.0/library\platform.c **** 
 218:C:/Users/lenovo/Desktop/liteos/Project2/BearPi_LiteOS/components/security/mbedtls/mbedtls-2.6.0/library\platform.c **** #endif /* MBEDTLS_HAVE_TIME */
 219:C:/Users/lenovo/Desktop/liteos/Project2/BearPi_LiteOS/components/security/mbedtls/mbedtls-2.6.0/library\platform.c **** 
 220:C:/Users/lenovo/Desktop/liteos/Project2/BearPi_LiteOS/components/security/mbedtls/mbedtls-2.6.0/library\platform.c **** #if defined(MBEDTLS_ENTROPY_NV_SEED)
 221:C:/Users/lenovo/Desktop/liteos/Project2/BearPi_LiteOS/components/security/mbedtls/mbedtls-2.6.0/library\platform.c **** #if !defined(MBEDTLS_PLATFORM_NO_STD_FUNCTIONS) && defined(MBEDTLS_FS_IO)
 222:C:/Users/lenovo/Desktop/liteos/Project2/BearPi_LiteOS/components/security/mbedtls/mbedtls-2.6.0/library\platform.c **** /* Default implementations for the platform independent seed functions use
 223:C:/Users/lenovo/Desktop/liteos/Project2/BearPi_LiteOS/components/security/mbedtls/mbedtls-2.6.0/library\platform.c ****  * standard libc file functions to read from and write to a pre-defined filename
 224:C:/Users/lenovo/Desktop/liteos/Project2/BearPi_LiteOS/components/security/mbedtls/mbedtls-2.6.0/library\platform.c ****  */
 225:C:/Users/lenovo/Desktop/liteos/Project2/BearPi_LiteOS/components/security/mbedtls/mbedtls-2.6.0/library\platform.c **** int mbedtls_platform_std_nv_seed_read( unsigned char *buf, size_t buf_len )
 226:C:/Users/lenovo/Desktop/liteos/Project2/BearPi_LiteOS/components/security/mbedtls/mbedtls-2.6.0/library\platform.c **** {
 227:C:/Users/lenovo/Desktop/liteos/Project2/BearPi_LiteOS/components/security/mbedtls/mbedtls-2.6.0/library\platform.c ****     FILE *file;
 228:C:/Users/lenovo/Desktop/liteos/Project2/BearPi_LiteOS/components/security/mbedtls/mbedtls-2.6.0/library\platform.c ****     size_t n;
ARM GAS  c:\Users\lenovo\AppData\Local\Temp\cc7QDOxB.s 			page 7


 229:C:/Users/lenovo/Desktop/liteos/Project2/BearPi_LiteOS/components/security/mbedtls/mbedtls-2.6.0/library\platform.c **** 
 230:C:/Users/lenovo/Desktop/liteos/Project2/BearPi_LiteOS/components/security/mbedtls/mbedtls-2.6.0/library\platform.c ****     if( ( file = fopen( MBEDTLS_PLATFORM_STD_NV_SEED_FILE, "rb" ) ) == NULL )
 231:C:/Users/lenovo/Desktop/liteos/Project2/BearPi_LiteOS/components/security/mbedtls/mbedtls-2.6.0/library\platform.c ****         return -1;
 232:C:/Users/lenovo/Desktop/liteos/Project2/BearPi_LiteOS/components/security/mbedtls/mbedtls-2.6.0/library\platform.c **** 
 233:C:/Users/lenovo/Desktop/liteos/Project2/BearPi_LiteOS/components/security/mbedtls/mbedtls-2.6.0/library\platform.c ****     if( ( n = fread( buf, 1, buf_len, file ) ) != buf_len )
 234:C:/Users/lenovo/Desktop/liteos/Project2/BearPi_LiteOS/components/security/mbedtls/mbedtls-2.6.0/library\platform.c ****     {
 235:C:/Users/lenovo/Desktop/liteos/Project2/BearPi_LiteOS/components/security/mbedtls/mbedtls-2.6.0/library\platform.c ****         fclose( file );
 236:C:/Users/lenovo/Desktop/liteos/Project2/BearPi_LiteOS/components/security/mbedtls/mbedtls-2.6.0/library\platform.c ****         return -1;
 237:C:/Users/lenovo/Desktop/liteos/Project2/BearPi_LiteOS/components/security/mbedtls/mbedtls-2.6.0/library\platform.c ****     }
 238:C:/Users/lenovo/Desktop/liteos/Project2/BearPi_LiteOS/components/security/mbedtls/mbedtls-2.6.0/library\platform.c **** 
 239:C:/Users/lenovo/Desktop/liteos/Project2/BearPi_LiteOS/components/security/mbedtls/mbedtls-2.6.0/library\platform.c ****     fclose( file );
 240:C:/Users/lenovo/Desktop/liteos/Project2/BearPi_LiteOS/components/security/mbedtls/mbedtls-2.6.0/library\platform.c ****     return( (int)n );
 241:C:/Users/lenovo/Desktop/liteos/Project2/BearPi_LiteOS/components/security/mbedtls/mbedtls-2.6.0/library\platform.c **** }
 242:C:/Users/lenovo/Desktop/liteos/Project2/BearPi_LiteOS/components/security/mbedtls/mbedtls-2.6.0/library\platform.c **** 
 243:C:/Users/lenovo/Desktop/liteos/Project2/BearPi_LiteOS/components/security/mbedtls/mbedtls-2.6.0/library\platform.c **** int mbedtls_platform_std_nv_seed_write( unsigned char *buf, size_t buf_len )
 244:C:/Users/lenovo/Desktop/liteos/Project2/BearPi_LiteOS/components/security/mbedtls/mbedtls-2.6.0/library\platform.c **** {
 245:C:/Users/lenovo/Desktop/liteos/Project2/BearPi_LiteOS/components/security/mbedtls/mbedtls-2.6.0/library\platform.c ****     FILE *file;
 246:C:/Users/lenovo/Desktop/liteos/Project2/BearPi_LiteOS/components/security/mbedtls/mbedtls-2.6.0/library\platform.c ****     size_t n;
 247:C:/Users/lenovo/Desktop/liteos/Project2/BearPi_LiteOS/components/security/mbedtls/mbedtls-2.6.0/library\platform.c **** 
 248:C:/Users/lenovo/Desktop/liteos/Project2/BearPi_LiteOS/components/security/mbedtls/mbedtls-2.6.0/library\platform.c ****     if( ( file = fopen( MBEDTLS_PLATFORM_STD_NV_SEED_FILE, "w" ) ) == NULL )
 249:C:/Users/lenovo/Desktop/liteos/Project2/BearPi_LiteOS/components/security/mbedtls/mbedtls-2.6.0/library\platform.c ****         return -1;
 250:C:/Users/lenovo/Desktop/liteos/Project2/BearPi_LiteOS/components/security/mbedtls/mbedtls-2.6.0/library\platform.c **** 
 251:C:/Users/lenovo/Desktop/liteos/Project2/BearPi_LiteOS/components/security/mbedtls/mbedtls-2.6.0/library\platform.c ****     if( ( n = fwrite( buf, 1, buf_len, file ) ) != buf_len )
 252:C:/Users/lenovo/Desktop/liteos/Project2/BearPi_LiteOS/components/security/mbedtls/mbedtls-2.6.0/library\platform.c ****     {
 253:C:/Users/lenovo/Desktop/liteos/Project2/BearPi_LiteOS/components/security/mbedtls/mbedtls-2.6.0/library\platform.c ****         fclose( file );
 254:C:/Users/lenovo/Desktop/liteos/Project2/BearPi_LiteOS/components/security/mbedtls/mbedtls-2.6.0/library\platform.c ****         return -1;
 255:C:/Users/lenovo/Desktop/liteos/Project2/BearPi_LiteOS/components/security/mbedtls/mbedtls-2.6.0/library\platform.c ****     }
 256:C:/Users/lenovo/Desktop/liteos/Project2/BearPi_LiteOS/components/security/mbedtls/mbedtls-2.6.0/library\platform.c **** 
 257:C:/Users/lenovo/Desktop/liteos/Project2/BearPi_LiteOS/components/security/mbedtls/mbedtls-2.6.0/library\platform.c ****     fclose( file );
 258:C:/Users/lenovo/Desktop/liteos/Project2/BearPi_LiteOS/components/security/mbedtls/mbedtls-2.6.0/library\platform.c ****     return( (int)n );
 259:C:/Users/lenovo/Desktop/liteos/Project2/BearPi_LiteOS/components/security/mbedtls/mbedtls-2.6.0/library\platform.c **** }
 260:C:/Users/lenovo/Desktop/liteos/Project2/BearPi_LiteOS/components/security/mbedtls/mbedtls-2.6.0/library\platform.c **** #endif /* MBEDTLS_PLATFORM_NO_STD_FUNCTIONS */
 261:C:/Users/lenovo/Desktop/liteos/Project2/BearPi_LiteOS/components/security/mbedtls/mbedtls-2.6.0/library\platform.c **** 
 262:C:/Users/lenovo/Desktop/liteos/Project2/BearPi_LiteOS/components/security/mbedtls/mbedtls-2.6.0/library\platform.c **** #if defined(MBEDTLS_PLATFORM_NV_SEED_ALT)
 263:C:/Users/lenovo/Desktop/liteos/Project2/BearPi_LiteOS/components/security/mbedtls/mbedtls-2.6.0/library\platform.c **** #if !defined(MBEDTLS_PLATFORM_STD_NV_SEED_READ)
 264:C:/Users/lenovo/Desktop/liteos/Project2/BearPi_LiteOS/components/security/mbedtls/mbedtls-2.6.0/library\platform.c **** /*
 265:C:/Users/lenovo/Desktop/liteos/Project2/BearPi_LiteOS/components/security/mbedtls/mbedtls-2.6.0/library\platform.c ****  * Make dummy function to prevent NULL pointer dereferences
 266:C:/Users/lenovo/Desktop/liteos/Project2/BearPi_LiteOS/components/security/mbedtls/mbedtls-2.6.0/library\platform.c ****  */
 267:C:/Users/lenovo/Desktop/liteos/Project2/BearPi_LiteOS/components/security/mbedtls/mbedtls-2.6.0/library\platform.c **** static int platform_nv_seed_read_uninit( unsigned char *buf, size_t buf_len )
 268:C:/Users/lenovo/Desktop/liteos/Project2/BearPi_LiteOS/components/security/mbedtls/mbedtls-2.6.0/library\platform.c **** {
 269:C:/Users/lenovo/Desktop/liteos/Project2/BearPi_LiteOS/components/security/mbedtls/mbedtls-2.6.0/library\platform.c ****     ((void) buf);
 270:C:/Users/lenovo/Desktop/liteos/Project2/BearPi_LiteOS/components/security/mbedtls/mbedtls-2.6.0/library\platform.c ****     ((void) buf_len);
 271:C:/Users/lenovo/Desktop/liteos/Project2/BearPi_LiteOS/components/security/mbedtls/mbedtls-2.6.0/library\platform.c ****     return( -1 );
 272:C:/Users/lenovo/Desktop/liteos/Project2/BearPi_LiteOS/components/security/mbedtls/mbedtls-2.6.0/library\platform.c **** }
 273:C:/Users/lenovo/Desktop/liteos/Project2/BearPi_LiteOS/components/security/mbedtls/mbedtls-2.6.0/library\platform.c **** 
 274:C:/Users/lenovo/Desktop/liteos/Project2/BearPi_LiteOS/components/security/mbedtls/mbedtls-2.6.0/library\platform.c **** #define MBEDTLS_PLATFORM_STD_NV_SEED_READ   platform_nv_seed_read_uninit
 275:C:/Users/lenovo/Desktop/liteos/Project2/BearPi_LiteOS/components/security/mbedtls/mbedtls-2.6.0/library\platform.c **** #endif /* !MBEDTLS_PLATFORM_STD_NV_SEED_READ */
 276:C:/Users/lenovo/Desktop/liteos/Project2/BearPi_LiteOS/components/security/mbedtls/mbedtls-2.6.0/library\platform.c **** 
 277:C:/Users/lenovo/Desktop/liteos/Project2/BearPi_LiteOS/components/security/mbedtls/mbedtls-2.6.0/library\platform.c **** #if !defined(MBEDTLS_PLATFORM_STD_NV_SEED_WRITE)
 278:C:/Users/lenovo/Desktop/liteos/Project2/BearPi_LiteOS/components/security/mbedtls/mbedtls-2.6.0/library\platform.c **** /*
 279:C:/Users/lenovo/Desktop/liteos/Project2/BearPi_LiteOS/components/security/mbedtls/mbedtls-2.6.0/library\platform.c ****  * Make dummy function to prevent NULL pointer dereferences
 280:C:/Users/lenovo/Desktop/liteos/Project2/BearPi_LiteOS/components/security/mbedtls/mbedtls-2.6.0/library\platform.c ****  */
 281:C:/Users/lenovo/Desktop/liteos/Project2/BearPi_LiteOS/components/security/mbedtls/mbedtls-2.6.0/library\platform.c **** static int platform_nv_seed_write_uninit( unsigned char *buf, size_t buf_len )
 282:C:/Users/lenovo/Desktop/liteos/Project2/BearPi_LiteOS/components/security/mbedtls/mbedtls-2.6.0/library\platform.c **** {
 283:C:/Users/lenovo/Desktop/liteos/Project2/BearPi_LiteOS/components/security/mbedtls/mbedtls-2.6.0/library\platform.c ****     ((void) buf);
 284:C:/Users/lenovo/Desktop/liteos/Project2/BearPi_LiteOS/components/security/mbedtls/mbedtls-2.6.0/library\platform.c ****     ((void) buf_len);
 285:C:/Users/lenovo/Desktop/liteos/Project2/BearPi_LiteOS/components/security/mbedtls/mbedtls-2.6.0/library\platform.c ****     return( -1 );
ARM GAS  c:\Users\lenovo\AppData\Local\Temp\cc7QDOxB.s 			page 8


 286:C:/Users/lenovo/Desktop/liteos/Project2/BearPi_LiteOS/components/security/mbedtls/mbedtls-2.6.0/library\platform.c **** }
 287:C:/Users/lenovo/Desktop/liteos/Project2/BearPi_LiteOS/components/security/mbedtls/mbedtls-2.6.0/library\platform.c **** 
 288:C:/Users/lenovo/Desktop/liteos/Project2/BearPi_LiteOS/components/security/mbedtls/mbedtls-2.6.0/library\platform.c **** #define MBEDTLS_PLATFORM_STD_NV_SEED_WRITE   platform_nv_seed_write_uninit
 289:C:/Users/lenovo/Desktop/liteos/Project2/BearPi_LiteOS/components/security/mbedtls/mbedtls-2.6.0/library\platform.c **** #endif /* !MBEDTLS_PLATFORM_STD_NV_SEED_WRITE */
 290:C:/Users/lenovo/Desktop/liteos/Project2/BearPi_LiteOS/components/security/mbedtls/mbedtls-2.6.0/library\platform.c **** 
 291:C:/Users/lenovo/Desktop/liteos/Project2/BearPi_LiteOS/components/security/mbedtls/mbedtls-2.6.0/library\platform.c **** int (*mbedtls_nv_seed_read)( unsigned char *buf, size_t buf_len ) =
 292:C:/Users/lenovo/Desktop/liteos/Project2/BearPi_LiteOS/components/security/mbedtls/mbedtls-2.6.0/library\platform.c ****             MBEDTLS_PLATFORM_STD_NV_SEED_READ;
 293:C:/Users/lenovo/Desktop/liteos/Project2/BearPi_LiteOS/components/security/mbedtls/mbedtls-2.6.0/library\platform.c **** int (*mbedtls_nv_seed_write)( unsigned char *buf, size_t buf_len ) =
 294:C:/Users/lenovo/Desktop/liteos/Project2/BearPi_LiteOS/components/security/mbedtls/mbedtls-2.6.0/library\platform.c ****             MBEDTLS_PLATFORM_STD_NV_SEED_WRITE;
 295:C:/Users/lenovo/Desktop/liteos/Project2/BearPi_LiteOS/components/security/mbedtls/mbedtls-2.6.0/library\platform.c **** 
 296:C:/Users/lenovo/Desktop/liteos/Project2/BearPi_LiteOS/components/security/mbedtls/mbedtls-2.6.0/library\platform.c **** int mbedtls_platform_set_nv_seed(
 297:C:/Users/lenovo/Desktop/liteos/Project2/BearPi_LiteOS/components/security/mbedtls/mbedtls-2.6.0/library\platform.c ****         int (*nv_seed_read_func)( unsigned char *buf, size_t buf_len ),
 298:C:/Users/lenovo/Desktop/liteos/Project2/BearPi_LiteOS/components/security/mbedtls/mbedtls-2.6.0/library\platform.c ****         int (*nv_seed_write_func)( unsigned char *buf, size_t buf_len ) )
 299:C:/Users/lenovo/Desktop/liteos/Project2/BearPi_LiteOS/components/security/mbedtls/mbedtls-2.6.0/library\platform.c **** {
 300:C:/Users/lenovo/Desktop/liteos/Project2/BearPi_LiteOS/components/security/mbedtls/mbedtls-2.6.0/library\platform.c ****     mbedtls_nv_seed_read = nv_seed_read_func;
 301:C:/Users/lenovo/Desktop/liteos/Project2/BearPi_LiteOS/components/security/mbedtls/mbedtls-2.6.0/library\platform.c ****     mbedtls_nv_seed_write = nv_seed_write_func;
 302:C:/Users/lenovo/Desktop/liteos/Project2/BearPi_LiteOS/components/security/mbedtls/mbedtls-2.6.0/library\platform.c ****     return( 0 );
 303:C:/Users/lenovo/Desktop/liteos/Project2/BearPi_LiteOS/components/security/mbedtls/mbedtls-2.6.0/library\platform.c **** }
 304:C:/Users/lenovo/Desktop/liteos/Project2/BearPi_LiteOS/components/security/mbedtls/mbedtls-2.6.0/library\platform.c **** #endif /* MBEDTLS_PLATFORM_NV_SEED_ALT */
 305:C:/Users/lenovo/Desktop/liteos/Project2/BearPi_LiteOS/components/security/mbedtls/mbedtls-2.6.0/library\platform.c **** #endif /* MBEDTLS_ENTROPY_NV_SEED */
 306:C:/Users/lenovo/Desktop/liteos/Project2/BearPi_LiteOS/components/security/mbedtls/mbedtls-2.6.0/library\platform.c **** 
 307:C:/Users/lenovo/Desktop/liteos/Project2/BearPi_LiteOS/components/security/mbedtls/mbedtls-2.6.0/library\platform.c **** #if !defined(MBEDTLS_PLATFORM_SETUP_TEARDOWN_ALT)
 308:C:/Users/lenovo/Desktop/liteos/Project2/BearPi_LiteOS/components/security/mbedtls/mbedtls-2.6.0/library\platform.c **** /*
 309:C:/Users/lenovo/Desktop/liteos/Project2/BearPi_LiteOS/components/security/mbedtls/mbedtls-2.6.0/library\platform.c ****  * Placeholder platform setup that does nothing by default
 310:C:/Users/lenovo/Desktop/liteos/Project2/BearPi_LiteOS/components/security/mbedtls/mbedtls-2.6.0/library\platform.c ****  */
 311:C:/Users/lenovo/Desktop/liteos/Project2/BearPi_LiteOS/components/security/mbedtls/mbedtls-2.6.0/library\platform.c **** int mbedtls_platform_setup( mbedtls_platform_context *ctx )
 312:C:/Users/lenovo/Desktop/liteos/Project2/BearPi_LiteOS/components/security/mbedtls/mbedtls-2.6.0/library\platform.c **** {
 122              		.loc 1 312 0
 123              		.cfi_startproc
 124              		@ args = 0, pretend = 0, frame = 0
 125              		@ frame_needed = 0, uses_anonymous_args = 0
 126              		@ link register save eliminated.
 127              	.LVL6:
 313:C:/Users/lenovo/Desktop/liteos/Project2/BearPi_LiteOS/components/security/mbedtls/mbedtls-2.6.0/library\platform.c ****     (void)ctx;
 314:C:/Users/lenovo/Desktop/liteos/Project2/BearPi_LiteOS/components/security/mbedtls/mbedtls-2.6.0/library\platform.c **** 
 315:C:/Users/lenovo/Desktop/liteos/Project2/BearPi_LiteOS/components/security/mbedtls/mbedtls-2.6.0/library\platform.c ****     return( 0 );
 316:C:/Users/lenovo/Desktop/liteos/Project2/BearPi_LiteOS/components/security/mbedtls/mbedtls-2.6.0/library\platform.c **** }
 128              		.loc 1 316 0
 129 0000 0020     		movs	r0, #0
 130              	.LVL7:
 131 0002 7047     		bx	lr
 132              		.cfi_endproc
 133              	.LFE6:
 135              		.section	.text.mbedtls_platform_teardown,"ax",%progbits
 136              		.align	1
 137              		.global	mbedtls_platform_teardown
 138              		.syntax unified
 139              		.thumb
 140              		.thumb_func
 141              		.fpu fpv4-sp-d16
 143              	mbedtls_platform_teardown:
 144              	.LFB7:
 317:C:/Users/lenovo/Desktop/liteos/Project2/BearPi_LiteOS/components/security/mbedtls/mbedtls-2.6.0/library\platform.c **** 
 318:C:/Users/lenovo/Desktop/liteos/Project2/BearPi_LiteOS/components/security/mbedtls/mbedtls-2.6.0/library\platform.c **** /*
 319:C:/Users/lenovo/Desktop/liteos/Project2/BearPi_LiteOS/components/security/mbedtls/mbedtls-2.6.0/library\platform.c ****  * Placeholder platform teardown that does nothing by default
 320:C:/Users/lenovo/Desktop/liteos/Project2/BearPi_LiteOS/components/security/mbedtls/mbedtls-2.6.0/library\platform.c ****  */
 321:C:/Users/lenovo/Desktop/liteos/Project2/BearPi_LiteOS/components/security/mbedtls/mbedtls-2.6.0/library\platform.c **** void mbedtls_platform_teardown( mbedtls_platform_context *ctx )
ARM GAS  c:\Users\lenovo\AppData\Local\Temp\cc7QDOxB.s 			page 9


 322:C:/Users/lenovo/Desktop/liteos/Project2/BearPi_LiteOS/components/security/mbedtls/mbedtls-2.6.0/library\platform.c **** {
 145              		.loc 1 322 0
 146              		.cfi_startproc
 147              		@ args = 0, pretend = 0, frame = 0
 148              		@ frame_needed = 0, uses_anonymous_args = 0
 149              		@ link register save eliminated.
 150              	.LVL8:
 323:C:/Users/lenovo/Desktop/liteos/Project2/BearPi_LiteOS/components/security/mbedtls/mbedtls-2.6.0/library\platform.c ****     (void)ctx;
 324:C:/Users/lenovo/Desktop/liteos/Project2/BearPi_LiteOS/components/security/mbedtls/mbedtls-2.6.0/library\platform.c **** }
 151              		.loc 1 324 0
 152 0000 7047     		bx	lr
 153              		.cfi_endproc
 154              	.LFE7:
 156              		.global	mbedtls_printf
 157              		.global	mbedtls_snprintf
 158              		.global	mbedtls_free
 159              		.global	mbedtls_calloc
 160              		.section	.data.mbedtls_calloc,"aw",%progbits
 161              		.align	2
 162              		.set	.LANCHOR0,. + 0
 165              	mbedtls_calloc:
 166 0000 00000000 		.word	calloc
 167              		.section	.data.mbedtls_free,"aw",%progbits
 168              		.align	2
 169              		.set	.LANCHOR1,. + 0
 172              	mbedtls_free:
 173 0000 00000000 		.word	free
 174              		.section	.data.mbedtls_printf,"aw",%progbits
 175              		.align	2
 176              		.set	.LANCHOR3,. + 0
 179              	mbedtls_printf:
 180 0000 00000000 		.word	printf
 181              		.section	.data.mbedtls_snprintf,"aw",%progbits
 182              		.align	2
 183              		.set	.LANCHOR2,. + 0
 186              	mbedtls_snprintf:
 187 0000 00000000 		.word	snprintf
 188              		.text
 189              	.Letext0:
 190              		.file 2 "c:\\program files (x86)\\liteos studio\\resources\\arm-none-eabi\\lib\\gcc\\arm-none-eabi
 191              		.file 3 "c:\\program files (x86)\\liteos studio\\resources\\arm-none-eabi\\arm-none-eabi\\include\
 192              		.file 4 "c:\\program files (x86)\\liteos studio\\resources\\arm-none-eabi\\arm-none-eabi\\include\
 193              		.file 5 "c:\\program files (x86)\\liteos studio\\resources\\arm-none-eabi\\arm-none-eabi\\include\
 194              		.file 6 "c:\\program files (x86)\\liteos studio\\resources\\arm-none-eabi\\arm-none-eabi\\include\
 195              		.file 7 "c:\\program files (x86)\\liteos studio\\resources\\arm-none-eabi\\arm-none-eabi\\include\
 196              		.file 8 "C:/Users/lenovo/Desktop/liteos/Project2/BearPi_LiteOS/components/security/mbedtls/mbedtls
ARM GAS  c:\Users\lenovo\AppData\Local\Temp\cc7QDOxB.s 			page 10


DEFINED SYMBOLS
                            *ABS*:00000000 platform.c
c:\Users\lenovo\AppData\Local\Temp\cc7QDOxB.s:18     .text.mbedtls_platform_set_calloc_free:00000000 $t
c:\Users\lenovo\AppData\Local\Temp\cc7QDOxB.s:25     .text.mbedtls_platform_set_calloc_free:00000000 mbedtls_platform_set_calloc_free
c:\Users\lenovo\AppData\Local\Temp\cc7QDOxB.s:47     .text.mbedtls_platform_set_calloc_free:0000000c $d
c:\Users\lenovo\AppData\Local\Temp\cc7QDOxB.s:53     .text.mbedtls_platform_set_snprintf:00000000 $t
c:\Users\lenovo\AppData\Local\Temp\cc7QDOxB.s:60     .text.mbedtls_platform_set_snprintf:00000000 mbedtls_platform_set_snprintf
c:\Users\lenovo\AppData\Local\Temp\cc7QDOxB.s:78     .text.mbedtls_platform_set_snprintf:00000008 $d
c:\Users\lenovo\AppData\Local\Temp\cc7QDOxB.s:83     .text.mbedtls_platform_set_printf:00000000 $t
c:\Users\lenovo\AppData\Local\Temp\cc7QDOxB.s:90     .text.mbedtls_platform_set_printf:00000000 mbedtls_platform_set_printf
c:\Users\lenovo\AppData\Local\Temp\cc7QDOxB.s:108    .text.mbedtls_platform_set_printf:00000008 $d
c:\Users\lenovo\AppData\Local\Temp\cc7QDOxB.s:113    .text.mbedtls_platform_setup:00000000 $t
c:\Users\lenovo\AppData\Local\Temp\cc7QDOxB.s:120    .text.mbedtls_platform_setup:00000000 mbedtls_platform_setup
c:\Users\lenovo\AppData\Local\Temp\cc7QDOxB.s:136    .text.mbedtls_platform_teardown:00000000 $t
c:\Users\lenovo\AppData\Local\Temp\cc7QDOxB.s:143    .text.mbedtls_platform_teardown:00000000 mbedtls_platform_teardown
c:\Users\lenovo\AppData\Local\Temp\cc7QDOxB.s:179    .data.mbedtls_printf:00000000 mbedtls_printf
c:\Users\lenovo\AppData\Local\Temp\cc7QDOxB.s:186    .data.mbedtls_snprintf:00000000 mbedtls_snprintf
c:\Users\lenovo\AppData\Local\Temp\cc7QDOxB.s:172    .data.mbedtls_free:00000000 mbedtls_free
c:\Users\lenovo\AppData\Local\Temp\cc7QDOxB.s:165    .data.mbedtls_calloc:00000000 mbedtls_calloc
c:\Users\lenovo\AppData\Local\Temp\cc7QDOxB.s:161    .data.mbedtls_calloc:00000000 $d
c:\Users\lenovo\AppData\Local\Temp\cc7QDOxB.s:168    .data.mbedtls_free:00000000 $d
c:\Users\lenovo\AppData\Local\Temp\cc7QDOxB.s:175    .data.mbedtls_printf:00000000 $d
c:\Users\lenovo\AppData\Local\Temp\cc7QDOxB.s:182    .data.mbedtls_snprintf:00000000 $d

UNDEFINED SYMBOLS
calloc
free
printf
snprintf
