ARM GAS  c:\Users\lenovo\AppData\Local\Temp\cc2mkjNU.s 			page 1


   1              		.cpu cortex-m4
   2              		.eabi_attribute 27, 1
   3              		.eabi_attribute 28, 1
   4              		.eabi_attribute 20, 1
   5              		.eabi_attribute 21, 1
   6              		.eabi_attribute 23, 3
   7              		.eabi_attribute 24, 1
   8              		.eabi_attribute 25, 1
   9              		.eabi_attribute 26, 1
  10              		.eabi_attribute 30, 1
  11              		.eabi_attribute 34, 1
  12              		.eabi_attribute 18, 4
  13              		.file	"stm32l4xx_hal_i2c_ex.c"
  14              		.text
  15              	.Ltext0:
  16              		.cfi_sections	.debug_frame
  17              		.section	.text.HAL_I2CEx_ConfigAnalogFilter,"ax",%progbits
  18              		.align	1
  19              		.global	HAL_I2CEx_ConfigAnalogFilter
  20              		.syntax unified
  21              		.thumb
  22              		.thumb_func
  23              		.fpu fpv4-sp-d16
  25              	HAL_I2CEx_ConfigAnalogFilter:
  26              	.LFB133:
  27              		.file 1 "C:/Users/lenovo/Desktop/liteos/Project2/BearPi_LiteOS/targets/STM32L431_BearPi/Drivers/ST
   1:C:/Users/lenovo/Desktop/liteos/Project2/BearPi_LiteOS/targets/STM32L431_BearPi/Drivers/STM32L4xx_HAL_Driver/Src\stm32l4xx_hal_i2c_ex.c **** /**
   2:C:/Users/lenovo/Desktop/liteos/Project2/BearPi_LiteOS/targets/STM32L431_BearPi/Drivers/STM32L4xx_HAL_Driver/Src\stm32l4xx_hal_i2c_ex.c ****   ******************************************************************************
   3:C:/Users/lenovo/Desktop/liteos/Project2/BearPi_LiteOS/targets/STM32L431_BearPi/Drivers/STM32L4xx_HAL_Driver/Src\stm32l4xx_hal_i2c_ex.c ****   * @file    stm32l4xx_hal_i2c_ex.c
   4:C:/Users/lenovo/Desktop/liteos/Project2/BearPi_LiteOS/targets/STM32L431_BearPi/Drivers/STM32L4xx_HAL_Driver/Src\stm32l4xx_hal_i2c_ex.c ****   * @author  MCD Application Team
   5:C:/Users/lenovo/Desktop/liteos/Project2/BearPi_LiteOS/targets/STM32L431_BearPi/Drivers/STM32L4xx_HAL_Driver/Src\stm32l4xx_hal_i2c_ex.c ****   * @brief   I2C Extended HAL module driver.
   6:C:/Users/lenovo/Desktop/liteos/Project2/BearPi_LiteOS/targets/STM32L431_BearPi/Drivers/STM32L4xx_HAL_Driver/Src\stm32l4xx_hal_i2c_ex.c ****   *          This file provides firmware functions to manage the following
   7:C:/Users/lenovo/Desktop/liteos/Project2/BearPi_LiteOS/targets/STM32L431_BearPi/Drivers/STM32L4xx_HAL_Driver/Src\stm32l4xx_hal_i2c_ex.c ****   *          functionalities of I2C Extended peripheral:
   8:C:/Users/lenovo/Desktop/liteos/Project2/BearPi_LiteOS/targets/STM32L431_BearPi/Drivers/STM32L4xx_HAL_Driver/Src\stm32l4xx_hal_i2c_ex.c ****   *           + Extended features functions
   9:C:/Users/lenovo/Desktop/liteos/Project2/BearPi_LiteOS/targets/STM32L431_BearPi/Drivers/STM32L4xx_HAL_Driver/Src\stm32l4xx_hal_i2c_ex.c ****   *
  10:C:/Users/lenovo/Desktop/liteos/Project2/BearPi_LiteOS/targets/STM32L431_BearPi/Drivers/STM32L4xx_HAL_Driver/Src\stm32l4xx_hal_i2c_ex.c ****   @verbatim
  11:C:/Users/lenovo/Desktop/liteos/Project2/BearPi_LiteOS/targets/STM32L431_BearPi/Drivers/STM32L4xx_HAL_Driver/Src\stm32l4xx_hal_i2c_ex.c ****   ==============================================================================
  12:C:/Users/lenovo/Desktop/liteos/Project2/BearPi_LiteOS/targets/STM32L431_BearPi/Drivers/STM32L4xx_HAL_Driver/Src\stm32l4xx_hal_i2c_ex.c ****                ##### I2C peripheral Extended features  #####
  13:C:/Users/lenovo/Desktop/liteos/Project2/BearPi_LiteOS/targets/STM32L431_BearPi/Drivers/STM32L4xx_HAL_Driver/Src\stm32l4xx_hal_i2c_ex.c ****   ==============================================================================
  14:C:/Users/lenovo/Desktop/liteos/Project2/BearPi_LiteOS/targets/STM32L431_BearPi/Drivers/STM32L4xx_HAL_Driver/Src\stm32l4xx_hal_i2c_ex.c **** 
  15:C:/Users/lenovo/Desktop/liteos/Project2/BearPi_LiteOS/targets/STM32L431_BearPi/Drivers/STM32L4xx_HAL_Driver/Src\stm32l4xx_hal_i2c_ex.c ****   [..] Comparing to other previous devices, the I2C interface for STM32L4xx
  16:C:/Users/lenovo/Desktop/liteos/Project2/BearPi_LiteOS/targets/STM32L431_BearPi/Drivers/STM32L4xx_HAL_Driver/Src\stm32l4xx_hal_i2c_ex.c ****        devices contains the following additional features
  17:C:/Users/lenovo/Desktop/liteos/Project2/BearPi_LiteOS/targets/STM32L431_BearPi/Drivers/STM32L4xx_HAL_Driver/Src\stm32l4xx_hal_i2c_ex.c **** 
  18:C:/Users/lenovo/Desktop/liteos/Project2/BearPi_LiteOS/targets/STM32L431_BearPi/Drivers/STM32L4xx_HAL_Driver/Src\stm32l4xx_hal_i2c_ex.c ****        (+) Possibility to disable or enable Analog Noise Filter
  19:C:/Users/lenovo/Desktop/liteos/Project2/BearPi_LiteOS/targets/STM32L431_BearPi/Drivers/STM32L4xx_HAL_Driver/Src\stm32l4xx_hal_i2c_ex.c ****        (+) Use of a configured Digital Noise Filter
  20:C:/Users/lenovo/Desktop/liteos/Project2/BearPi_LiteOS/targets/STM32L431_BearPi/Drivers/STM32L4xx_HAL_Driver/Src\stm32l4xx_hal_i2c_ex.c ****        (+) Disable or enable wakeup from Stop mode(s)
  21:C:/Users/lenovo/Desktop/liteos/Project2/BearPi_LiteOS/targets/STM32L431_BearPi/Drivers/STM32L4xx_HAL_Driver/Src\stm32l4xx_hal_i2c_ex.c ****        (+) Disable or enable Fast Mode Plus
  22:C:/Users/lenovo/Desktop/liteos/Project2/BearPi_LiteOS/targets/STM32L431_BearPi/Drivers/STM32L4xx_HAL_Driver/Src\stm32l4xx_hal_i2c_ex.c **** 
  23:C:/Users/lenovo/Desktop/liteos/Project2/BearPi_LiteOS/targets/STM32L431_BearPi/Drivers/STM32L4xx_HAL_Driver/Src\stm32l4xx_hal_i2c_ex.c ****                      ##### How to use this driver #####
  24:C:/Users/lenovo/Desktop/liteos/Project2/BearPi_LiteOS/targets/STM32L431_BearPi/Drivers/STM32L4xx_HAL_Driver/Src\stm32l4xx_hal_i2c_ex.c ****   ==============================================================================
  25:C:/Users/lenovo/Desktop/liteos/Project2/BearPi_LiteOS/targets/STM32L431_BearPi/Drivers/STM32L4xx_HAL_Driver/Src\stm32l4xx_hal_i2c_ex.c ****   [..] This driver provides functions to configure Noise Filter and Wake Up Feature
  26:C:/Users/lenovo/Desktop/liteos/Project2/BearPi_LiteOS/targets/STM32L431_BearPi/Drivers/STM32L4xx_HAL_Driver/Src\stm32l4xx_hal_i2c_ex.c ****     (#) Configure I2C Analog noise filter using the function HAL_I2CEx_ConfigAnalogFilter()
  27:C:/Users/lenovo/Desktop/liteos/Project2/BearPi_LiteOS/targets/STM32L431_BearPi/Drivers/STM32L4xx_HAL_Driver/Src\stm32l4xx_hal_i2c_ex.c ****     (#) Configure I2C Digital noise filter using the function HAL_I2CEx_ConfigDigitalFilter()
  28:C:/Users/lenovo/Desktop/liteos/Project2/BearPi_LiteOS/targets/STM32L431_BearPi/Drivers/STM32L4xx_HAL_Driver/Src\stm32l4xx_hal_i2c_ex.c ****     (#) Configure the enable or disable of I2C Wake Up Mode using the functions :
  29:C:/Users/lenovo/Desktop/liteos/Project2/BearPi_LiteOS/targets/STM32L431_BearPi/Drivers/STM32L4xx_HAL_Driver/Src\stm32l4xx_hal_i2c_ex.c ****           (++) HAL_I2CEx_EnableWakeUp()
  30:C:/Users/lenovo/Desktop/liteos/Project2/BearPi_LiteOS/targets/STM32L431_BearPi/Drivers/STM32L4xx_HAL_Driver/Src\stm32l4xx_hal_i2c_ex.c ****           (++) HAL_I2CEx_DisableWakeUp()
  31:C:/Users/lenovo/Desktop/liteos/Project2/BearPi_LiteOS/targets/STM32L431_BearPi/Drivers/STM32L4xx_HAL_Driver/Src\stm32l4xx_hal_i2c_ex.c ****     (#) Configure the enable or disable of fast mode plus driving capability using the functions :
ARM GAS  c:\Users\lenovo\AppData\Local\Temp\cc2mkjNU.s 			page 2


  32:C:/Users/lenovo/Desktop/liteos/Project2/BearPi_LiteOS/targets/STM32L431_BearPi/Drivers/STM32L4xx_HAL_Driver/Src\stm32l4xx_hal_i2c_ex.c ****           (++) HAL_I2CEx_EnableFastModePlus()
  33:C:/Users/lenovo/Desktop/liteos/Project2/BearPi_LiteOS/targets/STM32L431_BearPi/Drivers/STM32L4xx_HAL_Driver/Src\stm32l4xx_hal_i2c_ex.c ****           (++) HAL_I2CEx_DisableFastModePlus()
  34:C:/Users/lenovo/Desktop/liteos/Project2/BearPi_LiteOS/targets/STM32L431_BearPi/Drivers/STM32L4xx_HAL_Driver/Src\stm32l4xx_hal_i2c_ex.c ****   @endverbatim
  35:C:/Users/lenovo/Desktop/liteos/Project2/BearPi_LiteOS/targets/STM32L431_BearPi/Drivers/STM32L4xx_HAL_Driver/Src\stm32l4xx_hal_i2c_ex.c ****   ******************************************************************************
  36:C:/Users/lenovo/Desktop/liteos/Project2/BearPi_LiteOS/targets/STM32L431_BearPi/Drivers/STM32L4xx_HAL_Driver/Src\stm32l4xx_hal_i2c_ex.c ****   * @attention
  37:C:/Users/lenovo/Desktop/liteos/Project2/BearPi_LiteOS/targets/STM32L431_BearPi/Drivers/STM32L4xx_HAL_Driver/Src\stm32l4xx_hal_i2c_ex.c ****   *
  38:C:/Users/lenovo/Desktop/liteos/Project2/BearPi_LiteOS/targets/STM32L431_BearPi/Drivers/STM32L4xx_HAL_Driver/Src\stm32l4xx_hal_i2c_ex.c ****   * <h2><center>&copy; COPYRIGHT(c) 2017 STMicroelectronics</center></h2>
  39:C:/Users/lenovo/Desktop/liteos/Project2/BearPi_LiteOS/targets/STM32L431_BearPi/Drivers/STM32L4xx_HAL_Driver/Src\stm32l4xx_hal_i2c_ex.c ****   *
  40:C:/Users/lenovo/Desktop/liteos/Project2/BearPi_LiteOS/targets/STM32L431_BearPi/Drivers/STM32L4xx_HAL_Driver/Src\stm32l4xx_hal_i2c_ex.c ****   * Redistribution and use in source and binary forms, with or without modification,
  41:C:/Users/lenovo/Desktop/liteos/Project2/BearPi_LiteOS/targets/STM32L431_BearPi/Drivers/STM32L4xx_HAL_Driver/Src\stm32l4xx_hal_i2c_ex.c ****   * are permitted provided that the following conditions are met:
  42:C:/Users/lenovo/Desktop/liteos/Project2/BearPi_LiteOS/targets/STM32L431_BearPi/Drivers/STM32L4xx_HAL_Driver/Src\stm32l4xx_hal_i2c_ex.c ****   *   1. Redistributions of source code must retain the above copyright notice,
  43:C:/Users/lenovo/Desktop/liteos/Project2/BearPi_LiteOS/targets/STM32L431_BearPi/Drivers/STM32L4xx_HAL_Driver/Src\stm32l4xx_hal_i2c_ex.c ****   *      this list of conditions and the following disclaimer.
  44:C:/Users/lenovo/Desktop/liteos/Project2/BearPi_LiteOS/targets/STM32L431_BearPi/Drivers/STM32L4xx_HAL_Driver/Src\stm32l4xx_hal_i2c_ex.c ****   *   2. Redistributions in binary form must reproduce the above copyright notice,
  45:C:/Users/lenovo/Desktop/liteos/Project2/BearPi_LiteOS/targets/STM32L431_BearPi/Drivers/STM32L4xx_HAL_Driver/Src\stm32l4xx_hal_i2c_ex.c ****   *      this list of conditions and the following disclaimer in the documentation
  46:C:/Users/lenovo/Desktop/liteos/Project2/BearPi_LiteOS/targets/STM32L431_BearPi/Drivers/STM32L4xx_HAL_Driver/Src\stm32l4xx_hal_i2c_ex.c ****   *      and/or other materials provided with the distribution.
  47:C:/Users/lenovo/Desktop/liteos/Project2/BearPi_LiteOS/targets/STM32L431_BearPi/Drivers/STM32L4xx_HAL_Driver/Src\stm32l4xx_hal_i2c_ex.c ****   *   3. Neither the name of STMicroelectronics nor the names of its contributors
  48:C:/Users/lenovo/Desktop/liteos/Project2/BearPi_LiteOS/targets/STM32L431_BearPi/Drivers/STM32L4xx_HAL_Driver/Src\stm32l4xx_hal_i2c_ex.c ****   *      may be used to endorse or promote products derived from this software
  49:C:/Users/lenovo/Desktop/liteos/Project2/BearPi_LiteOS/targets/STM32L431_BearPi/Drivers/STM32L4xx_HAL_Driver/Src\stm32l4xx_hal_i2c_ex.c ****   *      without specific prior written permission.
  50:C:/Users/lenovo/Desktop/liteos/Project2/BearPi_LiteOS/targets/STM32L431_BearPi/Drivers/STM32L4xx_HAL_Driver/Src\stm32l4xx_hal_i2c_ex.c ****   *
  51:C:/Users/lenovo/Desktop/liteos/Project2/BearPi_LiteOS/targets/STM32L431_BearPi/Drivers/STM32L4xx_HAL_Driver/Src\stm32l4xx_hal_i2c_ex.c ****   * THIS SOFTWARE IS PROVIDED BY THE COPYRIGHT HOLDERS AND CONTRIBUTORS "AS IS"
  52:C:/Users/lenovo/Desktop/liteos/Project2/BearPi_LiteOS/targets/STM32L431_BearPi/Drivers/STM32L4xx_HAL_Driver/Src\stm32l4xx_hal_i2c_ex.c ****   * AND ANY EXPRESS OR IMPLIED WARRANTIES, INCLUDING, BUT NOT LIMITED TO, THE
  53:C:/Users/lenovo/Desktop/liteos/Project2/BearPi_LiteOS/targets/STM32L431_BearPi/Drivers/STM32L4xx_HAL_Driver/Src\stm32l4xx_hal_i2c_ex.c ****   * IMPLIED WARRANTIES OF MERCHANTABILITY AND FITNESS FOR A PARTICULAR PURPOSE ARE
  54:C:/Users/lenovo/Desktop/liteos/Project2/BearPi_LiteOS/targets/STM32L431_BearPi/Drivers/STM32L4xx_HAL_Driver/Src\stm32l4xx_hal_i2c_ex.c ****   * DISCLAIMED. IN NO EVENT SHALL THE COPYRIGHT HOLDER OR CONTRIBUTORS BE LIABLE
  55:C:/Users/lenovo/Desktop/liteos/Project2/BearPi_LiteOS/targets/STM32L431_BearPi/Drivers/STM32L4xx_HAL_Driver/Src\stm32l4xx_hal_i2c_ex.c ****   * FOR ANY DIRECT, INDIRECT, INCIDENTAL, SPECIAL, EXEMPLARY, OR CONSEQUENTIAL
  56:C:/Users/lenovo/Desktop/liteos/Project2/BearPi_LiteOS/targets/STM32L431_BearPi/Drivers/STM32L4xx_HAL_Driver/Src\stm32l4xx_hal_i2c_ex.c ****   * DAMAGES (INCLUDING, BUT NOT LIMITED TO, PROCUREMENT OF SUBSTITUTE GOODS OR
  57:C:/Users/lenovo/Desktop/liteos/Project2/BearPi_LiteOS/targets/STM32L431_BearPi/Drivers/STM32L4xx_HAL_Driver/Src\stm32l4xx_hal_i2c_ex.c ****   * SERVICES; LOSS OF USE, DATA, OR PROFITS; OR BUSINESS INTERRUPTION) HOWEVER
  58:C:/Users/lenovo/Desktop/liteos/Project2/BearPi_LiteOS/targets/STM32L431_BearPi/Drivers/STM32L4xx_HAL_Driver/Src\stm32l4xx_hal_i2c_ex.c ****   * CAUSED AND ON ANY THEORY OF LIABILITY, WHETHER IN CONTRACT, STRICT LIABILITY,
  59:C:/Users/lenovo/Desktop/liteos/Project2/BearPi_LiteOS/targets/STM32L431_BearPi/Drivers/STM32L4xx_HAL_Driver/Src\stm32l4xx_hal_i2c_ex.c ****   * OR TORT (INCLUDING NEGLIGENCE OR OTHERWISE) ARISING IN ANY WAY OUT OF THE USE
  60:C:/Users/lenovo/Desktop/liteos/Project2/BearPi_LiteOS/targets/STM32L431_BearPi/Drivers/STM32L4xx_HAL_Driver/Src\stm32l4xx_hal_i2c_ex.c ****   * OF THIS SOFTWARE, EVEN IF ADVISED OF THE POSSIBILITY OF SUCH DAMAGE.
  61:C:/Users/lenovo/Desktop/liteos/Project2/BearPi_LiteOS/targets/STM32L431_BearPi/Drivers/STM32L4xx_HAL_Driver/Src\stm32l4xx_hal_i2c_ex.c ****   *
  62:C:/Users/lenovo/Desktop/liteos/Project2/BearPi_LiteOS/targets/STM32L431_BearPi/Drivers/STM32L4xx_HAL_Driver/Src\stm32l4xx_hal_i2c_ex.c ****   ******************************************************************************
  63:C:/Users/lenovo/Desktop/liteos/Project2/BearPi_LiteOS/targets/STM32L431_BearPi/Drivers/STM32L4xx_HAL_Driver/Src\stm32l4xx_hal_i2c_ex.c ****   */
  64:C:/Users/lenovo/Desktop/liteos/Project2/BearPi_LiteOS/targets/STM32L431_BearPi/Drivers/STM32L4xx_HAL_Driver/Src\stm32l4xx_hal_i2c_ex.c **** 
  65:C:/Users/lenovo/Desktop/liteos/Project2/BearPi_LiteOS/targets/STM32L431_BearPi/Drivers/STM32L4xx_HAL_Driver/Src\stm32l4xx_hal_i2c_ex.c **** /* Includes ------------------------------------------------------------------*/
  66:C:/Users/lenovo/Desktop/liteos/Project2/BearPi_LiteOS/targets/STM32L431_BearPi/Drivers/STM32L4xx_HAL_Driver/Src\stm32l4xx_hal_i2c_ex.c **** #include "stm32l4xx_hal.h"
  67:C:/Users/lenovo/Desktop/liteos/Project2/BearPi_LiteOS/targets/STM32L431_BearPi/Drivers/STM32L4xx_HAL_Driver/Src\stm32l4xx_hal_i2c_ex.c **** 
  68:C:/Users/lenovo/Desktop/liteos/Project2/BearPi_LiteOS/targets/STM32L431_BearPi/Drivers/STM32L4xx_HAL_Driver/Src\stm32l4xx_hal_i2c_ex.c **** /** @addtogroup STM32L4xx_HAL_Driver
  69:C:/Users/lenovo/Desktop/liteos/Project2/BearPi_LiteOS/targets/STM32L431_BearPi/Drivers/STM32L4xx_HAL_Driver/Src\stm32l4xx_hal_i2c_ex.c ****   * @{
  70:C:/Users/lenovo/Desktop/liteos/Project2/BearPi_LiteOS/targets/STM32L431_BearPi/Drivers/STM32L4xx_HAL_Driver/Src\stm32l4xx_hal_i2c_ex.c ****   */
  71:C:/Users/lenovo/Desktop/liteos/Project2/BearPi_LiteOS/targets/STM32L431_BearPi/Drivers/STM32L4xx_HAL_Driver/Src\stm32l4xx_hal_i2c_ex.c **** 
  72:C:/Users/lenovo/Desktop/liteos/Project2/BearPi_LiteOS/targets/STM32L431_BearPi/Drivers/STM32L4xx_HAL_Driver/Src\stm32l4xx_hal_i2c_ex.c **** /** @defgroup I2CEx I2CEx
  73:C:/Users/lenovo/Desktop/liteos/Project2/BearPi_LiteOS/targets/STM32L431_BearPi/Drivers/STM32L4xx_HAL_Driver/Src\stm32l4xx_hal_i2c_ex.c ****   * @brief I2C Extended HAL module driver
  74:C:/Users/lenovo/Desktop/liteos/Project2/BearPi_LiteOS/targets/STM32L431_BearPi/Drivers/STM32L4xx_HAL_Driver/Src\stm32l4xx_hal_i2c_ex.c ****   * @{
  75:C:/Users/lenovo/Desktop/liteos/Project2/BearPi_LiteOS/targets/STM32L431_BearPi/Drivers/STM32L4xx_HAL_Driver/Src\stm32l4xx_hal_i2c_ex.c ****   */
  76:C:/Users/lenovo/Desktop/liteos/Project2/BearPi_LiteOS/targets/STM32L431_BearPi/Drivers/STM32L4xx_HAL_Driver/Src\stm32l4xx_hal_i2c_ex.c **** 
  77:C:/Users/lenovo/Desktop/liteos/Project2/BearPi_LiteOS/targets/STM32L431_BearPi/Drivers/STM32L4xx_HAL_Driver/Src\stm32l4xx_hal_i2c_ex.c **** #ifdef HAL_I2C_MODULE_ENABLED
  78:C:/Users/lenovo/Desktop/liteos/Project2/BearPi_LiteOS/targets/STM32L431_BearPi/Drivers/STM32L4xx_HAL_Driver/Src\stm32l4xx_hal_i2c_ex.c **** 
  79:C:/Users/lenovo/Desktop/liteos/Project2/BearPi_LiteOS/targets/STM32L431_BearPi/Drivers/STM32L4xx_HAL_Driver/Src\stm32l4xx_hal_i2c_ex.c **** /* Private typedef -----------------------------------------------------------*/
  80:C:/Users/lenovo/Desktop/liteos/Project2/BearPi_LiteOS/targets/STM32L431_BearPi/Drivers/STM32L4xx_HAL_Driver/Src\stm32l4xx_hal_i2c_ex.c **** /* Private define ------------------------------------------------------------*/
  81:C:/Users/lenovo/Desktop/liteos/Project2/BearPi_LiteOS/targets/STM32L431_BearPi/Drivers/STM32L4xx_HAL_Driver/Src\stm32l4xx_hal_i2c_ex.c **** /* Private macro -------------------------------------------------------------*/
  82:C:/Users/lenovo/Desktop/liteos/Project2/BearPi_LiteOS/targets/STM32L431_BearPi/Drivers/STM32L4xx_HAL_Driver/Src\stm32l4xx_hal_i2c_ex.c **** /* Private variables ---------------------------------------------------------*/
  83:C:/Users/lenovo/Desktop/liteos/Project2/BearPi_LiteOS/targets/STM32L431_BearPi/Drivers/STM32L4xx_HAL_Driver/Src\stm32l4xx_hal_i2c_ex.c **** /* Private function prototypes -----------------------------------------------*/
  84:C:/Users/lenovo/Desktop/liteos/Project2/BearPi_LiteOS/targets/STM32L431_BearPi/Drivers/STM32L4xx_HAL_Driver/Src\stm32l4xx_hal_i2c_ex.c **** /* Private functions ---------------------------------------------------------*/
  85:C:/Users/lenovo/Desktop/liteos/Project2/BearPi_LiteOS/targets/STM32L431_BearPi/Drivers/STM32L4xx_HAL_Driver/Src\stm32l4xx_hal_i2c_ex.c **** 
  86:C:/Users/lenovo/Desktop/liteos/Project2/BearPi_LiteOS/targets/STM32L431_BearPi/Drivers/STM32L4xx_HAL_Driver/Src\stm32l4xx_hal_i2c_ex.c **** /** @defgroup I2CEx_Exported_Functions I2C Extended Exported Functions
  87:C:/Users/lenovo/Desktop/liteos/Project2/BearPi_LiteOS/targets/STM32L431_BearPi/Drivers/STM32L4xx_HAL_Driver/Src\stm32l4xx_hal_i2c_ex.c ****   * @{
  88:C:/Users/lenovo/Desktop/liteos/Project2/BearPi_LiteOS/targets/STM32L431_BearPi/Drivers/STM32L4xx_HAL_Driver/Src\stm32l4xx_hal_i2c_ex.c ****   */
ARM GAS  c:\Users\lenovo\AppData\Local\Temp\cc2mkjNU.s 			page 3


  89:C:/Users/lenovo/Desktop/liteos/Project2/BearPi_LiteOS/targets/STM32L431_BearPi/Drivers/STM32L4xx_HAL_Driver/Src\stm32l4xx_hal_i2c_ex.c **** 
  90:C:/Users/lenovo/Desktop/liteos/Project2/BearPi_LiteOS/targets/STM32L431_BearPi/Drivers/STM32L4xx_HAL_Driver/Src\stm32l4xx_hal_i2c_ex.c **** /** @defgroup I2CEx_Exported_Functions_Group1 Extended features functions
  91:C:/Users/lenovo/Desktop/liteos/Project2/BearPi_LiteOS/targets/STM32L431_BearPi/Drivers/STM32L4xx_HAL_Driver/Src\stm32l4xx_hal_i2c_ex.c ****   * @brief    Extended features functions
  92:C:/Users/lenovo/Desktop/liteos/Project2/BearPi_LiteOS/targets/STM32L431_BearPi/Drivers/STM32L4xx_HAL_Driver/Src\stm32l4xx_hal_i2c_ex.c ****  *
  93:C:/Users/lenovo/Desktop/liteos/Project2/BearPi_LiteOS/targets/STM32L431_BearPi/Drivers/STM32L4xx_HAL_Driver/Src\stm32l4xx_hal_i2c_ex.c **** @verbatim
  94:C:/Users/lenovo/Desktop/liteos/Project2/BearPi_LiteOS/targets/STM32L431_BearPi/Drivers/STM32L4xx_HAL_Driver/Src\stm32l4xx_hal_i2c_ex.c ****  ===============================================================================
  95:C:/Users/lenovo/Desktop/liteos/Project2/BearPi_LiteOS/targets/STM32L431_BearPi/Drivers/STM32L4xx_HAL_Driver/Src\stm32l4xx_hal_i2c_ex.c ****                       ##### Extended features functions #####
  96:C:/Users/lenovo/Desktop/liteos/Project2/BearPi_LiteOS/targets/STM32L431_BearPi/Drivers/STM32L4xx_HAL_Driver/Src\stm32l4xx_hal_i2c_ex.c ****  ===============================================================================
  97:C:/Users/lenovo/Desktop/liteos/Project2/BearPi_LiteOS/targets/STM32L431_BearPi/Drivers/STM32L4xx_HAL_Driver/Src\stm32l4xx_hal_i2c_ex.c ****     [..] This section provides functions allowing to:
  98:C:/Users/lenovo/Desktop/liteos/Project2/BearPi_LiteOS/targets/STM32L431_BearPi/Drivers/STM32L4xx_HAL_Driver/Src\stm32l4xx_hal_i2c_ex.c ****       (+) Configure Noise Filters
  99:C:/Users/lenovo/Desktop/liteos/Project2/BearPi_LiteOS/targets/STM32L431_BearPi/Drivers/STM32L4xx_HAL_Driver/Src\stm32l4xx_hal_i2c_ex.c ****       (+) Configure Wake Up Feature
 100:C:/Users/lenovo/Desktop/liteos/Project2/BearPi_LiteOS/targets/STM32L431_BearPi/Drivers/STM32L4xx_HAL_Driver/Src\stm32l4xx_hal_i2c_ex.c ****       (+) Configure Fast Mode Plus
 101:C:/Users/lenovo/Desktop/liteos/Project2/BearPi_LiteOS/targets/STM32L431_BearPi/Drivers/STM32L4xx_HAL_Driver/Src\stm32l4xx_hal_i2c_ex.c **** 
 102:C:/Users/lenovo/Desktop/liteos/Project2/BearPi_LiteOS/targets/STM32L431_BearPi/Drivers/STM32L4xx_HAL_Driver/Src\stm32l4xx_hal_i2c_ex.c **** @endverbatim
 103:C:/Users/lenovo/Desktop/liteos/Project2/BearPi_LiteOS/targets/STM32L431_BearPi/Drivers/STM32L4xx_HAL_Driver/Src\stm32l4xx_hal_i2c_ex.c ****   * @{
 104:C:/Users/lenovo/Desktop/liteos/Project2/BearPi_LiteOS/targets/STM32L431_BearPi/Drivers/STM32L4xx_HAL_Driver/Src\stm32l4xx_hal_i2c_ex.c ****   */
 105:C:/Users/lenovo/Desktop/liteos/Project2/BearPi_LiteOS/targets/STM32L431_BearPi/Drivers/STM32L4xx_HAL_Driver/Src\stm32l4xx_hal_i2c_ex.c **** 
 106:C:/Users/lenovo/Desktop/liteos/Project2/BearPi_LiteOS/targets/STM32L431_BearPi/Drivers/STM32L4xx_HAL_Driver/Src\stm32l4xx_hal_i2c_ex.c **** /**
 107:C:/Users/lenovo/Desktop/liteos/Project2/BearPi_LiteOS/targets/STM32L431_BearPi/Drivers/STM32L4xx_HAL_Driver/Src\stm32l4xx_hal_i2c_ex.c ****   * @brief  Configure I2C Analog noise filter.
 108:C:/Users/lenovo/Desktop/liteos/Project2/BearPi_LiteOS/targets/STM32L431_BearPi/Drivers/STM32L4xx_HAL_Driver/Src\stm32l4xx_hal_i2c_ex.c ****   * @param  hi2c Pointer to a I2C_HandleTypeDef structure that contains
 109:C:/Users/lenovo/Desktop/liteos/Project2/BearPi_LiteOS/targets/STM32L431_BearPi/Drivers/STM32L4xx_HAL_Driver/Src\stm32l4xx_hal_i2c_ex.c ****   *                the configuration information for the specified I2Cx peripheral.
 110:C:/Users/lenovo/Desktop/liteos/Project2/BearPi_LiteOS/targets/STM32L431_BearPi/Drivers/STM32L4xx_HAL_Driver/Src\stm32l4xx_hal_i2c_ex.c ****   * @param  AnalogFilter New state of the Analog filter.
 111:C:/Users/lenovo/Desktop/liteos/Project2/BearPi_LiteOS/targets/STM32L431_BearPi/Drivers/STM32L4xx_HAL_Driver/Src\stm32l4xx_hal_i2c_ex.c ****   * @retval HAL status
 112:C:/Users/lenovo/Desktop/liteos/Project2/BearPi_LiteOS/targets/STM32L431_BearPi/Drivers/STM32L4xx_HAL_Driver/Src\stm32l4xx_hal_i2c_ex.c ****   */
 113:C:/Users/lenovo/Desktop/liteos/Project2/BearPi_LiteOS/targets/STM32L431_BearPi/Drivers/STM32L4xx_HAL_Driver/Src\stm32l4xx_hal_i2c_ex.c **** HAL_StatusTypeDef HAL_I2CEx_ConfigAnalogFilter(I2C_HandleTypeDef *hi2c, uint32_t AnalogFilter)
 114:C:/Users/lenovo/Desktop/liteos/Project2/BearPi_LiteOS/targets/STM32L431_BearPi/Drivers/STM32L4xx_HAL_Driver/Src\stm32l4xx_hal_i2c_ex.c **** {
  28              		.loc 1 114 0
  29              		.cfi_startproc
  30              		@ args = 0, pretend = 0, frame = 0
  31              		@ frame_needed = 0, uses_anonymous_args = 0
  32              		@ link register save eliminated.
  33              	.LVL0:
 115:C:/Users/lenovo/Desktop/liteos/Project2/BearPi_LiteOS/targets/STM32L431_BearPi/Drivers/STM32L4xx_HAL_Driver/Src\stm32l4xx_hal_i2c_ex.c ****   /* Check the parameters */
 116:C:/Users/lenovo/Desktop/liteos/Project2/BearPi_LiteOS/targets/STM32L431_BearPi/Drivers/STM32L4xx_HAL_Driver/Src\stm32l4xx_hal_i2c_ex.c ****   assert_param(IS_I2C_ALL_INSTANCE(hi2c->Instance));
 117:C:/Users/lenovo/Desktop/liteos/Project2/BearPi_LiteOS/targets/STM32L431_BearPi/Drivers/STM32L4xx_HAL_Driver/Src\stm32l4xx_hal_i2c_ex.c ****   assert_param(IS_I2C_ANALOG_FILTER(AnalogFilter));
 118:C:/Users/lenovo/Desktop/liteos/Project2/BearPi_LiteOS/targets/STM32L431_BearPi/Drivers/STM32L4xx_HAL_Driver/Src\stm32l4xx_hal_i2c_ex.c **** 
 119:C:/Users/lenovo/Desktop/liteos/Project2/BearPi_LiteOS/targets/STM32L431_BearPi/Drivers/STM32L4xx_HAL_Driver/Src\stm32l4xx_hal_i2c_ex.c ****   if (hi2c->State == HAL_I2C_STATE_READY)
  34              		.loc 1 119 0
  35 0000 90F84130 		ldrb	r3, [r0, #65]	@ zero_extendqisi2
  36 0004 DBB2     		uxtb	r3, r3
  37 0006 202B     		cmp	r3, #32
  38 0008 24D1     		bne	.L3
 120:C:/Users/lenovo/Desktop/liteos/Project2/BearPi_LiteOS/targets/STM32L431_BearPi/Drivers/STM32L4xx_HAL_Driver/Src\stm32l4xx_hal_i2c_ex.c ****   {
 121:C:/Users/lenovo/Desktop/liteos/Project2/BearPi_LiteOS/targets/STM32L431_BearPi/Drivers/STM32L4xx_HAL_Driver/Src\stm32l4xx_hal_i2c_ex.c ****     /* Process Locked */
 122:C:/Users/lenovo/Desktop/liteos/Project2/BearPi_LiteOS/targets/STM32L431_BearPi/Drivers/STM32L4xx_HAL_Driver/Src\stm32l4xx_hal_i2c_ex.c ****     __HAL_LOCK(hi2c);
  39              		.loc 1 122 0
  40 000a 90F84030 		ldrb	r3, [r0, #64]	@ zero_extendqisi2
  41 000e 012B     		cmp	r3, #1
  42 0010 22D0     		beq	.L4
  43              		.loc 1 122 0 is_stmt 0 discriminator 2
  44 0012 0123     		movs	r3, #1
  45 0014 80F84030 		strb	r3, [r0, #64]
 123:C:/Users/lenovo/Desktop/liteos/Project2/BearPi_LiteOS/targets/STM32L431_BearPi/Drivers/STM32L4xx_HAL_Driver/Src\stm32l4xx_hal_i2c_ex.c **** 
 124:C:/Users/lenovo/Desktop/liteos/Project2/BearPi_LiteOS/targets/STM32L431_BearPi/Drivers/STM32L4xx_HAL_Driver/Src\stm32l4xx_hal_i2c_ex.c ****     hi2c->State = HAL_I2C_STATE_BUSY;
  46              		.loc 1 124 0 is_stmt 1 discriminator 2
  47 0018 2423     		movs	r3, #36
  48 001a 80F84130 		strb	r3, [r0, #65]
ARM GAS  c:\Users\lenovo\AppData\Local\Temp\cc2mkjNU.s 			page 4


 125:C:/Users/lenovo/Desktop/liteos/Project2/BearPi_LiteOS/targets/STM32L431_BearPi/Drivers/STM32L4xx_HAL_Driver/Src\stm32l4xx_hal_i2c_ex.c **** 
 126:C:/Users/lenovo/Desktop/liteos/Project2/BearPi_LiteOS/targets/STM32L431_BearPi/Drivers/STM32L4xx_HAL_Driver/Src\stm32l4xx_hal_i2c_ex.c ****     /* Disable the selected I2C peripheral */
 127:C:/Users/lenovo/Desktop/liteos/Project2/BearPi_LiteOS/targets/STM32L431_BearPi/Drivers/STM32L4xx_HAL_Driver/Src\stm32l4xx_hal_i2c_ex.c ****     __HAL_I2C_DISABLE(hi2c);
  49              		.loc 1 127 0 discriminator 2
  50 001e 0268     		ldr	r2, [r0]
  51 0020 1368     		ldr	r3, [r2]
  52 0022 23F00103 		bic	r3, r3, #1
  53 0026 1360     		str	r3, [r2]
 128:C:/Users/lenovo/Desktop/liteos/Project2/BearPi_LiteOS/targets/STM32L431_BearPi/Drivers/STM32L4xx_HAL_Driver/Src\stm32l4xx_hal_i2c_ex.c **** 
 129:C:/Users/lenovo/Desktop/liteos/Project2/BearPi_LiteOS/targets/STM32L431_BearPi/Drivers/STM32L4xx_HAL_Driver/Src\stm32l4xx_hal_i2c_ex.c ****     /* Reset I2Cx ANOFF bit */
 130:C:/Users/lenovo/Desktop/liteos/Project2/BearPi_LiteOS/targets/STM32L431_BearPi/Drivers/STM32L4xx_HAL_Driver/Src\stm32l4xx_hal_i2c_ex.c ****     hi2c->Instance->CR1 &= ~(I2C_CR1_ANFOFF);
  54              		.loc 1 130 0 discriminator 2
  55 0028 0268     		ldr	r2, [r0]
  56 002a 1368     		ldr	r3, [r2]
  57 002c 23F48053 		bic	r3, r3, #4096
  58 0030 1360     		str	r3, [r2]
 131:C:/Users/lenovo/Desktop/liteos/Project2/BearPi_LiteOS/targets/STM32L431_BearPi/Drivers/STM32L4xx_HAL_Driver/Src\stm32l4xx_hal_i2c_ex.c **** 
 132:C:/Users/lenovo/Desktop/liteos/Project2/BearPi_LiteOS/targets/STM32L431_BearPi/Drivers/STM32L4xx_HAL_Driver/Src\stm32l4xx_hal_i2c_ex.c ****     /* Set analog filter bit*/
 133:C:/Users/lenovo/Desktop/liteos/Project2/BearPi_LiteOS/targets/STM32L431_BearPi/Drivers/STM32L4xx_HAL_Driver/Src\stm32l4xx_hal_i2c_ex.c ****     hi2c->Instance->CR1 |= AnalogFilter;
  59              		.loc 1 133 0 discriminator 2
  60 0032 0268     		ldr	r2, [r0]
  61 0034 1368     		ldr	r3, [r2]
  62 0036 1943     		orrs	r1, r1, r3
  63              	.LVL1:
  64 0038 1160     		str	r1, [r2]
 134:C:/Users/lenovo/Desktop/liteos/Project2/BearPi_LiteOS/targets/STM32L431_BearPi/Drivers/STM32L4xx_HAL_Driver/Src\stm32l4xx_hal_i2c_ex.c **** 
 135:C:/Users/lenovo/Desktop/liteos/Project2/BearPi_LiteOS/targets/STM32L431_BearPi/Drivers/STM32L4xx_HAL_Driver/Src\stm32l4xx_hal_i2c_ex.c ****     __HAL_I2C_ENABLE(hi2c);
  65              		.loc 1 135 0 discriminator 2
  66 003a 0268     		ldr	r2, [r0]
  67 003c 1368     		ldr	r3, [r2]
  68 003e 43F00103 		orr	r3, r3, #1
  69 0042 1360     		str	r3, [r2]
 136:C:/Users/lenovo/Desktop/liteos/Project2/BearPi_LiteOS/targets/STM32L431_BearPi/Drivers/STM32L4xx_HAL_Driver/Src\stm32l4xx_hal_i2c_ex.c **** 
 137:C:/Users/lenovo/Desktop/liteos/Project2/BearPi_LiteOS/targets/STM32L431_BearPi/Drivers/STM32L4xx_HAL_Driver/Src\stm32l4xx_hal_i2c_ex.c ****     hi2c->State = HAL_I2C_STATE_READY;
  70              		.loc 1 137 0 discriminator 2
  71 0044 2023     		movs	r3, #32
  72 0046 80F84130 		strb	r3, [r0, #65]
 138:C:/Users/lenovo/Desktop/liteos/Project2/BearPi_LiteOS/targets/STM32L431_BearPi/Drivers/STM32L4xx_HAL_Driver/Src\stm32l4xx_hal_i2c_ex.c **** 
 139:C:/Users/lenovo/Desktop/liteos/Project2/BearPi_LiteOS/targets/STM32L431_BearPi/Drivers/STM32L4xx_HAL_Driver/Src\stm32l4xx_hal_i2c_ex.c ****     /* Process Unlocked */
 140:C:/Users/lenovo/Desktop/liteos/Project2/BearPi_LiteOS/targets/STM32L431_BearPi/Drivers/STM32L4xx_HAL_Driver/Src\stm32l4xx_hal_i2c_ex.c ****     __HAL_UNLOCK(hi2c);
  73              		.loc 1 140 0 discriminator 2
  74 004a 0023     		movs	r3, #0
  75 004c 80F84030 		strb	r3, [r0, #64]
 141:C:/Users/lenovo/Desktop/liteos/Project2/BearPi_LiteOS/targets/STM32L431_BearPi/Drivers/STM32L4xx_HAL_Driver/Src\stm32l4xx_hal_i2c_ex.c **** 
 142:C:/Users/lenovo/Desktop/liteos/Project2/BearPi_LiteOS/targets/STM32L431_BearPi/Drivers/STM32L4xx_HAL_Driver/Src\stm32l4xx_hal_i2c_ex.c ****     return HAL_OK;
  76              		.loc 1 142 0 discriminator 2
  77 0050 1846     		mov	r0, r3
  78              	.LVL2:
  79 0052 7047     		bx	lr
  80              	.LVL3:
  81              	.L3:
 143:C:/Users/lenovo/Desktop/liteos/Project2/BearPi_LiteOS/targets/STM32L431_BearPi/Drivers/STM32L4xx_HAL_Driver/Src\stm32l4xx_hal_i2c_ex.c ****   }
 144:C:/Users/lenovo/Desktop/liteos/Project2/BearPi_LiteOS/targets/STM32L431_BearPi/Drivers/STM32L4xx_HAL_Driver/Src\stm32l4xx_hal_i2c_ex.c ****   else
 145:C:/Users/lenovo/Desktop/liteos/Project2/BearPi_LiteOS/targets/STM32L431_BearPi/Drivers/STM32L4xx_HAL_Driver/Src\stm32l4xx_hal_i2c_ex.c ****   {
 146:C:/Users/lenovo/Desktop/liteos/Project2/BearPi_LiteOS/targets/STM32L431_BearPi/Drivers/STM32L4xx_HAL_Driver/Src\stm32l4xx_hal_i2c_ex.c ****     return HAL_BUSY;
  82              		.loc 1 146 0
  83 0054 0220     		movs	r0, #2
ARM GAS  c:\Users\lenovo\AppData\Local\Temp\cc2mkjNU.s 			page 5


  84              	.LVL4:
  85 0056 7047     		bx	lr
  86              	.LVL5:
  87              	.L4:
 122:C:/Users/lenovo/Desktop/liteos/Project2/BearPi_LiteOS/targets/STM32L431_BearPi/Drivers/STM32L4xx_HAL_Driver/Src\stm32l4xx_hal_i2c_ex.c **** 
  88              		.loc 1 122 0
  89 0058 0220     		movs	r0, #2
  90              	.LVL6:
 147:C:/Users/lenovo/Desktop/liteos/Project2/BearPi_LiteOS/targets/STM32L431_BearPi/Drivers/STM32L4xx_HAL_Driver/Src\stm32l4xx_hal_i2c_ex.c ****   }
 148:C:/Users/lenovo/Desktop/liteos/Project2/BearPi_LiteOS/targets/STM32L431_BearPi/Drivers/STM32L4xx_HAL_Driver/Src\stm32l4xx_hal_i2c_ex.c **** }
  91              		.loc 1 148 0
  92 005a 7047     		bx	lr
  93              		.cfi_endproc
  94              	.LFE133:
  96              		.section	.text.HAL_I2CEx_ConfigDigitalFilter,"ax",%progbits
  97              		.align	1
  98              		.global	HAL_I2CEx_ConfigDigitalFilter
  99              		.syntax unified
 100              		.thumb
 101              		.thumb_func
 102              		.fpu fpv4-sp-d16
 104              	HAL_I2CEx_ConfigDigitalFilter:
 105              	.LFB134:
 149:C:/Users/lenovo/Desktop/liteos/Project2/BearPi_LiteOS/targets/STM32L431_BearPi/Drivers/STM32L4xx_HAL_Driver/Src\stm32l4xx_hal_i2c_ex.c **** 
 150:C:/Users/lenovo/Desktop/liteos/Project2/BearPi_LiteOS/targets/STM32L431_BearPi/Drivers/STM32L4xx_HAL_Driver/Src\stm32l4xx_hal_i2c_ex.c **** /**
 151:C:/Users/lenovo/Desktop/liteos/Project2/BearPi_LiteOS/targets/STM32L431_BearPi/Drivers/STM32L4xx_HAL_Driver/Src\stm32l4xx_hal_i2c_ex.c ****   * @brief  Configure I2C Digital noise filter.
 152:C:/Users/lenovo/Desktop/liteos/Project2/BearPi_LiteOS/targets/STM32L431_BearPi/Drivers/STM32L4xx_HAL_Driver/Src\stm32l4xx_hal_i2c_ex.c ****   * @param  hi2c Pointer to a I2C_HandleTypeDef structure that contains
 153:C:/Users/lenovo/Desktop/liteos/Project2/BearPi_LiteOS/targets/STM32L431_BearPi/Drivers/STM32L4xx_HAL_Driver/Src\stm32l4xx_hal_i2c_ex.c ****   *                the configuration information for the specified I2Cx peripheral.
 154:C:/Users/lenovo/Desktop/liteos/Project2/BearPi_LiteOS/targets/STM32L431_BearPi/Drivers/STM32L4xx_HAL_Driver/Src\stm32l4xx_hal_i2c_ex.c ****   * @param  DigitalFilter Coefficient of digital noise filter between Min_Data=0x00 and Max_Data=0x
 155:C:/Users/lenovo/Desktop/liteos/Project2/BearPi_LiteOS/targets/STM32L431_BearPi/Drivers/STM32L4xx_HAL_Driver/Src\stm32l4xx_hal_i2c_ex.c ****   * @retval HAL status
 156:C:/Users/lenovo/Desktop/liteos/Project2/BearPi_LiteOS/targets/STM32L431_BearPi/Drivers/STM32L4xx_HAL_Driver/Src\stm32l4xx_hal_i2c_ex.c ****   */
 157:C:/Users/lenovo/Desktop/liteos/Project2/BearPi_LiteOS/targets/STM32L431_BearPi/Drivers/STM32L4xx_HAL_Driver/Src\stm32l4xx_hal_i2c_ex.c **** HAL_StatusTypeDef HAL_I2CEx_ConfigDigitalFilter(I2C_HandleTypeDef *hi2c, uint32_t DigitalFilter)
 158:C:/Users/lenovo/Desktop/liteos/Project2/BearPi_LiteOS/targets/STM32L431_BearPi/Drivers/STM32L4xx_HAL_Driver/Src\stm32l4xx_hal_i2c_ex.c **** {
 106              		.loc 1 158 0
 107              		.cfi_startproc
 108              		@ args = 0, pretend = 0, frame = 0
 109              		@ frame_needed = 0, uses_anonymous_args = 0
 110              		@ link register save eliminated.
 111              	.LVL7:
 159:C:/Users/lenovo/Desktop/liteos/Project2/BearPi_LiteOS/targets/STM32L431_BearPi/Drivers/STM32L4xx_HAL_Driver/Src\stm32l4xx_hal_i2c_ex.c ****   uint32_t tmpreg;
 160:C:/Users/lenovo/Desktop/liteos/Project2/BearPi_LiteOS/targets/STM32L431_BearPi/Drivers/STM32L4xx_HAL_Driver/Src\stm32l4xx_hal_i2c_ex.c **** 
 161:C:/Users/lenovo/Desktop/liteos/Project2/BearPi_LiteOS/targets/STM32L431_BearPi/Drivers/STM32L4xx_HAL_Driver/Src\stm32l4xx_hal_i2c_ex.c ****   /* Check the parameters */
 162:C:/Users/lenovo/Desktop/liteos/Project2/BearPi_LiteOS/targets/STM32L431_BearPi/Drivers/STM32L4xx_HAL_Driver/Src\stm32l4xx_hal_i2c_ex.c ****   assert_param(IS_I2C_ALL_INSTANCE(hi2c->Instance));
 163:C:/Users/lenovo/Desktop/liteos/Project2/BearPi_LiteOS/targets/STM32L431_BearPi/Drivers/STM32L4xx_HAL_Driver/Src\stm32l4xx_hal_i2c_ex.c ****   assert_param(IS_I2C_DIGITAL_FILTER(DigitalFilter));
 164:C:/Users/lenovo/Desktop/liteos/Project2/BearPi_LiteOS/targets/STM32L431_BearPi/Drivers/STM32L4xx_HAL_Driver/Src\stm32l4xx_hal_i2c_ex.c **** 
 165:C:/Users/lenovo/Desktop/liteos/Project2/BearPi_LiteOS/targets/STM32L431_BearPi/Drivers/STM32L4xx_HAL_Driver/Src\stm32l4xx_hal_i2c_ex.c ****   if (hi2c->State == HAL_I2C_STATE_READY)
 112              		.loc 1 165 0
 113 0000 90F84130 		ldrb	r3, [r0, #65]	@ zero_extendqisi2
 114 0004 DBB2     		uxtb	r3, r3
 115 0006 202B     		cmp	r3, #32
 116 0008 22D1     		bne	.L7
 166:C:/Users/lenovo/Desktop/liteos/Project2/BearPi_LiteOS/targets/STM32L431_BearPi/Drivers/STM32L4xx_HAL_Driver/Src\stm32l4xx_hal_i2c_ex.c ****   {
 167:C:/Users/lenovo/Desktop/liteos/Project2/BearPi_LiteOS/targets/STM32L431_BearPi/Drivers/STM32L4xx_HAL_Driver/Src\stm32l4xx_hal_i2c_ex.c ****     /* Process Locked */
 168:C:/Users/lenovo/Desktop/liteos/Project2/BearPi_LiteOS/targets/STM32L431_BearPi/Drivers/STM32L4xx_HAL_Driver/Src\stm32l4xx_hal_i2c_ex.c ****     __HAL_LOCK(hi2c);
 117              		.loc 1 168 0
 118 000a 90F84030 		ldrb	r3, [r0, #64]	@ zero_extendqisi2
 119 000e 012B     		cmp	r3, #1
ARM GAS  c:\Users\lenovo\AppData\Local\Temp\cc2mkjNU.s 			page 6


 120 0010 20D0     		beq	.L8
 121              		.loc 1 168 0 is_stmt 0 discriminator 2
 122 0012 0123     		movs	r3, #1
 123 0014 80F84030 		strb	r3, [r0, #64]
 169:C:/Users/lenovo/Desktop/liteos/Project2/BearPi_LiteOS/targets/STM32L431_BearPi/Drivers/STM32L4xx_HAL_Driver/Src\stm32l4xx_hal_i2c_ex.c **** 
 170:C:/Users/lenovo/Desktop/liteos/Project2/BearPi_LiteOS/targets/STM32L431_BearPi/Drivers/STM32L4xx_HAL_Driver/Src\stm32l4xx_hal_i2c_ex.c ****     hi2c->State = HAL_I2C_STATE_BUSY;
 124              		.loc 1 170 0 is_stmt 1 discriminator 2
 125 0018 2423     		movs	r3, #36
 126 001a 80F84130 		strb	r3, [r0, #65]
 171:C:/Users/lenovo/Desktop/liteos/Project2/BearPi_LiteOS/targets/STM32L431_BearPi/Drivers/STM32L4xx_HAL_Driver/Src\stm32l4xx_hal_i2c_ex.c **** 
 172:C:/Users/lenovo/Desktop/liteos/Project2/BearPi_LiteOS/targets/STM32L431_BearPi/Drivers/STM32L4xx_HAL_Driver/Src\stm32l4xx_hal_i2c_ex.c ****     /* Disable the selected I2C peripheral */
 173:C:/Users/lenovo/Desktop/liteos/Project2/BearPi_LiteOS/targets/STM32L431_BearPi/Drivers/STM32L4xx_HAL_Driver/Src\stm32l4xx_hal_i2c_ex.c ****     __HAL_I2C_DISABLE(hi2c);
 127              		.loc 1 173 0 discriminator 2
 128 001e 0268     		ldr	r2, [r0]
 129 0020 1368     		ldr	r3, [r2]
 130 0022 23F00103 		bic	r3, r3, #1
 131 0026 1360     		str	r3, [r2]
 174:C:/Users/lenovo/Desktop/liteos/Project2/BearPi_LiteOS/targets/STM32L431_BearPi/Drivers/STM32L4xx_HAL_Driver/Src\stm32l4xx_hal_i2c_ex.c **** 
 175:C:/Users/lenovo/Desktop/liteos/Project2/BearPi_LiteOS/targets/STM32L431_BearPi/Drivers/STM32L4xx_HAL_Driver/Src\stm32l4xx_hal_i2c_ex.c ****     /* Get the old register value */
 176:C:/Users/lenovo/Desktop/liteos/Project2/BearPi_LiteOS/targets/STM32L431_BearPi/Drivers/STM32L4xx_HAL_Driver/Src\stm32l4xx_hal_i2c_ex.c ****     tmpreg = hi2c->Instance->CR1;
 132              		.loc 1 176 0 discriminator 2
 133 0028 0268     		ldr	r2, [r0]
 134 002a 1368     		ldr	r3, [r2]
 135              	.LVL8:
 177:C:/Users/lenovo/Desktop/liteos/Project2/BearPi_LiteOS/targets/STM32L431_BearPi/Drivers/STM32L4xx_HAL_Driver/Src\stm32l4xx_hal_i2c_ex.c **** 
 178:C:/Users/lenovo/Desktop/liteos/Project2/BearPi_LiteOS/targets/STM32L431_BearPi/Drivers/STM32L4xx_HAL_Driver/Src\stm32l4xx_hal_i2c_ex.c ****     /* Reset I2Cx DNF bits [11:8] */
 179:C:/Users/lenovo/Desktop/liteos/Project2/BearPi_LiteOS/targets/STM32L431_BearPi/Drivers/STM32L4xx_HAL_Driver/Src\stm32l4xx_hal_i2c_ex.c ****     tmpreg &= ~(I2C_CR1_DNF);
 136              		.loc 1 179 0 discriminator 2
 137 002c 23F47063 		bic	r3, r3, #3840
 138              	.LVL9:
 180:C:/Users/lenovo/Desktop/liteos/Project2/BearPi_LiteOS/targets/STM32L431_BearPi/Drivers/STM32L4xx_HAL_Driver/Src\stm32l4xx_hal_i2c_ex.c **** 
 181:C:/Users/lenovo/Desktop/liteos/Project2/BearPi_LiteOS/targets/STM32L431_BearPi/Drivers/STM32L4xx_HAL_Driver/Src\stm32l4xx_hal_i2c_ex.c ****     /* Set I2Cx DNF coefficient */
 182:C:/Users/lenovo/Desktop/liteos/Project2/BearPi_LiteOS/targets/STM32L431_BearPi/Drivers/STM32L4xx_HAL_Driver/Src\stm32l4xx_hal_i2c_ex.c ****     tmpreg |= DigitalFilter << 8U;
 139              		.loc 1 182 0 discriminator 2
 140 0030 43EA0121 		orr	r1, r3, r1, lsl #8
 141              	.LVL10:
 183:C:/Users/lenovo/Desktop/liteos/Project2/BearPi_LiteOS/targets/STM32L431_BearPi/Drivers/STM32L4xx_HAL_Driver/Src\stm32l4xx_hal_i2c_ex.c **** 
 184:C:/Users/lenovo/Desktop/liteos/Project2/BearPi_LiteOS/targets/STM32L431_BearPi/Drivers/STM32L4xx_HAL_Driver/Src\stm32l4xx_hal_i2c_ex.c ****     /* Store the new register value */
 185:C:/Users/lenovo/Desktop/liteos/Project2/BearPi_LiteOS/targets/STM32L431_BearPi/Drivers/STM32L4xx_HAL_Driver/Src\stm32l4xx_hal_i2c_ex.c ****     hi2c->Instance->CR1 = tmpreg;
 142              		.loc 1 185 0 discriminator 2
 143 0034 1160     		str	r1, [r2]
 186:C:/Users/lenovo/Desktop/liteos/Project2/BearPi_LiteOS/targets/STM32L431_BearPi/Drivers/STM32L4xx_HAL_Driver/Src\stm32l4xx_hal_i2c_ex.c **** 
 187:C:/Users/lenovo/Desktop/liteos/Project2/BearPi_LiteOS/targets/STM32L431_BearPi/Drivers/STM32L4xx_HAL_Driver/Src\stm32l4xx_hal_i2c_ex.c ****     __HAL_I2C_ENABLE(hi2c);
 144              		.loc 1 187 0 discriminator 2
 145 0036 0268     		ldr	r2, [r0]
 146 0038 1368     		ldr	r3, [r2]
 147 003a 43F00103 		orr	r3, r3, #1
 148 003e 1360     		str	r3, [r2]
 188:C:/Users/lenovo/Desktop/liteos/Project2/BearPi_LiteOS/targets/STM32L431_BearPi/Drivers/STM32L4xx_HAL_Driver/Src\stm32l4xx_hal_i2c_ex.c **** 
 189:C:/Users/lenovo/Desktop/liteos/Project2/BearPi_LiteOS/targets/STM32L431_BearPi/Drivers/STM32L4xx_HAL_Driver/Src\stm32l4xx_hal_i2c_ex.c ****     hi2c->State = HAL_I2C_STATE_READY;
 149              		.loc 1 189 0 discriminator 2
 150 0040 2023     		movs	r3, #32
 151 0042 80F84130 		strb	r3, [r0, #65]
 190:C:/Users/lenovo/Desktop/liteos/Project2/BearPi_LiteOS/targets/STM32L431_BearPi/Drivers/STM32L4xx_HAL_Driver/Src\stm32l4xx_hal_i2c_ex.c **** 
 191:C:/Users/lenovo/Desktop/liteos/Project2/BearPi_LiteOS/targets/STM32L431_BearPi/Drivers/STM32L4xx_HAL_Driver/Src\stm32l4xx_hal_i2c_ex.c ****     /* Process Unlocked */
 192:C:/Users/lenovo/Desktop/liteos/Project2/BearPi_LiteOS/targets/STM32L431_BearPi/Drivers/STM32L4xx_HAL_Driver/Src\stm32l4xx_hal_i2c_ex.c ****     __HAL_UNLOCK(hi2c);
 152              		.loc 1 192 0 discriminator 2
ARM GAS  c:\Users\lenovo\AppData\Local\Temp\cc2mkjNU.s 			page 7


 153 0046 0023     		movs	r3, #0
 154 0048 80F84030 		strb	r3, [r0, #64]
 193:C:/Users/lenovo/Desktop/liteos/Project2/BearPi_LiteOS/targets/STM32L431_BearPi/Drivers/STM32L4xx_HAL_Driver/Src\stm32l4xx_hal_i2c_ex.c **** 
 194:C:/Users/lenovo/Desktop/liteos/Project2/BearPi_LiteOS/targets/STM32L431_BearPi/Drivers/STM32L4xx_HAL_Driver/Src\stm32l4xx_hal_i2c_ex.c ****     return HAL_OK;
 155              		.loc 1 194 0 discriminator 2
 156 004c 1846     		mov	r0, r3
 157              	.LVL11:
 158 004e 7047     		bx	lr
 159              	.LVL12:
 160              	.L7:
 195:C:/Users/lenovo/Desktop/liteos/Project2/BearPi_LiteOS/targets/STM32L431_BearPi/Drivers/STM32L4xx_HAL_Driver/Src\stm32l4xx_hal_i2c_ex.c ****   }
 196:C:/Users/lenovo/Desktop/liteos/Project2/BearPi_LiteOS/targets/STM32L431_BearPi/Drivers/STM32L4xx_HAL_Driver/Src\stm32l4xx_hal_i2c_ex.c ****   else
 197:C:/Users/lenovo/Desktop/liteos/Project2/BearPi_LiteOS/targets/STM32L431_BearPi/Drivers/STM32L4xx_HAL_Driver/Src\stm32l4xx_hal_i2c_ex.c ****   {
 198:C:/Users/lenovo/Desktop/liteos/Project2/BearPi_LiteOS/targets/STM32L431_BearPi/Drivers/STM32L4xx_HAL_Driver/Src\stm32l4xx_hal_i2c_ex.c ****     return HAL_BUSY;
 161              		.loc 1 198 0
 162 0050 0220     		movs	r0, #2
 163              	.LVL13:
 164 0052 7047     		bx	lr
 165              	.LVL14:
 166              	.L8:
 168:C:/Users/lenovo/Desktop/liteos/Project2/BearPi_LiteOS/targets/STM32L431_BearPi/Drivers/STM32L4xx_HAL_Driver/Src\stm32l4xx_hal_i2c_ex.c **** 
 167              		.loc 1 168 0
 168 0054 0220     		movs	r0, #2
 169              	.LVL15:
 199:C:/Users/lenovo/Desktop/liteos/Project2/BearPi_LiteOS/targets/STM32L431_BearPi/Drivers/STM32L4xx_HAL_Driver/Src\stm32l4xx_hal_i2c_ex.c ****   }
 200:C:/Users/lenovo/Desktop/liteos/Project2/BearPi_LiteOS/targets/STM32L431_BearPi/Drivers/STM32L4xx_HAL_Driver/Src\stm32l4xx_hal_i2c_ex.c **** }
 170              		.loc 1 200 0
 171 0056 7047     		bx	lr
 172              		.cfi_endproc
 173              	.LFE134:
 175              		.section	.text.HAL_I2CEx_EnableWakeUp,"ax",%progbits
 176              		.align	1
 177              		.global	HAL_I2CEx_EnableWakeUp
 178              		.syntax unified
 179              		.thumb
 180              		.thumb_func
 181              		.fpu fpv4-sp-d16
 183              	HAL_I2CEx_EnableWakeUp:
 184              	.LFB135:
 201:C:/Users/lenovo/Desktop/liteos/Project2/BearPi_LiteOS/targets/STM32L431_BearPi/Drivers/STM32L4xx_HAL_Driver/Src\stm32l4xx_hal_i2c_ex.c **** 
 202:C:/Users/lenovo/Desktop/liteos/Project2/BearPi_LiteOS/targets/STM32L431_BearPi/Drivers/STM32L4xx_HAL_Driver/Src\stm32l4xx_hal_i2c_ex.c **** /**
 203:C:/Users/lenovo/Desktop/liteos/Project2/BearPi_LiteOS/targets/STM32L431_BearPi/Drivers/STM32L4xx_HAL_Driver/Src\stm32l4xx_hal_i2c_ex.c ****   * @brief  Enable I2C wakeup from Stop mode(s).
 204:C:/Users/lenovo/Desktop/liteos/Project2/BearPi_LiteOS/targets/STM32L431_BearPi/Drivers/STM32L4xx_HAL_Driver/Src\stm32l4xx_hal_i2c_ex.c ****   * @param  hi2c Pointer to a I2C_HandleTypeDef structure that contains
 205:C:/Users/lenovo/Desktop/liteos/Project2/BearPi_LiteOS/targets/STM32L431_BearPi/Drivers/STM32L4xx_HAL_Driver/Src\stm32l4xx_hal_i2c_ex.c ****   *                the configuration information for the specified I2Cx peripheral.
 206:C:/Users/lenovo/Desktop/liteos/Project2/BearPi_LiteOS/targets/STM32L431_BearPi/Drivers/STM32L4xx_HAL_Driver/Src\stm32l4xx_hal_i2c_ex.c ****   * @retval HAL status
 207:C:/Users/lenovo/Desktop/liteos/Project2/BearPi_LiteOS/targets/STM32L431_BearPi/Drivers/STM32L4xx_HAL_Driver/Src\stm32l4xx_hal_i2c_ex.c ****   */
 208:C:/Users/lenovo/Desktop/liteos/Project2/BearPi_LiteOS/targets/STM32L431_BearPi/Drivers/STM32L4xx_HAL_Driver/Src\stm32l4xx_hal_i2c_ex.c **** HAL_StatusTypeDef HAL_I2CEx_EnableWakeUp(I2C_HandleTypeDef *hi2c)
 209:C:/Users/lenovo/Desktop/liteos/Project2/BearPi_LiteOS/targets/STM32L431_BearPi/Drivers/STM32L4xx_HAL_Driver/Src\stm32l4xx_hal_i2c_ex.c **** {
 185              		.loc 1 209 0
 186              		.cfi_startproc
 187              		@ args = 0, pretend = 0, frame = 0
 188              		@ frame_needed = 0, uses_anonymous_args = 0
 189              		@ link register save eliminated.
 190              	.LVL16:
 210:C:/Users/lenovo/Desktop/liteos/Project2/BearPi_LiteOS/targets/STM32L431_BearPi/Drivers/STM32L4xx_HAL_Driver/Src\stm32l4xx_hal_i2c_ex.c ****   /* Check the parameters */
 211:C:/Users/lenovo/Desktop/liteos/Project2/BearPi_LiteOS/targets/STM32L431_BearPi/Drivers/STM32L4xx_HAL_Driver/Src\stm32l4xx_hal_i2c_ex.c ****   assert_param(IS_I2C_WAKEUP_FROMSTOP_INSTANCE(hi2c->Instance));
 212:C:/Users/lenovo/Desktop/liteos/Project2/BearPi_LiteOS/targets/STM32L431_BearPi/Drivers/STM32L4xx_HAL_Driver/Src\stm32l4xx_hal_i2c_ex.c **** 
ARM GAS  c:\Users\lenovo\AppData\Local\Temp\cc2mkjNU.s 			page 8


 213:C:/Users/lenovo/Desktop/liteos/Project2/BearPi_LiteOS/targets/STM32L431_BearPi/Drivers/STM32L4xx_HAL_Driver/Src\stm32l4xx_hal_i2c_ex.c ****   if (hi2c->State == HAL_I2C_STATE_READY)
 191              		.loc 1 213 0
 192 0000 90F84130 		ldrb	r3, [r0, #65]	@ zero_extendqisi2
 193 0004 DBB2     		uxtb	r3, r3
 194 0006 202B     		cmp	r3, #32
 195 0008 20D1     		bne	.L11
 214:C:/Users/lenovo/Desktop/liteos/Project2/BearPi_LiteOS/targets/STM32L431_BearPi/Drivers/STM32L4xx_HAL_Driver/Src\stm32l4xx_hal_i2c_ex.c ****   {
 215:C:/Users/lenovo/Desktop/liteos/Project2/BearPi_LiteOS/targets/STM32L431_BearPi/Drivers/STM32L4xx_HAL_Driver/Src\stm32l4xx_hal_i2c_ex.c ****     /* Process Locked */
 216:C:/Users/lenovo/Desktop/liteos/Project2/BearPi_LiteOS/targets/STM32L431_BearPi/Drivers/STM32L4xx_HAL_Driver/Src\stm32l4xx_hal_i2c_ex.c ****     __HAL_LOCK(hi2c);
 196              		.loc 1 216 0
 197 000a 90F84030 		ldrb	r3, [r0, #64]	@ zero_extendqisi2
 198 000e 012B     		cmp	r3, #1
 199 0010 1ED0     		beq	.L12
 200              		.loc 1 216 0 is_stmt 0 discriminator 2
 201 0012 0123     		movs	r3, #1
 202 0014 80F84030 		strb	r3, [r0, #64]
 217:C:/Users/lenovo/Desktop/liteos/Project2/BearPi_LiteOS/targets/STM32L431_BearPi/Drivers/STM32L4xx_HAL_Driver/Src\stm32l4xx_hal_i2c_ex.c **** 
 218:C:/Users/lenovo/Desktop/liteos/Project2/BearPi_LiteOS/targets/STM32L431_BearPi/Drivers/STM32L4xx_HAL_Driver/Src\stm32l4xx_hal_i2c_ex.c ****     hi2c->State = HAL_I2C_STATE_BUSY;
 203              		.loc 1 218 0 is_stmt 1 discriminator 2
 204 0018 2423     		movs	r3, #36
 205 001a 80F84130 		strb	r3, [r0, #65]
 219:C:/Users/lenovo/Desktop/liteos/Project2/BearPi_LiteOS/targets/STM32L431_BearPi/Drivers/STM32L4xx_HAL_Driver/Src\stm32l4xx_hal_i2c_ex.c **** 
 220:C:/Users/lenovo/Desktop/liteos/Project2/BearPi_LiteOS/targets/STM32L431_BearPi/Drivers/STM32L4xx_HAL_Driver/Src\stm32l4xx_hal_i2c_ex.c ****     /* Disable the selected I2C peripheral */
 221:C:/Users/lenovo/Desktop/liteos/Project2/BearPi_LiteOS/targets/STM32L431_BearPi/Drivers/STM32L4xx_HAL_Driver/Src\stm32l4xx_hal_i2c_ex.c ****     __HAL_I2C_DISABLE(hi2c);
 206              		.loc 1 221 0 discriminator 2
 207 001e 0268     		ldr	r2, [r0]
 208 0020 1368     		ldr	r3, [r2]
 209 0022 23F00103 		bic	r3, r3, #1
 210 0026 1360     		str	r3, [r2]
 222:C:/Users/lenovo/Desktop/liteos/Project2/BearPi_LiteOS/targets/STM32L431_BearPi/Drivers/STM32L4xx_HAL_Driver/Src\stm32l4xx_hal_i2c_ex.c **** 
 223:C:/Users/lenovo/Desktop/liteos/Project2/BearPi_LiteOS/targets/STM32L431_BearPi/Drivers/STM32L4xx_HAL_Driver/Src\stm32l4xx_hal_i2c_ex.c ****     /* Enable wakeup from stop mode */
 224:C:/Users/lenovo/Desktop/liteos/Project2/BearPi_LiteOS/targets/STM32L431_BearPi/Drivers/STM32L4xx_HAL_Driver/Src\stm32l4xx_hal_i2c_ex.c ****     hi2c->Instance->CR1 |= I2C_CR1_WUPEN;
 211              		.loc 1 224 0 discriminator 2
 212 0028 0268     		ldr	r2, [r0]
 213 002a 1368     		ldr	r3, [r2]
 214 002c 43F48023 		orr	r3, r3, #262144
 215 0030 1360     		str	r3, [r2]
 225:C:/Users/lenovo/Desktop/liteos/Project2/BearPi_LiteOS/targets/STM32L431_BearPi/Drivers/STM32L4xx_HAL_Driver/Src\stm32l4xx_hal_i2c_ex.c **** 
 226:C:/Users/lenovo/Desktop/liteos/Project2/BearPi_LiteOS/targets/STM32L431_BearPi/Drivers/STM32L4xx_HAL_Driver/Src\stm32l4xx_hal_i2c_ex.c ****     __HAL_I2C_ENABLE(hi2c);
 216              		.loc 1 226 0 discriminator 2
 217 0032 0268     		ldr	r2, [r0]
 218 0034 1368     		ldr	r3, [r2]
 219 0036 43F00103 		orr	r3, r3, #1
 220 003a 1360     		str	r3, [r2]
 227:C:/Users/lenovo/Desktop/liteos/Project2/BearPi_LiteOS/targets/STM32L431_BearPi/Drivers/STM32L4xx_HAL_Driver/Src\stm32l4xx_hal_i2c_ex.c **** 
 228:C:/Users/lenovo/Desktop/liteos/Project2/BearPi_LiteOS/targets/STM32L431_BearPi/Drivers/STM32L4xx_HAL_Driver/Src\stm32l4xx_hal_i2c_ex.c ****     hi2c->State = HAL_I2C_STATE_READY;
 221              		.loc 1 228 0 discriminator 2
 222 003c 2023     		movs	r3, #32
 223 003e 80F84130 		strb	r3, [r0, #65]
 229:C:/Users/lenovo/Desktop/liteos/Project2/BearPi_LiteOS/targets/STM32L431_BearPi/Drivers/STM32L4xx_HAL_Driver/Src\stm32l4xx_hal_i2c_ex.c **** 
 230:C:/Users/lenovo/Desktop/liteos/Project2/BearPi_LiteOS/targets/STM32L431_BearPi/Drivers/STM32L4xx_HAL_Driver/Src\stm32l4xx_hal_i2c_ex.c ****     /* Process Unlocked */
 231:C:/Users/lenovo/Desktop/liteos/Project2/BearPi_LiteOS/targets/STM32L431_BearPi/Drivers/STM32L4xx_HAL_Driver/Src\stm32l4xx_hal_i2c_ex.c ****     __HAL_UNLOCK(hi2c);
 224              		.loc 1 231 0 discriminator 2
 225 0042 0023     		movs	r3, #0
 226 0044 80F84030 		strb	r3, [r0, #64]
 232:C:/Users/lenovo/Desktop/liteos/Project2/BearPi_LiteOS/targets/STM32L431_BearPi/Drivers/STM32L4xx_HAL_Driver/Src\stm32l4xx_hal_i2c_ex.c **** 
 233:C:/Users/lenovo/Desktop/liteos/Project2/BearPi_LiteOS/targets/STM32L431_BearPi/Drivers/STM32L4xx_HAL_Driver/Src\stm32l4xx_hal_i2c_ex.c ****     return HAL_OK;
ARM GAS  c:\Users\lenovo\AppData\Local\Temp\cc2mkjNU.s 			page 9


 227              		.loc 1 233 0 discriminator 2
 228 0048 1846     		mov	r0, r3
 229              	.LVL17:
 230 004a 7047     		bx	lr
 231              	.LVL18:
 232              	.L11:
 234:C:/Users/lenovo/Desktop/liteos/Project2/BearPi_LiteOS/targets/STM32L431_BearPi/Drivers/STM32L4xx_HAL_Driver/Src\stm32l4xx_hal_i2c_ex.c ****   }
 235:C:/Users/lenovo/Desktop/liteos/Project2/BearPi_LiteOS/targets/STM32L431_BearPi/Drivers/STM32L4xx_HAL_Driver/Src\stm32l4xx_hal_i2c_ex.c ****   else
 236:C:/Users/lenovo/Desktop/liteos/Project2/BearPi_LiteOS/targets/STM32L431_BearPi/Drivers/STM32L4xx_HAL_Driver/Src\stm32l4xx_hal_i2c_ex.c ****   {
 237:C:/Users/lenovo/Desktop/liteos/Project2/BearPi_LiteOS/targets/STM32L431_BearPi/Drivers/STM32L4xx_HAL_Driver/Src\stm32l4xx_hal_i2c_ex.c ****     return HAL_BUSY;
 233              		.loc 1 237 0
 234 004c 0220     		movs	r0, #2
 235              	.LVL19:
 236 004e 7047     		bx	lr
 237              	.LVL20:
 238              	.L12:
 216:C:/Users/lenovo/Desktop/liteos/Project2/BearPi_LiteOS/targets/STM32L431_BearPi/Drivers/STM32L4xx_HAL_Driver/Src\stm32l4xx_hal_i2c_ex.c **** 
 239              		.loc 1 216 0
 240 0050 0220     		movs	r0, #2
 241              	.LVL21:
 238:C:/Users/lenovo/Desktop/liteos/Project2/BearPi_LiteOS/targets/STM32L431_BearPi/Drivers/STM32L4xx_HAL_Driver/Src\stm32l4xx_hal_i2c_ex.c ****   }
 239:C:/Users/lenovo/Desktop/liteos/Project2/BearPi_LiteOS/targets/STM32L431_BearPi/Drivers/STM32L4xx_HAL_Driver/Src\stm32l4xx_hal_i2c_ex.c **** }
 242              		.loc 1 239 0
 243 0052 7047     		bx	lr
 244              		.cfi_endproc
 245              	.LFE135:
 247              		.section	.text.HAL_I2CEx_DisableWakeUp,"ax",%progbits
 248              		.align	1
 249              		.global	HAL_I2CEx_DisableWakeUp
 250              		.syntax unified
 251              		.thumb
 252              		.thumb_func
 253              		.fpu fpv4-sp-d16
 255              	HAL_I2CEx_DisableWakeUp:
 256              	.LFB136:
 240:C:/Users/lenovo/Desktop/liteos/Project2/BearPi_LiteOS/targets/STM32L431_BearPi/Drivers/STM32L4xx_HAL_Driver/Src\stm32l4xx_hal_i2c_ex.c **** 
 241:C:/Users/lenovo/Desktop/liteos/Project2/BearPi_LiteOS/targets/STM32L431_BearPi/Drivers/STM32L4xx_HAL_Driver/Src\stm32l4xx_hal_i2c_ex.c **** /**
 242:C:/Users/lenovo/Desktop/liteos/Project2/BearPi_LiteOS/targets/STM32L431_BearPi/Drivers/STM32L4xx_HAL_Driver/Src\stm32l4xx_hal_i2c_ex.c ****   * @brief  Disable I2C wakeup from Stop mode(s).
 243:C:/Users/lenovo/Desktop/liteos/Project2/BearPi_LiteOS/targets/STM32L431_BearPi/Drivers/STM32L4xx_HAL_Driver/Src\stm32l4xx_hal_i2c_ex.c ****   * @param  hi2c Pointer to a I2C_HandleTypeDef structure that contains
 244:C:/Users/lenovo/Desktop/liteos/Project2/BearPi_LiteOS/targets/STM32L431_BearPi/Drivers/STM32L4xx_HAL_Driver/Src\stm32l4xx_hal_i2c_ex.c ****   *                the configuration information for the specified I2Cx peripheral.
 245:C:/Users/lenovo/Desktop/liteos/Project2/BearPi_LiteOS/targets/STM32L431_BearPi/Drivers/STM32L4xx_HAL_Driver/Src\stm32l4xx_hal_i2c_ex.c ****   * @retval HAL status
 246:C:/Users/lenovo/Desktop/liteos/Project2/BearPi_LiteOS/targets/STM32L431_BearPi/Drivers/STM32L4xx_HAL_Driver/Src\stm32l4xx_hal_i2c_ex.c ****   */
 247:C:/Users/lenovo/Desktop/liteos/Project2/BearPi_LiteOS/targets/STM32L431_BearPi/Drivers/STM32L4xx_HAL_Driver/Src\stm32l4xx_hal_i2c_ex.c **** HAL_StatusTypeDef HAL_I2CEx_DisableWakeUp(I2C_HandleTypeDef *hi2c)
 248:C:/Users/lenovo/Desktop/liteos/Project2/BearPi_LiteOS/targets/STM32L431_BearPi/Drivers/STM32L4xx_HAL_Driver/Src\stm32l4xx_hal_i2c_ex.c **** {
 257              		.loc 1 248 0
 258              		.cfi_startproc
 259              		@ args = 0, pretend = 0, frame = 0
 260              		@ frame_needed = 0, uses_anonymous_args = 0
 261              		@ link register save eliminated.
 262              	.LVL22:
 249:C:/Users/lenovo/Desktop/liteos/Project2/BearPi_LiteOS/targets/STM32L431_BearPi/Drivers/STM32L4xx_HAL_Driver/Src\stm32l4xx_hal_i2c_ex.c ****   /* Check the parameters */
 250:C:/Users/lenovo/Desktop/liteos/Project2/BearPi_LiteOS/targets/STM32L431_BearPi/Drivers/STM32L4xx_HAL_Driver/Src\stm32l4xx_hal_i2c_ex.c ****   assert_param(IS_I2C_WAKEUP_FROMSTOP_INSTANCE(hi2c->Instance));
 251:C:/Users/lenovo/Desktop/liteos/Project2/BearPi_LiteOS/targets/STM32L431_BearPi/Drivers/STM32L4xx_HAL_Driver/Src\stm32l4xx_hal_i2c_ex.c **** 
 252:C:/Users/lenovo/Desktop/liteos/Project2/BearPi_LiteOS/targets/STM32L431_BearPi/Drivers/STM32L4xx_HAL_Driver/Src\stm32l4xx_hal_i2c_ex.c ****   if (hi2c->State == HAL_I2C_STATE_READY)
 263              		.loc 1 252 0
 264 0000 90F84130 		ldrb	r3, [r0, #65]	@ zero_extendqisi2
 265 0004 DBB2     		uxtb	r3, r3
ARM GAS  c:\Users\lenovo\AppData\Local\Temp\cc2mkjNU.s 			page 10


 266 0006 202B     		cmp	r3, #32
 267 0008 20D1     		bne	.L15
 253:C:/Users/lenovo/Desktop/liteos/Project2/BearPi_LiteOS/targets/STM32L431_BearPi/Drivers/STM32L4xx_HAL_Driver/Src\stm32l4xx_hal_i2c_ex.c ****   {
 254:C:/Users/lenovo/Desktop/liteos/Project2/BearPi_LiteOS/targets/STM32L431_BearPi/Drivers/STM32L4xx_HAL_Driver/Src\stm32l4xx_hal_i2c_ex.c ****     /* Process Locked */
 255:C:/Users/lenovo/Desktop/liteos/Project2/BearPi_LiteOS/targets/STM32L431_BearPi/Drivers/STM32L4xx_HAL_Driver/Src\stm32l4xx_hal_i2c_ex.c ****     __HAL_LOCK(hi2c);
 268              		.loc 1 255 0
 269 000a 90F84030 		ldrb	r3, [r0, #64]	@ zero_extendqisi2
 270 000e 012B     		cmp	r3, #1
 271 0010 1ED0     		beq	.L16
 272              		.loc 1 255 0 is_stmt 0 discriminator 2
 273 0012 0123     		movs	r3, #1
 274 0014 80F84030 		strb	r3, [r0, #64]
 256:C:/Users/lenovo/Desktop/liteos/Project2/BearPi_LiteOS/targets/STM32L431_BearPi/Drivers/STM32L4xx_HAL_Driver/Src\stm32l4xx_hal_i2c_ex.c **** 
 257:C:/Users/lenovo/Desktop/liteos/Project2/BearPi_LiteOS/targets/STM32L431_BearPi/Drivers/STM32L4xx_HAL_Driver/Src\stm32l4xx_hal_i2c_ex.c ****     hi2c->State = HAL_I2C_STATE_BUSY;
 275              		.loc 1 257 0 is_stmt 1 discriminator 2
 276 0018 2423     		movs	r3, #36
 277 001a 80F84130 		strb	r3, [r0, #65]
 258:C:/Users/lenovo/Desktop/liteos/Project2/BearPi_LiteOS/targets/STM32L431_BearPi/Drivers/STM32L4xx_HAL_Driver/Src\stm32l4xx_hal_i2c_ex.c **** 
 259:C:/Users/lenovo/Desktop/liteos/Project2/BearPi_LiteOS/targets/STM32L431_BearPi/Drivers/STM32L4xx_HAL_Driver/Src\stm32l4xx_hal_i2c_ex.c ****     /* Disable the selected I2C peripheral */
 260:C:/Users/lenovo/Desktop/liteos/Project2/BearPi_LiteOS/targets/STM32L431_BearPi/Drivers/STM32L4xx_HAL_Driver/Src\stm32l4xx_hal_i2c_ex.c ****     __HAL_I2C_DISABLE(hi2c);
 278              		.loc 1 260 0 discriminator 2
 279 001e 0268     		ldr	r2, [r0]
 280 0020 1368     		ldr	r3, [r2]
 281 0022 23F00103 		bic	r3, r3, #1
 282 0026 1360     		str	r3, [r2]
 261:C:/Users/lenovo/Desktop/liteos/Project2/BearPi_LiteOS/targets/STM32L431_BearPi/Drivers/STM32L4xx_HAL_Driver/Src\stm32l4xx_hal_i2c_ex.c **** 
 262:C:/Users/lenovo/Desktop/liteos/Project2/BearPi_LiteOS/targets/STM32L431_BearPi/Drivers/STM32L4xx_HAL_Driver/Src\stm32l4xx_hal_i2c_ex.c ****     /* Enable wakeup from stop mode */
 263:C:/Users/lenovo/Desktop/liteos/Project2/BearPi_LiteOS/targets/STM32L431_BearPi/Drivers/STM32L4xx_HAL_Driver/Src\stm32l4xx_hal_i2c_ex.c ****     hi2c->Instance->CR1 &= ~(I2C_CR1_WUPEN);
 283              		.loc 1 263 0 discriminator 2
 284 0028 0268     		ldr	r2, [r0]
 285 002a 1368     		ldr	r3, [r2]
 286 002c 23F48023 		bic	r3, r3, #262144
 287 0030 1360     		str	r3, [r2]
 264:C:/Users/lenovo/Desktop/liteos/Project2/BearPi_LiteOS/targets/STM32L431_BearPi/Drivers/STM32L4xx_HAL_Driver/Src\stm32l4xx_hal_i2c_ex.c **** 
 265:C:/Users/lenovo/Desktop/liteos/Project2/BearPi_LiteOS/targets/STM32L431_BearPi/Drivers/STM32L4xx_HAL_Driver/Src\stm32l4xx_hal_i2c_ex.c ****     __HAL_I2C_ENABLE(hi2c);
 288              		.loc 1 265 0 discriminator 2
 289 0032 0268     		ldr	r2, [r0]
 290 0034 1368     		ldr	r3, [r2]
 291 0036 43F00103 		orr	r3, r3, #1
 292 003a 1360     		str	r3, [r2]
 266:C:/Users/lenovo/Desktop/liteos/Project2/BearPi_LiteOS/targets/STM32L431_BearPi/Drivers/STM32L4xx_HAL_Driver/Src\stm32l4xx_hal_i2c_ex.c **** 
 267:C:/Users/lenovo/Desktop/liteos/Project2/BearPi_LiteOS/targets/STM32L431_BearPi/Drivers/STM32L4xx_HAL_Driver/Src\stm32l4xx_hal_i2c_ex.c ****     hi2c->State = HAL_I2C_STATE_READY;
 293              		.loc 1 267 0 discriminator 2
 294 003c 2023     		movs	r3, #32
 295 003e 80F84130 		strb	r3, [r0, #65]
 268:C:/Users/lenovo/Desktop/liteos/Project2/BearPi_LiteOS/targets/STM32L431_BearPi/Drivers/STM32L4xx_HAL_Driver/Src\stm32l4xx_hal_i2c_ex.c **** 
 269:C:/Users/lenovo/Desktop/liteos/Project2/BearPi_LiteOS/targets/STM32L431_BearPi/Drivers/STM32L4xx_HAL_Driver/Src\stm32l4xx_hal_i2c_ex.c ****     /* Process Unlocked */
 270:C:/Users/lenovo/Desktop/liteos/Project2/BearPi_LiteOS/targets/STM32L431_BearPi/Drivers/STM32L4xx_HAL_Driver/Src\stm32l4xx_hal_i2c_ex.c ****     __HAL_UNLOCK(hi2c);
 296              		.loc 1 270 0 discriminator 2
 297 0042 0023     		movs	r3, #0
 298 0044 80F84030 		strb	r3, [r0, #64]
 271:C:/Users/lenovo/Desktop/liteos/Project2/BearPi_LiteOS/targets/STM32L431_BearPi/Drivers/STM32L4xx_HAL_Driver/Src\stm32l4xx_hal_i2c_ex.c **** 
 272:C:/Users/lenovo/Desktop/liteos/Project2/BearPi_LiteOS/targets/STM32L431_BearPi/Drivers/STM32L4xx_HAL_Driver/Src\stm32l4xx_hal_i2c_ex.c ****     return HAL_OK;
 299              		.loc 1 272 0 discriminator 2
 300 0048 1846     		mov	r0, r3
 301              	.LVL23:
 302 004a 7047     		bx	lr
ARM GAS  c:\Users\lenovo\AppData\Local\Temp\cc2mkjNU.s 			page 11


 303              	.LVL24:
 304              	.L15:
 273:C:/Users/lenovo/Desktop/liteos/Project2/BearPi_LiteOS/targets/STM32L431_BearPi/Drivers/STM32L4xx_HAL_Driver/Src\stm32l4xx_hal_i2c_ex.c ****   }
 274:C:/Users/lenovo/Desktop/liteos/Project2/BearPi_LiteOS/targets/STM32L431_BearPi/Drivers/STM32L4xx_HAL_Driver/Src\stm32l4xx_hal_i2c_ex.c ****   else
 275:C:/Users/lenovo/Desktop/liteos/Project2/BearPi_LiteOS/targets/STM32L431_BearPi/Drivers/STM32L4xx_HAL_Driver/Src\stm32l4xx_hal_i2c_ex.c ****   {
 276:C:/Users/lenovo/Desktop/liteos/Project2/BearPi_LiteOS/targets/STM32L431_BearPi/Drivers/STM32L4xx_HAL_Driver/Src\stm32l4xx_hal_i2c_ex.c ****     return HAL_BUSY;
 305              		.loc 1 276 0
 306 004c 0220     		movs	r0, #2
 307              	.LVL25:
 308 004e 7047     		bx	lr
 309              	.LVL26:
 310              	.L16:
 255:C:/Users/lenovo/Desktop/liteos/Project2/BearPi_LiteOS/targets/STM32L431_BearPi/Drivers/STM32L4xx_HAL_Driver/Src\stm32l4xx_hal_i2c_ex.c **** 
 311              		.loc 1 255 0
 312 0050 0220     		movs	r0, #2
 313              	.LVL27:
 277:C:/Users/lenovo/Desktop/liteos/Project2/BearPi_LiteOS/targets/STM32L431_BearPi/Drivers/STM32L4xx_HAL_Driver/Src\stm32l4xx_hal_i2c_ex.c ****   }
 278:C:/Users/lenovo/Desktop/liteos/Project2/BearPi_LiteOS/targets/STM32L431_BearPi/Drivers/STM32L4xx_HAL_Driver/Src\stm32l4xx_hal_i2c_ex.c **** }
 314              		.loc 1 278 0
 315 0052 7047     		bx	lr
 316              		.cfi_endproc
 317              	.LFE136:
 319              		.section	.text.HAL_I2CEx_EnableFastModePlus,"ax",%progbits
 320              		.align	1
 321              		.global	HAL_I2CEx_EnableFastModePlus
 322              		.syntax unified
 323              		.thumb
 324              		.thumb_func
 325              		.fpu fpv4-sp-d16
 327              	HAL_I2CEx_EnableFastModePlus:
 328              	.LFB137:
 279:C:/Users/lenovo/Desktop/liteos/Project2/BearPi_LiteOS/targets/STM32L431_BearPi/Drivers/STM32L4xx_HAL_Driver/Src\stm32l4xx_hal_i2c_ex.c **** 
 280:C:/Users/lenovo/Desktop/liteos/Project2/BearPi_LiteOS/targets/STM32L431_BearPi/Drivers/STM32L4xx_HAL_Driver/Src\stm32l4xx_hal_i2c_ex.c **** /**
 281:C:/Users/lenovo/Desktop/liteos/Project2/BearPi_LiteOS/targets/STM32L431_BearPi/Drivers/STM32L4xx_HAL_Driver/Src\stm32l4xx_hal_i2c_ex.c ****   * @brief Enable the I2C fast mode plus driving capability.
 282:C:/Users/lenovo/Desktop/liteos/Project2/BearPi_LiteOS/targets/STM32L431_BearPi/Drivers/STM32L4xx_HAL_Driver/Src\stm32l4xx_hal_i2c_ex.c ****   * @param ConfigFastModePlus Selects the pin.
 283:C:/Users/lenovo/Desktop/liteos/Project2/BearPi_LiteOS/targets/STM32L431_BearPi/Drivers/STM32L4xx_HAL_Driver/Src\stm32l4xx_hal_i2c_ex.c ****   *   This parameter can be one of the @ref I2CEx_FastModePlus values
 284:C:/Users/lenovo/Desktop/liteos/Project2/BearPi_LiteOS/targets/STM32L431_BearPi/Drivers/STM32L4xx_HAL_Driver/Src\stm32l4xx_hal_i2c_ex.c ****   * @note  For I2C1, fast mode plus driving capability can be enabled on all selected
 285:C:/Users/lenovo/Desktop/liteos/Project2/BearPi_LiteOS/targets/STM32L431_BearPi/Drivers/STM32L4xx_HAL_Driver/Src\stm32l4xx_hal_i2c_ex.c ****   *        I2C1 pins using I2C_FASTMODEPLUS_I2C1 parameter or independently
 286:C:/Users/lenovo/Desktop/liteos/Project2/BearPi_LiteOS/targets/STM32L431_BearPi/Drivers/STM32L4xx_HAL_Driver/Src\stm32l4xx_hal_i2c_ex.c ****   *        on each one of the following pins PB6, PB7, PB8 and PB9.
 287:C:/Users/lenovo/Desktop/liteos/Project2/BearPi_LiteOS/targets/STM32L431_BearPi/Drivers/STM32L4xx_HAL_Driver/Src\stm32l4xx_hal_i2c_ex.c ****   * @note  For remaining I2C1 pins (PA14, PA15...) fast mode plus driving capability
 288:C:/Users/lenovo/Desktop/liteos/Project2/BearPi_LiteOS/targets/STM32L431_BearPi/Drivers/STM32L4xx_HAL_Driver/Src\stm32l4xx_hal_i2c_ex.c ****   *        can be enabled only by using I2C_FASTMODEPLUS_I2C1 parameter.
 289:C:/Users/lenovo/Desktop/liteos/Project2/BearPi_LiteOS/targets/STM32L431_BearPi/Drivers/STM32L4xx_HAL_Driver/Src\stm32l4xx_hal_i2c_ex.c ****   * @note  For all I2C2 pins fast mode plus driving capability can be enabled
 290:C:/Users/lenovo/Desktop/liteos/Project2/BearPi_LiteOS/targets/STM32L431_BearPi/Drivers/STM32L4xx_HAL_Driver/Src\stm32l4xx_hal_i2c_ex.c ****   *        only by using I2C_FASTMODEPLUS_I2C2 parameter.
 291:C:/Users/lenovo/Desktop/liteos/Project2/BearPi_LiteOS/targets/STM32L431_BearPi/Drivers/STM32L4xx_HAL_Driver/Src\stm32l4xx_hal_i2c_ex.c ****   * @note  For all I2C3 pins fast mode plus driving capability can be enabled
 292:C:/Users/lenovo/Desktop/liteos/Project2/BearPi_LiteOS/targets/STM32L431_BearPi/Drivers/STM32L4xx_HAL_Driver/Src\stm32l4xx_hal_i2c_ex.c ****   *        only by using I2C_FASTMODEPLUS_I2C3 parameter.
 293:C:/Users/lenovo/Desktop/liteos/Project2/BearPi_LiteOS/targets/STM32L431_BearPi/Drivers/STM32L4xx_HAL_Driver/Src\stm32l4xx_hal_i2c_ex.c ****   * @note  For all I2C4 pins fast mode plus driving capability can be enabled
 294:C:/Users/lenovo/Desktop/liteos/Project2/BearPi_LiteOS/targets/STM32L431_BearPi/Drivers/STM32L4xx_HAL_Driver/Src\stm32l4xx_hal_i2c_ex.c ****   *        only by using I2C_FASTMODEPLUS_I2C4 parameter.
 295:C:/Users/lenovo/Desktop/liteos/Project2/BearPi_LiteOS/targets/STM32L431_BearPi/Drivers/STM32L4xx_HAL_Driver/Src\stm32l4xx_hal_i2c_ex.c ****   * @retval None
 296:C:/Users/lenovo/Desktop/liteos/Project2/BearPi_LiteOS/targets/STM32L431_BearPi/Drivers/STM32L4xx_HAL_Driver/Src\stm32l4xx_hal_i2c_ex.c ****   */
 297:C:/Users/lenovo/Desktop/liteos/Project2/BearPi_LiteOS/targets/STM32L431_BearPi/Drivers/STM32L4xx_HAL_Driver/Src\stm32l4xx_hal_i2c_ex.c **** void HAL_I2CEx_EnableFastModePlus(uint32_t ConfigFastModePlus)
 298:C:/Users/lenovo/Desktop/liteos/Project2/BearPi_LiteOS/targets/STM32L431_BearPi/Drivers/STM32L4xx_HAL_Driver/Src\stm32l4xx_hal_i2c_ex.c **** {
 329              		.loc 1 298 0
 330              		.cfi_startproc
 331              		@ args = 0, pretend = 0, frame = 8
 332              		@ frame_needed = 0, uses_anonymous_args = 0
 333              		@ link register save eliminated.
 334              	.LVL28:
ARM GAS  c:\Users\lenovo\AppData\Local\Temp\cc2mkjNU.s 			page 12


 335 0000 82B0     		sub	sp, sp, #8
 336              	.LCFI0:
 337              		.cfi_def_cfa_offset 8
 338              	.LBB2:
 299:C:/Users/lenovo/Desktop/liteos/Project2/BearPi_LiteOS/targets/STM32L431_BearPi/Drivers/STM32L4xx_HAL_Driver/Src\stm32l4xx_hal_i2c_ex.c ****   /* Check the parameter */
 300:C:/Users/lenovo/Desktop/liteos/Project2/BearPi_LiteOS/targets/STM32L431_BearPi/Drivers/STM32L4xx_HAL_Driver/Src\stm32l4xx_hal_i2c_ex.c ****   assert_param(IS_I2C_FASTMODEPLUS(ConfigFastModePlus));
 301:C:/Users/lenovo/Desktop/liteos/Project2/BearPi_LiteOS/targets/STM32L431_BearPi/Drivers/STM32L4xx_HAL_Driver/Src\stm32l4xx_hal_i2c_ex.c **** 
 302:C:/Users/lenovo/Desktop/liteos/Project2/BearPi_LiteOS/targets/STM32L431_BearPi/Drivers/STM32L4xx_HAL_Driver/Src\stm32l4xx_hal_i2c_ex.c ****   /* Enable SYSCFG clock */
 303:C:/Users/lenovo/Desktop/liteos/Project2/BearPi_LiteOS/targets/STM32L431_BearPi/Drivers/STM32L4xx_HAL_Driver/Src\stm32l4xx_hal_i2c_ex.c ****   __HAL_RCC_SYSCFG_CLK_ENABLE();
 339              		.loc 1 303 0
 340 0002 084B     		ldr	r3, .L19
 341 0004 1A6E     		ldr	r2, [r3, #96]
 342 0006 42F00102 		orr	r2, r2, #1
 343 000a 1A66     		str	r2, [r3, #96]
 344 000c 1B6E     		ldr	r3, [r3, #96]
 345 000e 03F00103 		and	r3, r3, #1
 346 0012 0193     		str	r3, [sp, #4]
 347 0014 019B     		ldr	r3, [sp, #4]
 348              	.LBE2:
 304:C:/Users/lenovo/Desktop/liteos/Project2/BearPi_LiteOS/targets/STM32L431_BearPi/Drivers/STM32L4xx_HAL_Driver/Src\stm32l4xx_hal_i2c_ex.c **** 
 305:C:/Users/lenovo/Desktop/liteos/Project2/BearPi_LiteOS/targets/STM32L431_BearPi/Drivers/STM32L4xx_HAL_Driver/Src\stm32l4xx_hal_i2c_ex.c ****   /* Enable fast mode plus driving capability for selected pin */
 306:C:/Users/lenovo/Desktop/liteos/Project2/BearPi_LiteOS/targets/STM32L431_BearPi/Drivers/STM32L4xx_HAL_Driver/Src\stm32l4xx_hal_i2c_ex.c ****   SET_BIT(SYSCFG->CFGR1, (uint32_t)ConfigFastModePlus);
 349              		.loc 1 306 0
 350 0016 044A     		ldr	r2, .L19+4
 351 0018 5368     		ldr	r3, [r2, #4]
 352 001a 1843     		orrs	r0, r0, r3
 353              	.LVL29:
 354 001c 5060     		str	r0, [r2, #4]
 307:C:/Users/lenovo/Desktop/liteos/Project2/BearPi_LiteOS/targets/STM32L431_BearPi/Drivers/STM32L4xx_HAL_Driver/Src\stm32l4xx_hal_i2c_ex.c **** }
 355              		.loc 1 307 0
 356 001e 02B0     		add	sp, sp, #8
 357              	.LCFI1:
 358              		.cfi_def_cfa_offset 0
 359              		@ sp needed
 360 0020 7047     		bx	lr
 361              	.L20:
 362 0022 00BF     		.align	2
 363              	.L19:
 364 0024 00100240 		.word	1073876992
 365 0028 00000140 		.word	1073807360
 366              		.cfi_endproc
 367              	.LFE137:
 369              		.section	.text.HAL_I2CEx_DisableFastModePlus,"ax",%progbits
 370              		.align	1
 371              		.global	HAL_I2CEx_DisableFastModePlus
 372              		.syntax unified
 373              		.thumb
 374              		.thumb_func
 375              		.fpu fpv4-sp-d16
 377              	HAL_I2CEx_DisableFastModePlus:
 378              	.LFB138:
 308:C:/Users/lenovo/Desktop/liteos/Project2/BearPi_LiteOS/targets/STM32L431_BearPi/Drivers/STM32L4xx_HAL_Driver/Src\stm32l4xx_hal_i2c_ex.c **** 
 309:C:/Users/lenovo/Desktop/liteos/Project2/BearPi_LiteOS/targets/STM32L431_BearPi/Drivers/STM32L4xx_HAL_Driver/Src\stm32l4xx_hal_i2c_ex.c **** /**
 310:C:/Users/lenovo/Desktop/liteos/Project2/BearPi_LiteOS/targets/STM32L431_BearPi/Drivers/STM32L4xx_HAL_Driver/Src\stm32l4xx_hal_i2c_ex.c ****   * @brief Disable the I2C fast mode plus driving capability.
 311:C:/Users/lenovo/Desktop/liteos/Project2/BearPi_LiteOS/targets/STM32L431_BearPi/Drivers/STM32L4xx_HAL_Driver/Src\stm32l4xx_hal_i2c_ex.c ****   * @param ConfigFastModePlus Selects the pin.
 312:C:/Users/lenovo/Desktop/liteos/Project2/BearPi_LiteOS/targets/STM32L431_BearPi/Drivers/STM32L4xx_HAL_Driver/Src\stm32l4xx_hal_i2c_ex.c ****   *   This parameter can be one of the @ref I2CEx_FastModePlus values
 313:C:/Users/lenovo/Desktop/liteos/Project2/BearPi_LiteOS/targets/STM32L431_BearPi/Drivers/STM32L4xx_HAL_Driver/Src\stm32l4xx_hal_i2c_ex.c ****   * @note  For I2C1, fast mode plus driving capability can be disabled on all selected
ARM GAS  c:\Users\lenovo\AppData\Local\Temp\cc2mkjNU.s 			page 13


 314:C:/Users/lenovo/Desktop/liteos/Project2/BearPi_LiteOS/targets/STM32L431_BearPi/Drivers/STM32L4xx_HAL_Driver/Src\stm32l4xx_hal_i2c_ex.c ****   *        I2C1 pins using I2C_FASTMODEPLUS_I2C1 parameter or independently
 315:C:/Users/lenovo/Desktop/liteos/Project2/BearPi_LiteOS/targets/STM32L431_BearPi/Drivers/STM32L4xx_HAL_Driver/Src\stm32l4xx_hal_i2c_ex.c ****   *        on each one of the following pins PB6, PB7, PB8 and PB9.
 316:C:/Users/lenovo/Desktop/liteos/Project2/BearPi_LiteOS/targets/STM32L431_BearPi/Drivers/STM32L4xx_HAL_Driver/Src\stm32l4xx_hal_i2c_ex.c ****   * @note  For remaining I2C1 pins (PA14, PA15...) fast mode plus driving capability
 317:C:/Users/lenovo/Desktop/liteos/Project2/BearPi_LiteOS/targets/STM32L431_BearPi/Drivers/STM32L4xx_HAL_Driver/Src\stm32l4xx_hal_i2c_ex.c ****   *        can be disabled only by using I2C_FASTMODEPLUS_I2C1 parameter.
 318:C:/Users/lenovo/Desktop/liteos/Project2/BearPi_LiteOS/targets/STM32L431_BearPi/Drivers/STM32L4xx_HAL_Driver/Src\stm32l4xx_hal_i2c_ex.c ****   * @note  For all I2C2 pins fast mode plus driving capability can be disabled
 319:C:/Users/lenovo/Desktop/liteos/Project2/BearPi_LiteOS/targets/STM32L431_BearPi/Drivers/STM32L4xx_HAL_Driver/Src\stm32l4xx_hal_i2c_ex.c ****   *        only by using I2C_FASTMODEPLUS_I2C2 parameter.
 320:C:/Users/lenovo/Desktop/liteos/Project2/BearPi_LiteOS/targets/STM32L431_BearPi/Drivers/STM32L4xx_HAL_Driver/Src\stm32l4xx_hal_i2c_ex.c ****   * @note  For all I2C3 pins fast mode plus driving capability can be disabled
 321:C:/Users/lenovo/Desktop/liteos/Project2/BearPi_LiteOS/targets/STM32L431_BearPi/Drivers/STM32L4xx_HAL_Driver/Src\stm32l4xx_hal_i2c_ex.c ****   *        only by using I2C_FASTMODEPLUS_I2C3 parameter.
 322:C:/Users/lenovo/Desktop/liteos/Project2/BearPi_LiteOS/targets/STM32L431_BearPi/Drivers/STM32L4xx_HAL_Driver/Src\stm32l4xx_hal_i2c_ex.c ****   * @note  For all I2C4 pins fast mode plus driving capability can be disabled
 323:C:/Users/lenovo/Desktop/liteos/Project2/BearPi_LiteOS/targets/STM32L431_BearPi/Drivers/STM32L4xx_HAL_Driver/Src\stm32l4xx_hal_i2c_ex.c ****   *        only by using I2C_FASTMODEPLUS_I2C4 parameter.
 324:C:/Users/lenovo/Desktop/liteos/Project2/BearPi_LiteOS/targets/STM32L431_BearPi/Drivers/STM32L4xx_HAL_Driver/Src\stm32l4xx_hal_i2c_ex.c ****   * @retval None
 325:C:/Users/lenovo/Desktop/liteos/Project2/BearPi_LiteOS/targets/STM32L431_BearPi/Drivers/STM32L4xx_HAL_Driver/Src\stm32l4xx_hal_i2c_ex.c ****   */
 326:C:/Users/lenovo/Desktop/liteos/Project2/BearPi_LiteOS/targets/STM32L431_BearPi/Drivers/STM32L4xx_HAL_Driver/Src\stm32l4xx_hal_i2c_ex.c **** void HAL_I2CEx_DisableFastModePlus(uint32_t ConfigFastModePlus)
 327:C:/Users/lenovo/Desktop/liteos/Project2/BearPi_LiteOS/targets/STM32L431_BearPi/Drivers/STM32L4xx_HAL_Driver/Src\stm32l4xx_hal_i2c_ex.c **** {
 379              		.loc 1 327 0
 380              		.cfi_startproc
 381              		@ args = 0, pretend = 0, frame = 8
 382              		@ frame_needed = 0, uses_anonymous_args = 0
 383              		@ link register save eliminated.
 384              	.LVL30:
 385 0000 82B0     		sub	sp, sp, #8
 386              	.LCFI2:
 387              		.cfi_def_cfa_offset 8
 388              	.LBB3:
 328:C:/Users/lenovo/Desktop/liteos/Project2/BearPi_LiteOS/targets/STM32L431_BearPi/Drivers/STM32L4xx_HAL_Driver/Src\stm32l4xx_hal_i2c_ex.c ****   /* Check the parameter */
 329:C:/Users/lenovo/Desktop/liteos/Project2/BearPi_LiteOS/targets/STM32L431_BearPi/Drivers/STM32L4xx_HAL_Driver/Src\stm32l4xx_hal_i2c_ex.c ****   assert_param(IS_I2C_FASTMODEPLUS(ConfigFastModePlus));
 330:C:/Users/lenovo/Desktop/liteos/Project2/BearPi_LiteOS/targets/STM32L431_BearPi/Drivers/STM32L4xx_HAL_Driver/Src\stm32l4xx_hal_i2c_ex.c **** 
 331:C:/Users/lenovo/Desktop/liteos/Project2/BearPi_LiteOS/targets/STM32L431_BearPi/Drivers/STM32L4xx_HAL_Driver/Src\stm32l4xx_hal_i2c_ex.c ****   /* Enable SYSCFG clock */
 332:C:/Users/lenovo/Desktop/liteos/Project2/BearPi_LiteOS/targets/STM32L431_BearPi/Drivers/STM32L4xx_HAL_Driver/Src\stm32l4xx_hal_i2c_ex.c ****   __HAL_RCC_SYSCFG_CLK_ENABLE();
 389              		.loc 1 332 0
 390 0002 084B     		ldr	r3, .L23
 391 0004 1A6E     		ldr	r2, [r3, #96]
 392 0006 42F00102 		orr	r2, r2, #1
 393 000a 1A66     		str	r2, [r3, #96]
 394 000c 1B6E     		ldr	r3, [r3, #96]
 395 000e 03F00103 		and	r3, r3, #1
 396 0012 0193     		str	r3, [sp, #4]
 397 0014 019B     		ldr	r3, [sp, #4]
 398              	.LBE3:
 333:C:/Users/lenovo/Desktop/liteos/Project2/BearPi_LiteOS/targets/STM32L431_BearPi/Drivers/STM32L4xx_HAL_Driver/Src\stm32l4xx_hal_i2c_ex.c **** 
 334:C:/Users/lenovo/Desktop/liteos/Project2/BearPi_LiteOS/targets/STM32L431_BearPi/Drivers/STM32L4xx_HAL_Driver/Src\stm32l4xx_hal_i2c_ex.c ****   /* Disable fast mode plus driving capability for selected pin */
 335:C:/Users/lenovo/Desktop/liteos/Project2/BearPi_LiteOS/targets/STM32L431_BearPi/Drivers/STM32L4xx_HAL_Driver/Src\stm32l4xx_hal_i2c_ex.c ****   CLEAR_BIT(SYSCFG->CFGR1, (uint32_t)ConfigFastModePlus);
 399              		.loc 1 335 0
 400 0016 044A     		ldr	r2, .L23+4
 401 0018 5368     		ldr	r3, [r2, #4]
 402 001a 23EA0000 		bic	r0, r3, r0
 403              	.LVL31:
 404 001e 5060     		str	r0, [r2, #4]
 336:C:/Users/lenovo/Desktop/liteos/Project2/BearPi_LiteOS/targets/STM32L431_BearPi/Drivers/STM32L4xx_HAL_Driver/Src\stm32l4xx_hal_i2c_ex.c **** }
 405              		.loc 1 336 0
 406 0020 02B0     		add	sp, sp, #8
 407              	.LCFI3:
 408              		.cfi_def_cfa_offset 0
 409              		@ sp needed
 410 0022 7047     		bx	lr
 411              	.L24:
 412              		.align	2
ARM GAS  c:\Users\lenovo\AppData\Local\Temp\cc2mkjNU.s 			page 14


 413              	.L23:
 414 0024 00100240 		.word	1073876992
 415 0028 00000140 		.word	1073807360
 416              		.cfi_endproc
 417              	.LFE138:
 419              		.text
 420              	.Letext0:
 421              		.file 2 "c:\\program files (x86)\\liteos studio\\resources\\arm-none-eabi\\arm-none-eabi\\include\
 422              		.file 3 "c:\\program files (x86)\\liteos studio\\resources\\arm-none-eabi\\arm-none-eabi\\include\
 423              		.file 4 "c:\\program files (x86)\\liteos studio\\resources\\arm-none-eabi\\arm-none-eabi\\include\
 424              		.file 5 "c:\\program files (x86)\\liteos studio\\resources\\arm-none-eabi\\lib\\gcc\\arm-none-eabi
 425              		.file 6 "c:\\program files (x86)\\liteos studio\\resources\\arm-none-eabi\\arm-none-eabi\\include\
 426              		.file 7 "C:/Users/lenovo/Desktop/liteos/Project2/BearPi_LiteOS/kernel/include/los_typedef.h"
 427              		.file 8 "c:\\program files (x86)\\liteos studio\\resources\\arm-none-eabi\\arm-none-eabi\\include\
 428              		.file 9 "C:/Users/lenovo/Desktop/liteos/Project2/BearPi_LiteOS/arch/arm/common/cmsis/core_cm4.h"
 429              		.file 10 "C:/Users/lenovo/Desktop/liteos/Project2/BearPi_LiteOS/targets/STM32L431_BearPi/Inc/syste
 430              		.file 11 "C:/Users/lenovo/Desktop/liteos/Project2/BearPi_LiteOS/targets/STM32L431_BearPi/Inc/stm32
 431              		.file 12 "C:/Users/lenovo/Desktop/liteos/Project2/BearPi_LiteOS/targets/STM32L431_BearPi/OS_CONFIG
 432              		.file 13 "C:/Users/lenovo/Desktop/liteos/Project2/BearPi_LiteOS/kernel/include/los_config.h"
 433              		.file 14 "C:/Users/lenovo/Desktop/liteos/Project2/BearPi_LiteOS/kernel/include/los_list.h"
 434              		.file 15 "C:/Users/lenovo/Desktop/liteos/Project2/BearPi_LiteOS/kernel/include/los_err.h"
 435              		.file 16 "C:/Users/lenovo/Desktop/liteos/Project2/BearPi_LiteOS/arch/arm/arm-m/include/los_hwi.h"
 436              		.file 17 "C:/Users/lenovo/Desktop/liteos/Project2/BearPi_LiteOS/kernel/include/los_tick.h"
 437              		.file 18 "C:/Users/lenovo/Desktop/liteos/Project2/BearPi_LiteOS/kernel/include/los_event.h"
 438              		.file 19 "C:/Users/lenovo/Desktop/liteos/Project2/BearPi_LiteOS/kernel/include/los_task.h"
 439              		.file 20 "C:/Users/lenovo/Desktop/liteos/Project2/BearPi_LiteOS/kernel/base/include/los_task.ph"
 440              		.file 21 "C:/Users/lenovo/Desktop/liteos/Project2/BearPi_LiteOS/targets/STM32L431_BearPi/Inc/main.
 441              		.file 22 "C:/Users/lenovo/Desktop/liteos/Project2/BearPi_LiteOS/targets/STM32L431_BearPi/Drivers/S
 442              		.file 23 "C:/Users/lenovo/Desktop/liteos/Project2/BearPi_LiteOS/targets/STM32L431_BearPi/Drivers/S
 443              		.file 24 "C:/Users/lenovo/Desktop/liteos/Project2/BearPi_LiteOS/targets/STM32L431_BearPi/Drivers/S
ARM GAS  c:\Users\lenovo\AppData\Local\Temp\cc2mkjNU.s 			page 15


DEFINED SYMBOLS
                            *ABS*:00000000 stm32l4xx_hal_i2c_ex.c
c:\Users\lenovo\AppData\Local\Temp\cc2mkjNU.s:18     .text.HAL_I2CEx_ConfigAnalogFilter:00000000 $t
c:\Users\lenovo\AppData\Local\Temp\cc2mkjNU.s:25     .text.HAL_I2CEx_ConfigAnalogFilter:00000000 HAL_I2CEx_ConfigAnalogFilter
c:\Users\lenovo\AppData\Local\Temp\cc2mkjNU.s:97     .text.HAL_I2CEx_ConfigDigitalFilter:00000000 $t
c:\Users\lenovo\AppData\Local\Temp\cc2mkjNU.s:104    .text.HAL_I2CEx_ConfigDigitalFilter:00000000 HAL_I2CEx_ConfigDigitalFilter
c:\Users\lenovo\AppData\Local\Temp\cc2mkjNU.s:176    .text.HAL_I2CEx_EnableWakeUp:00000000 $t
c:\Users\lenovo\AppData\Local\Temp\cc2mkjNU.s:183    .text.HAL_I2CEx_EnableWakeUp:00000000 HAL_I2CEx_EnableWakeUp
c:\Users\lenovo\AppData\Local\Temp\cc2mkjNU.s:248    .text.HAL_I2CEx_DisableWakeUp:00000000 $t
c:\Users\lenovo\AppData\Local\Temp\cc2mkjNU.s:255    .text.HAL_I2CEx_DisableWakeUp:00000000 HAL_I2CEx_DisableWakeUp
c:\Users\lenovo\AppData\Local\Temp\cc2mkjNU.s:320    .text.HAL_I2CEx_EnableFastModePlus:00000000 $t
c:\Users\lenovo\AppData\Local\Temp\cc2mkjNU.s:327    .text.HAL_I2CEx_EnableFastModePlus:00000000 HAL_I2CEx_EnableFastModePlus
c:\Users\lenovo\AppData\Local\Temp\cc2mkjNU.s:364    .text.HAL_I2CEx_EnableFastModePlus:00000024 $d
c:\Users\lenovo\AppData\Local\Temp\cc2mkjNU.s:370    .text.HAL_I2CEx_DisableFastModePlus:00000000 $t
c:\Users\lenovo\AppData\Local\Temp\cc2mkjNU.s:377    .text.HAL_I2CEx_DisableFastModePlus:00000000 HAL_I2CEx_DisableFastModePlus
c:\Users\lenovo\AppData\Local\Temp\cc2mkjNU.s:414    .text.HAL_I2CEx_DisableFastModePlus:00000024 $d

NO UNDEFINED SYMBOLS
