ARM GAS  c:\Users\lenovo\AppData\Local\Temp\ccQiIasW.s 			page 1


   1              		.cpu cortex-m4
   2              		.eabi_attribute 27, 1
   3              		.eabi_attribute 28, 1
   4              		.eabi_attribute 20, 1
   5              		.eabi_attribute 21, 1
   6              		.eabi_attribute 23, 3
   7              		.eabi_attribute 24, 1
   8              		.eabi_attribute 25, 1
   9              		.eabi_attribute 26, 1
  10              		.eabi_attribute 30, 1
  11              		.eabi_attribute 34, 1
  12              		.eabi_attribute 18, 4
  13              		.file	"system_stm32l4xx.c"
  14              		.text
  15              	.Ltext0:
  16              		.cfi_sections	.debug_frame
  17              		.section	.text.SystemInit,"ax",%progbits
  18              		.align	1
  19              		.global	SystemInit
  20              		.syntax unified
  21              		.thumb
  22              		.thumb_func
  23              		.fpu fpv4-sp-d16
  25              	SystemInit:
  26              	.LFB133:
  27              		.file 1 "C:/Users/lenovo/Desktop/liteos/Project2/BearPi_LiteOS/targets/STM32L431_BearPi/Src/system
   1:C:/Users/lenovo/Desktop/liteos/Project2/BearPi_LiteOS/targets/STM32L431_BearPi/Src\system_stm32l4xx.c **** /**
   2:C:/Users/lenovo/Desktop/liteos/Project2/BearPi_LiteOS/targets/STM32L431_BearPi/Src\system_stm32l4xx.c ****   ******************************************************************************
   3:C:/Users/lenovo/Desktop/liteos/Project2/BearPi_LiteOS/targets/STM32L431_BearPi/Src\system_stm32l4xx.c ****   * @file    system_stm32l4xx.c
   4:C:/Users/lenovo/Desktop/liteos/Project2/BearPi_LiteOS/targets/STM32L431_BearPi/Src\system_stm32l4xx.c ****   * @author  MCD Application Team
   5:C:/Users/lenovo/Desktop/liteos/Project2/BearPi_LiteOS/targets/STM32L431_BearPi/Src\system_stm32l4xx.c ****   * @brief   CMSIS Cortex-M4 Device Peripheral Access Layer System Source File
   6:C:/Users/lenovo/Desktop/liteos/Project2/BearPi_LiteOS/targets/STM32L431_BearPi/Src\system_stm32l4xx.c ****   *
   7:C:/Users/lenovo/Desktop/liteos/Project2/BearPi_LiteOS/targets/STM32L431_BearPi/Src\system_stm32l4xx.c ****   *   This file provides two functions and one global variable to be called from
   8:C:/Users/lenovo/Desktop/liteos/Project2/BearPi_LiteOS/targets/STM32L431_BearPi/Src\system_stm32l4xx.c ****   *   user application:
   9:C:/Users/lenovo/Desktop/liteos/Project2/BearPi_LiteOS/targets/STM32L431_BearPi/Src\system_stm32l4xx.c ****   *      - SystemInit(): This function is called at startup just after reset and
  10:C:/Users/lenovo/Desktop/liteos/Project2/BearPi_LiteOS/targets/STM32L431_BearPi/Src\system_stm32l4xx.c ****   *                      before branch to main program. This call is made inside
  11:C:/Users/lenovo/Desktop/liteos/Project2/BearPi_LiteOS/targets/STM32L431_BearPi/Src\system_stm32l4xx.c ****   *                      the "startup_stm32l4xx.s" file.
  12:C:/Users/lenovo/Desktop/liteos/Project2/BearPi_LiteOS/targets/STM32L431_BearPi/Src\system_stm32l4xx.c ****   *
  13:C:/Users/lenovo/Desktop/liteos/Project2/BearPi_LiteOS/targets/STM32L431_BearPi/Src\system_stm32l4xx.c ****   *      - SystemCoreClock variable: Contains the core clock (HCLK), it can be used
  14:C:/Users/lenovo/Desktop/liteos/Project2/BearPi_LiteOS/targets/STM32L431_BearPi/Src\system_stm32l4xx.c ****   *                                  by the user application to setup the SysTick
  15:C:/Users/lenovo/Desktop/liteos/Project2/BearPi_LiteOS/targets/STM32L431_BearPi/Src\system_stm32l4xx.c ****   *                                  timer or configure other parameters.
  16:C:/Users/lenovo/Desktop/liteos/Project2/BearPi_LiteOS/targets/STM32L431_BearPi/Src\system_stm32l4xx.c ****   *
  17:C:/Users/lenovo/Desktop/liteos/Project2/BearPi_LiteOS/targets/STM32L431_BearPi/Src\system_stm32l4xx.c ****   *      - SystemCoreClockUpdate(): Updates the variable SystemCoreClock and must
  18:C:/Users/lenovo/Desktop/liteos/Project2/BearPi_LiteOS/targets/STM32L431_BearPi/Src\system_stm32l4xx.c ****   *                                 be called whenever the core clock is changed
  19:C:/Users/lenovo/Desktop/liteos/Project2/BearPi_LiteOS/targets/STM32L431_BearPi/Src\system_stm32l4xx.c ****   *                                 during program execution.
  20:C:/Users/lenovo/Desktop/liteos/Project2/BearPi_LiteOS/targets/STM32L431_BearPi/Src\system_stm32l4xx.c ****   *
  21:C:/Users/lenovo/Desktop/liteos/Project2/BearPi_LiteOS/targets/STM32L431_BearPi/Src\system_stm32l4xx.c ****   *   After each device reset the MSI (4 MHz) is used as system clock source.
  22:C:/Users/lenovo/Desktop/liteos/Project2/BearPi_LiteOS/targets/STM32L431_BearPi/Src\system_stm32l4xx.c ****   *   Then SystemInit() function is called, in "startup_stm32l4xx.s" file, to
  23:C:/Users/lenovo/Desktop/liteos/Project2/BearPi_LiteOS/targets/STM32L431_BearPi/Src\system_stm32l4xx.c ****   *   configure the system clock before to branch to main program.
  24:C:/Users/lenovo/Desktop/liteos/Project2/BearPi_LiteOS/targets/STM32L431_BearPi/Src\system_stm32l4xx.c ****   *
  25:C:/Users/lenovo/Desktop/liteos/Project2/BearPi_LiteOS/targets/STM32L431_BearPi/Src\system_stm32l4xx.c ****   *   This file configures the system clock as follows:
  26:C:/Users/lenovo/Desktop/liteos/Project2/BearPi_LiteOS/targets/STM32L431_BearPi/Src\system_stm32l4xx.c ****   *=============================================================================
  27:C:/Users/lenovo/Desktop/liteos/Project2/BearPi_LiteOS/targets/STM32L431_BearPi/Src\system_stm32l4xx.c ****   *-----------------------------------------------------------------------------
  28:C:/Users/lenovo/Desktop/liteos/Project2/BearPi_LiteOS/targets/STM32L431_BearPi/Src\system_stm32l4xx.c ****   *        System Clock source                    | MSI
  29:C:/Users/lenovo/Desktop/liteos/Project2/BearPi_LiteOS/targets/STM32L431_BearPi/Src\system_stm32l4xx.c ****   *-----------------------------------------------------------------------------
  30:C:/Users/lenovo/Desktop/liteos/Project2/BearPi_LiteOS/targets/STM32L431_BearPi/Src\system_stm32l4xx.c ****   *        SYSCLK(Hz)                             | 4000000
  31:C:/Users/lenovo/Desktop/liteos/Project2/BearPi_LiteOS/targets/STM32L431_BearPi/Src\system_stm32l4xx.c ****   *-----------------------------------------------------------------------------
ARM GAS  c:\Users\lenovo\AppData\Local\Temp\ccQiIasW.s 			page 2


  32:C:/Users/lenovo/Desktop/liteos/Project2/BearPi_LiteOS/targets/STM32L431_BearPi/Src\system_stm32l4xx.c ****   *        HCLK(Hz)                               | 4000000
  33:C:/Users/lenovo/Desktop/liteos/Project2/BearPi_LiteOS/targets/STM32L431_BearPi/Src\system_stm32l4xx.c ****   *-----------------------------------------------------------------------------
  34:C:/Users/lenovo/Desktop/liteos/Project2/BearPi_LiteOS/targets/STM32L431_BearPi/Src\system_stm32l4xx.c ****   *        AHB Prescaler                          | 1
  35:C:/Users/lenovo/Desktop/liteos/Project2/BearPi_LiteOS/targets/STM32L431_BearPi/Src\system_stm32l4xx.c ****   *-----------------------------------------------------------------------------
  36:C:/Users/lenovo/Desktop/liteos/Project2/BearPi_LiteOS/targets/STM32L431_BearPi/Src\system_stm32l4xx.c ****   *        APB1 Prescaler                         | 1
  37:C:/Users/lenovo/Desktop/liteos/Project2/BearPi_LiteOS/targets/STM32L431_BearPi/Src\system_stm32l4xx.c ****   *-----------------------------------------------------------------------------
  38:C:/Users/lenovo/Desktop/liteos/Project2/BearPi_LiteOS/targets/STM32L431_BearPi/Src\system_stm32l4xx.c ****   *        APB2 Prescaler                         | 1
  39:C:/Users/lenovo/Desktop/liteos/Project2/BearPi_LiteOS/targets/STM32L431_BearPi/Src\system_stm32l4xx.c ****   *-----------------------------------------------------------------------------
  40:C:/Users/lenovo/Desktop/liteos/Project2/BearPi_LiteOS/targets/STM32L431_BearPi/Src\system_stm32l4xx.c ****   *        PLL_M                                  | 1
  41:C:/Users/lenovo/Desktop/liteos/Project2/BearPi_LiteOS/targets/STM32L431_BearPi/Src\system_stm32l4xx.c ****   *-----------------------------------------------------------------------------
  42:C:/Users/lenovo/Desktop/liteos/Project2/BearPi_LiteOS/targets/STM32L431_BearPi/Src\system_stm32l4xx.c ****   *        PLL_N                                  | 8
  43:C:/Users/lenovo/Desktop/liteos/Project2/BearPi_LiteOS/targets/STM32L431_BearPi/Src\system_stm32l4xx.c ****   *-----------------------------------------------------------------------------
  44:C:/Users/lenovo/Desktop/liteos/Project2/BearPi_LiteOS/targets/STM32L431_BearPi/Src\system_stm32l4xx.c ****   *        PLL_P                                  | 7
  45:C:/Users/lenovo/Desktop/liteos/Project2/BearPi_LiteOS/targets/STM32L431_BearPi/Src\system_stm32l4xx.c ****   *-----------------------------------------------------------------------------
  46:C:/Users/lenovo/Desktop/liteos/Project2/BearPi_LiteOS/targets/STM32L431_BearPi/Src\system_stm32l4xx.c ****   *        PLL_Q                                  | 2
  47:C:/Users/lenovo/Desktop/liteos/Project2/BearPi_LiteOS/targets/STM32L431_BearPi/Src\system_stm32l4xx.c ****   *-----------------------------------------------------------------------------
  48:C:/Users/lenovo/Desktop/liteos/Project2/BearPi_LiteOS/targets/STM32L431_BearPi/Src\system_stm32l4xx.c ****   *        PLL_R                                  | 2
  49:C:/Users/lenovo/Desktop/liteos/Project2/BearPi_LiteOS/targets/STM32L431_BearPi/Src\system_stm32l4xx.c ****   *-----------------------------------------------------------------------------
  50:C:/Users/lenovo/Desktop/liteos/Project2/BearPi_LiteOS/targets/STM32L431_BearPi/Src\system_stm32l4xx.c ****   *        PLLSAI1_P                              | NA
  51:C:/Users/lenovo/Desktop/liteos/Project2/BearPi_LiteOS/targets/STM32L431_BearPi/Src\system_stm32l4xx.c ****   *-----------------------------------------------------------------------------
  52:C:/Users/lenovo/Desktop/liteos/Project2/BearPi_LiteOS/targets/STM32L431_BearPi/Src\system_stm32l4xx.c ****   *        PLLSAI1_Q                              | NA
  53:C:/Users/lenovo/Desktop/liteos/Project2/BearPi_LiteOS/targets/STM32L431_BearPi/Src\system_stm32l4xx.c ****   *-----------------------------------------------------------------------------
  54:C:/Users/lenovo/Desktop/liteos/Project2/BearPi_LiteOS/targets/STM32L431_BearPi/Src\system_stm32l4xx.c ****   *        PLLSAI1_R                              | NA
  55:C:/Users/lenovo/Desktop/liteos/Project2/BearPi_LiteOS/targets/STM32L431_BearPi/Src\system_stm32l4xx.c ****   *-----------------------------------------------------------------------------
  56:C:/Users/lenovo/Desktop/liteos/Project2/BearPi_LiteOS/targets/STM32L431_BearPi/Src\system_stm32l4xx.c ****   *        PLLSAI2_P                              | NA
  57:C:/Users/lenovo/Desktop/liteos/Project2/BearPi_LiteOS/targets/STM32L431_BearPi/Src\system_stm32l4xx.c ****   *-----------------------------------------------------------------------------
  58:C:/Users/lenovo/Desktop/liteos/Project2/BearPi_LiteOS/targets/STM32L431_BearPi/Src\system_stm32l4xx.c ****   *        PLLSAI2_Q                              | NA
  59:C:/Users/lenovo/Desktop/liteos/Project2/BearPi_LiteOS/targets/STM32L431_BearPi/Src\system_stm32l4xx.c ****   *-----------------------------------------------------------------------------
  60:C:/Users/lenovo/Desktop/liteos/Project2/BearPi_LiteOS/targets/STM32L431_BearPi/Src\system_stm32l4xx.c ****   *        PLLSAI2_R                              | NA
  61:C:/Users/lenovo/Desktop/liteos/Project2/BearPi_LiteOS/targets/STM32L431_BearPi/Src\system_stm32l4xx.c ****   *-----------------------------------------------------------------------------
  62:C:/Users/lenovo/Desktop/liteos/Project2/BearPi_LiteOS/targets/STM32L431_BearPi/Src\system_stm32l4xx.c ****   *        Require 48MHz for USB OTG FS,          | Disabled
  63:C:/Users/lenovo/Desktop/liteos/Project2/BearPi_LiteOS/targets/STM32L431_BearPi/Src\system_stm32l4xx.c ****   *        SDIO and RNG clock                     |
  64:C:/Users/lenovo/Desktop/liteos/Project2/BearPi_LiteOS/targets/STM32L431_BearPi/Src\system_stm32l4xx.c ****   *-----------------------------------------------------------------------------
  65:C:/Users/lenovo/Desktop/liteos/Project2/BearPi_LiteOS/targets/STM32L431_BearPi/Src\system_stm32l4xx.c ****   *=============================================================================
  66:C:/Users/lenovo/Desktop/liteos/Project2/BearPi_LiteOS/targets/STM32L431_BearPi/Src\system_stm32l4xx.c ****   ******************************************************************************
  67:C:/Users/lenovo/Desktop/liteos/Project2/BearPi_LiteOS/targets/STM32L431_BearPi/Src\system_stm32l4xx.c ****   * @attention
  68:C:/Users/lenovo/Desktop/liteos/Project2/BearPi_LiteOS/targets/STM32L431_BearPi/Src\system_stm32l4xx.c ****   *
  69:C:/Users/lenovo/Desktop/liteos/Project2/BearPi_LiteOS/targets/STM32L431_BearPi/Src\system_stm32l4xx.c ****   * <h2><center>&copy; COPYRIGHT(c) 2017 STMicroelectronics</center></h2>
  70:C:/Users/lenovo/Desktop/liteos/Project2/BearPi_LiteOS/targets/STM32L431_BearPi/Src\system_stm32l4xx.c ****   *
  71:C:/Users/lenovo/Desktop/liteos/Project2/BearPi_LiteOS/targets/STM32L431_BearPi/Src\system_stm32l4xx.c ****   * Redistribution and use in source and binary forms, with or without modification,
  72:C:/Users/lenovo/Desktop/liteos/Project2/BearPi_LiteOS/targets/STM32L431_BearPi/Src\system_stm32l4xx.c ****   * are permitted provided that the following conditions are met:
  73:C:/Users/lenovo/Desktop/liteos/Project2/BearPi_LiteOS/targets/STM32L431_BearPi/Src\system_stm32l4xx.c ****   *   1. Redistributions of source code must retain the above copyright notice,
  74:C:/Users/lenovo/Desktop/liteos/Project2/BearPi_LiteOS/targets/STM32L431_BearPi/Src\system_stm32l4xx.c ****   *      this list of conditions and the following disclaimer.
  75:C:/Users/lenovo/Desktop/liteos/Project2/BearPi_LiteOS/targets/STM32L431_BearPi/Src\system_stm32l4xx.c ****   *   2. Redistributions in binary form must reproduce the above copyright notice,
  76:C:/Users/lenovo/Desktop/liteos/Project2/BearPi_LiteOS/targets/STM32L431_BearPi/Src\system_stm32l4xx.c ****   *      this list of conditions and the following disclaimer in the documentation
  77:C:/Users/lenovo/Desktop/liteos/Project2/BearPi_LiteOS/targets/STM32L431_BearPi/Src\system_stm32l4xx.c ****   *      and/or other materials provided with the distribution.
  78:C:/Users/lenovo/Desktop/liteos/Project2/BearPi_LiteOS/targets/STM32L431_BearPi/Src\system_stm32l4xx.c ****   *   3. Neither the name of STMicroelectronics nor the names of its contributors
  79:C:/Users/lenovo/Desktop/liteos/Project2/BearPi_LiteOS/targets/STM32L431_BearPi/Src\system_stm32l4xx.c ****   *      may be used to endorse or promote products derived from this software
  80:C:/Users/lenovo/Desktop/liteos/Project2/BearPi_LiteOS/targets/STM32L431_BearPi/Src\system_stm32l4xx.c ****   *      without specific prior written permission.
  81:C:/Users/lenovo/Desktop/liteos/Project2/BearPi_LiteOS/targets/STM32L431_BearPi/Src\system_stm32l4xx.c ****   *
  82:C:/Users/lenovo/Desktop/liteos/Project2/BearPi_LiteOS/targets/STM32L431_BearPi/Src\system_stm32l4xx.c ****   * THIS SOFTWARE IS PROVIDED BY THE COPYRIGHT HOLDERS AND CONTRIBUTORS "AS IS"
  83:C:/Users/lenovo/Desktop/liteos/Project2/BearPi_LiteOS/targets/STM32L431_BearPi/Src\system_stm32l4xx.c ****   * AND ANY EXPRESS OR IMPLIED WARRANTIES, INCLUDING, BUT NOT LIMITED TO, THE
  84:C:/Users/lenovo/Desktop/liteos/Project2/BearPi_LiteOS/targets/STM32L431_BearPi/Src\system_stm32l4xx.c ****   * IMPLIED WARRANTIES OF MERCHANTABILITY AND FITNESS FOR A PARTICULAR PURPOSE ARE
  85:C:/Users/lenovo/Desktop/liteos/Project2/BearPi_LiteOS/targets/STM32L431_BearPi/Src\system_stm32l4xx.c ****   * DISCLAIMED. IN NO EVENT SHALL THE COPYRIGHT HOLDER OR CONTRIBUTORS BE LIABLE
  86:C:/Users/lenovo/Desktop/liteos/Project2/BearPi_LiteOS/targets/STM32L431_BearPi/Src\system_stm32l4xx.c ****   * FOR ANY DIRECT, INDIRECT, INCIDENTAL, SPECIAL, EXEMPLARY, OR CONSEQUENTIAL
  87:C:/Users/lenovo/Desktop/liteos/Project2/BearPi_LiteOS/targets/STM32L431_BearPi/Src\system_stm32l4xx.c ****   * DAMAGES (INCLUDING, BUT NOT LIMITED TO, PROCUREMENT OF SUBSTITUTE GOODS OR
  88:C:/Users/lenovo/Desktop/liteos/Project2/BearPi_LiteOS/targets/STM32L431_BearPi/Src\system_stm32l4xx.c ****   * SERVICES; LOSS OF USE, DATA, OR PROFITS; OR BUSINESS INTERRUPTION) HOWEVER
ARM GAS  c:\Users\lenovo\AppData\Local\Temp\ccQiIasW.s 			page 3


  89:C:/Users/lenovo/Desktop/liteos/Project2/BearPi_LiteOS/targets/STM32L431_BearPi/Src\system_stm32l4xx.c ****   * CAUSED AND ON ANY THEORY OF LIABILITY, WHETHER IN CONTRACT, STRICT LIABILITY,
  90:C:/Users/lenovo/Desktop/liteos/Project2/BearPi_LiteOS/targets/STM32L431_BearPi/Src\system_stm32l4xx.c ****   * OR TORT (INCLUDING NEGLIGENCE OR OTHERWISE) ARISING IN ANY WAY OUT OF THE USE
  91:C:/Users/lenovo/Desktop/liteos/Project2/BearPi_LiteOS/targets/STM32L431_BearPi/Src\system_stm32l4xx.c ****   * OF THIS SOFTWARE, EVEN IF ADVISED OF THE POSSIBILITY OF SUCH DAMAGE.
  92:C:/Users/lenovo/Desktop/liteos/Project2/BearPi_LiteOS/targets/STM32L431_BearPi/Src\system_stm32l4xx.c ****   *
  93:C:/Users/lenovo/Desktop/liteos/Project2/BearPi_LiteOS/targets/STM32L431_BearPi/Src\system_stm32l4xx.c ****   ******************************************************************************
  94:C:/Users/lenovo/Desktop/liteos/Project2/BearPi_LiteOS/targets/STM32L431_BearPi/Src\system_stm32l4xx.c ****   */
  95:C:/Users/lenovo/Desktop/liteos/Project2/BearPi_LiteOS/targets/STM32L431_BearPi/Src\system_stm32l4xx.c **** 
  96:C:/Users/lenovo/Desktop/liteos/Project2/BearPi_LiteOS/targets/STM32L431_BearPi/Src\system_stm32l4xx.c **** /** @addtogroup CMSIS
  97:C:/Users/lenovo/Desktop/liteos/Project2/BearPi_LiteOS/targets/STM32L431_BearPi/Src\system_stm32l4xx.c ****   * @{
  98:C:/Users/lenovo/Desktop/liteos/Project2/BearPi_LiteOS/targets/STM32L431_BearPi/Src\system_stm32l4xx.c ****   */
  99:C:/Users/lenovo/Desktop/liteos/Project2/BearPi_LiteOS/targets/STM32L431_BearPi/Src\system_stm32l4xx.c **** 
 100:C:/Users/lenovo/Desktop/liteos/Project2/BearPi_LiteOS/targets/STM32L431_BearPi/Src\system_stm32l4xx.c **** /** @addtogroup stm32l4xx_system
 101:C:/Users/lenovo/Desktop/liteos/Project2/BearPi_LiteOS/targets/STM32L431_BearPi/Src\system_stm32l4xx.c ****   * @{
 102:C:/Users/lenovo/Desktop/liteos/Project2/BearPi_LiteOS/targets/STM32L431_BearPi/Src\system_stm32l4xx.c ****   */
 103:C:/Users/lenovo/Desktop/liteos/Project2/BearPi_LiteOS/targets/STM32L431_BearPi/Src\system_stm32l4xx.c **** 
 104:C:/Users/lenovo/Desktop/liteos/Project2/BearPi_LiteOS/targets/STM32L431_BearPi/Src\system_stm32l4xx.c **** /** @addtogroup STM32L4xx_System_Private_Includes
 105:C:/Users/lenovo/Desktop/liteos/Project2/BearPi_LiteOS/targets/STM32L431_BearPi/Src\system_stm32l4xx.c ****   * @{
 106:C:/Users/lenovo/Desktop/liteos/Project2/BearPi_LiteOS/targets/STM32L431_BearPi/Src\system_stm32l4xx.c ****   */
 107:C:/Users/lenovo/Desktop/liteos/Project2/BearPi_LiteOS/targets/STM32L431_BearPi/Src\system_stm32l4xx.c **** 
 108:C:/Users/lenovo/Desktop/liteos/Project2/BearPi_LiteOS/targets/STM32L431_BearPi/Src\system_stm32l4xx.c **** #include "stm32l4xx.h"
 109:C:/Users/lenovo/Desktop/liteos/Project2/BearPi_LiteOS/targets/STM32L431_BearPi/Src\system_stm32l4xx.c **** 
 110:C:/Users/lenovo/Desktop/liteos/Project2/BearPi_LiteOS/targets/STM32L431_BearPi/Src\system_stm32l4xx.c **** #if !defined  (HSE_VALUE)
 111:C:/Users/lenovo/Desktop/liteos/Project2/BearPi_LiteOS/targets/STM32L431_BearPi/Src\system_stm32l4xx.c ****   #define HSE_VALUE    8000000U  /*!< Value of the External oscillator in Hz */
 112:C:/Users/lenovo/Desktop/liteos/Project2/BearPi_LiteOS/targets/STM32L431_BearPi/Src\system_stm32l4xx.c **** #endif /* HSE_VALUE */
 113:C:/Users/lenovo/Desktop/liteos/Project2/BearPi_LiteOS/targets/STM32L431_BearPi/Src\system_stm32l4xx.c **** 
 114:C:/Users/lenovo/Desktop/liteos/Project2/BearPi_LiteOS/targets/STM32L431_BearPi/Src\system_stm32l4xx.c **** #if !defined  (MSI_VALUE)
 115:C:/Users/lenovo/Desktop/liteos/Project2/BearPi_LiteOS/targets/STM32L431_BearPi/Src\system_stm32l4xx.c ****   #define MSI_VALUE    4000000U  /*!< Value of the Internal oscillator in Hz*/
 116:C:/Users/lenovo/Desktop/liteos/Project2/BearPi_LiteOS/targets/STM32L431_BearPi/Src\system_stm32l4xx.c **** #endif /* MSI_VALUE */
 117:C:/Users/lenovo/Desktop/liteos/Project2/BearPi_LiteOS/targets/STM32L431_BearPi/Src\system_stm32l4xx.c **** 
 118:C:/Users/lenovo/Desktop/liteos/Project2/BearPi_LiteOS/targets/STM32L431_BearPi/Src\system_stm32l4xx.c **** #if !defined  (HSI_VALUE)
 119:C:/Users/lenovo/Desktop/liteos/Project2/BearPi_LiteOS/targets/STM32L431_BearPi/Src\system_stm32l4xx.c ****   #define HSI_VALUE    16000000U /*!< Value of the Internal oscillator in Hz*/
 120:C:/Users/lenovo/Desktop/liteos/Project2/BearPi_LiteOS/targets/STM32L431_BearPi/Src\system_stm32l4xx.c **** #endif /* HSI_VALUE */
 121:C:/Users/lenovo/Desktop/liteos/Project2/BearPi_LiteOS/targets/STM32L431_BearPi/Src\system_stm32l4xx.c **** 
 122:C:/Users/lenovo/Desktop/liteos/Project2/BearPi_LiteOS/targets/STM32L431_BearPi/Src\system_stm32l4xx.c **** /**
 123:C:/Users/lenovo/Desktop/liteos/Project2/BearPi_LiteOS/targets/STM32L431_BearPi/Src\system_stm32l4xx.c ****   * @}
 124:C:/Users/lenovo/Desktop/liteos/Project2/BearPi_LiteOS/targets/STM32L431_BearPi/Src\system_stm32l4xx.c ****   */
 125:C:/Users/lenovo/Desktop/liteos/Project2/BearPi_LiteOS/targets/STM32L431_BearPi/Src\system_stm32l4xx.c **** 
 126:C:/Users/lenovo/Desktop/liteos/Project2/BearPi_LiteOS/targets/STM32L431_BearPi/Src\system_stm32l4xx.c **** /** @addtogroup STM32L4xx_System_Private_TypesDefinitions
 127:C:/Users/lenovo/Desktop/liteos/Project2/BearPi_LiteOS/targets/STM32L431_BearPi/Src\system_stm32l4xx.c ****   * @{
 128:C:/Users/lenovo/Desktop/liteos/Project2/BearPi_LiteOS/targets/STM32L431_BearPi/Src\system_stm32l4xx.c ****   */
 129:C:/Users/lenovo/Desktop/liteos/Project2/BearPi_LiteOS/targets/STM32L431_BearPi/Src\system_stm32l4xx.c **** 
 130:C:/Users/lenovo/Desktop/liteos/Project2/BearPi_LiteOS/targets/STM32L431_BearPi/Src\system_stm32l4xx.c **** /**
 131:C:/Users/lenovo/Desktop/liteos/Project2/BearPi_LiteOS/targets/STM32L431_BearPi/Src\system_stm32l4xx.c ****   * @}
 132:C:/Users/lenovo/Desktop/liteos/Project2/BearPi_LiteOS/targets/STM32L431_BearPi/Src\system_stm32l4xx.c ****   */
 133:C:/Users/lenovo/Desktop/liteos/Project2/BearPi_LiteOS/targets/STM32L431_BearPi/Src\system_stm32l4xx.c **** 
 134:C:/Users/lenovo/Desktop/liteos/Project2/BearPi_LiteOS/targets/STM32L431_BearPi/Src\system_stm32l4xx.c **** /** @addtogroup STM32L4xx_System_Private_Defines
 135:C:/Users/lenovo/Desktop/liteos/Project2/BearPi_LiteOS/targets/STM32L431_BearPi/Src\system_stm32l4xx.c ****   * @{
 136:C:/Users/lenovo/Desktop/liteos/Project2/BearPi_LiteOS/targets/STM32L431_BearPi/Src\system_stm32l4xx.c ****   */
 137:C:/Users/lenovo/Desktop/liteos/Project2/BearPi_LiteOS/targets/STM32L431_BearPi/Src\system_stm32l4xx.c **** 
 138:C:/Users/lenovo/Desktop/liteos/Project2/BearPi_LiteOS/targets/STM32L431_BearPi/Src\system_stm32l4xx.c **** /************************* Miscellaneous Configuration ************************/
 139:C:/Users/lenovo/Desktop/liteos/Project2/BearPi_LiteOS/targets/STM32L431_BearPi/Src\system_stm32l4xx.c **** /*!< Uncomment the following line if you need to relocate your vector Table in
 140:C:/Users/lenovo/Desktop/liteos/Project2/BearPi_LiteOS/targets/STM32L431_BearPi/Src\system_stm32l4xx.c ****      Internal SRAM. */
 141:C:/Users/lenovo/Desktop/liteos/Project2/BearPi_LiteOS/targets/STM32L431_BearPi/Src\system_stm32l4xx.c **** /* #define VECT_TAB_SRAM */
 142:C:/Users/lenovo/Desktop/liteos/Project2/BearPi_LiteOS/targets/STM32L431_BearPi/Src\system_stm32l4xx.c **** #define VECT_TAB_OFFSET  0x10000 /*!< Vector Table base offset field.
 143:C:/Users/lenovo/Desktop/liteos/Project2/BearPi_LiteOS/targets/STM32L431_BearPi/Src\system_stm32l4xx.c ****                                    This value must be a multiple of 0x200. */
 144:C:/Users/lenovo/Desktop/liteos/Project2/BearPi_LiteOS/targets/STM32L431_BearPi/Src\system_stm32l4xx.c **** /******************************************************************************/
 145:C:/Users/lenovo/Desktop/liteos/Project2/BearPi_LiteOS/targets/STM32L431_BearPi/Src\system_stm32l4xx.c **** /**
ARM GAS  c:\Users\lenovo\AppData\Local\Temp\ccQiIasW.s 			page 4


 146:C:/Users/lenovo/Desktop/liteos/Project2/BearPi_LiteOS/targets/STM32L431_BearPi/Src\system_stm32l4xx.c ****   * @}
 147:C:/Users/lenovo/Desktop/liteos/Project2/BearPi_LiteOS/targets/STM32L431_BearPi/Src\system_stm32l4xx.c ****   */
 148:C:/Users/lenovo/Desktop/liteos/Project2/BearPi_LiteOS/targets/STM32L431_BearPi/Src\system_stm32l4xx.c **** 
 149:C:/Users/lenovo/Desktop/liteos/Project2/BearPi_LiteOS/targets/STM32L431_BearPi/Src\system_stm32l4xx.c **** /** @addtogroup STM32L4xx_System_Private_Macros
 150:C:/Users/lenovo/Desktop/liteos/Project2/BearPi_LiteOS/targets/STM32L431_BearPi/Src\system_stm32l4xx.c ****   * @{
 151:C:/Users/lenovo/Desktop/liteos/Project2/BearPi_LiteOS/targets/STM32L431_BearPi/Src\system_stm32l4xx.c ****   */
 152:C:/Users/lenovo/Desktop/liteos/Project2/BearPi_LiteOS/targets/STM32L431_BearPi/Src\system_stm32l4xx.c **** 
 153:C:/Users/lenovo/Desktop/liteos/Project2/BearPi_LiteOS/targets/STM32L431_BearPi/Src\system_stm32l4xx.c **** /**
 154:C:/Users/lenovo/Desktop/liteos/Project2/BearPi_LiteOS/targets/STM32L431_BearPi/Src\system_stm32l4xx.c ****   * @}
 155:C:/Users/lenovo/Desktop/liteos/Project2/BearPi_LiteOS/targets/STM32L431_BearPi/Src\system_stm32l4xx.c ****   */
 156:C:/Users/lenovo/Desktop/liteos/Project2/BearPi_LiteOS/targets/STM32L431_BearPi/Src\system_stm32l4xx.c **** 
 157:C:/Users/lenovo/Desktop/liteos/Project2/BearPi_LiteOS/targets/STM32L431_BearPi/Src\system_stm32l4xx.c **** /** @addtogroup STM32L4xx_System_Private_Variables
 158:C:/Users/lenovo/Desktop/liteos/Project2/BearPi_LiteOS/targets/STM32L431_BearPi/Src\system_stm32l4xx.c ****   * @{
 159:C:/Users/lenovo/Desktop/liteos/Project2/BearPi_LiteOS/targets/STM32L431_BearPi/Src\system_stm32l4xx.c ****   */
 160:C:/Users/lenovo/Desktop/liteos/Project2/BearPi_LiteOS/targets/STM32L431_BearPi/Src\system_stm32l4xx.c ****   /* The SystemCoreClock variable is updated in three ways:
 161:C:/Users/lenovo/Desktop/liteos/Project2/BearPi_LiteOS/targets/STM32L431_BearPi/Src\system_stm32l4xx.c ****       1) by calling CMSIS function SystemCoreClockUpdate()
 162:C:/Users/lenovo/Desktop/liteos/Project2/BearPi_LiteOS/targets/STM32L431_BearPi/Src\system_stm32l4xx.c ****       2) by calling HAL API function HAL_RCC_GetHCLKFreq()
 163:C:/Users/lenovo/Desktop/liteos/Project2/BearPi_LiteOS/targets/STM32L431_BearPi/Src\system_stm32l4xx.c ****       3) each time HAL_RCC_ClockConfig() is called to configure the system clock frequency
 164:C:/Users/lenovo/Desktop/liteos/Project2/BearPi_LiteOS/targets/STM32L431_BearPi/Src\system_stm32l4xx.c ****          Note: If you use this function to configure the system clock; then there
 165:C:/Users/lenovo/Desktop/liteos/Project2/BearPi_LiteOS/targets/STM32L431_BearPi/Src\system_stm32l4xx.c ****                is no need to call the 2 first functions listed above, since SystemCoreClock
 166:C:/Users/lenovo/Desktop/liteos/Project2/BearPi_LiteOS/targets/STM32L431_BearPi/Src\system_stm32l4xx.c ****                variable is updated automatically.
 167:C:/Users/lenovo/Desktop/liteos/Project2/BearPi_LiteOS/targets/STM32L431_BearPi/Src\system_stm32l4xx.c ****   */
 168:C:/Users/lenovo/Desktop/liteos/Project2/BearPi_LiteOS/targets/STM32L431_BearPi/Src\system_stm32l4xx.c ****   uint32_t SystemCoreClock = 4000000U;
 169:C:/Users/lenovo/Desktop/liteos/Project2/BearPi_LiteOS/targets/STM32L431_BearPi/Src\system_stm32l4xx.c **** 
 170:C:/Users/lenovo/Desktop/liteos/Project2/BearPi_LiteOS/targets/STM32L431_BearPi/Src\system_stm32l4xx.c ****   const uint8_t  AHBPrescTable[16] = {0U, 0U, 0U, 0U, 0U, 0U, 0U, 0U, 1U, 2U, 3U, 4U, 6U, 7U, 8U, 9
 171:C:/Users/lenovo/Desktop/liteos/Project2/BearPi_LiteOS/targets/STM32L431_BearPi/Src\system_stm32l4xx.c ****   const uint8_t  APBPrescTable[8] =  {0U, 0U, 0U, 0U, 1U, 2U, 3U, 4U};
 172:C:/Users/lenovo/Desktop/liteos/Project2/BearPi_LiteOS/targets/STM32L431_BearPi/Src\system_stm32l4xx.c ****   const uint32_t MSIRangeTable[12] = {100000U,   200000U,   400000U,   800000U,  1000000U,  2000000
 173:C:/Users/lenovo/Desktop/liteos/Project2/BearPi_LiteOS/targets/STM32L431_BearPi/Src\system_stm32l4xx.c ****                                       4000000U, 8000000U, 16000000U, 24000000U, 32000000U, 48000000
 174:C:/Users/lenovo/Desktop/liteos/Project2/BearPi_LiteOS/targets/STM32L431_BearPi/Src\system_stm32l4xx.c **** /**
 175:C:/Users/lenovo/Desktop/liteos/Project2/BearPi_LiteOS/targets/STM32L431_BearPi/Src\system_stm32l4xx.c ****   * @}
 176:C:/Users/lenovo/Desktop/liteos/Project2/BearPi_LiteOS/targets/STM32L431_BearPi/Src\system_stm32l4xx.c ****   */
 177:C:/Users/lenovo/Desktop/liteos/Project2/BearPi_LiteOS/targets/STM32L431_BearPi/Src\system_stm32l4xx.c **** 
 178:C:/Users/lenovo/Desktop/liteos/Project2/BearPi_LiteOS/targets/STM32L431_BearPi/Src\system_stm32l4xx.c **** /** @addtogroup STM32L4xx_System_Private_FunctionPrototypes
 179:C:/Users/lenovo/Desktop/liteos/Project2/BearPi_LiteOS/targets/STM32L431_BearPi/Src\system_stm32l4xx.c ****   * @{
 180:C:/Users/lenovo/Desktop/liteos/Project2/BearPi_LiteOS/targets/STM32L431_BearPi/Src\system_stm32l4xx.c ****   */
 181:C:/Users/lenovo/Desktop/liteos/Project2/BearPi_LiteOS/targets/STM32L431_BearPi/Src\system_stm32l4xx.c **** 
 182:C:/Users/lenovo/Desktop/liteos/Project2/BearPi_LiteOS/targets/STM32L431_BearPi/Src\system_stm32l4xx.c **** /**
 183:C:/Users/lenovo/Desktop/liteos/Project2/BearPi_LiteOS/targets/STM32L431_BearPi/Src\system_stm32l4xx.c ****   * @}
 184:C:/Users/lenovo/Desktop/liteos/Project2/BearPi_LiteOS/targets/STM32L431_BearPi/Src\system_stm32l4xx.c ****   */
 185:C:/Users/lenovo/Desktop/liteos/Project2/BearPi_LiteOS/targets/STM32L431_BearPi/Src\system_stm32l4xx.c **** 
 186:C:/Users/lenovo/Desktop/liteos/Project2/BearPi_LiteOS/targets/STM32L431_BearPi/Src\system_stm32l4xx.c **** /** @addtogroup STM32L4xx_System_Private_Functions
 187:C:/Users/lenovo/Desktop/liteos/Project2/BearPi_LiteOS/targets/STM32L431_BearPi/Src\system_stm32l4xx.c ****   * @{
 188:C:/Users/lenovo/Desktop/liteos/Project2/BearPi_LiteOS/targets/STM32L431_BearPi/Src\system_stm32l4xx.c ****   */
 189:C:/Users/lenovo/Desktop/liteos/Project2/BearPi_LiteOS/targets/STM32L431_BearPi/Src\system_stm32l4xx.c **** 
 190:C:/Users/lenovo/Desktop/liteos/Project2/BearPi_LiteOS/targets/STM32L431_BearPi/Src\system_stm32l4xx.c **** /**
 191:C:/Users/lenovo/Desktop/liteos/Project2/BearPi_LiteOS/targets/STM32L431_BearPi/Src\system_stm32l4xx.c ****   * @brief  Setup the microcontroller system.
 192:C:/Users/lenovo/Desktop/liteos/Project2/BearPi_LiteOS/targets/STM32L431_BearPi/Src\system_stm32l4xx.c ****   * @param  None
 193:C:/Users/lenovo/Desktop/liteos/Project2/BearPi_LiteOS/targets/STM32L431_BearPi/Src\system_stm32l4xx.c ****   * @retval None
 194:C:/Users/lenovo/Desktop/liteos/Project2/BearPi_LiteOS/targets/STM32L431_BearPi/Src\system_stm32l4xx.c ****   */
 195:C:/Users/lenovo/Desktop/liteos/Project2/BearPi_LiteOS/targets/STM32L431_BearPi/Src\system_stm32l4xx.c **** 
 196:C:/Users/lenovo/Desktop/liteos/Project2/BearPi_LiteOS/targets/STM32L431_BearPi/Src\system_stm32l4xx.c **** void SystemInit(void)
 197:C:/Users/lenovo/Desktop/liteos/Project2/BearPi_LiteOS/targets/STM32L431_BearPi/Src\system_stm32l4xx.c **** {
  28              		.loc 1 197 0
  29              		.cfi_startproc
  30              		@ args = 0, pretend = 0, frame = 0
  31              		@ frame_needed = 0, uses_anonymous_args = 0
  32              		@ link register save eliminated.
ARM GAS  c:\Users\lenovo\AppData\Local\Temp\ccQiIasW.s 			page 5


 198:C:/Users/lenovo/Desktop/liteos/Project2/BearPi_LiteOS/targets/STM32L431_BearPi/Src\system_stm32l4xx.c ****   /* FPU settings ------------------------------------------------------------*/
 199:C:/Users/lenovo/Desktop/liteos/Project2/BearPi_LiteOS/targets/STM32L431_BearPi/Src\system_stm32l4xx.c ****   #if (__FPU_PRESENT == 1) && (__FPU_USED == 1)
 200:C:/Users/lenovo/Desktop/liteos/Project2/BearPi_LiteOS/targets/STM32L431_BearPi/Src\system_stm32l4xx.c ****     SCB->CPACR |= ((3UL << 10*2)|(3UL << 11*2));  /* set CP10 and CP11 Full Access */
  33              		.loc 1 200 0
  34 0000 0F49     		ldr	r1, .L2
  35 0002 D1F88830 		ldr	r3, [r1, #136]
  36 0006 43F47003 		orr	r3, r3, #15728640
  37 000a C1F88830 		str	r3, [r1, #136]
 201:C:/Users/lenovo/Desktop/liteos/Project2/BearPi_LiteOS/targets/STM32L431_BearPi/Src\system_stm32l4xx.c ****   #endif
 202:C:/Users/lenovo/Desktop/liteos/Project2/BearPi_LiteOS/targets/STM32L431_BearPi/Src\system_stm32l4xx.c **** 
 203:C:/Users/lenovo/Desktop/liteos/Project2/BearPi_LiteOS/targets/STM32L431_BearPi/Src\system_stm32l4xx.c ****   /* Reset the RCC clock configuration to the default reset state ------------*/
 204:C:/Users/lenovo/Desktop/liteos/Project2/BearPi_LiteOS/targets/STM32L431_BearPi/Src\system_stm32l4xx.c ****   /* Set MSION bit */
 205:C:/Users/lenovo/Desktop/liteos/Project2/BearPi_LiteOS/targets/STM32L431_BearPi/Src\system_stm32l4xx.c ****   RCC->CR |= RCC_CR_MSION;
  38              		.loc 1 205 0
  39 000e 0D4B     		ldr	r3, .L2+4
  40 0010 1A68     		ldr	r2, [r3]
  41 0012 42F00102 		orr	r2, r2, #1
  42 0016 1A60     		str	r2, [r3]
 206:C:/Users/lenovo/Desktop/liteos/Project2/BearPi_LiteOS/targets/STM32L431_BearPi/Src\system_stm32l4xx.c **** 
 207:C:/Users/lenovo/Desktop/liteos/Project2/BearPi_LiteOS/targets/STM32L431_BearPi/Src\system_stm32l4xx.c ****   /* Reset CFGR register */
 208:C:/Users/lenovo/Desktop/liteos/Project2/BearPi_LiteOS/targets/STM32L431_BearPi/Src\system_stm32l4xx.c ****   RCC->CFGR = 0x00000000U;
  43              		.loc 1 208 0
  44 0018 0020     		movs	r0, #0
  45 001a 9860     		str	r0, [r3, #8]
 209:C:/Users/lenovo/Desktop/liteos/Project2/BearPi_LiteOS/targets/STM32L431_BearPi/Src\system_stm32l4xx.c **** 
 210:C:/Users/lenovo/Desktop/liteos/Project2/BearPi_LiteOS/targets/STM32L431_BearPi/Src\system_stm32l4xx.c ****   /* Reset HSEON, CSSON , HSION, and PLLON bits */
 211:C:/Users/lenovo/Desktop/liteos/Project2/BearPi_LiteOS/targets/STM32L431_BearPi/Src\system_stm32l4xx.c ****   RCC->CR &= 0xEAF6FFFFU;
  46              		.loc 1 211 0
  47 001c 1A68     		ldr	r2, [r3]
  48 001e 22F0A852 		bic	r2, r2, #352321536
  49 0022 22F41022 		bic	r2, r2, #589824
  50 0026 1A60     		str	r2, [r3]
 212:C:/Users/lenovo/Desktop/liteos/Project2/BearPi_LiteOS/targets/STM32L431_BearPi/Src\system_stm32l4xx.c **** 
 213:C:/Users/lenovo/Desktop/liteos/Project2/BearPi_LiteOS/targets/STM32L431_BearPi/Src\system_stm32l4xx.c ****   /* Reset PLLCFGR register */
 214:C:/Users/lenovo/Desktop/liteos/Project2/BearPi_LiteOS/targets/STM32L431_BearPi/Src\system_stm32l4xx.c ****   RCC->PLLCFGR = 0x00001000U;
  51              		.loc 1 214 0
  52 0028 4FF48052 		mov	r2, #4096
  53 002c DA60     		str	r2, [r3, #12]
 215:C:/Users/lenovo/Desktop/liteos/Project2/BearPi_LiteOS/targets/STM32L431_BearPi/Src\system_stm32l4xx.c **** 
 216:C:/Users/lenovo/Desktop/liteos/Project2/BearPi_LiteOS/targets/STM32L431_BearPi/Src\system_stm32l4xx.c ****   /* Reset HSEBYP bit */
 217:C:/Users/lenovo/Desktop/liteos/Project2/BearPi_LiteOS/targets/STM32L431_BearPi/Src\system_stm32l4xx.c ****   RCC->CR &= 0xFFFBFFFFU;
  54              		.loc 1 217 0
  55 002e 1A68     		ldr	r2, [r3]
  56 0030 22F48022 		bic	r2, r2, #262144
  57 0034 1A60     		str	r2, [r3]
 218:C:/Users/lenovo/Desktop/liteos/Project2/BearPi_LiteOS/targets/STM32L431_BearPi/Src\system_stm32l4xx.c **** 
 219:C:/Users/lenovo/Desktop/liteos/Project2/BearPi_LiteOS/targets/STM32L431_BearPi/Src\system_stm32l4xx.c ****   /* Disable all interrupts */
 220:C:/Users/lenovo/Desktop/liteos/Project2/BearPi_LiteOS/targets/STM32L431_BearPi/Src\system_stm32l4xx.c ****   RCC->CIER = 0x00000000U;
  58              		.loc 1 220 0
  59 0036 9861     		str	r0, [r3, #24]
 221:C:/Users/lenovo/Desktop/liteos/Project2/BearPi_LiteOS/targets/STM32L431_BearPi/Src\system_stm32l4xx.c **** 
 222:C:/Users/lenovo/Desktop/liteos/Project2/BearPi_LiteOS/targets/STM32L431_BearPi/Src\system_stm32l4xx.c ****   /* Configure the Vector Table location add offset address ------------------*/
 223:C:/Users/lenovo/Desktop/liteos/Project2/BearPi_LiteOS/targets/STM32L431_BearPi/Src\system_stm32l4xx.c **** #ifdef VECT_TAB_SRAM
 224:C:/Users/lenovo/Desktop/liteos/Project2/BearPi_LiteOS/targets/STM32L431_BearPi/Src\system_stm32l4xx.c ****   SCB->VTOR = SRAM_BASE | VECT_TAB_OFFSET; /* Vector Table Relocation in Internal SRAM */
 225:C:/Users/lenovo/Desktop/liteos/Project2/BearPi_LiteOS/targets/STM32L431_BearPi/Src\system_stm32l4xx.c **** #else
 226:C:/Users/lenovo/Desktop/liteos/Project2/BearPi_LiteOS/targets/STM32L431_BearPi/Src\system_stm32l4xx.c ****   SCB->VTOR = FLASH_BASE | VECT_TAB_OFFSET; /* Vector Table Relocation in Internal FLASH */
  60              		.loc 1 226 0
ARM GAS  c:\Users\lenovo\AppData\Local\Temp\ccQiIasW.s 			page 6


  61 0038 034B     		ldr	r3, .L2+8
  62 003a 8B60     		str	r3, [r1, #8]
 227:C:/Users/lenovo/Desktop/liteos/Project2/BearPi_LiteOS/targets/STM32L431_BearPi/Src\system_stm32l4xx.c **** #endif
 228:C:/Users/lenovo/Desktop/liteos/Project2/BearPi_LiteOS/targets/STM32L431_BearPi/Src\system_stm32l4xx.c **** }
  63              		.loc 1 228 0
  64 003c 7047     		bx	lr
  65              	.L3:
  66 003e 00BF     		.align	2
  67              	.L2:
  68 0040 00ED00E0 		.word	-536810240
  69 0044 00100240 		.word	1073876992
  70 0048 00000108 		.word	134283264
  71              		.cfi_endproc
  72              	.LFE133:
  74              		.section	.text.SystemCoreClockUpdate,"ax",%progbits
  75              		.align	1
  76              		.global	SystemCoreClockUpdate
  77              		.syntax unified
  78              		.thumb
  79              		.thumb_func
  80              		.fpu fpv4-sp-d16
  82              	SystemCoreClockUpdate:
  83              	.LFB134:
 229:C:/Users/lenovo/Desktop/liteos/Project2/BearPi_LiteOS/targets/STM32L431_BearPi/Src\system_stm32l4xx.c **** 
 230:C:/Users/lenovo/Desktop/liteos/Project2/BearPi_LiteOS/targets/STM32L431_BearPi/Src\system_stm32l4xx.c **** /**
 231:C:/Users/lenovo/Desktop/liteos/Project2/BearPi_LiteOS/targets/STM32L431_BearPi/Src\system_stm32l4xx.c ****   * @brief  Update SystemCoreClock variable according to Clock Register Values.
 232:C:/Users/lenovo/Desktop/liteos/Project2/BearPi_LiteOS/targets/STM32L431_BearPi/Src\system_stm32l4xx.c ****   *         The SystemCoreClock variable contains the core clock (HCLK), it can
 233:C:/Users/lenovo/Desktop/liteos/Project2/BearPi_LiteOS/targets/STM32L431_BearPi/Src\system_stm32l4xx.c ****   *         be used by the user application to setup the SysTick timer or configure
 234:C:/Users/lenovo/Desktop/liteos/Project2/BearPi_LiteOS/targets/STM32L431_BearPi/Src\system_stm32l4xx.c ****   *         other parameters.
 235:C:/Users/lenovo/Desktop/liteos/Project2/BearPi_LiteOS/targets/STM32L431_BearPi/Src\system_stm32l4xx.c ****   *
 236:C:/Users/lenovo/Desktop/liteos/Project2/BearPi_LiteOS/targets/STM32L431_BearPi/Src\system_stm32l4xx.c ****   * @note   Each time the core clock (HCLK) changes, this function must be called
 237:C:/Users/lenovo/Desktop/liteos/Project2/BearPi_LiteOS/targets/STM32L431_BearPi/Src\system_stm32l4xx.c ****   *         to update SystemCoreClock variable value. Otherwise, any configuration
 238:C:/Users/lenovo/Desktop/liteos/Project2/BearPi_LiteOS/targets/STM32L431_BearPi/Src\system_stm32l4xx.c ****   *         based on this variable will be incorrect.
 239:C:/Users/lenovo/Desktop/liteos/Project2/BearPi_LiteOS/targets/STM32L431_BearPi/Src\system_stm32l4xx.c ****   *
 240:C:/Users/lenovo/Desktop/liteos/Project2/BearPi_LiteOS/targets/STM32L431_BearPi/Src\system_stm32l4xx.c ****   * @note   - The system frequency computed by this function is not the real
 241:C:/Users/lenovo/Desktop/liteos/Project2/BearPi_LiteOS/targets/STM32L431_BearPi/Src\system_stm32l4xx.c ****   *           frequency in the chip. It is calculated based on the predefined
 242:C:/Users/lenovo/Desktop/liteos/Project2/BearPi_LiteOS/targets/STM32L431_BearPi/Src\system_stm32l4xx.c ****   *           constant and the selected clock source:
 243:C:/Users/lenovo/Desktop/liteos/Project2/BearPi_LiteOS/targets/STM32L431_BearPi/Src\system_stm32l4xx.c ****   *
 244:C:/Users/lenovo/Desktop/liteos/Project2/BearPi_LiteOS/targets/STM32L431_BearPi/Src\system_stm32l4xx.c ****   *           - If SYSCLK source is MSI, SystemCoreClock will contain the MSI_VALUE(*)
 245:C:/Users/lenovo/Desktop/liteos/Project2/BearPi_LiteOS/targets/STM32L431_BearPi/Src\system_stm32l4xx.c ****   *
 246:C:/Users/lenovo/Desktop/liteos/Project2/BearPi_LiteOS/targets/STM32L431_BearPi/Src\system_stm32l4xx.c ****   *           - If SYSCLK source is HSI, SystemCoreClock will contain the HSI_VALUE(**)
 247:C:/Users/lenovo/Desktop/liteos/Project2/BearPi_LiteOS/targets/STM32L431_BearPi/Src\system_stm32l4xx.c ****   *
 248:C:/Users/lenovo/Desktop/liteos/Project2/BearPi_LiteOS/targets/STM32L431_BearPi/Src\system_stm32l4xx.c ****   *           - If SYSCLK source is HSE, SystemCoreClock will contain the HSE_VALUE(***)
 249:C:/Users/lenovo/Desktop/liteos/Project2/BearPi_LiteOS/targets/STM32L431_BearPi/Src\system_stm32l4xx.c ****   *
 250:C:/Users/lenovo/Desktop/liteos/Project2/BearPi_LiteOS/targets/STM32L431_BearPi/Src\system_stm32l4xx.c ****   *           - If SYSCLK source is PLL, SystemCoreClock will contain the HSE_VALUE(***)
 251:C:/Users/lenovo/Desktop/liteos/Project2/BearPi_LiteOS/targets/STM32L431_BearPi/Src\system_stm32l4xx.c ****   *             or HSI_VALUE(*) or MSI_VALUE(*) multiplied/divided by the PLL factors.
 252:C:/Users/lenovo/Desktop/liteos/Project2/BearPi_LiteOS/targets/STM32L431_BearPi/Src\system_stm32l4xx.c ****   *
 253:C:/Users/lenovo/Desktop/liteos/Project2/BearPi_LiteOS/targets/STM32L431_BearPi/Src\system_stm32l4xx.c ****   *         (*) MSI_VALUE is a constant defined in stm32l4xx_hal.h file (default value
 254:C:/Users/lenovo/Desktop/liteos/Project2/BearPi_LiteOS/targets/STM32L431_BearPi/Src\system_stm32l4xx.c ****   *             4 MHz) but the real value may vary depending on the variations
 255:C:/Users/lenovo/Desktop/liteos/Project2/BearPi_LiteOS/targets/STM32L431_BearPi/Src\system_stm32l4xx.c ****   *             in voltage and temperature.
 256:C:/Users/lenovo/Desktop/liteos/Project2/BearPi_LiteOS/targets/STM32L431_BearPi/Src\system_stm32l4xx.c ****   *
 257:C:/Users/lenovo/Desktop/liteos/Project2/BearPi_LiteOS/targets/STM32L431_BearPi/Src\system_stm32l4xx.c ****   *         (**) HSI_VALUE is a constant defined in stm32l4xx_hal.h file (default value
 258:C:/Users/lenovo/Desktop/liteos/Project2/BearPi_LiteOS/targets/STM32L431_BearPi/Src\system_stm32l4xx.c ****   *              16 MHz) but the real value may vary depending on the variations
 259:C:/Users/lenovo/Desktop/liteos/Project2/BearPi_LiteOS/targets/STM32L431_BearPi/Src\system_stm32l4xx.c ****   *              in voltage and temperature.
 260:C:/Users/lenovo/Desktop/liteos/Project2/BearPi_LiteOS/targets/STM32L431_BearPi/Src\system_stm32l4xx.c ****   *
 261:C:/Users/lenovo/Desktop/liteos/Project2/BearPi_LiteOS/targets/STM32L431_BearPi/Src\system_stm32l4xx.c ****   *         (***) HSE_VALUE is a constant defined in stm32l4xx_hal.h file (default value
 262:C:/Users/lenovo/Desktop/liteos/Project2/BearPi_LiteOS/targets/STM32L431_BearPi/Src\system_stm32l4xx.c ****   *              8 MHz), user has to ensure that HSE_VALUE is same as the real
ARM GAS  c:\Users\lenovo\AppData\Local\Temp\ccQiIasW.s 			page 7


 263:C:/Users/lenovo/Desktop/liteos/Project2/BearPi_LiteOS/targets/STM32L431_BearPi/Src\system_stm32l4xx.c ****   *              frequency of the crystal used. Otherwise, this function may
 264:C:/Users/lenovo/Desktop/liteos/Project2/BearPi_LiteOS/targets/STM32L431_BearPi/Src\system_stm32l4xx.c ****   *              have wrong result.
 265:C:/Users/lenovo/Desktop/liteos/Project2/BearPi_LiteOS/targets/STM32L431_BearPi/Src\system_stm32l4xx.c ****   *
 266:C:/Users/lenovo/Desktop/liteos/Project2/BearPi_LiteOS/targets/STM32L431_BearPi/Src\system_stm32l4xx.c ****   *         - The result of this function could be not correct when using fractional
 267:C:/Users/lenovo/Desktop/liteos/Project2/BearPi_LiteOS/targets/STM32L431_BearPi/Src\system_stm32l4xx.c ****   *           value for HSE crystal.
 268:C:/Users/lenovo/Desktop/liteos/Project2/BearPi_LiteOS/targets/STM32L431_BearPi/Src\system_stm32l4xx.c ****   *
 269:C:/Users/lenovo/Desktop/liteos/Project2/BearPi_LiteOS/targets/STM32L431_BearPi/Src\system_stm32l4xx.c ****   * @param  None
 270:C:/Users/lenovo/Desktop/liteos/Project2/BearPi_LiteOS/targets/STM32L431_BearPi/Src\system_stm32l4xx.c ****   * @retval None
 271:C:/Users/lenovo/Desktop/liteos/Project2/BearPi_LiteOS/targets/STM32L431_BearPi/Src\system_stm32l4xx.c ****   */
 272:C:/Users/lenovo/Desktop/liteos/Project2/BearPi_LiteOS/targets/STM32L431_BearPi/Src\system_stm32l4xx.c **** void SystemCoreClockUpdate(void)
 273:C:/Users/lenovo/Desktop/liteos/Project2/BearPi_LiteOS/targets/STM32L431_BearPi/Src\system_stm32l4xx.c **** {
  84              		.loc 1 273 0
  85              		.cfi_startproc
  86              		@ args = 0, pretend = 0, frame = 0
  87              		@ frame_needed = 0, uses_anonymous_args = 0
  88              		@ link register save eliminated.
  89              	.LVL0:
 274:C:/Users/lenovo/Desktop/liteos/Project2/BearPi_LiteOS/targets/STM32L431_BearPi/Src\system_stm32l4xx.c ****   uint32_t tmp = 0U, msirange = 0U, pllvco = 0U, pllr = 2U, pllsource = 0U, pllm = 2U;
 275:C:/Users/lenovo/Desktop/liteos/Project2/BearPi_LiteOS/targets/STM32L431_BearPi/Src\system_stm32l4xx.c **** 
 276:C:/Users/lenovo/Desktop/liteos/Project2/BearPi_LiteOS/targets/STM32L431_BearPi/Src\system_stm32l4xx.c ****   /* Get MSI Range frequency--------------------------------------------------*/
 277:C:/Users/lenovo/Desktop/liteos/Project2/BearPi_LiteOS/targets/STM32L431_BearPi/Src\system_stm32l4xx.c ****   if((RCC->CR & RCC_CR_MSIRGSEL) == RESET)
  90              		.loc 1 277 0
  91 0000 2F4B     		ldr	r3, .L19
  92 0002 1B68     		ldr	r3, [r3]
  93 0004 13F0080F 		tst	r3, #8
  94 0008 16D1     		bne	.L5
 278:C:/Users/lenovo/Desktop/liteos/Project2/BearPi_LiteOS/targets/STM32L431_BearPi/Src\system_stm32l4xx.c ****   { /* MSISRANGE from RCC_CSR applies */
 279:C:/Users/lenovo/Desktop/liteos/Project2/BearPi_LiteOS/targets/STM32L431_BearPi/Src\system_stm32l4xx.c ****     msirange = (RCC->CSR & RCC_CSR_MSISRANGE) >> 8U;
  95              		.loc 1 279 0
  96 000a 2D4B     		ldr	r3, .L19
  97 000c D3F89430 		ldr	r3, [r3, #148]
  98 0010 C3F30323 		ubfx	r3, r3, #8, #4
  99              	.LVL1:
 100              	.L6:
 280:C:/Users/lenovo/Desktop/liteos/Project2/BearPi_LiteOS/targets/STM32L431_BearPi/Src\system_stm32l4xx.c ****   }
 281:C:/Users/lenovo/Desktop/liteos/Project2/BearPi_LiteOS/targets/STM32L431_BearPi/Src\system_stm32l4xx.c ****   else
 282:C:/Users/lenovo/Desktop/liteos/Project2/BearPi_LiteOS/targets/STM32L431_BearPi/Src\system_stm32l4xx.c ****   { /* MSIRANGE from RCC_CR applies */
 283:C:/Users/lenovo/Desktop/liteos/Project2/BearPi_LiteOS/targets/STM32L431_BearPi/Src\system_stm32l4xx.c ****     msirange = (RCC->CR & RCC_CR_MSIRANGE) >> 4U;
 284:C:/Users/lenovo/Desktop/liteos/Project2/BearPi_LiteOS/targets/STM32L431_BearPi/Src\system_stm32l4xx.c ****   }
 285:C:/Users/lenovo/Desktop/liteos/Project2/BearPi_LiteOS/targets/STM32L431_BearPi/Src\system_stm32l4xx.c ****   /*MSI frequency range in HZ*/
 286:C:/Users/lenovo/Desktop/liteos/Project2/BearPi_LiteOS/targets/STM32L431_BearPi/Src\system_stm32l4xx.c ****   msirange = MSIRangeTable[msirange];
 101              		.loc 1 286 0
 102 0014 2B4A     		ldr	r2, .L19+4
 103 0016 52F82310 		ldr	r1, [r2, r3, lsl #2]
 104              	.LVL2:
 287:C:/Users/lenovo/Desktop/liteos/Project2/BearPi_LiteOS/targets/STM32L431_BearPi/Src\system_stm32l4xx.c **** 
 288:C:/Users/lenovo/Desktop/liteos/Project2/BearPi_LiteOS/targets/STM32L431_BearPi/Src\system_stm32l4xx.c ****   /* Get SYSCLK source -------------------------------------------------------*/
 289:C:/Users/lenovo/Desktop/liteos/Project2/BearPi_LiteOS/targets/STM32L431_BearPi/Src\system_stm32l4xx.c ****   switch (RCC->CFGR & RCC_CFGR_SWS)
 105              		.loc 1 289 0
 106 001a 294A     		ldr	r2, .L19
 107 001c 9368     		ldr	r3, [r2, #8]
 108 001e 03F00C03 		and	r3, r3, #12
 109 0022 0C2B     		cmp	r3, #12
 110 0024 48D8     		bhi	.L7
 111 0026 DFE803F0 		tbb	[pc, r3]
 112              	.L9:
 113 002a 0C       		.byte	(.L8-.L9)/2
ARM GAS  c:\Users\lenovo\AppData\Local\Temp\ccQiIasW.s 			page 8


 114 002b 47       		.byte	(.L7-.L9)/2
 115 002c 47       		.byte	(.L7-.L9)/2
 116 002d 47       		.byte	(.L7-.L9)/2
 117 002e 19       		.byte	(.L10-.L9)/2
 118 002f 47       		.byte	(.L7-.L9)/2
 119 0030 47       		.byte	(.L7-.L9)/2
 120 0031 47       		.byte	(.L7-.L9)/2
 121 0032 1D       		.byte	(.L11-.L9)/2
 122 0033 47       		.byte	(.L7-.L9)/2
 123 0034 47       		.byte	(.L7-.L9)/2
 124 0035 47       		.byte	(.L7-.L9)/2
 125 0036 21       		.byte	(.L12-.L9)/2
 126              	.LVL3:
 127 0037 00       		.p2align 1
 128              	.L5:
 283:C:/Users/lenovo/Desktop/liteos/Project2/BearPi_LiteOS/targets/STM32L431_BearPi/Src\system_stm32l4xx.c ****   }
 129              		.loc 1 283 0
 130 0038 214B     		ldr	r3, .L19
 131 003a 1B68     		ldr	r3, [r3]
 132 003c C3F30313 		ubfx	r3, r3, #4, #4
 133              	.LVL4:
 134 0040 E8E7     		b	.L6
 135              	.LVL5:
 136              	.L8:
 290:C:/Users/lenovo/Desktop/liteos/Project2/BearPi_LiteOS/targets/STM32L431_BearPi/Src\system_stm32l4xx.c ****   {
 291:C:/Users/lenovo/Desktop/liteos/Project2/BearPi_LiteOS/targets/STM32L431_BearPi/Src\system_stm32l4xx.c ****     case 0x00:  /* MSI used as system clock source */
 292:C:/Users/lenovo/Desktop/liteos/Project2/BearPi_LiteOS/targets/STM32L431_BearPi/Src\system_stm32l4xx.c ****       SystemCoreClock = msirange;
 137              		.loc 1 292 0
 138 0042 214B     		ldr	r3, .L19+8
 139 0044 1960     		str	r1, [r3]
 140              	.LVL6:
 141              	.L13:
 293:C:/Users/lenovo/Desktop/liteos/Project2/BearPi_LiteOS/targets/STM32L431_BearPi/Src\system_stm32l4xx.c ****       break;
 294:C:/Users/lenovo/Desktop/liteos/Project2/BearPi_LiteOS/targets/STM32L431_BearPi/Src\system_stm32l4xx.c **** 
 295:C:/Users/lenovo/Desktop/liteos/Project2/BearPi_LiteOS/targets/STM32L431_BearPi/Src\system_stm32l4xx.c ****     case 0x04:  /* HSI used as system clock source */
 296:C:/Users/lenovo/Desktop/liteos/Project2/BearPi_LiteOS/targets/STM32L431_BearPi/Src\system_stm32l4xx.c ****       SystemCoreClock = HSI_VALUE;
 297:C:/Users/lenovo/Desktop/liteos/Project2/BearPi_LiteOS/targets/STM32L431_BearPi/Src\system_stm32l4xx.c ****       break;
 298:C:/Users/lenovo/Desktop/liteos/Project2/BearPi_LiteOS/targets/STM32L431_BearPi/Src\system_stm32l4xx.c **** 
 299:C:/Users/lenovo/Desktop/liteos/Project2/BearPi_LiteOS/targets/STM32L431_BearPi/Src\system_stm32l4xx.c ****     case 0x08:  /* HSE used as system clock source */
 300:C:/Users/lenovo/Desktop/liteos/Project2/BearPi_LiteOS/targets/STM32L431_BearPi/Src\system_stm32l4xx.c ****       SystemCoreClock = HSE_VALUE;
 301:C:/Users/lenovo/Desktop/liteos/Project2/BearPi_LiteOS/targets/STM32L431_BearPi/Src\system_stm32l4xx.c ****       break;
 302:C:/Users/lenovo/Desktop/liteos/Project2/BearPi_LiteOS/targets/STM32L431_BearPi/Src\system_stm32l4xx.c **** 
 303:C:/Users/lenovo/Desktop/liteos/Project2/BearPi_LiteOS/targets/STM32L431_BearPi/Src\system_stm32l4xx.c ****     case 0x0C:  /* PLL used as system clock  source */
 304:C:/Users/lenovo/Desktop/liteos/Project2/BearPi_LiteOS/targets/STM32L431_BearPi/Src\system_stm32l4xx.c ****       /* PLL_VCO = (HSE_VALUE or HSI_VALUE or MSI_VALUE/ PLLM) * PLLN
 305:C:/Users/lenovo/Desktop/liteos/Project2/BearPi_LiteOS/targets/STM32L431_BearPi/Src\system_stm32l4xx.c ****          SYSCLK = PLL_VCO / PLLR
 306:C:/Users/lenovo/Desktop/liteos/Project2/BearPi_LiteOS/targets/STM32L431_BearPi/Src\system_stm32l4xx.c ****          */
 307:C:/Users/lenovo/Desktop/liteos/Project2/BearPi_LiteOS/targets/STM32L431_BearPi/Src\system_stm32l4xx.c ****       pllsource = (RCC->PLLCFGR & RCC_PLLCFGR_PLLSRC);
 308:C:/Users/lenovo/Desktop/liteos/Project2/BearPi_LiteOS/targets/STM32L431_BearPi/Src\system_stm32l4xx.c ****       pllm = ((RCC->PLLCFGR & RCC_PLLCFGR_PLLM) >> 4U) + 1U ;
 309:C:/Users/lenovo/Desktop/liteos/Project2/BearPi_LiteOS/targets/STM32L431_BearPi/Src\system_stm32l4xx.c **** 
 310:C:/Users/lenovo/Desktop/liteos/Project2/BearPi_LiteOS/targets/STM32L431_BearPi/Src\system_stm32l4xx.c ****       switch (pllsource)
 311:C:/Users/lenovo/Desktop/liteos/Project2/BearPi_LiteOS/targets/STM32L431_BearPi/Src\system_stm32l4xx.c ****       {
 312:C:/Users/lenovo/Desktop/liteos/Project2/BearPi_LiteOS/targets/STM32L431_BearPi/Src\system_stm32l4xx.c ****         case 0x02:  /* HSI used as PLL clock source */
 313:C:/Users/lenovo/Desktop/liteos/Project2/BearPi_LiteOS/targets/STM32L431_BearPi/Src\system_stm32l4xx.c ****           pllvco = (HSI_VALUE / pllm);
 314:C:/Users/lenovo/Desktop/liteos/Project2/BearPi_LiteOS/targets/STM32L431_BearPi/Src\system_stm32l4xx.c ****           break;
 315:C:/Users/lenovo/Desktop/liteos/Project2/BearPi_LiteOS/targets/STM32L431_BearPi/Src\system_stm32l4xx.c **** 
 316:C:/Users/lenovo/Desktop/liteos/Project2/BearPi_LiteOS/targets/STM32L431_BearPi/Src\system_stm32l4xx.c ****         case 0x03:  /* HSE used as PLL clock source */
 317:C:/Users/lenovo/Desktop/liteos/Project2/BearPi_LiteOS/targets/STM32L431_BearPi/Src\system_stm32l4xx.c ****           pllvco = (HSE_VALUE / pllm);
ARM GAS  c:\Users\lenovo\AppData\Local\Temp\ccQiIasW.s 			page 9


 318:C:/Users/lenovo/Desktop/liteos/Project2/BearPi_LiteOS/targets/STM32L431_BearPi/Src\system_stm32l4xx.c ****           break;
 319:C:/Users/lenovo/Desktop/liteos/Project2/BearPi_LiteOS/targets/STM32L431_BearPi/Src\system_stm32l4xx.c **** 
 320:C:/Users/lenovo/Desktop/liteos/Project2/BearPi_LiteOS/targets/STM32L431_BearPi/Src\system_stm32l4xx.c ****         default:    /* MSI used as PLL clock source */
 321:C:/Users/lenovo/Desktop/liteos/Project2/BearPi_LiteOS/targets/STM32L431_BearPi/Src\system_stm32l4xx.c ****           pllvco = (msirange / pllm);
 322:C:/Users/lenovo/Desktop/liteos/Project2/BearPi_LiteOS/targets/STM32L431_BearPi/Src\system_stm32l4xx.c ****           break;
 323:C:/Users/lenovo/Desktop/liteos/Project2/BearPi_LiteOS/targets/STM32L431_BearPi/Src\system_stm32l4xx.c ****       }
 324:C:/Users/lenovo/Desktop/liteos/Project2/BearPi_LiteOS/targets/STM32L431_BearPi/Src\system_stm32l4xx.c ****       pllvco = pllvco * ((RCC->PLLCFGR & RCC_PLLCFGR_PLLN) >> 8U);
 325:C:/Users/lenovo/Desktop/liteos/Project2/BearPi_LiteOS/targets/STM32L431_BearPi/Src\system_stm32l4xx.c ****       pllr = (((RCC->PLLCFGR & RCC_PLLCFGR_PLLR) >> 25U) + 1U) * 2U;
 326:C:/Users/lenovo/Desktop/liteos/Project2/BearPi_LiteOS/targets/STM32L431_BearPi/Src\system_stm32l4xx.c ****       SystemCoreClock = pllvco/pllr;
 327:C:/Users/lenovo/Desktop/liteos/Project2/BearPi_LiteOS/targets/STM32L431_BearPi/Src\system_stm32l4xx.c ****       break;
 328:C:/Users/lenovo/Desktop/liteos/Project2/BearPi_LiteOS/targets/STM32L431_BearPi/Src\system_stm32l4xx.c **** 
 329:C:/Users/lenovo/Desktop/liteos/Project2/BearPi_LiteOS/targets/STM32L431_BearPi/Src\system_stm32l4xx.c ****     default:
 330:C:/Users/lenovo/Desktop/liteos/Project2/BearPi_LiteOS/targets/STM32L431_BearPi/Src\system_stm32l4xx.c ****       SystemCoreClock = msirange;
 331:C:/Users/lenovo/Desktop/liteos/Project2/BearPi_LiteOS/targets/STM32L431_BearPi/Src\system_stm32l4xx.c ****       break;
 332:C:/Users/lenovo/Desktop/liteos/Project2/BearPi_LiteOS/targets/STM32L431_BearPi/Src\system_stm32l4xx.c ****   }
 333:C:/Users/lenovo/Desktop/liteos/Project2/BearPi_LiteOS/targets/STM32L431_BearPi/Src\system_stm32l4xx.c ****   /* Compute HCLK clock frequency --------------------------------------------*/
 334:C:/Users/lenovo/Desktop/liteos/Project2/BearPi_LiteOS/targets/STM32L431_BearPi/Src\system_stm32l4xx.c ****   /* Get HCLK prescaler */
 335:C:/Users/lenovo/Desktop/liteos/Project2/BearPi_LiteOS/targets/STM32L431_BearPi/Src\system_stm32l4xx.c ****   tmp = AHBPrescTable[((RCC->CFGR & RCC_CFGR_HPRE) >> 4U)];
 142              		.loc 1 335 0
 143 0046 1E4B     		ldr	r3, .L19
 144 0048 9B68     		ldr	r3, [r3, #8]
 145 004a C3F30313 		ubfx	r3, r3, #4, #4
 146 004e 1F4A     		ldr	r2, .L19+12
 147 0050 D15C     		ldrb	r1, [r2, r3]	@ zero_extendqisi2
 148              	.LVL7:
 336:C:/Users/lenovo/Desktop/liteos/Project2/BearPi_LiteOS/targets/STM32L431_BearPi/Src\system_stm32l4xx.c ****   /* HCLK clock frequency */
 337:C:/Users/lenovo/Desktop/liteos/Project2/BearPi_LiteOS/targets/STM32L431_BearPi/Src\system_stm32l4xx.c ****   SystemCoreClock >>= tmp;
 149              		.loc 1 337 0
 150 0052 1D4A     		ldr	r2, .L19+8
 151 0054 1368     		ldr	r3, [r2]
 152 0056 CB40     		lsrs	r3, r3, r1
 153 0058 1360     		str	r3, [r2]
 338:C:/Users/lenovo/Desktop/liteos/Project2/BearPi_LiteOS/targets/STM32L431_BearPi/Src\system_stm32l4xx.c **** }
 154              		.loc 1 338 0
 155 005a 7047     		bx	lr
 156              	.LVL8:
 157              	.L10:
 296:C:/Users/lenovo/Desktop/liteos/Project2/BearPi_LiteOS/targets/STM32L431_BearPi/Src\system_stm32l4xx.c ****       break;
 158              		.loc 1 296 0
 159 005c 1A4B     		ldr	r3, .L19+8
 160 005e 1C4A     		ldr	r2, .L19+16
 161 0060 1A60     		str	r2, [r3]
 297:C:/Users/lenovo/Desktop/liteos/Project2/BearPi_LiteOS/targets/STM32L431_BearPi/Src\system_stm32l4xx.c **** 
 162              		.loc 1 297 0
 163 0062 F0E7     		b	.L13
 164              	.L11:
 300:C:/Users/lenovo/Desktop/liteos/Project2/BearPi_LiteOS/targets/STM32L431_BearPi/Src\system_stm32l4xx.c ****       break;
 165              		.loc 1 300 0
 166 0064 184B     		ldr	r3, .L19+8
 167 0066 1B4A     		ldr	r2, .L19+20
 168 0068 1A60     		str	r2, [r3]
 301:C:/Users/lenovo/Desktop/liteos/Project2/BearPi_LiteOS/targets/STM32L431_BearPi/Src\system_stm32l4xx.c **** 
 169              		.loc 1 301 0
 170 006a ECE7     		b	.L13
 171              	.L12:
 307:C:/Users/lenovo/Desktop/liteos/Project2/BearPi_LiteOS/targets/STM32L431_BearPi/Src\system_stm32l4xx.c ****       pllm = ((RCC->PLLCFGR & RCC_PLLCFGR_PLLM) >> 4U) + 1U ;
 172              		.loc 1 307 0
ARM GAS  c:\Users\lenovo\AppData\Local\Temp\ccQiIasW.s 			page 10


 173 006c 144B     		ldr	r3, .L19
 174 006e DA68     		ldr	r2, [r3, #12]
 175 0070 02F00302 		and	r2, r2, #3
 176              	.LVL9:
 308:C:/Users/lenovo/Desktop/liteos/Project2/BearPi_LiteOS/targets/STM32L431_BearPi/Src\system_stm32l4xx.c **** 
 177              		.loc 1 308 0
 178 0074 DB68     		ldr	r3, [r3, #12]
 179 0076 C3F30213 		ubfx	r3, r3, #4, #3
 180 007a 0133     		adds	r3, r3, #1
 181              	.LVL10:
 310:C:/Users/lenovo/Desktop/liteos/Project2/BearPi_LiteOS/targets/STM32L431_BearPi/Src\system_stm32l4xx.c ****       {
 182              		.loc 1 310 0
 183 007c 022A     		cmp	r2, #2
 184 007e 04D0     		beq	.L15
 185 0080 032A     		cmp	r2, #3
 186 0082 15D0     		beq	.L16
 321:C:/Users/lenovo/Desktop/liteos/Project2/BearPi_LiteOS/targets/STM32L431_BearPi/Src\system_stm32l4xx.c ****           break;
 187              		.loc 1 321 0
 188 0084 B1FBF3F3 		udiv	r3, r1, r3
 189              	.LVL11:
 322:C:/Users/lenovo/Desktop/liteos/Project2/BearPi_LiteOS/targets/STM32L431_BearPi/Src\system_stm32l4xx.c ****       }
 190              		.loc 1 322 0
 191 0088 02E0     		b	.L17
 192              	.LVL12:
 193              	.L15:
 313:C:/Users/lenovo/Desktop/liteos/Project2/BearPi_LiteOS/targets/STM32L431_BearPi/Src\system_stm32l4xx.c ****           break;
 194              		.loc 1 313 0
 195 008a 114A     		ldr	r2, .L19+16
 196              	.LVL13:
 197 008c B2FBF3F3 		udiv	r3, r2, r3
 198              	.LVL14:
 199              	.L17:
 324:C:/Users/lenovo/Desktop/liteos/Project2/BearPi_LiteOS/targets/STM32L431_BearPi/Src\system_stm32l4xx.c ****       pllr = (((RCC->PLLCFGR & RCC_PLLCFGR_PLLR) >> 25U) + 1U) * 2U;
 200              		.loc 1 324 0
 201 0090 0B49     		ldr	r1, .L19
 202              	.LVL15:
 203 0092 CA68     		ldr	r2, [r1, #12]
 204 0094 C2F30622 		ubfx	r2, r2, #8, #7
 205 0098 03FB02F3 		mul	r3, r3, r2
 206              	.LVL16:
 325:C:/Users/lenovo/Desktop/liteos/Project2/BearPi_LiteOS/targets/STM32L431_BearPi/Src\system_stm32l4xx.c ****       SystemCoreClock = pllvco/pllr;
 207              		.loc 1 325 0
 208 009c CA68     		ldr	r2, [r1, #12]
 209 009e C2F34162 		ubfx	r2, r2, #25, #2
 210 00a2 0132     		adds	r2, r2, #1
 211 00a4 5200     		lsls	r2, r2, #1
 212              	.LVL17:
 326:C:/Users/lenovo/Desktop/liteos/Project2/BearPi_LiteOS/targets/STM32L431_BearPi/Src\system_stm32l4xx.c ****       break;
 213              		.loc 1 326 0
 214 00a6 B3FBF2F3 		udiv	r3, r3, r2
 215              	.LVL18:
 216 00aa 074A     		ldr	r2, .L19+8
 217              	.LVL19:
 218 00ac 1360     		str	r3, [r2]
 327:C:/Users/lenovo/Desktop/liteos/Project2/BearPi_LiteOS/targets/STM32L431_BearPi/Src\system_stm32l4xx.c **** 
 219              		.loc 1 327 0
 220 00ae CAE7     		b	.L13
ARM GAS  c:\Users\lenovo\AppData\Local\Temp\ccQiIasW.s 			page 11


 221              	.LVL20:
 222              	.L16:
 317:C:/Users/lenovo/Desktop/liteos/Project2/BearPi_LiteOS/targets/STM32L431_BearPi/Src\system_stm32l4xx.c ****           break;
 223              		.loc 1 317 0
 224 00b0 084A     		ldr	r2, .L19+20
 225              	.LVL21:
 226 00b2 B2FBF3F3 		udiv	r3, r2, r3
 227              	.LVL22:
 318:C:/Users/lenovo/Desktop/liteos/Project2/BearPi_LiteOS/targets/STM32L431_BearPi/Src\system_stm32l4xx.c **** 
 228              		.loc 1 318 0
 229 00b6 EBE7     		b	.L17
 230              	.LVL23:
 231              	.L7:
 330:C:/Users/lenovo/Desktop/liteos/Project2/BearPi_LiteOS/targets/STM32L431_BearPi/Src\system_stm32l4xx.c ****       break;
 232              		.loc 1 330 0
 233 00b8 034B     		ldr	r3, .L19+8
 234 00ba 1960     		str	r1, [r3]
 331:C:/Users/lenovo/Desktop/liteos/Project2/BearPi_LiteOS/targets/STM32L431_BearPi/Src\system_stm32l4xx.c ****   }
 235              		.loc 1 331 0
 236 00bc C3E7     		b	.L13
 237              	.L20:
 238 00be 00BF     		.align	2
 239              	.L19:
 240 00c0 00100240 		.word	1073876992
 241 00c4 00000000 		.word	.LANCHOR0
 242 00c8 00000000 		.word	.LANCHOR1
 243 00cc 00000000 		.word	.LANCHOR2
 244 00d0 0024F400 		.word	16000000
 245 00d4 00127A00 		.word	8000000
 246              		.cfi_endproc
 247              	.LFE134:
 249              		.global	MSIRangeTable
 250              		.global	APBPrescTable
 251              		.global	AHBPrescTable
 252              		.global	SystemCoreClock
 253              		.section	.data.SystemCoreClock,"aw",%progbits
 254              		.align	2
 255              		.set	.LANCHOR1,. + 0
 258              	SystemCoreClock:
 259 0000 00093D00 		.word	4000000
 260              		.section	.rodata.AHBPrescTable,"a",%progbits
 261              		.align	2
 262              		.set	.LANCHOR2,. + 0
 265              	AHBPrescTable:
 266 0000 00       		.byte	0
 267 0001 00       		.byte	0
 268 0002 00       		.byte	0
 269 0003 00       		.byte	0
 270 0004 00       		.byte	0
 271 0005 00       		.byte	0
 272 0006 00       		.byte	0
 273 0007 00       		.byte	0
 274 0008 01       		.byte	1
 275 0009 02       		.byte	2
 276 000a 03       		.byte	3
 277 000b 04       		.byte	4
 278 000c 06       		.byte	6
ARM GAS  c:\Users\lenovo\AppData\Local\Temp\ccQiIasW.s 			page 12


 279 000d 07       		.byte	7
 280 000e 08       		.byte	8
 281 000f 09       		.byte	9
 282              		.section	.rodata.APBPrescTable,"a",%progbits
 283              		.align	2
 286              	APBPrescTable:
 287 0000 00       		.byte	0
 288 0001 00       		.byte	0
 289 0002 00       		.byte	0
 290 0003 00       		.byte	0
 291 0004 01       		.byte	1
 292 0005 02       		.byte	2
 293 0006 03       		.byte	3
 294 0007 04       		.byte	4
 295              		.section	.rodata.MSIRangeTable,"a",%progbits
 296              		.align	2
 297              		.set	.LANCHOR0,. + 0
 300              	MSIRangeTable:
 301 0000 A0860100 		.word	100000
 302 0004 400D0300 		.word	200000
 303 0008 801A0600 		.word	400000
 304 000c 00350C00 		.word	800000
 305 0010 40420F00 		.word	1000000
 306 0014 80841E00 		.word	2000000
 307 0018 00093D00 		.word	4000000
 308 001c 00127A00 		.word	8000000
 309 0020 0024F400 		.word	16000000
 310 0024 00366E01 		.word	24000000
 311 0028 0048E801 		.word	32000000
 312 002c 006CDC02 		.word	48000000
 313              		.text
 314              	.Letext0:
 315              		.file 2 "c:\\program files (x86)\\liteos studio\\resources\\arm-none-eabi\\arm-none-eabi\\include\
 316              		.file 3 "c:\\program files (x86)\\liteos studio\\resources\\arm-none-eabi\\arm-none-eabi\\include\
 317              		.file 4 "C:/Users/lenovo/Desktop/liteos/Project2/BearPi_LiteOS/arch/arm/common/cmsis/core_cm4.h"
 318              		.file 5 "C:/Users/lenovo/Desktop/liteos/Project2/BearPi_LiteOS/targets/STM32L431_BearPi/Inc/system
 319              		.file 6 "C:/Users/lenovo/Desktop/liteos/Project2/BearPi_LiteOS/targets/STM32L431_BearPi/Inc/stm32l
 320              		.file 7 "c:\\program files (x86)\\liteos studio\\resources\\arm-none-eabi\\arm-none-eabi\\include\
 321              		.file 8 "c:\\program files (x86)\\liteos studio\\resources\\arm-none-eabi\\arm-none-eabi\\include\
 322              		.file 9 "c:\\program files (x86)\\liteos studio\\resources\\arm-none-eabi\\lib\\gcc\\arm-none-eabi
 323              		.file 10 "c:\\program files (x86)\\liteos studio\\resources\\arm-none-eabi\\arm-none-eabi\\include
 324              		.file 11 "C:/Users/lenovo/Desktop/liteos/Project2/BearPi_LiteOS/kernel/include/los_typedef.h"
 325              		.file 12 "C:/Users/lenovo/Desktop/liteos/Project2/BearPi_LiteOS/targets/STM32L431_BearPi/OS_CONFIG
 326              		.file 13 "C:/Users/lenovo/Desktop/liteos/Project2/BearPi_LiteOS/kernel/include/los_config.h"
 327              		.file 14 "C:/Users/lenovo/Desktop/liteos/Project2/BearPi_LiteOS/kernel/include/los_list.h"
 328              		.file 15 "C:/Users/lenovo/Desktop/liteos/Project2/BearPi_LiteOS/kernel/include/los_err.h"
 329              		.file 16 "C:/Users/lenovo/Desktop/liteos/Project2/BearPi_LiteOS/arch/arm/arm-m/include/los_hwi.h"
 330              		.file 17 "C:/Users/lenovo/Desktop/liteos/Project2/BearPi_LiteOS/kernel/include/los_tick.h"
 331              		.file 18 "C:/Users/lenovo/Desktop/liteos/Project2/BearPi_LiteOS/kernel/include/los_event.h"
 332              		.file 19 "C:/Users/lenovo/Desktop/liteos/Project2/BearPi_LiteOS/kernel/include/los_task.h"
 333              		.file 20 "C:/Users/lenovo/Desktop/liteos/Project2/BearPi_LiteOS/kernel/base/include/los_task.ph"
 334              		.file 21 "C:/Users/lenovo/Desktop/liteos/Project2/BearPi_LiteOS/targets/STM32L431_BearPi/Inc/main.
 335              		.file 22 "C:/Users/lenovo/Desktop/liteos/Project2/BearPi_LiteOS/targets/STM32L431_BearPi/Inc/stm32
ARM GAS  c:\Users\lenovo\AppData\Local\Temp\ccQiIasW.s 			page 13


DEFINED SYMBOLS
                            *ABS*:00000000 system_stm32l4xx.c
c:\Users\lenovo\AppData\Local\Temp\ccQiIasW.s:18     .text.SystemInit:00000000 $t
c:\Users\lenovo\AppData\Local\Temp\ccQiIasW.s:25     .text.SystemInit:00000000 SystemInit
c:\Users\lenovo\AppData\Local\Temp\ccQiIasW.s:68     .text.SystemInit:00000040 $d
c:\Users\lenovo\AppData\Local\Temp\ccQiIasW.s:75     .text.SystemCoreClockUpdate:00000000 $t
c:\Users\lenovo\AppData\Local\Temp\ccQiIasW.s:82     .text.SystemCoreClockUpdate:00000000 SystemCoreClockUpdate
c:\Users\lenovo\AppData\Local\Temp\ccQiIasW.s:113    .text.SystemCoreClockUpdate:0000002a $d
c:\Users\lenovo\AppData\Local\Temp\ccQiIasW.s:240    .text.SystemCoreClockUpdate:000000c0 $d
c:\Users\lenovo\AppData\Local\Temp\ccQiIasW.s:300    .rodata.MSIRangeTable:00000000 MSIRangeTable
c:\Users\lenovo\AppData\Local\Temp\ccQiIasW.s:286    .rodata.APBPrescTable:00000000 APBPrescTable
c:\Users\lenovo\AppData\Local\Temp\ccQiIasW.s:265    .rodata.AHBPrescTable:00000000 AHBPrescTable
c:\Users\lenovo\AppData\Local\Temp\ccQiIasW.s:258    .data.SystemCoreClock:00000000 SystemCoreClock
c:\Users\lenovo\AppData\Local\Temp\ccQiIasW.s:254    .data.SystemCoreClock:00000000 $d
c:\Users\lenovo\AppData\Local\Temp\ccQiIasW.s:261    .rodata.AHBPrescTable:00000000 $d
c:\Users\lenovo\AppData\Local\Temp\ccQiIasW.s:283    .rodata.APBPrescTable:00000000 $d
c:\Users\lenovo\AppData\Local\Temp\ccQiIasW.s:296    .rodata.MSIRangeTable:00000000 $d
c:\Users\lenovo\AppData\Local\Temp\ccQiIasW.s:127    .text.SystemCoreClockUpdate:00000037 $d
c:\Users\lenovo\AppData\Local\Temp\ccQiIasW.s:127    .text.SystemCoreClockUpdate:00000038 $t

NO UNDEFINED SYMBOLS
