ARM GAS  c:\Users\lenovo\AppData\Local\Temp\ccfhqcUr.s 			page 1


   1              		.cpu cortex-m4
   2              		.eabi_attribute 27, 1
   3              		.eabi_attribute 28, 1
   4              		.eabi_attribute 20, 1
   5              		.eabi_attribute 21, 1
   6              		.eabi_attribute 23, 3
   7              		.eabi_attribute 24, 1
   8              		.eabi_attribute 25, 1
   9              		.eabi_attribute 26, 1
  10              		.eabi_attribute 30, 1
  11              		.eabi_attribute 34, 1
  12              		.eabi_attribute 18, 4
  13              		.file	"usart.c"
  14              		.text
  15              	.Ltext0:
  16              		.cfi_sections	.debug_frame
  17              		.section	.text.MX_LPUART1_UART_Init,"ax",%progbits
  18              		.align	1
  19              		.global	MX_LPUART1_UART_Init
  20              		.syntax unified
  21              		.thumb
  22              		.thumb_func
  23              		.fpu fpv4-sp-d16
  25              	MX_LPUART1_UART_Init:
  26              	.LFB133:
  27              		.file 1 "C:/Users/lenovo/Desktop/liteos/Project2/BearPi_LiteOS/targets/STM32L431_BearPi/Src/usart.
   1:C:/Users/lenovo/Desktop/liteos/Project2/BearPi_LiteOS/targets/STM32L431_BearPi/Src\usart.c **** /**
   2:C:/Users/lenovo/Desktop/liteos/Project2/BearPi_LiteOS/targets/STM32L431_BearPi/Src\usart.c ****   ******************************************************************************
   3:C:/Users/lenovo/Desktop/liteos/Project2/BearPi_LiteOS/targets/STM32L431_BearPi/Src\usart.c ****   * File Name          : USART.c
   4:C:/Users/lenovo/Desktop/liteos/Project2/BearPi_LiteOS/targets/STM32L431_BearPi/Src\usart.c ****   * Description        : This file provides code for the configuration
   5:C:/Users/lenovo/Desktop/liteos/Project2/BearPi_LiteOS/targets/STM32L431_BearPi/Src\usart.c ****   *                      of the USART instances.
   6:C:/Users/lenovo/Desktop/liteos/Project2/BearPi_LiteOS/targets/STM32L431_BearPi/Src\usart.c ****   ******************************************************************************
   7:C:/Users/lenovo/Desktop/liteos/Project2/BearPi_LiteOS/targets/STM32L431_BearPi/Src\usart.c ****   ** This notice applies to any and all portions of this file
   8:C:/Users/lenovo/Desktop/liteos/Project2/BearPi_LiteOS/targets/STM32L431_BearPi/Src\usart.c ****   * that are not between comment pairs USER CODE BEGIN and
   9:C:/Users/lenovo/Desktop/liteos/Project2/BearPi_LiteOS/targets/STM32L431_BearPi/Src\usart.c ****   * USER CODE END. Other portions of this file, whether 
  10:C:/Users/lenovo/Desktop/liteos/Project2/BearPi_LiteOS/targets/STM32L431_BearPi/Src\usart.c ****   * inserted by the user or by software development tools
  11:C:/Users/lenovo/Desktop/liteos/Project2/BearPi_LiteOS/targets/STM32L431_BearPi/Src\usart.c ****   * are owned by their respective copyright owners.
  12:C:/Users/lenovo/Desktop/liteos/Project2/BearPi_LiteOS/targets/STM32L431_BearPi/Src\usart.c ****   *
  13:C:/Users/lenovo/Desktop/liteos/Project2/BearPi_LiteOS/targets/STM32L431_BearPi/Src\usart.c ****   * COPYRIGHT(c) 2018 STMicroelectronics
  14:C:/Users/lenovo/Desktop/liteos/Project2/BearPi_LiteOS/targets/STM32L431_BearPi/Src\usart.c ****   *
  15:C:/Users/lenovo/Desktop/liteos/Project2/BearPi_LiteOS/targets/STM32L431_BearPi/Src\usart.c ****   * Redistribution and use in source and binary forms, with or without modification,
  16:C:/Users/lenovo/Desktop/liteos/Project2/BearPi_LiteOS/targets/STM32L431_BearPi/Src\usart.c ****   * are permitted provided that the following conditions are met:
  17:C:/Users/lenovo/Desktop/liteos/Project2/BearPi_LiteOS/targets/STM32L431_BearPi/Src\usart.c ****   *   1. Redistributions of source code must retain the above copyright notice,
  18:C:/Users/lenovo/Desktop/liteos/Project2/BearPi_LiteOS/targets/STM32L431_BearPi/Src\usart.c ****   *      this list of conditions and the following disclaimer.
  19:C:/Users/lenovo/Desktop/liteos/Project2/BearPi_LiteOS/targets/STM32L431_BearPi/Src\usart.c ****   *   2. Redistributions in binary form must reproduce the above copyright notice,
  20:C:/Users/lenovo/Desktop/liteos/Project2/BearPi_LiteOS/targets/STM32L431_BearPi/Src\usart.c ****   *      this list of conditions and the following disclaimer in the documentation
  21:C:/Users/lenovo/Desktop/liteos/Project2/BearPi_LiteOS/targets/STM32L431_BearPi/Src\usart.c ****   *      and/or other materials provided with the distribution.
  22:C:/Users/lenovo/Desktop/liteos/Project2/BearPi_LiteOS/targets/STM32L431_BearPi/Src\usart.c ****   *   3. Neither the name of STMicroelectronics nor the names of its contributors
  23:C:/Users/lenovo/Desktop/liteos/Project2/BearPi_LiteOS/targets/STM32L431_BearPi/Src\usart.c ****   *      may be used to endorse or promote products derived from this software
  24:C:/Users/lenovo/Desktop/liteos/Project2/BearPi_LiteOS/targets/STM32L431_BearPi/Src\usart.c ****   *      without specific prior written permission.
  25:C:/Users/lenovo/Desktop/liteos/Project2/BearPi_LiteOS/targets/STM32L431_BearPi/Src\usart.c ****   *
  26:C:/Users/lenovo/Desktop/liteos/Project2/BearPi_LiteOS/targets/STM32L431_BearPi/Src\usart.c ****   * THIS SOFTWARE IS PROVIDED BY THE COPYRIGHT HOLDERS AND CONTRIBUTORS "AS IS"
  27:C:/Users/lenovo/Desktop/liteos/Project2/BearPi_LiteOS/targets/STM32L431_BearPi/Src\usart.c ****   * AND ANY EXPRESS OR IMPLIED WARRANTIES, INCLUDING, BUT NOT LIMITED TO, THE
  28:C:/Users/lenovo/Desktop/liteos/Project2/BearPi_LiteOS/targets/STM32L431_BearPi/Src\usart.c ****   * IMPLIED WARRANTIES OF MERCHANTABILITY AND FITNESS FOR A PARTICULAR PURPOSE ARE
  29:C:/Users/lenovo/Desktop/liteos/Project2/BearPi_LiteOS/targets/STM32L431_BearPi/Src\usart.c ****   * DISCLAIMED. IN NO EVENT SHALL THE COPYRIGHT HOLDER OR CONTRIBUTORS BE LIABLE
  30:C:/Users/lenovo/Desktop/liteos/Project2/BearPi_LiteOS/targets/STM32L431_BearPi/Src\usart.c ****   * FOR ANY DIRECT, INDIRECT, INCIDENTAL, SPECIAL, EXEMPLARY, OR CONSEQUENTIAL
  31:C:/Users/lenovo/Desktop/liteos/Project2/BearPi_LiteOS/targets/STM32L431_BearPi/Src\usart.c ****   * DAMAGES (INCLUDING, BUT NOT LIMITED TO, PROCUREMENT OF SUBSTITUTE GOODS OR
ARM GAS  c:\Users\lenovo\AppData\Local\Temp\ccfhqcUr.s 			page 2


  32:C:/Users/lenovo/Desktop/liteos/Project2/BearPi_LiteOS/targets/STM32L431_BearPi/Src\usart.c ****   * SERVICES; LOSS OF USE, DATA, OR PROFITS; OR BUSINESS INTERRUPTION) HOWEVER
  33:C:/Users/lenovo/Desktop/liteos/Project2/BearPi_LiteOS/targets/STM32L431_BearPi/Src\usart.c ****   * CAUSED AND ON ANY THEORY OF LIABILITY, WHETHER IN CONTRACT, STRICT LIABILITY,
  34:C:/Users/lenovo/Desktop/liteos/Project2/BearPi_LiteOS/targets/STM32L431_BearPi/Src\usart.c ****   * OR TORT (INCLUDING NEGLIGENCE OR OTHERWISE) ARISING IN ANY WAY OUT OF THE USE
  35:C:/Users/lenovo/Desktop/liteos/Project2/BearPi_LiteOS/targets/STM32L431_BearPi/Src\usart.c ****   * OF THIS SOFTWARE, EVEN IF ADVISED OF THE POSSIBILITY OF SUCH DAMAGE.
  36:C:/Users/lenovo/Desktop/liteos/Project2/BearPi_LiteOS/targets/STM32L431_BearPi/Src\usart.c ****   *
  37:C:/Users/lenovo/Desktop/liteos/Project2/BearPi_LiteOS/targets/STM32L431_BearPi/Src\usart.c ****   ******************************************************************************
  38:C:/Users/lenovo/Desktop/liteos/Project2/BearPi_LiteOS/targets/STM32L431_BearPi/Src\usart.c ****   */
  39:C:/Users/lenovo/Desktop/liteos/Project2/BearPi_LiteOS/targets/STM32L431_BearPi/Src\usart.c **** 
  40:C:/Users/lenovo/Desktop/liteos/Project2/BearPi_LiteOS/targets/STM32L431_BearPi/Src\usart.c **** /* Includes ------------------------------------------------------------------*/
  41:C:/Users/lenovo/Desktop/liteos/Project2/BearPi_LiteOS/targets/STM32L431_BearPi/Src\usart.c **** #include "usart.h"
  42:C:/Users/lenovo/Desktop/liteos/Project2/BearPi_LiteOS/targets/STM32L431_BearPi/Src\usart.c **** 
  43:C:/Users/lenovo/Desktop/liteos/Project2/BearPi_LiteOS/targets/STM32L431_BearPi/Src\usart.c **** #include "gpio.h"
  44:C:/Users/lenovo/Desktop/liteos/Project2/BearPi_LiteOS/targets/STM32L431_BearPi/Src\usart.c **** 
  45:C:/Users/lenovo/Desktop/liteos/Project2/BearPi_LiteOS/targets/STM32L431_BearPi/Src\usart.c **** /* USER CODE BEGIN 0 */
  46:C:/Users/lenovo/Desktop/liteos/Project2/BearPi_LiteOS/targets/STM32L431_BearPi/Src\usart.c **** 
  47:C:/Users/lenovo/Desktop/liteos/Project2/BearPi_LiteOS/targets/STM32L431_BearPi/Src\usart.c **** /* USER CODE END 0 */
  48:C:/Users/lenovo/Desktop/liteos/Project2/BearPi_LiteOS/targets/STM32L431_BearPi/Src\usart.c **** 
  49:C:/Users/lenovo/Desktop/liteos/Project2/BearPi_LiteOS/targets/STM32L431_BearPi/Src\usart.c **** UART_HandleTypeDef hlpuart1;
  50:C:/Users/lenovo/Desktop/liteos/Project2/BearPi_LiteOS/targets/STM32L431_BearPi/Src\usart.c **** UART_HandleTypeDef huart1;
  51:C:/Users/lenovo/Desktop/liteos/Project2/BearPi_LiteOS/targets/STM32L431_BearPi/Src\usart.c **** UART_HandleTypeDef huart2;
  52:C:/Users/lenovo/Desktop/liteos/Project2/BearPi_LiteOS/targets/STM32L431_BearPi/Src\usart.c **** UART_HandleTypeDef huart3;
  53:C:/Users/lenovo/Desktop/liteos/Project2/BearPi_LiteOS/targets/STM32L431_BearPi/Src\usart.c **** /* LPUART1 init function */
  54:C:/Users/lenovo/Desktop/liteos/Project2/BearPi_LiteOS/targets/STM32L431_BearPi/Src\usart.c **** 
  55:C:/Users/lenovo/Desktop/liteos/Project2/BearPi_LiteOS/targets/STM32L431_BearPi/Src\usart.c **** void MX_LPUART1_UART_Init(void)
  56:C:/Users/lenovo/Desktop/liteos/Project2/BearPi_LiteOS/targets/STM32L431_BearPi/Src\usart.c **** {
  28              		.loc 1 56 0
  29              		.cfi_startproc
  30              		@ args = 0, pretend = 0, frame = 0
  31              		@ frame_needed = 0, uses_anonymous_args = 0
  32 0000 08B5     		push	{r3, lr}
  33              	.LCFI0:
  34              		.cfi_def_cfa_offset 8
  35              		.cfi_offset 3, -8
  36              		.cfi_offset 14, -4
  57:C:/Users/lenovo/Desktop/liteos/Project2/BearPi_LiteOS/targets/STM32L431_BearPi/Src\usart.c **** 
  58:C:/Users/lenovo/Desktop/liteos/Project2/BearPi_LiteOS/targets/STM32L431_BearPi/Src\usart.c ****   hlpuart1.Instance = LPUART1;
  37              		.loc 1 58 0
  38 0002 0C48     		ldr	r0, .L5
  39 0004 0C4B     		ldr	r3, .L5+4
  40 0006 0360     		str	r3, [r0]
  59:C:/Users/lenovo/Desktop/liteos/Project2/BearPi_LiteOS/targets/STM32L431_BearPi/Src\usart.c ****   hlpuart1.Init.BaudRate = 9600;
  41              		.loc 1 59 0
  42 0008 4FF41653 		mov	r3, #9600
  43 000c 4360     		str	r3, [r0, #4]
  60:C:/Users/lenovo/Desktop/liteos/Project2/BearPi_LiteOS/targets/STM32L431_BearPi/Src\usart.c ****   hlpuart1.Init.WordLength = UART_WORDLENGTH_8B;
  44              		.loc 1 60 0
  45 000e 0023     		movs	r3, #0
  46 0010 8360     		str	r3, [r0, #8]
  61:C:/Users/lenovo/Desktop/liteos/Project2/BearPi_LiteOS/targets/STM32L431_BearPi/Src\usart.c ****   hlpuart1.Init.StopBits = UART_STOPBITS_1;
  47              		.loc 1 61 0
  48 0012 C360     		str	r3, [r0, #12]
  62:C:/Users/lenovo/Desktop/liteos/Project2/BearPi_LiteOS/targets/STM32L431_BearPi/Src\usart.c ****   hlpuart1.Init.Parity = UART_PARITY_NONE;
  49              		.loc 1 62 0
  50 0014 0361     		str	r3, [r0, #16]
  63:C:/Users/lenovo/Desktop/liteos/Project2/BearPi_LiteOS/targets/STM32L431_BearPi/Src\usart.c ****   hlpuart1.Init.Mode = UART_MODE_TX_RX;
  51              		.loc 1 63 0
  52 0016 0C22     		movs	r2, #12
ARM GAS  c:\Users\lenovo\AppData\Local\Temp\ccfhqcUr.s 			page 3


  53 0018 4261     		str	r2, [r0, #20]
  64:C:/Users/lenovo/Desktop/liteos/Project2/BearPi_LiteOS/targets/STM32L431_BearPi/Src\usart.c ****   hlpuart1.Init.HwFlowCtl = UART_HWCONTROL_NONE;
  54              		.loc 1 64 0
  55 001a 8361     		str	r3, [r0, #24]
  65:C:/Users/lenovo/Desktop/liteos/Project2/BearPi_LiteOS/targets/STM32L431_BearPi/Src\usart.c ****   hlpuart1.Init.OneBitSampling = UART_ONE_BIT_SAMPLE_DISABLE;
  56              		.loc 1 65 0
  57 001c 0362     		str	r3, [r0, #32]
  66:C:/Users/lenovo/Desktop/liteos/Project2/BearPi_LiteOS/targets/STM32L431_BearPi/Src\usart.c ****   hlpuart1.AdvancedInit.AdvFeatureInit = UART_ADVFEATURE_NO_INIT;
  58              		.loc 1 66 0
  59 001e 4362     		str	r3, [r0, #36]
  67:C:/Users/lenovo/Desktop/liteos/Project2/BearPi_LiteOS/targets/STM32L431_BearPi/Src\usart.c ****   if (HAL_UART_Init(&hlpuart1) != HAL_OK)
  60              		.loc 1 67 0
  61 0020 FFF7FEFF 		bl	HAL_UART_Init
  62              	.LVL0:
  63 0024 00B9     		cbnz	r0, .L4
  64              	.L1:
  68:C:/Users/lenovo/Desktop/liteos/Project2/BearPi_LiteOS/targets/STM32L431_BearPi/Src\usart.c ****   {
  69:C:/Users/lenovo/Desktop/liteos/Project2/BearPi_LiteOS/targets/STM32L431_BearPi/Src\usart.c ****     _Error_Handler(__FILE__, __LINE__);
  70:C:/Users/lenovo/Desktop/liteos/Project2/BearPi_LiteOS/targets/STM32L431_BearPi/Src\usart.c ****   }
  71:C:/Users/lenovo/Desktop/liteos/Project2/BearPi_LiteOS/targets/STM32L431_BearPi/Src\usart.c **** 
  72:C:/Users/lenovo/Desktop/liteos/Project2/BearPi_LiteOS/targets/STM32L431_BearPi/Src\usart.c **** }
  65              		.loc 1 72 0
  66 0026 08BD     		pop	{r3, pc}
  67              	.L4:
  69:C:/Users/lenovo/Desktop/liteos/Project2/BearPi_LiteOS/targets/STM32L431_BearPi/Src\usart.c ****   }
  68              		.loc 1 69 0
  69 0028 4521     		movs	r1, #69
  70 002a 0448     		ldr	r0, .L5+8
  71 002c FFF7FEFF 		bl	_Error_Handler
  72              	.LVL1:
  73              		.loc 1 72 0
  74 0030 F9E7     		b	.L1
  75              	.L6:
  76 0032 00BF     		.align	2
  77              	.L5:
  78 0034 00000000 		.word	hlpuart1
  79 0038 00800040 		.word	1073774592
  80 003c 00000000 		.word	.LC0
  81              		.cfi_endproc
  82              	.LFE133:
  84              		.section	.text.MX_USART1_UART_Init,"ax",%progbits
  85              		.align	1
  86              		.global	MX_USART1_UART_Init
  87              		.syntax unified
  88              		.thumb
  89              		.thumb_func
  90              		.fpu fpv4-sp-d16
  92              	MX_USART1_UART_Init:
  93              	.LFB134:
  73:C:/Users/lenovo/Desktop/liteos/Project2/BearPi_LiteOS/targets/STM32L431_BearPi/Src\usart.c **** 
  74:C:/Users/lenovo/Desktop/liteos/Project2/BearPi_LiteOS/targets/STM32L431_BearPi/Src\usart.c **** /* USART1 init function */
  75:C:/Users/lenovo/Desktop/liteos/Project2/BearPi_LiteOS/targets/STM32L431_BearPi/Src\usart.c **** 
  76:C:/Users/lenovo/Desktop/liteos/Project2/BearPi_LiteOS/targets/STM32L431_BearPi/Src\usart.c **** void MX_USART1_UART_Init(void)
  77:C:/Users/lenovo/Desktop/liteos/Project2/BearPi_LiteOS/targets/STM32L431_BearPi/Src\usart.c **** {
  94              		.loc 1 77 0
  95              		.cfi_startproc
  96              		@ args = 0, pretend = 0, frame = 0
ARM GAS  c:\Users\lenovo\AppData\Local\Temp\ccfhqcUr.s 			page 4


  97              		@ frame_needed = 0, uses_anonymous_args = 0
  98 0000 08B5     		push	{r3, lr}
  99              	.LCFI1:
 100              		.cfi_def_cfa_offset 8
 101              		.cfi_offset 3, -8
 102              		.cfi_offset 14, -4
  78:C:/Users/lenovo/Desktop/liteos/Project2/BearPi_LiteOS/targets/STM32L431_BearPi/Src\usart.c **** 
  79:C:/Users/lenovo/Desktop/liteos/Project2/BearPi_LiteOS/targets/STM32L431_BearPi/Src\usart.c ****   huart1.Instance = USART1;
 103              		.loc 1 79 0
 104 0002 0C48     		ldr	r0, .L11
 105 0004 0C4B     		ldr	r3, .L11+4
 106 0006 0360     		str	r3, [r0]
  80:C:/Users/lenovo/Desktop/liteos/Project2/BearPi_LiteOS/targets/STM32L431_BearPi/Src\usart.c ****   huart1.Init.BaudRate = 115200;
 107              		.loc 1 80 0
 108 0008 4FF4E133 		mov	r3, #115200
 109 000c 4360     		str	r3, [r0, #4]
  81:C:/Users/lenovo/Desktop/liteos/Project2/BearPi_LiteOS/targets/STM32L431_BearPi/Src\usart.c ****   huart1.Init.WordLength = UART_WORDLENGTH_8B;
 110              		.loc 1 81 0
 111 000e 0023     		movs	r3, #0
 112 0010 8360     		str	r3, [r0, #8]
  82:C:/Users/lenovo/Desktop/liteos/Project2/BearPi_LiteOS/targets/STM32L431_BearPi/Src\usart.c ****   huart1.Init.StopBits = UART_STOPBITS_1;
 113              		.loc 1 82 0
 114 0012 C360     		str	r3, [r0, #12]
  83:C:/Users/lenovo/Desktop/liteos/Project2/BearPi_LiteOS/targets/STM32L431_BearPi/Src\usart.c ****   huart1.Init.Parity = UART_PARITY_NONE;
 115              		.loc 1 83 0
 116 0014 0361     		str	r3, [r0, #16]
  84:C:/Users/lenovo/Desktop/liteos/Project2/BearPi_LiteOS/targets/STM32L431_BearPi/Src\usart.c ****   huart1.Init.Mode = UART_MODE_TX_RX;
 117              		.loc 1 84 0
 118 0016 0C22     		movs	r2, #12
 119 0018 4261     		str	r2, [r0, #20]
  85:C:/Users/lenovo/Desktop/liteos/Project2/BearPi_LiteOS/targets/STM32L431_BearPi/Src\usart.c ****   huart1.Init.HwFlowCtl = UART_HWCONTROL_NONE;
 120              		.loc 1 85 0
 121 001a 8361     		str	r3, [r0, #24]
  86:C:/Users/lenovo/Desktop/liteos/Project2/BearPi_LiteOS/targets/STM32L431_BearPi/Src\usart.c ****   huart1.Init.OverSampling = UART_OVERSAMPLING_16;
 122              		.loc 1 86 0
 123 001c C361     		str	r3, [r0, #28]
  87:C:/Users/lenovo/Desktop/liteos/Project2/BearPi_LiteOS/targets/STM32L431_BearPi/Src\usart.c ****   huart1.Init.OneBitSampling = UART_ONE_BIT_SAMPLE_DISABLE;
 124              		.loc 1 87 0
 125 001e 0362     		str	r3, [r0, #32]
  88:C:/Users/lenovo/Desktop/liteos/Project2/BearPi_LiteOS/targets/STM32L431_BearPi/Src\usart.c ****   huart1.AdvancedInit.AdvFeatureInit = UART_ADVFEATURE_NO_INIT;
 126              		.loc 1 88 0
 127 0020 4362     		str	r3, [r0, #36]
  89:C:/Users/lenovo/Desktop/liteos/Project2/BearPi_LiteOS/targets/STM32L431_BearPi/Src\usart.c ****   if (HAL_UART_Init(&huart1) != HAL_OK)
 128              		.loc 1 89 0
 129 0022 FFF7FEFF 		bl	HAL_UART_Init
 130              	.LVL2:
 131 0026 00B9     		cbnz	r0, .L10
 132              	.L7:
  90:C:/Users/lenovo/Desktop/liteos/Project2/BearPi_LiteOS/targets/STM32L431_BearPi/Src\usart.c ****   {
  91:C:/Users/lenovo/Desktop/liteos/Project2/BearPi_LiteOS/targets/STM32L431_BearPi/Src\usart.c ****     _Error_Handler(__FILE__, __LINE__);
  92:C:/Users/lenovo/Desktop/liteos/Project2/BearPi_LiteOS/targets/STM32L431_BearPi/Src\usart.c ****   }
  93:C:/Users/lenovo/Desktop/liteos/Project2/BearPi_LiteOS/targets/STM32L431_BearPi/Src\usart.c **** 
  94:C:/Users/lenovo/Desktop/liteos/Project2/BearPi_LiteOS/targets/STM32L431_BearPi/Src\usart.c **** }
 133              		.loc 1 94 0
 134 0028 08BD     		pop	{r3, pc}
 135              	.L10:
  91:C:/Users/lenovo/Desktop/liteos/Project2/BearPi_LiteOS/targets/STM32L431_BearPi/Src\usart.c ****   }
ARM GAS  c:\Users\lenovo\AppData\Local\Temp\ccfhqcUr.s 			page 5


 136              		.loc 1 91 0
 137 002a 5B21     		movs	r1, #91
 138 002c 0348     		ldr	r0, .L11+8
 139 002e FFF7FEFF 		bl	_Error_Handler
 140              	.LVL3:
 141              		.loc 1 94 0
 142 0032 F9E7     		b	.L7
 143              	.L12:
 144              		.align	2
 145              	.L11:
 146 0034 00000000 		.word	huart1
 147 0038 00380140 		.word	1073821696
 148 003c 00000000 		.word	.LC0
 149              		.cfi_endproc
 150              	.LFE134:
 152              		.section	.text.MX_USART2_UART_Init,"ax",%progbits
 153              		.align	1
 154              		.global	MX_USART2_UART_Init
 155              		.syntax unified
 156              		.thumb
 157              		.thumb_func
 158              		.fpu fpv4-sp-d16
 160              	MX_USART2_UART_Init:
 161              	.LFB135:
  95:C:/Users/lenovo/Desktop/liteos/Project2/BearPi_LiteOS/targets/STM32L431_BearPi/Src\usart.c **** /* USART2 init function */
  96:C:/Users/lenovo/Desktop/liteos/Project2/BearPi_LiteOS/targets/STM32L431_BearPi/Src\usart.c **** 
  97:C:/Users/lenovo/Desktop/liteos/Project2/BearPi_LiteOS/targets/STM32L431_BearPi/Src\usart.c **** void MX_USART2_UART_Init(void)
  98:C:/Users/lenovo/Desktop/liteos/Project2/BearPi_LiteOS/targets/STM32L431_BearPi/Src\usart.c **** {
 162              		.loc 1 98 0
 163              		.cfi_startproc
 164              		@ args = 0, pretend = 0, frame = 0
 165              		@ frame_needed = 0, uses_anonymous_args = 0
 166 0000 08B5     		push	{r3, lr}
 167              	.LCFI2:
 168              		.cfi_def_cfa_offset 8
 169              		.cfi_offset 3, -8
 170              		.cfi_offset 14, -4
  99:C:/Users/lenovo/Desktop/liteos/Project2/BearPi_LiteOS/targets/STM32L431_BearPi/Src\usart.c **** 
 100:C:/Users/lenovo/Desktop/liteos/Project2/BearPi_LiteOS/targets/STM32L431_BearPi/Src\usart.c ****   huart2.Instance = USART2;
 171              		.loc 1 100 0
 172 0002 0C48     		ldr	r0, .L17
 173 0004 0C4B     		ldr	r3, .L17+4
 174 0006 0360     		str	r3, [r0]
 101:C:/Users/lenovo/Desktop/liteos/Project2/BearPi_LiteOS/targets/STM32L431_BearPi/Src\usart.c ****   huart2.Init.BaudRate = 9600;
 175              		.loc 1 101 0
 176 0008 4FF41653 		mov	r3, #9600
 177 000c 4360     		str	r3, [r0, #4]
 102:C:/Users/lenovo/Desktop/liteos/Project2/BearPi_LiteOS/targets/STM32L431_BearPi/Src\usart.c ****   huart2.Init.WordLength = UART_WORDLENGTH_8B;
 178              		.loc 1 102 0
 179 000e 0023     		movs	r3, #0
 180 0010 8360     		str	r3, [r0, #8]
 103:C:/Users/lenovo/Desktop/liteos/Project2/BearPi_LiteOS/targets/STM32L431_BearPi/Src\usart.c ****   huart2.Init.StopBits = UART_STOPBITS_1;
 181              		.loc 1 103 0
 182 0012 C360     		str	r3, [r0, #12]
 104:C:/Users/lenovo/Desktop/liteos/Project2/BearPi_LiteOS/targets/STM32L431_BearPi/Src\usart.c ****   huart2.Init.Parity = UART_PARITY_NONE;
 183              		.loc 1 104 0
 184 0014 0361     		str	r3, [r0, #16]
ARM GAS  c:\Users\lenovo\AppData\Local\Temp\ccfhqcUr.s 			page 6


 105:C:/Users/lenovo/Desktop/liteos/Project2/BearPi_LiteOS/targets/STM32L431_BearPi/Src\usart.c ****   huart2.Init.Mode = UART_MODE_TX_RX;
 185              		.loc 1 105 0
 186 0016 0C22     		movs	r2, #12
 187 0018 4261     		str	r2, [r0, #20]
 106:C:/Users/lenovo/Desktop/liteos/Project2/BearPi_LiteOS/targets/STM32L431_BearPi/Src\usart.c ****   huart2.Init.HwFlowCtl = UART_HWCONTROL_NONE;
 188              		.loc 1 106 0
 189 001a 8361     		str	r3, [r0, #24]
 107:C:/Users/lenovo/Desktop/liteos/Project2/BearPi_LiteOS/targets/STM32L431_BearPi/Src\usart.c ****   huart2.Init.OverSampling = UART_OVERSAMPLING_16;
 190              		.loc 1 107 0
 191 001c C361     		str	r3, [r0, #28]
 108:C:/Users/lenovo/Desktop/liteos/Project2/BearPi_LiteOS/targets/STM32L431_BearPi/Src\usart.c ****   huart2.Init.OneBitSampling = UART_ONE_BIT_SAMPLE_DISABLE;
 192              		.loc 1 108 0
 193 001e 0362     		str	r3, [r0, #32]
 109:C:/Users/lenovo/Desktop/liteos/Project2/BearPi_LiteOS/targets/STM32L431_BearPi/Src\usart.c ****   huart2.AdvancedInit.AdvFeatureInit = UART_ADVFEATURE_NO_INIT;
 194              		.loc 1 109 0
 195 0020 4362     		str	r3, [r0, #36]
 110:C:/Users/lenovo/Desktop/liteos/Project2/BearPi_LiteOS/targets/STM32L431_BearPi/Src\usart.c ****   if (HAL_UART_Init(&huart2) != HAL_OK)
 196              		.loc 1 110 0
 197 0022 FFF7FEFF 		bl	HAL_UART_Init
 198              	.LVL4:
 199 0026 00B9     		cbnz	r0, .L16
 200              	.L13:
 111:C:/Users/lenovo/Desktop/liteos/Project2/BearPi_LiteOS/targets/STM32L431_BearPi/Src\usart.c ****   {
 112:C:/Users/lenovo/Desktop/liteos/Project2/BearPi_LiteOS/targets/STM32L431_BearPi/Src\usart.c ****     _Error_Handler(__FILE__, __LINE__);
 113:C:/Users/lenovo/Desktop/liteos/Project2/BearPi_LiteOS/targets/STM32L431_BearPi/Src\usart.c ****   }
 114:C:/Users/lenovo/Desktop/liteos/Project2/BearPi_LiteOS/targets/STM32L431_BearPi/Src\usart.c **** 
 115:C:/Users/lenovo/Desktop/liteos/Project2/BearPi_LiteOS/targets/STM32L431_BearPi/Src\usart.c **** }
 201              		.loc 1 115 0
 202 0028 08BD     		pop	{r3, pc}
 203              	.L16:
 112:C:/Users/lenovo/Desktop/liteos/Project2/BearPi_LiteOS/targets/STM32L431_BearPi/Src\usart.c ****   }
 204              		.loc 1 112 0
 205 002a 7021     		movs	r1, #112
 206 002c 0348     		ldr	r0, .L17+8
 207 002e FFF7FEFF 		bl	_Error_Handler
 208              	.LVL5:
 209              		.loc 1 115 0
 210 0032 F9E7     		b	.L13
 211              	.L18:
 212              		.align	2
 213              	.L17:
 214 0034 00000000 		.word	huart2
 215 0038 00440040 		.word	1073759232
 216 003c 00000000 		.word	.LC0
 217              		.cfi_endproc
 218              	.LFE135:
 220              		.section	.text.MX_USART3_UART_Init,"ax",%progbits
 221              		.align	1
 222              		.global	MX_USART3_UART_Init
 223              		.syntax unified
 224              		.thumb
 225              		.thumb_func
 226              		.fpu fpv4-sp-d16
 228              	MX_USART3_UART_Init:
 229              	.LFB136:
 116:C:/Users/lenovo/Desktop/liteos/Project2/BearPi_LiteOS/targets/STM32L431_BearPi/Src\usart.c **** 
 117:C:/Users/lenovo/Desktop/liteos/Project2/BearPi_LiteOS/targets/STM32L431_BearPi/Src\usart.c **** /* USART3 init function */
ARM GAS  c:\Users\lenovo\AppData\Local\Temp\ccfhqcUr.s 			page 7


 118:C:/Users/lenovo/Desktop/liteos/Project2/BearPi_LiteOS/targets/STM32L431_BearPi/Src\usart.c **** 
 119:C:/Users/lenovo/Desktop/liteos/Project2/BearPi_LiteOS/targets/STM32L431_BearPi/Src\usart.c **** void MX_USART3_UART_Init(void)
 120:C:/Users/lenovo/Desktop/liteos/Project2/BearPi_LiteOS/targets/STM32L431_BearPi/Src\usart.c **** {
 230              		.loc 1 120 0
 231              		.cfi_startproc
 232              		@ args = 0, pretend = 0, frame = 0
 233              		@ frame_needed = 0, uses_anonymous_args = 0
 234 0000 08B5     		push	{r3, lr}
 235              	.LCFI3:
 236              		.cfi_def_cfa_offset 8
 237              		.cfi_offset 3, -8
 238              		.cfi_offset 14, -4
 121:C:/Users/lenovo/Desktop/liteos/Project2/BearPi_LiteOS/targets/STM32L431_BearPi/Src\usart.c **** 
 122:C:/Users/lenovo/Desktop/liteos/Project2/BearPi_LiteOS/targets/STM32L431_BearPi/Src\usart.c ****   huart3.Instance = USART3;
 239              		.loc 1 122 0
 240 0002 0C48     		ldr	r0, .L23
 241 0004 0C4B     		ldr	r3, .L23+4
 242 0006 0360     		str	r3, [r0]
 123:C:/Users/lenovo/Desktop/liteos/Project2/BearPi_LiteOS/targets/STM32L431_BearPi/Src\usart.c ****   huart3.Init.BaudRate = 115200;
 243              		.loc 1 123 0
 244 0008 4FF4E133 		mov	r3, #115200
 245 000c 4360     		str	r3, [r0, #4]
 124:C:/Users/lenovo/Desktop/liteos/Project2/BearPi_LiteOS/targets/STM32L431_BearPi/Src\usart.c ****   huart3.Init.WordLength = UART_WORDLENGTH_8B;
 246              		.loc 1 124 0
 247 000e 0023     		movs	r3, #0
 248 0010 8360     		str	r3, [r0, #8]
 125:C:/Users/lenovo/Desktop/liteos/Project2/BearPi_LiteOS/targets/STM32L431_BearPi/Src\usart.c ****   huart3.Init.StopBits = UART_STOPBITS_1;
 249              		.loc 1 125 0
 250 0012 C360     		str	r3, [r0, #12]
 126:C:/Users/lenovo/Desktop/liteos/Project2/BearPi_LiteOS/targets/STM32L431_BearPi/Src\usart.c ****   huart3.Init.Parity = UART_PARITY_NONE;
 251              		.loc 1 126 0
 252 0014 0361     		str	r3, [r0, #16]
 127:C:/Users/lenovo/Desktop/liteos/Project2/BearPi_LiteOS/targets/STM32L431_BearPi/Src\usart.c ****   huart3.Init.Mode = UART_MODE_TX_RX;
 253              		.loc 1 127 0
 254 0016 0C22     		movs	r2, #12
 255 0018 4261     		str	r2, [r0, #20]
 128:C:/Users/lenovo/Desktop/liteos/Project2/BearPi_LiteOS/targets/STM32L431_BearPi/Src\usart.c ****   huart3.Init.HwFlowCtl = UART_HWCONTROL_NONE;
 256              		.loc 1 128 0
 257 001a 8361     		str	r3, [r0, #24]
 129:C:/Users/lenovo/Desktop/liteos/Project2/BearPi_LiteOS/targets/STM32L431_BearPi/Src\usart.c ****   huart3.Init.OverSampling = UART_OVERSAMPLING_16;
 258              		.loc 1 129 0
 259 001c C361     		str	r3, [r0, #28]
 130:C:/Users/lenovo/Desktop/liteos/Project2/BearPi_LiteOS/targets/STM32L431_BearPi/Src\usart.c ****   huart3.Init.OneBitSampling = UART_ONE_BIT_SAMPLE_DISABLE;
 260              		.loc 1 130 0
 261 001e 0362     		str	r3, [r0, #32]
 131:C:/Users/lenovo/Desktop/liteos/Project2/BearPi_LiteOS/targets/STM32L431_BearPi/Src\usart.c ****   huart3.AdvancedInit.AdvFeatureInit = UART_ADVFEATURE_NO_INIT;
 262              		.loc 1 131 0
 263 0020 4362     		str	r3, [r0, #36]
 132:C:/Users/lenovo/Desktop/liteos/Project2/BearPi_LiteOS/targets/STM32L431_BearPi/Src\usart.c ****   if (HAL_UART_Init(&huart3) != HAL_OK)
 264              		.loc 1 132 0
 265 0022 FFF7FEFF 		bl	HAL_UART_Init
 266              	.LVL6:
 267 0026 00B9     		cbnz	r0, .L22
 268              	.L19:
 133:C:/Users/lenovo/Desktop/liteos/Project2/BearPi_LiteOS/targets/STM32L431_BearPi/Src\usart.c ****   {
 134:C:/Users/lenovo/Desktop/liteos/Project2/BearPi_LiteOS/targets/STM32L431_BearPi/Src\usart.c ****     _Error_Handler(__FILE__, __LINE__);
 135:C:/Users/lenovo/Desktop/liteos/Project2/BearPi_LiteOS/targets/STM32L431_BearPi/Src\usart.c ****   }
ARM GAS  c:\Users\lenovo\AppData\Local\Temp\ccfhqcUr.s 			page 8


 136:C:/Users/lenovo/Desktop/liteos/Project2/BearPi_LiteOS/targets/STM32L431_BearPi/Src\usart.c **** 
 137:C:/Users/lenovo/Desktop/liteos/Project2/BearPi_LiteOS/targets/STM32L431_BearPi/Src\usart.c **** }
 269              		.loc 1 137 0
 270 0028 08BD     		pop	{r3, pc}
 271              	.L22:
 134:C:/Users/lenovo/Desktop/liteos/Project2/BearPi_LiteOS/targets/STM32L431_BearPi/Src\usart.c ****   }
 272              		.loc 1 134 0
 273 002a 8621     		movs	r1, #134
 274 002c 0348     		ldr	r0, .L23+8
 275 002e FFF7FEFF 		bl	_Error_Handler
 276              	.LVL7:
 277              		.loc 1 137 0
 278 0032 F9E7     		b	.L19
 279              	.L24:
 280              		.align	2
 281              	.L23:
 282 0034 00000000 		.word	huart3
 283 0038 00480040 		.word	1073760256
 284 003c 00000000 		.word	.LC0
 285              		.cfi_endproc
 286              	.LFE136:
 288              		.section	.text.HAL_UART_MspInit,"ax",%progbits
 289              		.align	1
 290              		.global	HAL_UART_MspInit
 291              		.syntax unified
 292              		.thumb
 293              		.thumb_func
 294              		.fpu fpv4-sp-d16
 296              	HAL_UART_MspInit:
 297              	.LFB137:
 138:C:/Users/lenovo/Desktop/liteos/Project2/BearPi_LiteOS/targets/STM32L431_BearPi/Src\usart.c **** void HAL_UART_MspInit(UART_HandleTypeDef* uartHandle)
 139:C:/Users/lenovo/Desktop/liteos/Project2/BearPi_LiteOS/targets/STM32L431_BearPi/Src\usart.c **** {
 298              		.loc 1 139 0
 299              		.cfi_startproc
 300              		@ args = 0, pretend = 0, frame = 40
 301              		@ frame_needed = 0, uses_anonymous_args = 0
 302              	.LVL8:
 303 0000 10B5     		push	{r4, lr}
 304              	.LCFI4:
 305              		.cfi_def_cfa_offset 8
 306              		.cfi_offset 4, -8
 307              		.cfi_offset 14, -4
 308 0002 8AB0     		sub	sp, sp, #40
 309              	.LCFI5:
 310              		.cfi_def_cfa_offset 48
 140:C:/Users/lenovo/Desktop/liteos/Project2/BearPi_LiteOS/targets/STM32L431_BearPi/Src\usart.c **** 
 141:C:/Users/lenovo/Desktop/liteos/Project2/BearPi_LiteOS/targets/STM32L431_BearPi/Src\usart.c ****   GPIO_InitTypeDef GPIO_InitStruct;
 142:C:/Users/lenovo/Desktop/liteos/Project2/BearPi_LiteOS/targets/STM32L431_BearPi/Src\usart.c ****   if(uartHandle->Instance==LPUART1)
 311              		.loc 1 142 0
 312 0004 0368     		ldr	r3, [r0]
 313 0006 4A4A     		ldr	r2, .L35
 314 0008 9342     		cmp	r3, r2
 315 000a 0AD0     		beq	.L31
 143:C:/Users/lenovo/Desktop/liteos/Project2/BearPi_LiteOS/targets/STM32L431_BearPi/Src\usart.c ****   {
 144:C:/Users/lenovo/Desktop/liteos/Project2/BearPi_LiteOS/targets/STM32L431_BearPi/Src\usart.c ****   /* USER CODE BEGIN LPUART1_MspInit 0 */
 145:C:/Users/lenovo/Desktop/liteos/Project2/BearPi_LiteOS/targets/STM32L431_BearPi/Src\usart.c **** 
 146:C:/Users/lenovo/Desktop/liteos/Project2/BearPi_LiteOS/targets/STM32L431_BearPi/Src\usart.c ****   /* USER CODE END LPUART1_MspInit 0 */
ARM GAS  c:\Users\lenovo\AppData\Local\Temp\ccfhqcUr.s 			page 9


 147:C:/Users/lenovo/Desktop/liteos/Project2/BearPi_LiteOS/targets/STM32L431_BearPi/Src\usart.c ****     /* LPUART1 clock enable */
 148:C:/Users/lenovo/Desktop/liteos/Project2/BearPi_LiteOS/targets/STM32L431_BearPi/Src\usart.c ****     __HAL_RCC_LPUART1_CLK_ENABLE();
 149:C:/Users/lenovo/Desktop/liteos/Project2/BearPi_LiteOS/targets/STM32L431_BearPi/Src\usart.c ****   
 150:C:/Users/lenovo/Desktop/liteos/Project2/BearPi_LiteOS/targets/STM32L431_BearPi/Src\usart.c ****     /**LPUART1 GPIO Configuration    
 151:C:/Users/lenovo/Desktop/liteos/Project2/BearPi_LiteOS/targets/STM32L431_BearPi/Src\usart.c ****     PC0     ------> LPUART1_RX
 152:C:/Users/lenovo/Desktop/liteos/Project2/BearPi_LiteOS/targets/STM32L431_BearPi/Src\usart.c ****     PC1     ------> LPUART1_TX 
 153:C:/Users/lenovo/Desktop/liteos/Project2/BearPi_LiteOS/targets/STM32L431_BearPi/Src\usart.c ****     */
 154:C:/Users/lenovo/Desktop/liteos/Project2/BearPi_LiteOS/targets/STM32L431_BearPi/Src\usart.c ****     GPIO_InitStruct.Pin = GPIO_PIN_0|GPIO_PIN_1;
 155:C:/Users/lenovo/Desktop/liteos/Project2/BearPi_LiteOS/targets/STM32L431_BearPi/Src\usart.c ****     GPIO_InitStruct.Mode = GPIO_MODE_AF_PP;
 156:C:/Users/lenovo/Desktop/liteos/Project2/BearPi_LiteOS/targets/STM32L431_BearPi/Src\usart.c ****     GPIO_InitStruct.Pull = GPIO_NOPULL;
 157:C:/Users/lenovo/Desktop/liteos/Project2/BearPi_LiteOS/targets/STM32L431_BearPi/Src\usart.c ****     GPIO_InitStruct.Speed = GPIO_SPEED_FREQ_VERY_HIGH;
 158:C:/Users/lenovo/Desktop/liteos/Project2/BearPi_LiteOS/targets/STM32L431_BearPi/Src\usart.c ****     GPIO_InitStruct.Alternate = GPIO_AF8_LPUART1;
 159:C:/Users/lenovo/Desktop/liteos/Project2/BearPi_LiteOS/targets/STM32L431_BearPi/Src\usart.c ****     HAL_GPIO_Init(GPIOC, &GPIO_InitStruct);
 160:C:/Users/lenovo/Desktop/liteos/Project2/BearPi_LiteOS/targets/STM32L431_BearPi/Src\usart.c **** 		
 161:C:/Users/lenovo/Desktop/liteos/Project2/BearPi_LiteOS/targets/STM32L431_BearPi/Src\usart.c ****   /* LPUART1 interrupt Init */
 162:C:/Users/lenovo/Desktop/liteos/Project2/BearPi_LiteOS/targets/STM32L431_BearPi/Src\usart.c ****     HAL_NVIC_SetPriority(LPUART1_IRQn, 0, 0);
 163:C:/Users/lenovo/Desktop/liteos/Project2/BearPi_LiteOS/targets/STM32L431_BearPi/Src\usart.c ****     HAL_NVIC_EnableIRQ(LPUART1_IRQn);
 164:C:/Users/lenovo/Desktop/liteos/Project2/BearPi_LiteOS/targets/STM32L431_BearPi/Src\usart.c ****   /* USER CODE BEGIN LPUART1_MspInit 1 */
 165:C:/Users/lenovo/Desktop/liteos/Project2/BearPi_LiteOS/targets/STM32L431_BearPi/Src\usart.c **** 
 166:C:/Users/lenovo/Desktop/liteos/Project2/BearPi_LiteOS/targets/STM32L431_BearPi/Src\usart.c ****   /* USER CODE END LPUART1_MspInit 1 */
 167:C:/Users/lenovo/Desktop/liteos/Project2/BearPi_LiteOS/targets/STM32L431_BearPi/Src\usart.c ****   }
 168:C:/Users/lenovo/Desktop/liteos/Project2/BearPi_LiteOS/targets/STM32L431_BearPi/Src\usart.c **** 	else if(uartHandle->Instance==USART1)
 316              		.loc 1 168 0
 317 000c 494A     		ldr	r2, .L35+4
 318 000e 9342     		cmp	r3, r2
 319 0010 27D0     		beq	.L32
 169:C:/Users/lenovo/Desktop/liteos/Project2/BearPi_LiteOS/targets/STM32L431_BearPi/Src\usart.c ****   {
 170:C:/Users/lenovo/Desktop/liteos/Project2/BearPi_LiteOS/targets/STM32L431_BearPi/Src\usart.c ****   /* USER CODE BEGIN USART1_MspInit 0 */
 171:C:/Users/lenovo/Desktop/liteos/Project2/BearPi_LiteOS/targets/STM32L431_BearPi/Src\usart.c **** 
 172:C:/Users/lenovo/Desktop/liteos/Project2/BearPi_LiteOS/targets/STM32L431_BearPi/Src\usart.c ****   /* USER CODE END USART1_MspInit 0 */
 173:C:/Users/lenovo/Desktop/liteos/Project2/BearPi_LiteOS/targets/STM32L431_BearPi/Src\usart.c ****     /* USART1 clock enable */
 174:C:/Users/lenovo/Desktop/liteos/Project2/BearPi_LiteOS/targets/STM32L431_BearPi/Src\usart.c ****     __HAL_RCC_USART1_CLK_ENABLE();
 175:C:/Users/lenovo/Desktop/liteos/Project2/BearPi_LiteOS/targets/STM32L431_BearPi/Src\usart.c ****   
 176:C:/Users/lenovo/Desktop/liteos/Project2/BearPi_LiteOS/targets/STM32L431_BearPi/Src\usart.c ****     /**USART1 GPIO Configuration    
 177:C:/Users/lenovo/Desktop/liteos/Project2/BearPi_LiteOS/targets/STM32L431_BearPi/Src\usart.c ****     PA9     ------> USART1_TX
 178:C:/Users/lenovo/Desktop/liteos/Project2/BearPi_LiteOS/targets/STM32L431_BearPi/Src\usart.c ****     PA10     ------> USART1_RX 
 179:C:/Users/lenovo/Desktop/liteos/Project2/BearPi_LiteOS/targets/STM32L431_BearPi/Src\usart.c ****     */
 180:C:/Users/lenovo/Desktop/liteos/Project2/BearPi_LiteOS/targets/STM32L431_BearPi/Src\usart.c ****     GPIO_InitStruct.Pin = GPIO_PIN_9|GPIO_PIN_10;
 181:C:/Users/lenovo/Desktop/liteos/Project2/BearPi_LiteOS/targets/STM32L431_BearPi/Src\usart.c ****     GPIO_InitStruct.Mode = GPIO_MODE_AF_PP;
 182:C:/Users/lenovo/Desktop/liteos/Project2/BearPi_LiteOS/targets/STM32L431_BearPi/Src\usart.c ****     GPIO_InitStruct.Pull = GPIO_NOPULL;
 183:C:/Users/lenovo/Desktop/liteos/Project2/BearPi_LiteOS/targets/STM32L431_BearPi/Src\usart.c ****     GPIO_InitStruct.Speed = GPIO_SPEED_FREQ_VERY_HIGH;
 184:C:/Users/lenovo/Desktop/liteos/Project2/BearPi_LiteOS/targets/STM32L431_BearPi/Src\usart.c ****     GPIO_InitStruct.Alternate = GPIO_AF7_USART1;
 185:C:/Users/lenovo/Desktop/liteos/Project2/BearPi_LiteOS/targets/STM32L431_BearPi/Src\usart.c ****     HAL_GPIO_Init(GPIOA, &GPIO_InitStruct);
 186:C:/Users/lenovo/Desktop/liteos/Project2/BearPi_LiteOS/targets/STM32L431_BearPi/Src\usart.c **** 
 187:C:/Users/lenovo/Desktop/liteos/Project2/BearPi_LiteOS/targets/STM32L431_BearPi/Src\usart.c ****     /* USART1 interrupt Init */
 188:C:/Users/lenovo/Desktop/liteos/Project2/BearPi_LiteOS/targets/STM32L431_BearPi/Src\usart.c ****     HAL_NVIC_SetPriority(USART1_IRQn, 0, 0);
 189:C:/Users/lenovo/Desktop/liteos/Project2/BearPi_LiteOS/targets/STM32L431_BearPi/Src\usart.c ****     HAL_NVIC_EnableIRQ(USART1_IRQn);
 190:C:/Users/lenovo/Desktop/liteos/Project2/BearPi_LiteOS/targets/STM32L431_BearPi/Src\usart.c ****   /* USER CODE BEGIN USART1_MspInit 1 */
 191:C:/Users/lenovo/Desktop/liteos/Project2/BearPi_LiteOS/targets/STM32L431_BearPi/Src\usart.c **** 
 192:C:/Users/lenovo/Desktop/liteos/Project2/BearPi_LiteOS/targets/STM32L431_BearPi/Src\usart.c ****   /* USER CODE END USART1_MspInit 1 */
 193:C:/Users/lenovo/Desktop/liteos/Project2/BearPi_LiteOS/targets/STM32L431_BearPi/Src\usart.c ****   }
 194:C:/Users/lenovo/Desktop/liteos/Project2/BearPi_LiteOS/targets/STM32L431_BearPi/Src\usart.c ****   else if(uartHandle->Instance==USART2)
 320              		.loc 1 194 0
 321 0012 494A     		ldr	r2, .L35+8
 322 0014 9342     		cmp	r3, r2
 323 0016 47D0     		beq	.L33
 195:C:/Users/lenovo/Desktop/liteos/Project2/BearPi_LiteOS/targets/STM32L431_BearPi/Src\usart.c ****   {
ARM GAS  c:\Users\lenovo\AppData\Local\Temp\ccfhqcUr.s 			page 10


 196:C:/Users/lenovo/Desktop/liteos/Project2/BearPi_LiteOS/targets/STM32L431_BearPi/Src\usart.c ****   /* USER CODE BEGIN USART2_MspInit 0 */
 197:C:/Users/lenovo/Desktop/liteos/Project2/BearPi_LiteOS/targets/STM32L431_BearPi/Src\usart.c **** 
 198:C:/Users/lenovo/Desktop/liteos/Project2/BearPi_LiteOS/targets/STM32L431_BearPi/Src\usart.c ****   /* USER CODE END USART2_MspInit 0 */
 199:C:/Users/lenovo/Desktop/liteos/Project2/BearPi_LiteOS/targets/STM32L431_BearPi/Src\usart.c ****     /* USART2 clock enable */
 200:C:/Users/lenovo/Desktop/liteos/Project2/BearPi_LiteOS/targets/STM32L431_BearPi/Src\usart.c ****     __HAL_RCC_USART2_CLK_ENABLE();
 201:C:/Users/lenovo/Desktop/liteos/Project2/BearPi_LiteOS/targets/STM32L431_BearPi/Src\usart.c ****   
 202:C:/Users/lenovo/Desktop/liteos/Project2/BearPi_LiteOS/targets/STM32L431_BearPi/Src\usart.c ****     /**USART2 GPIO Configuration    
 203:C:/Users/lenovo/Desktop/liteos/Project2/BearPi_LiteOS/targets/STM32L431_BearPi/Src\usart.c ****     PA2     ------> USART2_TX
 204:C:/Users/lenovo/Desktop/liteos/Project2/BearPi_LiteOS/targets/STM32L431_BearPi/Src\usart.c ****     PA3     ------> USART2_RX 
 205:C:/Users/lenovo/Desktop/liteos/Project2/BearPi_LiteOS/targets/STM32L431_BearPi/Src\usart.c ****     */
 206:C:/Users/lenovo/Desktop/liteos/Project2/BearPi_LiteOS/targets/STM32L431_BearPi/Src\usart.c ****     GPIO_InitStruct.Pin = GPIO_PIN_2|GPIO_PIN_3;
 207:C:/Users/lenovo/Desktop/liteos/Project2/BearPi_LiteOS/targets/STM32L431_BearPi/Src\usart.c ****     GPIO_InitStruct.Mode = GPIO_MODE_AF_PP;
 208:C:/Users/lenovo/Desktop/liteos/Project2/BearPi_LiteOS/targets/STM32L431_BearPi/Src\usart.c ****     GPIO_InitStruct.Pull = GPIO_NOPULL;
 209:C:/Users/lenovo/Desktop/liteos/Project2/BearPi_LiteOS/targets/STM32L431_BearPi/Src\usart.c ****     GPIO_InitStruct.Speed = GPIO_SPEED_FREQ_VERY_HIGH;
 210:C:/Users/lenovo/Desktop/liteos/Project2/BearPi_LiteOS/targets/STM32L431_BearPi/Src\usart.c ****     GPIO_InitStruct.Alternate = GPIO_AF7_USART2;
 211:C:/Users/lenovo/Desktop/liteos/Project2/BearPi_LiteOS/targets/STM32L431_BearPi/Src\usart.c ****     HAL_GPIO_Init(GPIOA, &GPIO_InitStruct);
 212:C:/Users/lenovo/Desktop/liteos/Project2/BearPi_LiteOS/targets/STM32L431_BearPi/Src\usart.c **** 
 213:C:/Users/lenovo/Desktop/liteos/Project2/BearPi_LiteOS/targets/STM32L431_BearPi/Src\usart.c ****     /* USART2 interrupt Init */
 214:C:/Users/lenovo/Desktop/liteos/Project2/BearPi_LiteOS/targets/STM32L431_BearPi/Src\usart.c ****     HAL_NVIC_SetPriority(USART2_IRQn, 0, 0);
 215:C:/Users/lenovo/Desktop/liteos/Project2/BearPi_LiteOS/targets/STM32L431_BearPi/Src\usart.c ****     HAL_NVIC_EnableIRQ(USART2_IRQn);
 216:C:/Users/lenovo/Desktop/liteos/Project2/BearPi_LiteOS/targets/STM32L431_BearPi/Src\usart.c ****   /* USER CODE BEGIN USART2_MspInit 1 */
 217:C:/Users/lenovo/Desktop/liteos/Project2/BearPi_LiteOS/targets/STM32L431_BearPi/Src\usart.c **** 
 218:C:/Users/lenovo/Desktop/liteos/Project2/BearPi_LiteOS/targets/STM32L431_BearPi/Src\usart.c ****   /* USER CODE END USART2_MspInit 1 */
 219:C:/Users/lenovo/Desktop/liteos/Project2/BearPi_LiteOS/targets/STM32L431_BearPi/Src\usart.c ****   }
 220:C:/Users/lenovo/Desktop/liteos/Project2/BearPi_LiteOS/targets/STM32L431_BearPi/Src\usart.c ****   else if(uartHandle->Instance==USART3)
 324              		.loc 1 220 0
 325 0018 484A     		ldr	r2, .L35+12
 326 001a 9342     		cmp	r3, r2
 327 001c 66D0     		beq	.L34
 328              	.LVL9:
 329              	.L25:
 221:C:/Users/lenovo/Desktop/liteos/Project2/BearPi_LiteOS/targets/STM32L431_BearPi/Src\usart.c ****   {
 222:C:/Users/lenovo/Desktop/liteos/Project2/BearPi_LiteOS/targets/STM32L431_BearPi/Src\usart.c ****   /* USER CODE BEGIN USART3_MspInit 0 */
 223:C:/Users/lenovo/Desktop/liteos/Project2/BearPi_LiteOS/targets/STM32L431_BearPi/Src\usart.c **** 
 224:C:/Users/lenovo/Desktop/liteos/Project2/BearPi_LiteOS/targets/STM32L431_BearPi/Src\usart.c ****   /* USER CODE END USART3_MspInit 0 */
 225:C:/Users/lenovo/Desktop/liteos/Project2/BearPi_LiteOS/targets/STM32L431_BearPi/Src\usart.c ****     /* USART3 clock enable */
 226:C:/Users/lenovo/Desktop/liteos/Project2/BearPi_LiteOS/targets/STM32L431_BearPi/Src\usart.c ****     __HAL_RCC_USART3_CLK_ENABLE();
 227:C:/Users/lenovo/Desktop/liteos/Project2/BearPi_LiteOS/targets/STM32L431_BearPi/Src\usart.c ****   
 228:C:/Users/lenovo/Desktop/liteos/Project2/BearPi_LiteOS/targets/STM32L431_BearPi/Src\usart.c ****     /**USART3 GPIO Configuration    
 229:C:/Users/lenovo/Desktop/liteos/Project2/BearPi_LiteOS/targets/STM32L431_BearPi/Src\usart.c ****     PC4     ------> USART3_TX
 230:C:/Users/lenovo/Desktop/liteos/Project2/BearPi_LiteOS/targets/STM32L431_BearPi/Src\usart.c ****     PC5     ------> USART3_RX 
 231:C:/Users/lenovo/Desktop/liteos/Project2/BearPi_LiteOS/targets/STM32L431_BearPi/Src\usart.c ****     */
 232:C:/Users/lenovo/Desktop/liteos/Project2/BearPi_LiteOS/targets/STM32L431_BearPi/Src\usart.c ****     GPIO_InitStruct.Pin = GPIO_PIN_4|GPIO_PIN_5;
 233:C:/Users/lenovo/Desktop/liteos/Project2/BearPi_LiteOS/targets/STM32L431_BearPi/Src\usart.c ****     GPIO_InitStruct.Mode = GPIO_MODE_AF_PP;
 234:C:/Users/lenovo/Desktop/liteos/Project2/BearPi_LiteOS/targets/STM32L431_BearPi/Src\usart.c ****     GPIO_InitStruct.Pull = GPIO_NOPULL;
 235:C:/Users/lenovo/Desktop/liteos/Project2/BearPi_LiteOS/targets/STM32L431_BearPi/Src\usart.c ****     GPIO_InitStruct.Speed = GPIO_SPEED_FREQ_VERY_HIGH;
 236:C:/Users/lenovo/Desktop/liteos/Project2/BearPi_LiteOS/targets/STM32L431_BearPi/Src\usart.c ****     GPIO_InitStruct.Alternate = GPIO_AF7_USART3;
 237:C:/Users/lenovo/Desktop/liteos/Project2/BearPi_LiteOS/targets/STM32L431_BearPi/Src\usart.c ****     HAL_GPIO_Init(GPIOC, &GPIO_InitStruct);
 238:C:/Users/lenovo/Desktop/liteos/Project2/BearPi_LiteOS/targets/STM32L431_BearPi/Src\usart.c **** 
 239:C:/Users/lenovo/Desktop/liteos/Project2/BearPi_LiteOS/targets/STM32L431_BearPi/Src\usart.c ****     /* USART3 interrupt Init */
 240:C:/Users/lenovo/Desktop/liteos/Project2/BearPi_LiteOS/targets/STM32L431_BearPi/Src\usart.c ****     HAL_NVIC_SetPriority(USART3_IRQn, 0, 0);
 241:C:/Users/lenovo/Desktop/liteos/Project2/BearPi_LiteOS/targets/STM32L431_BearPi/Src\usart.c ****     HAL_NVIC_EnableIRQ(USART3_IRQn);
 242:C:/Users/lenovo/Desktop/liteos/Project2/BearPi_LiteOS/targets/STM32L431_BearPi/Src\usart.c ****   /* USER CODE BEGIN USART3_MspInit 1 */
 243:C:/Users/lenovo/Desktop/liteos/Project2/BearPi_LiteOS/targets/STM32L431_BearPi/Src\usart.c **** 
 244:C:/Users/lenovo/Desktop/liteos/Project2/BearPi_LiteOS/targets/STM32L431_BearPi/Src\usart.c ****   /* USER CODE END USART3_MspInit 1 */
 245:C:/Users/lenovo/Desktop/liteos/Project2/BearPi_LiteOS/targets/STM32L431_BearPi/Src\usart.c ****   }
 246:C:/Users/lenovo/Desktop/liteos/Project2/BearPi_LiteOS/targets/STM32L431_BearPi/Src\usart.c **** }
ARM GAS  c:\Users\lenovo\AppData\Local\Temp\ccfhqcUr.s 			page 11


 330              		.loc 1 246 0
 331 001e 0AB0     		add	sp, sp, #40
 332              	.LCFI6:
 333              		.cfi_remember_state
 334              		.cfi_def_cfa_offset 8
 335              		@ sp needed
 336 0020 10BD     		pop	{r4, pc}
 337              	.LVL10:
 338              	.L31:
 339              	.LCFI7:
 340              		.cfi_restore_state
 341              	.LBB2:
 148:C:/Users/lenovo/Desktop/liteos/Project2/BearPi_LiteOS/targets/STM32L431_BearPi/Src\usart.c ****   
 342              		.loc 1 148 0
 343 0022 474B     		ldr	r3, .L35+16
 344 0024 DA6D     		ldr	r2, [r3, #92]
 345 0026 42F00102 		orr	r2, r2, #1
 346 002a DA65     		str	r2, [r3, #92]
 347 002c DB6D     		ldr	r3, [r3, #92]
 348 002e 03F00103 		and	r3, r3, #1
 349 0032 0193     		str	r3, [sp, #4]
 350 0034 019B     		ldr	r3, [sp, #4]
 351              	.LBE2:
 154:C:/Users/lenovo/Desktop/liteos/Project2/BearPi_LiteOS/targets/STM32L431_BearPi/Src\usart.c ****     GPIO_InitStruct.Mode = GPIO_MODE_AF_PP;
 352              		.loc 1 154 0
 353 0036 0323     		movs	r3, #3
 354 0038 0593     		str	r3, [sp, #20]
 155:C:/Users/lenovo/Desktop/liteos/Project2/BearPi_LiteOS/targets/STM32L431_BearPi/Src\usart.c ****     GPIO_InitStruct.Pull = GPIO_NOPULL;
 355              		.loc 1 155 0
 356 003a 0222     		movs	r2, #2
 357 003c 0692     		str	r2, [sp, #24]
 156:C:/Users/lenovo/Desktop/liteos/Project2/BearPi_LiteOS/targets/STM32L431_BearPi/Src\usart.c ****     GPIO_InitStruct.Speed = GPIO_SPEED_FREQ_VERY_HIGH;
 358              		.loc 1 156 0
 359 003e 0024     		movs	r4, #0
 360 0040 0794     		str	r4, [sp, #28]
 157:C:/Users/lenovo/Desktop/liteos/Project2/BearPi_LiteOS/targets/STM32L431_BearPi/Src\usart.c ****     GPIO_InitStruct.Alternate = GPIO_AF8_LPUART1;
 361              		.loc 1 157 0
 362 0042 0893     		str	r3, [sp, #32]
 158:C:/Users/lenovo/Desktop/liteos/Project2/BearPi_LiteOS/targets/STM32L431_BearPi/Src\usart.c ****     HAL_GPIO_Init(GPIOC, &GPIO_InitStruct);
 363              		.loc 1 158 0
 364 0044 0823     		movs	r3, #8
 365 0046 0993     		str	r3, [sp, #36]
 159:C:/Users/lenovo/Desktop/liteos/Project2/BearPi_LiteOS/targets/STM32L431_BearPi/Src\usart.c **** 		
 366              		.loc 1 159 0
 367 0048 05A9     		add	r1, sp, #20
 368 004a 3E48     		ldr	r0, .L35+20
 369              	.LVL11:
 370 004c FFF7FEFF 		bl	HAL_GPIO_Init
 371              	.LVL12:
 162:C:/Users/lenovo/Desktop/liteos/Project2/BearPi_LiteOS/targets/STM32L431_BearPi/Src\usart.c ****     HAL_NVIC_EnableIRQ(LPUART1_IRQn);
 372              		.loc 1 162 0
 373 0050 2246     		mov	r2, r4
 374 0052 2146     		mov	r1, r4
 375 0054 4620     		movs	r0, #70
 376 0056 FFF7FEFF 		bl	HAL_NVIC_SetPriority
 377              	.LVL13:
 163:C:/Users/lenovo/Desktop/liteos/Project2/BearPi_LiteOS/targets/STM32L431_BearPi/Src\usart.c ****   /* USER CODE BEGIN LPUART1_MspInit 1 */
ARM GAS  c:\Users\lenovo\AppData\Local\Temp\ccfhqcUr.s 			page 12


 378              		.loc 1 163 0
 379 005a 4620     		movs	r0, #70
 380 005c FFF7FEFF 		bl	HAL_NVIC_EnableIRQ
 381              	.LVL14:
 382 0060 DDE7     		b	.L25
 383              	.LVL15:
 384              	.L32:
 385              	.LBB3:
 174:C:/Users/lenovo/Desktop/liteos/Project2/BearPi_LiteOS/targets/STM32L431_BearPi/Src\usart.c ****   
 386              		.loc 1 174 0
 387 0062 374B     		ldr	r3, .L35+16
 388 0064 1A6E     		ldr	r2, [r3, #96]
 389 0066 42F48042 		orr	r2, r2, #16384
 390 006a 1A66     		str	r2, [r3, #96]
 391 006c 1B6E     		ldr	r3, [r3, #96]
 392 006e 03F48043 		and	r3, r3, #16384
 393 0072 0293     		str	r3, [sp, #8]
 394 0074 029B     		ldr	r3, [sp, #8]
 395              	.LBE3:
 180:C:/Users/lenovo/Desktop/liteos/Project2/BearPi_LiteOS/targets/STM32L431_BearPi/Src\usart.c ****     GPIO_InitStruct.Mode = GPIO_MODE_AF_PP;
 396              		.loc 1 180 0
 397 0076 4FF4C063 		mov	r3, #1536
 398 007a 0593     		str	r3, [sp, #20]
 181:C:/Users/lenovo/Desktop/liteos/Project2/BearPi_LiteOS/targets/STM32L431_BearPi/Src\usart.c ****     GPIO_InitStruct.Pull = GPIO_NOPULL;
 399              		.loc 1 181 0
 400 007c 0223     		movs	r3, #2
 401 007e 0693     		str	r3, [sp, #24]
 182:C:/Users/lenovo/Desktop/liteos/Project2/BearPi_LiteOS/targets/STM32L431_BearPi/Src\usart.c ****     GPIO_InitStruct.Speed = GPIO_SPEED_FREQ_VERY_HIGH;
 402              		.loc 1 182 0
 403 0080 0024     		movs	r4, #0
 404 0082 0794     		str	r4, [sp, #28]
 183:C:/Users/lenovo/Desktop/liteos/Project2/BearPi_LiteOS/targets/STM32L431_BearPi/Src\usart.c ****     GPIO_InitStruct.Alternate = GPIO_AF7_USART1;
 405              		.loc 1 183 0
 406 0084 0323     		movs	r3, #3
 407 0086 0893     		str	r3, [sp, #32]
 184:C:/Users/lenovo/Desktop/liteos/Project2/BearPi_LiteOS/targets/STM32L431_BearPi/Src\usart.c ****     HAL_GPIO_Init(GPIOA, &GPIO_InitStruct);
 408              		.loc 1 184 0
 409 0088 0723     		movs	r3, #7
 410 008a 0993     		str	r3, [sp, #36]
 185:C:/Users/lenovo/Desktop/liteos/Project2/BearPi_LiteOS/targets/STM32L431_BearPi/Src\usart.c **** 
 411              		.loc 1 185 0
 412 008c 05A9     		add	r1, sp, #20
 413 008e 4FF09040 		mov	r0, #1207959552
 414              	.LVL16:
 415 0092 FFF7FEFF 		bl	HAL_GPIO_Init
 416              	.LVL17:
 188:C:/Users/lenovo/Desktop/liteos/Project2/BearPi_LiteOS/targets/STM32L431_BearPi/Src\usart.c ****     HAL_NVIC_EnableIRQ(USART1_IRQn);
 417              		.loc 1 188 0
 418 0096 2246     		mov	r2, r4
 419 0098 2146     		mov	r1, r4
 420 009a 2520     		movs	r0, #37
 421 009c FFF7FEFF 		bl	HAL_NVIC_SetPriority
 422              	.LVL18:
 189:C:/Users/lenovo/Desktop/liteos/Project2/BearPi_LiteOS/targets/STM32L431_BearPi/Src\usart.c ****   /* USER CODE BEGIN USART1_MspInit 1 */
 423              		.loc 1 189 0
 424 00a0 2520     		movs	r0, #37
 425 00a2 FFF7FEFF 		bl	HAL_NVIC_EnableIRQ
ARM GAS  c:\Users\lenovo\AppData\Local\Temp\ccfhqcUr.s 			page 13


 426              	.LVL19:
 427 00a6 BAE7     		b	.L25
 428              	.LVL20:
 429              	.L33:
 430              	.LBB4:
 200:C:/Users/lenovo/Desktop/liteos/Project2/BearPi_LiteOS/targets/STM32L431_BearPi/Src\usart.c ****   
 431              		.loc 1 200 0
 432 00a8 254B     		ldr	r3, .L35+16
 433 00aa 9A6D     		ldr	r2, [r3, #88]
 434 00ac 42F40032 		orr	r2, r2, #131072
 435 00b0 9A65     		str	r2, [r3, #88]
 436 00b2 9B6D     		ldr	r3, [r3, #88]
 437 00b4 03F40033 		and	r3, r3, #131072
 438 00b8 0393     		str	r3, [sp, #12]
 439 00ba 039B     		ldr	r3, [sp, #12]
 440              	.LBE4:
 206:C:/Users/lenovo/Desktop/liteos/Project2/BearPi_LiteOS/targets/STM32L431_BearPi/Src\usart.c ****     GPIO_InitStruct.Mode = GPIO_MODE_AF_PP;
 441              		.loc 1 206 0
 442 00bc 0C23     		movs	r3, #12
 443 00be 0593     		str	r3, [sp, #20]
 207:C:/Users/lenovo/Desktop/liteos/Project2/BearPi_LiteOS/targets/STM32L431_BearPi/Src\usart.c ****     GPIO_InitStruct.Pull = GPIO_NOPULL;
 444              		.loc 1 207 0
 445 00c0 0223     		movs	r3, #2
 446 00c2 0693     		str	r3, [sp, #24]
 208:C:/Users/lenovo/Desktop/liteos/Project2/BearPi_LiteOS/targets/STM32L431_BearPi/Src\usart.c ****     GPIO_InitStruct.Speed = GPIO_SPEED_FREQ_VERY_HIGH;
 447              		.loc 1 208 0
 448 00c4 0024     		movs	r4, #0
 449 00c6 0794     		str	r4, [sp, #28]
 209:C:/Users/lenovo/Desktop/liteos/Project2/BearPi_LiteOS/targets/STM32L431_BearPi/Src\usart.c ****     GPIO_InitStruct.Alternate = GPIO_AF7_USART2;
 450              		.loc 1 209 0
 451 00c8 0323     		movs	r3, #3
 452 00ca 0893     		str	r3, [sp, #32]
 210:C:/Users/lenovo/Desktop/liteos/Project2/BearPi_LiteOS/targets/STM32L431_BearPi/Src\usart.c ****     HAL_GPIO_Init(GPIOA, &GPIO_InitStruct);
 453              		.loc 1 210 0
 454 00cc 0723     		movs	r3, #7
 455 00ce 0993     		str	r3, [sp, #36]
 211:C:/Users/lenovo/Desktop/liteos/Project2/BearPi_LiteOS/targets/STM32L431_BearPi/Src\usart.c **** 
 456              		.loc 1 211 0
 457 00d0 05A9     		add	r1, sp, #20
 458 00d2 4FF09040 		mov	r0, #1207959552
 459              	.LVL21:
 460 00d6 FFF7FEFF 		bl	HAL_GPIO_Init
 461              	.LVL22:
 214:C:/Users/lenovo/Desktop/liteos/Project2/BearPi_LiteOS/targets/STM32L431_BearPi/Src\usart.c ****     HAL_NVIC_EnableIRQ(USART2_IRQn);
 462              		.loc 1 214 0
 463 00da 2246     		mov	r2, r4
 464 00dc 2146     		mov	r1, r4
 465 00de 2620     		movs	r0, #38
 466 00e0 FFF7FEFF 		bl	HAL_NVIC_SetPriority
 467              	.LVL23:
 215:C:/Users/lenovo/Desktop/liteos/Project2/BearPi_LiteOS/targets/STM32L431_BearPi/Src\usart.c ****   /* USER CODE BEGIN USART2_MspInit 1 */
 468              		.loc 1 215 0
 469 00e4 2620     		movs	r0, #38
 470 00e6 FFF7FEFF 		bl	HAL_NVIC_EnableIRQ
 471              	.LVL24:
 472 00ea 98E7     		b	.L25
 473              	.LVL25:
ARM GAS  c:\Users\lenovo\AppData\Local\Temp\ccfhqcUr.s 			page 14


 474              	.L34:
 475              	.LBB5:
 226:C:/Users/lenovo/Desktop/liteos/Project2/BearPi_LiteOS/targets/STM32L431_BearPi/Src\usart.c ****   
 476              		.loc 1 226 0
 477 00ec 144B     		ldr	r3, .L35+16
 478 00ee 9A6D     		ldr	r2, [r3, #88]
 479 00f0 42F48022 		orr	r2, r2, #262144
 480 00f4 9A65     		str	r2, [r3, #88]
 481 00f6 9B6D     		ldr	r3, [r3, #88]
 482 00f8 03F48023 		and	r3, r3, #262144
 483 00fc 0493     		str	r3, [sp, #16]
 484 00fe 049B     		ldr	r3, [sp, #16]
 485              	.LBE5:
 232:C:/Users/lenovo/Desktop/liteos/Project2/BearPi_LiteOS/targets/STM32L431_BearPi/Src\usart.c ****     GPIO_InitStruct.Mode = GPIO_MODE_AF_PP;
 486              		.loc 1 232 0
 487 0100 3023     		movs	r3, #48
 488 0102 0593     		str	r3, [sp, #20]
 233:C:/Users/lenovo/Desktop/liteos/Project2/BearPi_LiteOS/targets/STM32L431_BearPi/Src\usart.c ****     GPIO_InitStruct.Pull = GPIO_NOPULL;
 489              		.loc 1 233 0
 490 0104 0223     		movs	r3, #2
 491 0106 0693     		str	r3, [sp, #24]
 234:C:/Users/lenovo/Desktop/liteos/Project2/BearPi_LiteOS/targets/STM32L431_BearPi/Src\usart.c ****     GPIO_InitStruct.Speed = GPIO_SPEED_FREQ_VERY_HIGH;
 492              		.loc 1 234 0
 493 0108 0024     		movs	r4, #0
 494 010a 0794     		str	r4, [sp, #28]
 235:C:/Users/lenovo/Desktop/liteos/Project2/BearPi_LiteOS/targets/STM32L431_BearPi/Src\usart.c ****     GPIO_InitStruct.Alternate = GPIO_AF7_USART3;
 495              		.loc 1 235 0
 496 010c 0323     		movs	r3, #3
 497 010e 0893     		str	r3, [sp, #32]
 236:C:/Users/lenovo/Desktop/liteos/Project2/BearPi_LiteOS/targets/STM32L431_BearPi/Src\usart.c ****     HAL_GPIO_Init(GPIOC, &GPIO_InitStruct);
 498              		.loc 1 236 0
 499 0110 0723     		movs	r3, #7
 500 0112 0993     		str	r3, [sp, #36]
 237:C:/Users/lenovo/Desktop/liteos/Project2/BearPi_LiteOS/targets/STM32L431_BearPi/Src\usart.c **** 
 501              		.loc 1 237 0
 502 0114 05A9     		add	r1, sp, #20
 503 0116 0B48     		ldr	r0, .L35+20
 504              	.LVL26:
 505 0118 FFF7FEFF 		bl	HAL_GPIO_Init
 506              	.LVL27:
 240:C:/Users/lenovo/Desktop/liteos/Project2/BearPi_LiteOS/targets/STM32L431_BearPi/Src\usart.c ****     HAL_NVIC_EnableIRQ(USART3_IRQn);
 507              		.loc 1 240 0
 508 011c 2246     		mov	r2, r4
 509 011e 2146     		mov	r1, r4
 510 0120 2720     		movs	r0, #39
 511 0122 FFF7FEFF 		bl	HAL_NVIC_SetPriority
 512              	.LVL28:
 241:C:/Users/lenovo/Desktop/liteos/Project2/BearPi_LiteOS/targets/STM32L431_BearPi/Src\usart.c ****   /* USER CODE BEGIN USART3_MspInit 1 */
 513              		.loc 1 241 0
 514 0126 2720     		movs	r0, #39
 515 0128 FFF7FEFF 		bl	HAL_NVIC_EnableIRQ
 516              	.LVL29:
 517              		.loc 1 246 0
 518 012c 77E7     		b	.L25
 519              	.L36:
 520 012e 00BF     		.align	2
 521              	.L35:
ARM GAS  c:\Users\lenovo\AppData\Local\Temp\ccfhqcUr.s 			page 15


 522 0130 00800040 		.word	1073774592
 523 0134 00380140 		.word	1073821696
 524 0138 00440040 		.word	1073759232
 525 013c 00480040 		.word	1073760256
 526 0140 00100240 		.word	1073876992
 527 0144 00080048 		.word	1207961600
 528              		.cfi_endproc
 529              	.LFE137:
 531              		.section	.text.HAL_UART_MspDeInit,"ax",%progbits
 532              		.align	1
 533              		.global	HAL_UART_MspDeInit
 534              		.syntax unified
 535              		.thumb
 536              		.thumb_func
 537              		.fpu fpv4-sp-d16
 539              	HAL_UART_MspDeInit:
 540              	.LFB138:
 247:C:/Users/lenovo/Desktop/liteos/Project2/BearPi_LiteOS/targets/STM32L431_BearPi/Src\usart.c **** 
 248:C:/Users/lenovo/Desktop/liteos/Project2/BearPi_LiteOS/targets/STM32L431_BearPi/Src\usart.c **** void HAL_UART_MspDeInit(UART_HandleTypeDef* uartHandle)
 249:C:/Users/lenovo/Desktop/liteos/Project2/BearPi_LiteOS/targets/STM32L431_BearPi/Src\usart.c **** {
 541              		.loc 1 249 0
 542              		.cfi_startproc
 543              		@ args = 0, pretend = 0, frame = 0
 544              		@ frame_needed = 0, uses_anonymous_args = 0
 545              	.LVL30:
 546 0000 08B5     		push	{r3, lr}
 547              	.LCFI8:
 548              		.cfi_def_cfa_offset 8
 549              		.cfi_offset 3, -8
 550              		.cfi_offset 14, -4
 250:C:/Users/lenovo/Desktop/liteos/Project2/BearPi_LiteOS/targets/STM32L431_BearPi/Src\usart.c **** 
 251:C:/Users/lenovo/Desktop/liteos/Project2/BearPi_LiteOS/targets/STM32L431_BearPi/Src\usart.c ****   if(uartHandle->Instance==LPUART1)
 551              		.loc 1 251 0
 552 0002 0368     		ldr	r3, [r0]
 553 0004 234A     		ldr	r2, .L47
 554 0006 9342     		cmp	r3, r2
 555 0008 09D0     		beq	.L43
 252:C:/Users/lenovo/Desktop/liteos/Project2/BearPi_LiteOS/targets/STM32L431_BearPi/Src\usart.c ****   {
 253:C:/Users/lenovo/Desktop/liteos/Project2/BearPi_LiteOS/targets/STM32L431_BearPi/Src\usart.c ****   /* USER CODE BEGIN LPUART1_MspDeInit 0 */
 254:C:/Users/lenovo/Desktop/liteos/Project2/BearPi_LiteOS/targets/STM32L431_BearPi/Src\usart.c **** 
 255:C:/Users/lenovo/Desktop/liteos/Project2/BearPi_LiteOS/targets/STM32L431_BearPi/Src\usart.c ****   /* USER CODE END LPUART1_MspDeInit 0 */
 256:C:/Users/lenovo/Desktop/liteos/Project2/BearPi_LiteOS/targets/STM32L431_BearPi/Src\usart.c ****     /* Peripheral clock disable */
 257:C:/Users/lenovo/Desktop/liteos/Project2/BearPi_LiteOS/targets/STM32L431_BearPi/Src\usart.c ****     __HAL_RCC_LPUART1_CLK_DISABLE();
 258:C:/Users/lenovo/Desktop/liteos/Project2/BearPi_LiteOS/targets/STM32L431_BearPi/Src\usart.c ****   
 259:C:/Users/lenovo/Desktop/liteos/Project2/BearPi_LiteOS/targets/STM32L431_BearPi/Src\usart.c ****     /**LPUART1 GPIO Configuration    
 260:C:/Users/lenovo/Desktop/liteos/Project2/BearPi_LiteOS/targets/STM32L431_BearPi/Src\usart.c ****     PC0     ------> LPUART1_RX
 261:C:/Users/lenovo/Desktop/liteos/Project2/BearPi_LiteOS/targets/STM32L431_BearPi/Src\usart.c ****     PC1     ------> LPUART1_TX 
 262:C:/Users/lenovo/Desktop/liteos/Project2/BearPi_LiteOS/targets/STM32L431_BearPi/Src\usart.c ****     */
 263:C:/Users/lenovo/Desktop/liteos/Project2/BearPi_LiteOS/targets/STM32L431_BearPi/Src\usart.c ****     HAL_GPIO_DeInit(GPIOC, GPIO_PIN_0|GPIO_PIN_1);
 264:C:/Users/lenovo/Desktop/liteos/Project2/BearPi_LiteOS/targets/STM32L431_BearPi/Src\usart.c **** 		
 265:C:/Users/lenovo/Desktop/liteos/Project2/BearPi_LiteOS/targets/STM32L431_BearPi/Src\usart.c **** 	/* LPUART1 interrupt Deinit */
 266:C:/Users/lenovo/Desktop/liteos/Project2/BearPi_LiteOS/targets/STM32L431_BearPi/Src\usart.c **** 		HAL_NVIC_DisableIRQ(LPUART1_IRQn);
 267:C:/Users/lenovo/Desktop/liteos/Project2/BearPi_LiteOS/targets/STM32L431_BearPi/Src\usart.c ****   /* USER CODE BEGIN LPUART1_MspDeInit 1 */
 268:C:/Users/lenovo/Desktop/liteos/Project2/BearPi_LiteOS/targets/STM32L431_BearPi/Src\usart.c **** 
 269:C:/Users/lenovo/Desktop/liteos/Project2/BearPi_LiteOS/targets/STM32L431_BearPi/Src\usart.c ****   /* USER CODE END LPUART1_MspDeInit 1 */
 270:C:/Users/lenovo/Desktop/liteos/Project2/BearPi_LiteOS/targets/STM32L431_BearPi/Src\usart.c ****   }
 271:C:/Users/lenovo/Desktop/liteos/Project2/BearPi_LiteOS/targets/STM32L431_BearPi/Src\usart.c ****   else if(uartHandle->Instance==USART1)
ARM GAS  c:\Users\lenovo\AppData\Local\Temp\ccfhqcUr.s 			page 16


 556              		.loc 1 271 0
 557 000a 234A     		ldr	r2, .L47+4
 558 000c 9342     		cmp	r3, r2
 559 000e 14D0     		beq	.L44
 272:C:/Users/lenovo/Desktop/liteos/Project2/BearPi_LiteOS/targets/STM32L431_BearPi/Src\usart.c ****   {
 273:C:/Users/lenovo/Desktop/liteos/Project2/BearPi_LiteOS/targets/STM32L431_BearPi/Src\usart.c ****   /* USER CODE BEGIN USART1_MspDeInit 0 */
 274:C:/Users/lenovo/Desktop/liteos/Project2/BearPi_LiteOS/targets/STM32L431_BearPi/Src\usart.c **** 
 275:C:/Users/lenovo/Desktop/liteos/Project2/BearPi_LiteOS/targets/STM32L431_BearPi/Src\usart.c ****   /* USER CODE END USART1_MspDeInit 0 */
 276:C:/Users/lenovo/Desktop/liteos/Project2/BearPi_LiteOS/targets/STM32L431_BearPi/Src\usart.c ****     /* Peripheral clock disable */
 277:C:/Users/lenovo/Desktop/liteos/Project2/BearPi_LiteOS/targets/STM32L431_BearPi/Src\usart.c ****     __HAL_RCC_USART1_CLK_DISABLE();
 278:C:/Users/lenovo/Desktop/liteos/Project2/BearPi_LiteOS/targets/STM32L431_BearPi/Src\usart.c ****   
 279:C:/Users/lenovo/Desktop/liteos/Project2/BearPi_LiteOS/targets/STM32L431_BearPi/Src\usart.c ****     /**USART1 GPIO Configuration    
 280:C:/Users/lenovo/Desktop/liteos/Project2/BearPi_LiteOS/targets/STM32L431_BearPi/Src\usart.c ****     PA9     ------> USART1_TX
 281:C:/Users/lenovo/Desktop/liteos/Project2/BearPi_LiteOS/targets/STM32L431_BearPi/Src\usart.c ****     PA10     ------> USART1_RX 
 282:C:/Users/lenovo/Desktop/liteos/Project2/BearPi_LiteOS/targets/STM32L431_BearPi/Src\usart.c ****     */
 283:C:/Users/lenovo/Desktop/liteos/Project2/BearPi_LiteOS/targets/STM32L431_BearPi/Src\usart.c ****     HAL_GPIO_DeInit(GPIOA, GPIO_PIN_9|GPIO_PIN_10);
 284:C:/Users/lenovo/Desktop/liteos/Project2/BearPi_LiteOS/targets/STM32L431_BearPi/Src\usart.c **** 
 285:C:/Users/lenovo/Desktop/liteos/Project2/BearPi_LiteOS/targets/STM32L431_BearPi/Src\usart.c ****     /* USART1 interrupt Deinit */
 286:C:/Users/lenovo/Desktop/liteos/Project2/BearPi_LiteOS/targets/STM32L431_BearPi/Src\usart.c ****     HAL_NVIC_DisableIRQ(USART1_IRQn);
 287:C:/Users/lenovo/Desktop/liteos/Project2/BearPi_LiteOS/targets/STM32L431_BearPi/Src\usart.c ****   /* USER CODE BEGIN USART1_MspDeInit 1 */
 288:C:/Users/lenovo/Desktop/liteos/Project2/BearPi_LiteOS/targets/STM32L431_BearPi/Src\usart.c **** 
 289:C:/Users/lenovo/Desktop/liteos/Project2/BearPi_LiteOS/targets/STM32L431_BearPi/Src\usart.c ****   /* USER CODE END USART1_MspDeInit 1 */
 290:C:/Users/lenovo/Desktop/liteos/Project2/BearPi_LiteOS/targets/STM32L431_BearPi/Src\usart.c ****   }
 291:C:/Users/lenovo/Desktop/liteos/Project2/BearPi_LiteOS/targets/STM32L431_BearPi/Src\usart.c ****   else if(uartHandle->Instance==USART2)
 560              		.loc 1 291 0
 561 0010 224A     		ldr	r2, .L47+8
 562 0012 9342     		cmp	r3, r2
 563 0014 21D0     		beq	.L45
 292:C:/Users/lenovo/Desktop/liteos/Project2/BearPi_LiteOS/targets/STM32L431_BearPi/Src\usart.c ****   {
 293:C:/Users/lenovo/Desktop/liteos/Project2/BearPi_LiteOS/targets/STM32L431_BearPi/Src\usart.c ****   /* USER CODE BEGIN USART2_MspDeInit 0 */
 294:C:/Users/lenovo/Desktop/liteos/Project2/BearPi_LiteOS/targets/STM32L431_BearPi/Src\usart.c **** 
 295:C:/Users/lenovo/Desktop/liteos/Project2/BearPi_LiteOS/targets/STM32L431_BearPi/Src\usart.c ****   /* USER CODE END USART2_MspDeInit 0 */
 296:C:/Users/lenovo/Desktop/liteos/Project2/BearPi_LiteOS/targets/STM32L431_BearPi/Src\usart.c ****     /* Peripheral clock disable */
 297:C:/Users/lenovo/Desktop/liteos/Project2/BearPi_LiteOS/targets/STM32L431_BearPi/Src\usart.c ****     __HAL_RCC_USART2_CLK_DISABLE();
 298:C:/Users/lenovo/Desktop/liteos/Project2/BearPi_LiteOS/targets/STM32L431_BearPi/Src\usart.c ****   
 299:C:/Users/lenovo/Desktop/liteos/Project2/BearPi_LiteOS/targets/STM32L431_BearPi/Src\usart.c ****     /**USART2 GPIO Configuration    
 300:C:/Users/lenovo/Desktop/liteos/Project2/BearPi_LiteOS/targets/STM32L431_BearPi/Src\usart.c ****     PA2     ------> USART2_TX
 301:C:/Users/lenovo/Desktop/liteos/Project2/BearPi_LiteOS/targets/STM32L431_BearPi/Src\usart.c ****     PA3     ------> USART2_RX 
 302:C:/Users/lenovo/Desktop/liteos/Project2/BearPi_LiteOS/targets/STM32L431_BearPi/Src\usart.c ****     */
 303:C:/Users/lenovo/Desktop/liteos/Project2/BearPi_LiteOS/targets/STM32L431_BearPi/Src\usart.c ****     HAL_GPIO_DeInit(GPIOA, GPIO_PIN_2|GPIO_PIN_3);
 304:C:/Users/lenovo/Desktop/liteos/Project2/BearPi_LiteOS/targets/STM32L431_BearPi/Src\usart.c **** 
 305:C:/Users/lenovo/Desktop/liteos/Project2/BearPi_LiteOS/targets/STM32L431_BearPi/Src\usart.c ****     /* USART2 interrupt Deinit */
 306:C:/Users/lenovo/Desktop/liteos/Project2/BearPi_LiteOS/targets/STM32L431_BearPi/Src\usart.c ****     HAL_NVIC_DisableIRQ(USART2_IRQn);
 307:C:/Users/lenovo/Desktop/liteos/Project2/BearPi_LiteOS/targets/STM32L431_BearPi/Src\usart.c ****   /* USER CODE BEGIN USART2_MspDeInit 1 */
 308:C:/Users/lenovo/Desktop/liteos/Project2/BearPi_LiteOS/targets/STM32L431_BearPi/Src\usart.c **** 
 309:C:/Users/lenovo/Desktop/liteos/Project2/BearPi_LiteOS/targets/STM32L431_BearPi/Src\usart.c ****   /* USER CODE END USART2_MspDeInit 1 */
 310:C:/Users/lenovo/Desktop/liteos/Project2/BearPi_LiteOS/targets/STM32L431_BearPi/Src\usart.c ****   }
 311:C:/Users/lenovo/Desktop/liteos/Project2/BearPi_LiteOS/targets/STM32L431_BearPi/Src\usart.c ****   else if(uartHandle->Instance==USART3)
 564              		.loc 1 311 0
 565 0016 224A     		ldr	r2, .L47+12
 566 0018 9342     		cmp	r3, r2
 567 001a 2DD0     		beq	.L46
 568              	.LVL31:
 569              	.L37:
 312:C:/Users/lenovo/Desktop/liteos/Project2/BearPi_LiteOS/targets/STM32L431_BearPi/Src\usart.c ****   {
 313:C:/Users/lenovo/Desktop/liteos/Project2/BearPi_LiteOS/targets/STM32L431_BearPi/Src\usart.c ****   /* USER CODE BEGIN USART3_MspDeInit 0 */
 314:C:/Users/lenovo/Desktop/liteos/Project2/BearPi_LiteOS/targets/STM32L431_BearPi/Src\usart.c **** 
ARM GAS  c:\Users\lenovo\AppData\Local\Temp\ccfhqcUr.s 			page 17


 315:C:/Users/lenovo/Desktop/liteos/Project2/BearPi_LiteOS/targets/STM32L431_BearPi/Src\usart.c ****   /* USER CODE END USART3_MspDeInit 0 */
 316:C:/Users/lenovo/Desktop/liteos/Project2/BearPi_LiteOS/targets/STM32L431_BearPi/Src\usart.c ****     /* Peripheral clock disable */
 317:C:/Users/lenovo/Desktop/liteos/Project2/BearPi_LiteOS/targets/STM32L431_BearPi/Src\usart.c ****     __HAL_RCC_USART3_CLK_DISABLE();
 318:C:/Users/lenovo/Desktop/liteos/Project2/BearPi_LiteOS/targets/STM32L431_BearPi/Src\usart.c ****   
 319:C:/Users/lenovo/Desktop/liteos/Project2/BearPi_LiteOS/targets/STM32L431_BearPi/Src\usart.c ****     /**USART3 GPIO Configuration    
 320:C:/Users/lenovo/Desktop/liteos/Project2/BearPi_LiteOS/targets/STM32L431_BearPi/Src\usart.c ****     PC4     ------> USART3_TX
 321:C:/Users/lenovo/Desktop/liteos/Project2/BearPi_LiteOS/targets/STM32L431_BearPi/Src\usart.c ****     PC5     ------> USART3_RX 
 322:C:/Users/lenovo/Desktop/liteos/Project2/BearPi_LiteOS/targets/STM32L431_BearPi/Src\usart.c ****     */
 323:C:/Users/lenovo/Desktop/liteos/Project2/BearPi_LiteOS/targets/STM32L431_BearPi/Src\usart.c ****     HAL_GPIO_DeInit(GPIOC, GPIO_PIN_4|GPIO_PIN_5);
 324:C:/Users/lenovo/Desktop/liteos/Project2/BearPi_LiteOS/targets/STM32L431_BearPi/Src\usart.c **** 
 325:C:/Users/lenovo/Desktop/liteos/Project2/BearPi_LiteOS/targets/STM32L431_BearPi/Src\usart.c ****     /* USART3 interrupt Deinit */
 326:C:/Users/lenovo/Desktop/liteos/Project2/BearPi_LiteOS/targets/STM32L431_BearPi/Src\usart.c ****     HAL_NVIC_DisableIRQ(USART3_IRQn);
 327:C:/Users/lenovo/Desktop/liteos/Project2/BearPi_LiteOS/targets/STM32L431_BearPi/Src\usart.c ****   /* USER CODE BEGIN USART3_MspDeInit 1 */
 328:C:/Users/lenovo/Desktop/liteos/Project2/BearPi_LiteOS/targets/STM32L431_BearPi/Src\usart.c **** 
 329:C:/Users/lenovo/Desktop/liteos/Project2/BearPi_LiteOS/targets/STM32L431_BearPi/Src\usart.c ****   /* USER CODE END USART3_MspDeInit 1 */
 330:C:/Users/lenovo/Desktop/liteos/Project2/BearPi_LiteOS/targets/STM32L431_BearPi/Src\usart.c ****   }
 331:C:/Users/lenovo/Desktop/liteos/Project2/BearPi_LiteOS/targets/STM32L431_BearPi/Src\usart.c **** }
 570              		.loc 1 331 0
 571 001c 08BD     		pop	{r3, pc}
 572              	.LVL32:
 573              	.L43:
 257:C:/Users/lenovo/Desktop/liteos/Project2/BearPi_LiteOS/targets/STM32L431_BearPi/Src\usart.c ****   
 574              		.loc 1 257 0
 575 001e 02F5C832 		add	r2, r2, #102400
 576 0022 D36D     		ldr	r3, [r2, #92]
 577 0024 23F00103 		bic	r3, r3, #1
 578 0028 D365     		str	r3, [r2, #92]
 263:C:/Users/lenovo/Desktop/liteos/Project2/BearPi_LiteOS/targets/STM32L431_BearPi/Src\usart.c **** 		
 579              		.loc 1 263 0
 580 002a 0321     		movs	r1, #3
 581 002c 1D48     		ldr	r0, .L47+16
 582              	.LVL33:
 583 002e FFF7FEFF 		bl	HAL_GPIO_DeInit
 584              	.LVL34:
 266:C:/Users/lenovo/Desktop/liteos/Project2/BearPi_LiteOS/targets/STM32L431_BearPi/Src\usart.c ****   /* USER CODE BEGIN LPUART1_MspDeInit 1 */
 585              		.loc 1 266 0
 586 0032 4620     		movs	r0, #70
 587 0034 FFF7FEFF 		bl	HAL_NVIC_DisableIRQ
 588              	.LVL35:
 589 0038 F0E7     		b	.L37
 590              	.LVL36:
 591              	.L44:
 277:C:/Users/lenovo/Desktop/liteos/Project2/BearPi_LiteOS/targets/STM32L431_BearPi/Src\usart.c ****   
 592              		.loc 1 277 0
 593 003a 02F55842 		add	r2, r2, #55296
 594 003e 136E     		ldr	r3, [r2, #96]
 595 0040 23F48043 		bic	r3, r3, #16384
 596 0044 1366     		str	r3, [r2, #96]
 283:C:/Users/lenovo/Desktop/liteos/Project2/BearPi_LiteOS/targets/STM32L431_BearPi/Src\usart.c **** 
 597              		.loc 1 283 0
 598 0046 4FF4C061 		mov	r1, #1536
 599 004a 4FF09040 		mov	r0, #1207959552
 600              	.LVL37:
 601 004e FFF7FEFF 		bl	HAL_GPIO_DeInit
 602              	.LVL38:
 286:C:/Users/lenovo/Desktop/liteos/Project2/BearPi_LiteOS/targets/STM32L431_BearPi/Src\usart.c ****   /* USER CODE BEGIN USART1_MspDeInit 1 */
 603              		.loc 1 286 0
ARM GAS  c:\Users\lenovo\AppData\Local\Temp\ccfhqcUr.s 			page 18


 604 0052 2520     		movs	r0, #37
 605 0054 FFF7FEFF 		bl	HAL_NVIC_DisableIRQ
 606              	.LVL39:
 607 0058 E0E7     		b	.L37
 608              	.LVL40:
 609              	.L45:
 297:C:/Users/lenovo/Desktop/liteos/Project2/BearPi_LiteOS/targets/STM32L431_BearPi/Src\usart.c ****   
 610              		.loc 1 297 0
 611 005a 02F5E632 		add	r2, r2, #117760
 612 005e 936D     		ldr	r3, [r2, #88]
 613 0060 23F40033 		bic	r3, r3, #131072
 614 0064 9365     		str	r3, [r2, #88]
 303:C:/Users/lenovo/Desktop/liteos/Project2/BearPi_LiteOS/targets/STM32L431_BearPi/Src\usart.c **** 
 615              		.loc 1 303 0
 616 0066 0C21     		movs	r1, #12
 617 0068 4FF09040 		mov	r0, #1207959552
 618              	.LVL41:
 619 006c FFF7FEFF 		bl	HAL_GPIO_DeInit
 620              	.LVL42:
 306:C:/Users/lenovo/Desktop/liteos/Project2/BearPi_LiteOS/targets/STM32L431_BearPi/Src\usart.c ****   /* USER CODE BEGIN USART2_MspDeInit 1 */
 621              		.loc 1 306 0
 622 0070 2620     		movs	r0, #38
 623 0072 FFF7FEFF 		bl	HAL_NVIC_DisableIRQ
 624              	.LVL43:
 625 0076 D1E7     		b	.L37
 626              	.LVL44:
 627              	.L46:
 317:C:/Users/lenovo/Desktop/liteos/Project2/BearPi_LiteOS/targets/STM32L431_BearPi/Src\usart.c ****   
 628              		.loc 1 317 0
 629 0078 02F5E432 		add	r2, r2, #116736
 630 007c 936D     		ldr	r3, [r2, #88]
 631 007e 23F48023 		bic	r3, r3, #262144
 632 0082 9365     		str	r3, [r2, #88]
 323:C:/Users/lenovo/Desktop/liteos/Project2/BearPi_LiteOS/targets/STM32L431_BearPi/Src\usart.c **** 
 633              		.loc 1 323 0
 634 0084 3021     		movs	r1, #48
 635 0086 0748     		ldr	r0, .L47+16
 636              	.LVL45:
 637 0088 FFF7FEFF 		bl	HAL_GPIO_DeInit
 638              	.LVL46:
 326:C:/Users/lenovo/Desktop/liteos/Project2/BearPi_LiteOS/targets/STM32L431_BearPi/Src\usart.c ****   /* USER CODE BEGIN USART3_MspDeInit 1 */
 639              		.loc 1 326 0
 640 008c 2720     		movs	r0, #39
 641 008e FFF7FEFF 		bl	HAL_NVIC_DisableIRQ
 642              	.LVL47:
 643              		.loc 1 331 0
 644 0092 C3E7     		b	.L37
 645              	.L48:
 646              		.align	2
 647              	.L47:
 648 0094 00800040 		.word	1073774592
 649 0098 00380140 		.word	1073821696
 650 009c 00440040 		.word	1073759232
 651 00a0 00480040 		.word	1073760256
 652 00a4 00080048 		.word	1207961600
 653              		.cfi_endproc
 654              	.LFE138:
ARM GAS  c:\Users\lenovo\AppData\Local\Temp\ccfhqcUr.s 			page 19


 656              		.section	.text._write,"ax",%progbits
 657              		.align	1
 658              		.global	_write
 659              		.syntax unified
 660              		.thumb
 661              		.thumb_func
 662              		.fpu fpv4-sp-d16
 664              	_write:
 665              	.LFB139:
 332:C:/Users/lenovo/Desktop/liteos/Project2/BearPi_LiteOS/targets/STM32L431_BearPi/Src\usart.c **** 
 333:C:/Users/lenovo/Desktop/liteos/Project2/BearPi_LiteOS/targets/STM32L431_BearPi/Src\usart.c **** /* define fputc */
 334:C:/Users/lenovo/Desktop/liteos/Project2/BearPi_LiteOS/targets/STM32L431_BearPi/Src\usart.c **** #if 1
 335:C:/Users/lenovo/Desktop/liteos/Project2/BearPi_LiteOS/targets/STM32L431_BearPi/Src\usart.c **** #if defined ( __CC_ARM ) || defined ( __ICCARM__ )  /* KEIL and IAR: printf will call fputc to prin
 336:C:/Users/lenovo/Desktop/liteos/Project2/BearPi_LiteOS/targets/STM32L431_BearPi/Src\usart.c **** int fputc(int ch, FILE *f)
 337:C:/Users/lenovo/Desktop/liteos/Project2/BearPi_LiteOS/targets/STM32L431_BearPi/Src\usart.c **** {
 338:C:/Users/lenovo/Desktop/liteos/Project2/BearPi_LiteOS/targets/STM32L431_BearPi/Src\usart.c ****     (void)HAL_UART_Transmit(&huart1, (uint8_t *)&ch, 1, 0xFFFF);
 339:C:/Users/lenovo/Desktop/liteos/Project2/BearPi_LiteOS/targets/STM32L431_BearPi/Src\usart.c ****     return ch;
 340:C:/Users/lenovo/Desktop/liteos/Project2/BearPi_LiteOS/targets/STM32L431_BearPi/Src\usart.c **** }
 341:C:/Users/lenovo/Desktop/liteos/Project2/BearPi_LiteOS/targets/STM32L431_BearPi/Src\usart.c **** #elif defined ( __GNUC__ )  /* GCC: printf will call _write to print */
 342:C:/Users/lenovo/Desktop/liteos/Project2/BearPi_LiteOS/targets/STM32L431_BearPi/Src\usart.c **** __attribute__((used)) int _write(int fd, char *ptr, int len)
 343:C:/Users/lenovo/Desktop/liteos/Project2/BearPi_LiteOS/targets/STM32L431_BearPi/Src\usart.c **** {
 666              		.loc 1 343 0
 667              		.cfi_startproc
 668              		@ args = 0, pretend = 0, frame = 0
 669              		@ frame_needed = 0, uses_anonymous_args = 0
 670              	.LVL48:
 671 0000 10B5     		push	{r4, lr}
 672              	.LCFI9:
 673              		.cfi_def_cfa_offset 8
 674              		.cfi_offset 4, -8
 675              		.cfi_offset 14, -4
 676 0002 1446     		mov	r4, r2
 344:C:/Users/lenovo/Desktop/liteos/Project2/BearPi_LiteOS/targets/STM32L431_BearPi/Src\usart.c ****     (void)HAL_UART_Transmit(&huart1, (uint8_t *)ptr, len, 0xFFFF);
 677              		.loc 1 344 0
 678 0004 4FF6FF73 		movw	r3, #65535
 679 0008 92B2     		uxth	r2, r2
 680              	.LVL49:
 681 000a 0248     		ldr	r0, .L51
 682              	.LVL50:
 683 000c FFF7FEFF 		bl	HAL_UART_Transmit
 684              	.LVL51:
 345:C:/Users/lenovo/Desktop/liteos/Project2/BearPi_LiteOS/targets/STM32L431_BearPi/Src\usart.c ****     return len;
 346:C:/Users/lenovo/Desktop/liteos/Project2/BearPi_LiteOS/targets/STM32L431_BearPi/Src\usart.c **** }
 685              		.loc 1 346 0
 686 0010 2046     		mov	r0, r4
 687 0012 10BD     		pop	{r4, pc}
 688              	.LVL52:
 689              	.L52:
 690              		.align	2
 691              	.L51:
 692 0014 00000000 		.word	huart1
 693              		.cfi_endproc
 694              	.LFE139:
 696              		.comm	huart3,120,4
 697              		.comm	huart2,120,4
 698              		.comm	huart1,120,4
 699              		.comm	hlpuart1,120,4
ARM GAS  c:\Users\lenovo\AppData\Local\Temp\ccfhqcUr.s 			page 20


 700              		.section	.rodata.MX_LPUART1_UART_Init.str1.4,"aMS",%progbits,1
 701              		.align	2
 702              	.LC0:
 703 0000 433A2F55 		.ascii	"C:/Users/lenovo/Desktop/liteos/Project2/BearPi_Lite"
 703      73657273 
 703      2F6C656E 
 703      6F766F2F 
 703      4465736B 
 704 0033 4F532F74 		.ascii	"OS/targets/STM32L431_BearPi/Src/usart.c\000"
 704      61726765 
 704      74732F53 
 704      544D3332 
 704      4C343331 
 705              		.text
 706              	.Letext0:
 707              		.file 2 "c:\\program files (x86)\\liteos studio\\resources\\arm-none-eabi\\arm-none-eabi\\include\
 708              		.file 3 "c:\\program files (x86)\\liteos studio\\resources\\arm-none-eabi\\arm-none-eabi\\include\
 709              		.file 4 "c:\\program files (x86)\\liteos studio\\resources\\arm-none-eabi\\arm-none-eabi\\include\
 710              		.file 5 "c:\\program files (x86)\\liteos studio\\resources\\arm-none-eabi\\lib\\gcc\\arm-none-eabi
 711              		.file 6 "c:\\program files (x86)\\liteos studio\\resources\\arm-none-eabi\\arm-none-eabi\\include\
 712              		.file 7 "C:/Users/lenovo/Desktop/liteos/Project2/BearPi_LiteOS/kernel/include/los_typedef.h"
 713              		.file 8 "c:\\program files (x86)\\liteos studio\\resources\\arm-none-eabi\\arm-none-eabi\\include\
 714              		.file 9 "C:/Users/lenovo/Desktop/liteos/Project2/BearPi_LiteOS/arch/arm/common/cmsis/core_cm4.h"
 715              		.file 10 "C:/Users/lenovo/Desktop/liteos/Project2/BearPi_LiteOS/targets/STM32L431_BearPi/Inc/syste
 716              		.file 11 "C:/Users/lenovo/Desktop/liteos/Project2/BearPi_LiteOS/targets/STM32L431_BearPi/Inc/stm32
 717              		.file 12 "C:/Users/lenovo/Desktop/liteos/Project2/BearPi_LiteOS/targets/STM32L431_BearPi/OS_CONFIG
 718              		.file 13 "C:/Users/lenovo/Desktop/liteos/Project2/BearPi_LiteOS/kernel/include/los_config.h"
 719              		.file 14 "C:/Users/lenovo/Desktop/liteos/Project2/BearPi_LiteOS/kernel/include/los_list.h"
 720              		.file 15 "C:/Users/lenovo/Desktop/liteos/Project2/BearPi_LiteOS/kernel/include/los_err.h"
 721              		.file 16 "C:/Users/lenovo/Desktop/liteos/Project2/BearPi_LiteOS/arch/arm/arm-m/include/los_hwi.h"
 722              		.file 17 "C:/Users/lenovo/Desktop/liteos/Project2/BearPi_LiteOS/kernel/include/los_tick.h"
 723              		.file 18 "C:/Users/lenovo/Desktop/liteos/Project2/BearPi_LiteOS/kernel/include/los_event.h"
 724              		.file 19 "C:/Users/lenovo/Desktop/liteos/Project2/BearPi_LiteOS/kernel/include/los_task.h"
 725              		.file 20 "C:/Users/lenovo/Desktop/liteos/Project2/BearPi_LiteOS/kernel/base/include/los_task.ph"
 726              		.file 21 "C:/Users/lenovo/Desktop/liteos/Project2/BearPi_LiteOS/targets/STM32L431_BearPi/Inc/main.
 727              		.file 22 "C:/Users/lenovo/Desktop/liteos/Project2/BearPi_LiteOS/targets/STM32L431_BearPi/Drivers/S
 728              		.file 23 "C:/Users/lenovo/Desktop/liteos/Project2/BearPi_LiteOS/targets/STM32L431_BearPi/Drivers/S
 729              		.file 24 "C:/Users/lenovo/Desktop/liteos/Project2/BearPi_LiteOS/targets/STM32L431_BearPi/Drivers/S
 730              		.file 25 "C:/Users/lenovo/Desktop/liteos/Project2/BearPi_LiteOS/targets/STM32L431_BearPi/Drivers/S
 731              		.file 26 "C:/Users/lenovo/Desktop/liteos/Project2/BearPi_LiteOS/targets/STM32L431_BearPi/Inc/usart
 732              		.file 27 "C:/Users/lenovo/Desktop/liteos/Project2/BearPi_LiteOS/targets/STM32L431_BearPi/Drivers/S
ARM GAS  c:\Users\lenovo\AppData\Local\Temp\ccfhqcUr.s 			page 21


DEFINED SYMBOLS
                            *ABS*:00000000 usart.c
c:\Users\lenovo\AppData\Local\Temp\ccfhqcUr.s:18     .text.MX_LPUART1_UART_Init:00000000 $t
c:\Users\lenovo\AppData\Local\Temp\ccfhqcUr.s:25     .text.MX_LPUART1_UART_Init:00000000 MX_LPUART1_UART_Init
c:\Users\lenovo\AppData\Local\Temp\ccfhqcUr.s:78     .text.MX_LPUART1_UART_Init:00000034 $d
                            *COM*:00000078 hlpuart1
c:\Users\lenovo\AppData\Local\Temp\ccfhqcUr.s:85     .text.MX_USART1_UART_Init:00000000 $t
c:\Users\lenovo\AppData\Local\Temp\ccfhqcUr.s:92     .text.MX_USART1_UART_Init:00000000 MX_USART1_UART_Init
c:\Users\lenovo\AppData\Local\Temp\ccfhqcUr.s:146    .text.MX_USART1_UART_Init:00000034 $d
                            *COM*:00000078 huart1
c:\Users\lenovo\AppData\Local\Temp\ccfhqcUr.s:153    .text.MX_USART2_UART_Init:00000000 $t
c:\Users\lenovo\AppData\Local\Temp\ccfhqcUr.s:160    .text.MX_USART2_UART_Init:00000000 MX_USART2_UART_Init
c:\Users\lenovo\AppData\Local\Temp\ccfhqcUr.s:214    .text.MX_USART2_UART_Init:00000034 $d
                            *COM*:00000078 huart2
c:\Users\lenovo\AppData\Local\Temp\ccfhqcUr.s:221    .text.MX_USART3_UART_Init:00000000 $t
c:\Users\lenovo\AppData\Local\Temp\ccfhqcUr.s:228    .text.MX_USART3_UART_Init:00000000 MX_USART3_UART_Init
c:\Users\lenovo\AppData\Local\Temp\ccfhqcUr.s:282    .text.MX_USART3_UART_Init:00000034 $d
                            *COM*:00000078 huart3
c:\Users\lenovo\AppData\Local\Temp\ccfhqcUr.s:289    .text.HAL_UART_MspInit:00000000 $t
c:\Users\lenovo\AppData\Local\Temp\ccfhqcUr.s:296    .text.HAL_UART_MspInit:00000000 HAL_UART_MspInit
c:\Users\lenovo\AppData\Local\Temp\ccfhqcUr.s:522    .text.HAL_UART_MspInit:00000130 $d
c:\Users\lenovo\AppData\Local\Temp\ccfhqcUr.s:532    .text.HAL_UART_MspDeInit:00000000 $t
c:\Users\lenovo\AppData\Local\Temp\ccfhqcUr.s:539    .text.HAL_UART_MspDeInit:00000000 HAL_UART_MspDeInit
c:\Users\lenovo\AppData\Local\Temp\ccfhqcUr.s:648    .text.HAL_UART_MspDeInit:00000094 $d
c:\Users\lenovo\AppData\Local\Temp\ccfhqcUr.s:657    .text._write:00000000 $t
c:\Users\lenovo\AppData\Local\Temp\ccfhqcUr.s:664    .text._write:00000000 _write
c:\Users\lenovo\AppData\Local\Temp\ccfhqcUr.s:692    .text._write:00000014 $d
c:\Users\lenovo\AppData\Local\Temp\ccfhqcUr.s:701    .rodata.MX_LPUART1_UART_Init.str1.4:00000000 $d

UNDEFINED SYMBOLS
HAL_UART_Init
_Error_Handler
HAL_GPIO_Init
HAL_NVIC_SetPriority
HAL_NVIC_EnableIRQ
HAL_GPIO_DeInit
HAL_NVIC_DisableIRQ
HAL_UART_Transmit
